#
# There is insufficient memory for the Java Runtime Environment to continue.
# Native memory allocation (malloc) failed to allocate 1638096 bytes for Chunk::new
# Possible reasons:
#   The system is out of physical RAM or swap space
#   The process is running with CompressedOops enabled, and the Java Heap may be blocking the growth of the native heap
# Possible solutions:
#   Reduce memory load on the system
#   Increase physical memory or swap space
#   Check if swap backing store is full
#   Decrease Java heap size (-Xmx/-Xms)
#   Decrease number of Java threads
#   Decrease Java thread stack sizes (-Xss)
#   Set larger code cache with -XX:ReservedCodeCacheSize=
#   JVM is running with Unscaled Compressed Oops mode in which the Java heap is
#     placed in the first 4GB address space. The Java Heap base address is the
#     maximum limit for the native heap growth. Please use -XX:HeapBaseMinAddress
#     to set the Java Heap base and to place the Java Heap above 4GB virtual address.
# This output file may be truncated or incomplete.
#
#  Out of Memory Error (./src/hotspot/share/memory/arena.cpp:197), pid=17436, tid=15876
#
# JRE version: OpenJDK Runtime Environment (11.0.10) (build 11.0.10+0-b96-7249189)
# Java VM: OpenJDK 64-Bit Server VM (11.0.10+0-b96-7249189, mixed mode, tiered, compressed oops, g1 gc, windows-amd64)
# No core dump will be written. Minidumps are not enabled by default on client versions of Windows
#

---------------  S U M M A R Y ------------

Command Line: --add-opens=java.base/java.util=ALL-UNNAMED --add-opens=java.base/java.lang=ALL-UNNAMED --add-opens=java.base/java.lang.invoke=ALL-UNNAMED --add-opens=java.base/java.util=ALL-UNNAMED --add-opens=java.prefs/java.util.prefs=ALL-UNNAMED --add-opens=java.prefs/java.util.prefs=ALL-UNNAMED --add-opens=java.base/java.nio.charset=ALL-UNNAMED --add-opens=java.base/java.net=ALL-UNNAMED --add-opens=java.base/java.util.concurrent.atomic=ALL-UNNAMED -Xmx2048m -Dfile.encoding=UTF-8 -Duser.country=US -Duser.language=en -Duser.variant org.gradle.launcher.daemon.bootstrap.GradleDaemon 7.0.2

Host: Intel(R) Core(TM) i5-4300M CPU @ 2.60GHz, 4 cores, 7G,  Windows 10 , 64 bit Build 19041 (10.0.19041.1151)
Time: Sun Oct 10 13:32:50 2021 India Standard Time elapsed time: 9370.917888 seconds (0d 2h 36m 10s)

---------------  T H R E A D  ---------------

Current thread (0x00000207639c1000):  JavaThread "C2 CompilerThread1" daemon [_thread_in_native, id=15876, stack(0x000000d44d000000,0x000000d44d100000)]


Current CompileTask:
C2:9370917 34261       4       com.google.common.collect.LinkedListMultimap$DistinctKeyIterator::next (81 bytes)

Stack: [0x000000d44d000000,0x000000d44d100000]
Native frames: (J=compiled Java code, j=interpreted, Vv=VM code, C=native code)
V  [jvm.dll+0x5ecfaa]
V  [jvm.dll+0x722bd5]
V  [jvm.dll+0x72412d]
V  [jvm.dll+0x7247e3]
V  [jvm.dll+0x242928]
V  [jvm.dll+0xbc4fc]
V  [jvm.dll+0xbca0c]
V  [jvm.dll+0x352d3b]
V  [jvm.dll+0x320ad3]
V  [jvm.dll+0x31ffca]
V  [jvm.dll+0x1fb602]
V  [jvm.dll+0x1fa7f4]
V  [jvm.dll+0x18354c]
V  [jvm.dll+0x208ee7]
V  [jvm.dll+0x207731]
V  [jvm.dll+0x6eb1cf]
V  [jvm.dll+0x6e3d45]
V  [jvm.dll+0x5ebe96]
C  [ucrtbase.dll+0x21bb2]
C  [KERNEL32.DLL+0x17034]
C  [ntdll.dll+0x52651]


---------------  P R O C E S S  ---------------

Threads class SMR info:
_java_thread_list=0x000002076603d5a0, length=55, elements={
0x000002073f89d800, 0x000002075946f000, 0x0000020759470800, 0x0000020759488000,
0x0000020759488800, 0x000002075948b000, 0x000002075948f800, 0x0000020759493000,
0x00000207594a1800, 0x0000020759f42000, 0x000002075c380800, 0x000002075ae7c800,
0x000002075ac69800, 0x0000020759e95800, 0x0000020759e99800, 0x0000020759e93800,
0x0000020759e9a000, 0x0000020759e94800, 0x000002075afec000, 0x000002075afef000,
0x000002075aff0000, 0x000002075afea800, 0x000002075afeb000, 0x000002075aff5000,
0x000002075aff3800, 0x000002075aff7800, 0x0000020760245800, 0x000002075afe9800,
0x00000207639c8000, 0x00000207639c9000, 0x00000207639ce000, 0x000002076073b000,
0x0000020760735800, 0x000002076073c000, 0x0000020760736000, 0x000002076073c800,
0x0000020760737000, 0x000002076073d800, 0x0000020760738000, 0x000002076073e800,
0x0000020760738800, 0x0000020760743000, 0x0000020760741000, 0x000002076073f000,
0x0000020760740000, 0x0000020760741800, 0x0000020760742800, 0x00000207639bf000,
0x00000207639c5800, 0x00000207639c0000, 0x00000207639c5000, 0x00000207639c2800,
0x00000207639c6800, 0x00000207639c3000, 0x00000207639c1000
}

Java Threads: ( => current thread )
  0x000002073f89d800 JavaThread "main" [_thread_blocked, id=18016, stack(0x000000d449500000,0x000000d449600000)]
  0x000002075946f000 JavaThread "Reference Handler" daemon [_thread_blocked, id=16692, stack(0x000000d449c00000,0x000000d449d00000)]
  0x0000020759470800 JavaThread "Finalizer" daemon [_thread_blocked, id=20024, stack(0x000000d449d00000,0x000000d449e00000)]
  0x0000020759488000 JavaThread "Signal Dispatcher" daemon [_thread_blocked, id=1460, stack(0x000000d449e00000,0x000000d449f00000)]
  0x0000020759488800 JavaThread "Attach Listener" daemon [_thread_blocked, id=15208, stack(0x000000d449f00000,0x000000d44a000000)]
  0x000002075948b000 JavaThread "Service Thread" daemon [_thread_blocked, id=5700, stack(0x000000d44a000000,0x000000d44a100000)]
  0x000002075948f800 JavaThread "C2 CompilerThread0" daemon [_thread_in_native, id=16636, stack(0x000000d44a100000,0x000000d44a200000)]
  0x0000020759493000 JavaThread "C1 CompilerThread0" daemon [_thread_blocked, id=1604, stack(0x000000d44a200000,0x000000d44a300000)]
  0x00000207594a1800 JavaThread "Sweeper thread" daemon [_thread_blocked, id=7412, stack(0x000000d44a300000,0x000000d44a400000)]
  0x0000020759f42000 JavaThread "Common-Cleaner" daemon [_thread_blocked, id=12368, stack(0x000000d44a400000,0x000000d44a500000)]
  0x000002075c380800 JavaThread "Daemon health stats" [_thread_blocked, id=6644, stack(0x000000d44a800000,0x000000d44a900000)]
  0x000002075ae7c800 JavaThread "Incoming local TCP Connector on port 63106" [_thread_in_native, id=13496, stack(0x000000d44a600000,0x000000d44a700000)]
  0x000002075ac69800 JavaThread "Daemon periodic checks" [_thread_blocked, id=14384, stack(0x000000d44a900000,0x000000d44aa00000)]
  0x0000020759e95800 JavaThread "Cache worker for file hash cache (C:\Users\UGTECH\.gradle\caches\7.0.2\fileHashes)" [_thread_blocked, id=18156, stack(0x000000d44b100000,0x000000d44b200000)]
  0x0000020759e99800 JavaThread "File lock request listener" [_thread_in_native, id=17640, stack(0x000000d44b200000,0x000000d44b300000)]
  0x0000020759e93800 JavaThread "Cache worker for journal cache (C:\Users\UGTECH\.gradle\caches\journal-1)" [_thread_blocked, id=18700, stack(0x000000d44b500000,0x000000d44b600000)]
  0x0000020759e9a000 JavaThread "File watcher server" daemon [_thread_in_native, id=5512, stack(0x000000d44b700000,0x000000d44b800000)]
  0x0000020759e94800 JavaThread "File watcher consumer" daemon [_thread_blocked, id=19492, stack(0x000000d44b800000,0x000000d44b900000)]
  0x000002075afec000 JavaThread "Cache worker for execution history cache (C:\Users\UGTECH\.gradle\caches\7.0.2\executionHistory)" [_thread_blocked, id=13448, stack(0x000000d44bc00000,0x000000d44bd00000)]
  0x000002075afef000 JavaThread "jar transforms" [_thread_blocked, id=1044, stack(0x000000d44be00000,0x000000d44bf00000)]
  0x000002075aff0000 JavaThread "jar transforms Thread 2" [_thread_blocked, id=11840, stack(0x000000d44bf00000,0x000000d44c000000)]
  0x000002075afea800 JavaThread "Cache worker for file content cache (C:\Users\UGTECH\.gradle\caches\7.0.2\fileContent)" [_thread_blocked, id=18028, stack(0x000000d44c000000,0x000000d44c100000)]
  0x000002075afeb000 JavaThread "jar transforms Thread 3" [_thread_blocked, id=10824, stack(0x000000d44c100000,0x000000d44c200000)]
  0x000002075aff5000 JavaThread "jar transforms Thread 4" [_thread_blocked, id=1528, stack(0x000000d44c900000,0x000000d44ca00000)]
  0x000002075aff3800 JavaThread "Memory manager" [_thread_blocked, id=19088, stack(0x000000d44ca00000,0x000000d44cb00000)]
  0x000002075aff7800 JavaThread "RMI Scheduler(0)" daemon [_thread_blocked, id=21064, stack(0x000000d44af00000,0x000000d44b000000)]
  0x0000020760245800 JavaThread "RMI TCP Accept-0" daemon [_thread_in_native, id=19512, stack(0x000000d44d200000,0x000000d44d300000)]
  0x000002075afe9800 JavaThread "Cache worker for Java compile cache (C:\Users\UGTECH\.gradle\caches\7.0.2\javaCompile)" [_thread_blocked, id=23012, stack(0x000000d44c500000,0x000000d44c600000)]
  0x00000207639c8000 JavaThread "RMI GC Daemon" daemon [_thread_blocked, id=29028, stack(0x000000d44cf00000,0x000000d44d000000)]
  0x00000207639c9000 JavaThread "RMI Reaper" [_thread_blocked, id=27032, stack(0x000000d44d100000,0x000000d44d200000)]
  0x00000207639ce000 JavaThread "ForkJoinPool.commonPool-worker-1" daemon [_thread_blocked, id=7480, stack(0x000000d44d900000,0x000000d44da00000)]
  0x000002076073b000 JavaThread "Daemon Thread 16" [_thread_blocked, id=19084, stack(0x000000d449200000,0x000000d449300000)]
  0x0000020760735800 JavaThread "Handler for socket connection from /127.0.0.1:63106 to /127.0.0.1:58593" [_thread_in_native, id=18932, stack(0x000000d449400000,0x000000d449500000)]
  0x000002076073c000 JavaThread "Cancel handler" [_thread_blocked, id=18516, stack(0x000000d44aa00000,0x000000d44ab00000)]
  0x0000020760736000 JavaThread "Daemon worker Thread 16" [_thread_in_vm, id=18956, stack(0x000000d44ab00000,0x000000d44ac00000)]
  0x000002076073c800 JavaThread "Asynchronous log dispatcher for DefaultDaemonConnection: socket connection from /127.0.0.1:63106 to /127.0.0.1:58593" [_thread_blocked, id=4568, stack(0x000000d44ac00000,0x000000d44ad00000)]
  0x0000020760737000 JavaThread "Stdin handler" [_thread_blocked, id=17588, stack(0x000000d44ad00000,0x000000d44ae00000)]
  0x000002076073d800 JavaThread "Daemon client event forwarder" [_thread_blocked, id=1608, stack(0x000000d44ae00000,0x000000d44af00000)]
  0x0000020760738000 JavaThread "Cache worker for file hash cache (C:\Users\UGTECH\Desktop\Agile Health\DoctorsApp\HealthApp\.gradle\7.0.2\fileHashes)" [_thread_blocked, id=6984, stack(0x000000d44b000000,0x000000d44b100000)]
  0x000002076073e800 JavaThread "Cache worker for checksums cache (C:\Users\UGTECH\Desktop\Agile Health\DoctorsApp\HealthApp\.gradle\checksums)" [_thread_blocked, id=8156, stack(0x000000d44b600000,0x000000d44b700000)]
  0x0000020760738800 JavaThread "Cache worker for cache directory md-supplier (C:\Users\UGTECH\.gradle\caches\7.0.2\md-supplier)" [_thread_blocked, id=19068, stack(0x000000d44b900000,0x000000d44ba00000)]
  0x0000020760743000 JavaThread "Cache worker for cache directory md-rule (C:\Users\UGTECH\.gradle\caches\7.0.2\md-rule)" [_thread_blocked, id=19008, stack(0x000000d44ba00000,0x000000d44bb00000)]
  0x0000020760741000 JavaThread "Cache worker for dependencies-accessors (C:\Users\UGTECH\Desktop\Agile Health\DoctorsApp\HealthApp\.gradle\7.0.2\dependencies-accessors)" [_thread_blocked, id=5552, stack(0x000000d44bb00000,0x000000d44bc00000)]
  0x000002076073f000 JavaThread "Cache worker for Build Output Cleanup Cache (C:\Users\UGTECH\Desktop\Agile Health\DoctorsApp\HealthApp\.gradle\buildOutputCleanup)" [_thread_blocked, id=18464, stack(0x000000d44bd00000,0x000000d44be00000)]
  0x0000020760740000 JavaThread "Build operations" [_thread_blocked, id=15464, stack(0x000000d44c200000,0x000000d44c300000)]
  0x0000020760741800 JavaThread "Build operations Thread 2" [_thread_blocked, id=12340, stack(0x000000d44c300000,0x000000d44c400000)]
  0x0000020760742800 JavaThread "Build operations Thread 3" [_thread_blocked, id=10772, stack(0x000000d44c400000,0x000000d44c500000)]
  0x00000207639bf000 JavaThread "Build operations Thread 4" [_thread_blocked, id=16700, stack(0x000000d44c600000,0x000000d44c700000)]
  0x00000207639c5800 JavaThread "build event listener" [_thread_blocked, id=19640, stack(0x000000d44c800000,0x000000d44c900000)]
  0x00000207639c0000 JavaThread "Execution worker for ':'" [_thread_blocked, id=8432, stack(0x000000d44cb00000,0x000000d44cc00000)]
  0x00000207639c5000 JavaThread "Execution worker for ':' Thread 2" [_thread_blocked, id=20400, stack(0x000000d44cc00000,0x000000d44cd00000)]
  0x00000207639c2800 JavaThread "Execution worker for ':' Thread 3" [_thread_blocked, id=8672, stack(0x000000d44cd00000,0x000000d44ce00000)]
  0x00000207639c6800 JavaThread "Cache worker for execution history cache (C:\Users\UGTECH\Desktop\Agile Health\DoctorsApp\HealthApp\.gradle\7.0.2\executionHistory)" [_thread_blocked, id=16504, stack(0x000000d44ce00000,0x000000d44cf00000)]
  0x00000207639c3000 JavaThread "WorkerExecutor Queue" [_thread_blocked, id=20188, stack(0x000000d44c700000,0x000000d44c800000)]
=>0x00000207639c1000 JavaThread "C2 CompilerThread1" daemon [_thread_in_native, id=15876, stack(0x000000d44d000000,0x000000d44d100000)]

Other Threads:
  0x0000020759464800 VMThread "VM Thread" [stack: 0x000000d449b00000,0x000000d449c00000] [id=10156]
  0x0000020759f5f800 WatcherThread [stack: 0x000000d44a500000,0x000000d44a600000] [id=11424]
  0x000002073f8b7000 GCTaskThread "GC Thread#0" [stack: 0x000000d449600000,0x000000d449700000] [id=2808]
  0x000002075a996800 GCTaskThread "GC Thread#1" [stack: 0x000000d44a700000,0x000000d44a800000] [id=5748]
  0x000002075b44e000 GCTaskThread "GC Thread#2" [stack: 0x000000d44b300000,0x000000d44b400000] [id=17836]
  0x000002075c17f800 GCTaskThread "GC Thread#3" [stack: 0x000000d44b400000,0x000000d44b500000] [id=14808]
  0x000002073f8e7800 ConcurrentGCThread "G1 Main Marker" [stack: 0x000000d449700000,0x000000d449800000] [id=13508]
  0x000002073f8e9000 ConcurrentGCThread "G1 Conc#0" [stack: 0x000000d449800000,0x000000d449900000] [id=9312]
  0x000002073f975800 ConcurrentGCThread "G1 Refine#0" [stack: 0x000000d449900000,0x000000d449a00000] [id=5100]
  0x000002073f976800 ConcurrentGCThread "G1 Young RemSet Sampling" [stack: 0x000000d449a00000,0x000000d449b00000] [id=19824]

Threads with active compile tasks:
C2 CompilerThread09371121 34309 % !   4       com.android.ide.common.resources.DataMerger::mergeData @ 247 (611 bytes)
C2 CompilerThread19371121 34261       4       com.google.common.collect.LinkedListMultimap$DistinctKeyIterator::next (81 bytes)

VM state:not at safepoint (normal execution)

VM Mutex/Monitor currently owned by a thread: None

Heap address: 0x0000000080000000, size: 2048 MB, Compressed Oops mode: 32-bit
Narrow klass base: 0x0000000000000000, Narrow klass shift: 3
Compressed class space size: 1073741824 Address: 0x0000000100000000

Heap:
 garbage-first heap   total 240640K, used 194687K [0x0000000080000000, 0x0000000100000000)
  region size 1024K, 5 young (5120K), 2 survivors (2048K)
 Metaspace       used 185024K, capacity 191294K, committed 191420K, reserved 1214464K
  class space    used 23375K, capacity 25645K, committed 25728K, reserved 1048576K
Heap Regions: E=young(eden), S=young(survivor), O=old, HS=humongous(starts), HC=humongous(continues), CS=collection set, F=free, A=archive, TAMS=top-at-mark-start (previous, next)
|   0|0x0000000080000000, 0x0000000080100000, 0x0000000080100000|100%| O|  |TAMS 0x0000000080100000, 0x0000000080100000| Untracked 
|   1|0x0000000080100000, 0x0000000080200000, 0x0000000080200000|100%| O|  |TAMS 0x0000000080200000, 0x0000000080200000| Untracked 
|   2|0x0000000080200000, 0x0000000080300000, 0x0000000080300000|100%| O|  |TAMS 0x0000000080300000, 0x0000000080300000| Untracked 
|   3|0x0000000080300000, 0x0000000080400000, 0x0000000080400000|100%|HS|  |TAMS 0x0000000080400000, 0x0000000080400000| Complete 
|   4|0x0000000080400000, 0x0000000080500000, 0x0000000080500000|100%|HC|  |TAMS 0x0000000080500000, 0x0000000080500000| Complete 
|   5|0x0000000080500000, 0x0000000080600000, 0x0000000080600000|100%|HC|  |TAMS 0x0000000080600000, 0x0000000080600000| Complete 
|   6|0x0000000080600000, 0x0000000080700000, 0x0000000080700000|100%| O|  |TAMS 0x0000000080700000, 0x0000000080700000| Untracked 
|   7|0x0000000080700000, 0x0000000080800000, 0x0000000080800000|100%| O|  |TAMS 0x0000000080800000, 0x0000000080800000| Untracked 
|   8|0x0000000080800000, 0x0000000080900000, 0x0000000080900000|100%| O|  |TAMS 0x0000000080900000, 0x0000000080900000| Untracked 
|   9|0x0000000080900000, 0x0000000080a00000, 0x0000000080a00000|100%| O|  |TAMS 0x0000000080a00000, 0x0000000080a00000| Untracked 
|  10|0x0000000080a00000, 0x0000000080b00000, 0x0000000080b00000|100%| O|  |TAMS 0x0000000080b00000, 0x0000000080b00000| Untracked 
|  11|0x0000000080b00000, 0x0000000080c00000, 0x0000000080c00000|100%| O|  |TAMS 0x0000000080c00000, 0x0000000080c00000| Untracked 
|  12|0x0000000080c00000, 0x0000000080d00000, 0x0000000080d00000|100%| O|  |TAMS 0x0000000080d00000, 0x0000000080d00000| Untracked 
|  13|0x0000000080d00000, 0x0000000080e00000, 0x0000000080e00000|100%| O|  |TAMS 0x0000000080e00000, 0x0000000080e00000| Untracked 
|  14|0x0000000080e00000, 0x0000000080f00000, 0x0000000080f00000|100%| O|  |TAMS 0x0000000080f00000, 0x0000000080f00000| Untracked 
|  15|0x0000000080f00000, 0x0000000081000000, 0x0000000081000000|100%| O|  |TAMS 0x0000000081000000, 0x0000000081000000| Untracked 
|  16|0x0000000081000000, 0x0000000081100000, 0x0000000081100000|100%| O|  |TAMS 0x0000000081100000, 0x0000000081100000| Untracked 
|  17|0x0000000081100000, 0x0000000081200000, 0x0000000081200000|100%| O|  |TAMS 0x0000000081200000, 0x0000000081200000| Untracked 
|  18|0x0000000081200000, 0x0000000081300000, 0x0000000081300000|100%| O|  |TAMS 0x0000000081300000, 0x0000000081300000| Untracked 
|  19|0x0000000081300000, 0x0000000081400000, 0x0000000081400000|100%|HS|  |TAMS 0x0000000081400000, 0x0000000081400000| Complete 
|  20|0x0000000081400000, 0x0000000081500000, 0x0000000081500000|100%| O|  |TAMS 0x0000000081500000, 0x0000000081500000| Untracked 
|  21|0x0000000081500000, 0x0000000081600000, 0x0000000081600000|100%| O|  |TAMS 0x0000000081600000, 0x0000000081600000| Untracked 
|  22|0x0000000081600000, 0x0000000081700000, 0x0000000081700000|100%| O|  |TAMS 0x0000000081700000, 0x0000000081700000| Untracked 
|  23|0x0000000081700000, 0x0000000081800000, 0x0000000081800000|100%|HS|  |TAMS 0x0000000081800000, 0x0000000081800000| Complete 
|  24|0x0000000081800000, 0x0000000081900000, 0x0000000081900000|100%|HS|  |TAMS 0x0000000081900000, 0x0000000081900000| Complete 
|  25|0x0000000081900000, 0x0000000081a00000, 0x0000000081a00000|100%|HS|  |TAMS 0x0000000081a00000, 0x0000000081a00000| Complete 
|  26|0x0000000081a00000, 0x0000000081b00000, 0x0000000081b00000|100%|HC|  |TAMS 0x0000000081b00000, 0x0000000081b00000| Complete 
|  27|0x0000000081b00000, 0x0000000081c00000, 0x0000000081c00000|100%|HC|  |TAMS 0x0000000081c00000, 0x0000000081c00000| Complete 
|  28|0x0000000081c00000, 0x0000000081d00000, 0x0000000081d00000|100%|HS|  |TAMS 0x0000000081d00000, 0x0000000081d00000| Complete 
|  29|0x0000000081d00000, 0x0000000081e00000, 0x0000000081e00000|100%|HC|  |TAMS 0x0000000081e00000, 0x0000000081e00000| Complete 
|  30|0x0000000081e00000, 0x0000000081f00000, 0x0000000081f00000|100%| O|  |TAMS 0x0000000081f00000, 0x0000000081f00000| Untracked 
|  31|0x0000000081f00000, 0x0000000082000000, 0x0000000082000000|100%| O|  |TAMS 0x0000000082000000, 0x0000000082000000| Untracked 
|  32|0x0000000082000000, 0x0000000082100000, 0x0000000082100000|100%| O|  |TAMS 0x0000000082100000, 0x0000000082100000| Untracked 
|  33|0x0000000082100000, 0x0000000082200000, 0x0000000082200000|100%| O|  |TAMS 0x0000000082200000, 0x0000000082200000| Untracked 
|  34|0x0000000082200000, 0x0000000082300000, 0x0000000082300000|100%| O|  |TAMS 0x0000000082300000, 0x0000000082300000| Untracked 
|  35|0x0000000082300000, 0x0000000082400000, 0x0000000082400000|100%| O|  |TAMS 0x0000000082400000, 0x0000000082400000| Untracked 
|  36|0x0000000082400000, 0x0000000082500000, 0x0000000082500000|100%| O|  |TAMS 0x0000000082500000, 0x0000000082500000| Untracked 
|  37|0x0000000082500000, 0x0000000082600000, 0x0000000082600000|100%| O|  |TAMS 0x0000000082600000, 0x0000000082600000| Untracked 
|  38|0x0000000082600000, 0x0000000082700000, 0x0000000082700000|100%| O|  |TAMS 0x0000000082700000, 0x0000000082700000| Untracked 
|  39|0x0000000082700000, 0x0000000082800000, 0x0000000082800000|100%| O|  |TAMS 0x0000000082800000, 0x0000000082800000| Untracked 
|  40|0x0000000082800000, 0x0000000082900000, 0x0000000082900000|100%| O|  |TAMS 0x0000000082900000, 0x0000000082900000| Untracked 
|  41|0x0000000082900000, 0x0000000082a00000, 0x0000000082a00000|100%| O|  |TAMS 0x0000000082a00000, 0x0000000082a00000| Untracked 
|  42|0x0000000082a00000, 0x0000000082b00000, 0x0000000082b00000|100%| O|  |TAMS 0x0000000082b00000, 0x0000000082b00000| Untracked 
|  43|0x0000000082b00000, 0x0000000082c00000, 0x0000000082c00000|100%| O|  |TAMS 0x0000000082c00000, 0x0000000082c00000| Untracked 
|  44|0x0000000082c00000, 0x0000000082d00000, 0x0000000082d00000|100%| O|  |TAMS 0x0000000082d00000, 0x0000000082d00000| Untracked 
|  45|0x0000000082d00000, 0x0000000082e00000, 0x0000000082e00000|100%| O|  |TAMS 0x0000000082e00000, 0x0000000082e00000| Untracked 
|  46|0x0000000082e00000, 0x0000000082f00000, 0x0000000082f00000|100%| O|  |TAMS 0x0000000082f00000, 0x0000000082f00000| Untracked 
|  47|0x0000000082f00000, 0x0000000083000000, 0x0000000083000000|100%| O|  |TAMS 0x0000000083000000, 0x0000000083000000| Untracked 
|  48|0x0000000083000000, 0x0000000083100000, 0x0000000083100000|100%| O|  |TAMS 0x0000000083100000, 0x0000000083100000| Untracked 
|  49|0x0000000083100000, 0x0000000083200000, 0x0000000083200000|100%| O|  |TAMS 0x0000000083200000, 0x0000000083200000| Untracked 
|  50|0x0000000083200000, 0x0000000083300000, 0x0000000083300000|100%| O|  |TAMS 0x0000000083300000, 0x0000000083300000| Untracked 
|  51|0x0000000083300000, 0x0000000083400000, 0x0000000083400000|100%| O|  |TAMS 0x0000000083400000, 0x0000000083400000| Untracked 
|  52|0x0000000083400000, 0x0000000083500000, 0x0000000083500000|100%| O|  |TAMS 0x0000000083500000, 0x0000000083500000| Untracked 
|  53|0x0000000083500000, 0x0000000083600000, 0x0000000083600000|100%| O|  |TAMS 0x0000000083600000, 0x0000000083600000| Untracked 
|  54|0x0000000083600000, 0x0000000083700000, 0x0000000083700000|100%| O|  |TAMS 0x0000000083700000, 0x0000000083700000| Untracked 
|  55|0x0000000083700000, 0x0000000083800000, 0x0000000083800000|100%| O|  |TAMS 0x0000000083800000, 0x0000000083800000| Untracked 
|  56|0x0000000083800000, 0x0000000083900000, 0x0000000083900000|100%| O|  |TAMS 0x0000000083900000, 0x0000000083900000| Untracked 
|  57|0x0000000083900000, 0x0000000083a00000, 0x0000000083a00000|100%| O|  |TAMS 0x0000000083a00000, 0x0000000083a00000| Untracked 
|  58|0x0000000083a00000, 0x0000000083b00000, 0x0000000083b00000|100%| O|  |TAMS 0x0000000083b00000, 0x0000000083b00000| Untracked 
|  59|0x0000000083b00000, 0x0000000083c00000, 0x0000000083c00000|100%| O|  |TAMS 0x0000000083c00000, 0x0000000083c00000| Untracked 
|  60|0x0000000083c00000, 0x0000000083d00000, 0x0000000083d00000|100%| O|  |TAMS 0x0000000083d00000, 0x0000000083d00000| Untracked 
|  61|0x0000000083d00000, 0x0000000083e00000, 0x0000000083e00000|100%| O|  |TAMS 0x0000000083e00000, 0x0000000083e00000| Untracked 
|  62|0x0000000083e00000, 0x0000000083f00000, 0x0000000083f00000|100%| O|  |TAMS 0x0000000083f00000, 0x0000000083f00000| Untracked 
|  63|0x0000000083f00000, 0x0000000084000000, 0x0000000084000000|100%| O|  |TAMS 0x0000000084000000, 0x0000000084000000| Untracked 
|  64|0x0000000084000000, 0x0000000084100000, 0x0000000084100000|100%| O|  |TAMS 0x0000000084100000, 0x0000000084100000| Untracked 
|  65|0x0000000084100000, 0x0000000084200000, 0x0000000084200000|100%| O|  |TAMS 0x0000000084200000, 0x0000000084200000| Untracked 
|  66|0x0000000084200000, 0x0000000084300000, 0x0000000084300000|100%| O|  |TAMS 0x0000000084300000, 0x0000000084300000| Untracked 
|  67|0x0000000084300000, 0x0000000084400000, 0x0000000084400000|100%| O|  |TAMS 0x0000000084400000, 0x0000000084400000| Untracked 
|  68|0x0000000084400000, 0x0000000084500000, 0x0000000084500000|100%|HS|  |TAMS 0x0000000084500000, 0x0000000084500000| Complete 
|  69|0x0000000084500000, 0x0000000084600000, 0x0000000084600000|100%|HC|  |TAMS 0x0000000084600000, 0x0000000084600000| Complete 
|  70|0x0000000084600000, 0x0000000084700000, 0x0000000084700000|100%| O|  |TAMS 0x0000000084700000, 0x0000000084700000| Untracked 
|  71|0x0000000084700000, 0x0000000084800000, 0x0000000084800000|100%| O|  |TAMS 0x0000000084800000, 0x0000000084800000| Untracked 
|  72|0x0000000084800000, 0x0000000084900000, 0x0000000084900000|100%| O|  |TAMS 0x0000000084900000, 0x0000000084900000| Untracked 
|  73|0x0000000084900000, 0x0000000084a00000, 0x0000000084a00000|100%| O|  |TAMS 0x0000000084a00000, 0x0000000084a00000| Untracked 
|  74|0x0000000084a00000, 0x0000000084b00000, 0x0000000084b00000|100%| O|  |TAMS 0x0000000084b00000, 0x0000000084b00000| Untracked 
|  75|0x0000000084b00000, 0x0000000084c00000, 0x0000000084c00000|100%| O|  |TAMS 0x0000000084c00000, 0x0000000084c00000| Untracked 
|  76|0x0000000084c00000, 0x0000000084d00000, 0x0000000084d00000|100%| O|  |TAMS 0x0000000084d00000, 0x0000000084d00000| Untracked 
|  77|0x0000000084d00000, 0x0000000084e00000, 0x0000000084e00000|100%| O|  |TAMS 0x0000000084e00000, 0x0000000084e00000| Untracked 
|  78|0x0000000084e00000, 0x0000000084f00000, 0x0000000084f00000|100%| O|  |TAMS 0x0000000084f00000, 0x0000000084f00000| Untracked 
|  79|0x0000000084f00000, 0x0000000085000000, 0x0000000085000000|100%| O|  |TAMS 0x0000000085000000, 0x0000000085000000| Untracked 
|  80|0x0000000085000000, 0x0000000085100000, 0x0000000085100000|100%| O|  |TAMS 0x0000000085100000, 0x0000000085100000| Untracked 
|  81|0x0000000085100000, 0x0000000085200000, 0x0000000085200000|100%| O|  |TAMS 0x0000000085200000, 0x0000000085200000| Untracked 
|  82|0x0000000085200000, 0x0000000085300000, 0x0000000085300000|100%| O|  |TAMS 0x0000000085300000, 0x0000000085300000| Untracked 
|  83|0x0000000085300000, 0x0000000085400000, 0x0000000085400000|100%| O|  |TAMS 0x0000000085400000, 0x0000000085400000| Untracked 
|  84|0x0000000085400000, 0x0000000085500000, 0x0000000085500000|100%| O|  |TAMS 0x0000000085500000, 0x0000000085500000| Untracked 
|  85|0x0000000085500000, 0x0000000085600000, 0x0000000085600000|100%| O|  |TAMS 0x0000000085600000, 0x0000000085600000| Untracked 
|  86|0x0000000085600000, 0x0000000085700000, 0x0000000085700000|100%| O|  |TAMS 0x0000000085700000, 0x0000000085700000| Untracked 
|  87|0x0000000085700000, 0x0000000085800000, 0x0000000085800000|100%| O|  |TAMS 0x0000000085800000, 0x0000000085800000| Untracked 
|  88|0x0000000085800000, 0x0000000085900000, 0x0000000085900000|100%| O|  |TAMS 0x0000000085900000, 0x0000000085900000| Untracked 
|  89|0x0000000085900000, 0x0000000085a00000, 0x0000000085a00000|100%| O|  |TAMS 0x0000000085a00000, 0x0000000085a00000| Untracked 
|  90|0x0000000085a00000, 0x0000000085b00000, 0x0000000085b00000|100%| O|  |TAMS 0x0000000085b00000, 0x0000000085b00000| Untracked 
|  91|0x0000000085b00000, 0x0000000085c00000, 0x0000000085c00000|100%| O|  |TAMS 0x0000000085c00000, 0x0000000085c00000| Untracked 
|  92|0x0000000085c00000, 0x0000000085d00000, 0x0000000085d00000|100%| O|  |TAMS 0x0000000085d00000, 0x0000000085d00000| Untracked 
|  93|0x0000000085d00000, 0x0000000085e00000, 0x0000000085e00000|100%| O|  |TAMS 0x0000000085e00000, 0x0000000085e00000| Untracked 
|  94|0x0000000085e00000, 0x0000000085f00000, 0x0000000085f00000|100%| O|  |TAMS 0x0000000085f00000, 0x0000000085f00000| Untracked 
|  95|0x0000000085f00000, 0x0000000086000000, 0x0000000086000000|100%| O|  |TAMS 0x0000000086000000, 0x0000000086000000| Untracked 
|  96|0x0000000086000000, 0x0000000086100000, 0x0000000086100000|100%| O|  |TAMS 0x0000000086100000, 0x0000000086100000| Untracked 
|  97|0x0000000086100000, 0x0000000086200000, 0x0000000086200000|100%| O|  |TAMS 0x0000000086200000, 0x0000000086200000| Untracked 
|  98|0x0000000086200000, 0x0000000086300000, 0x0000000086300000|100%| O|  |TAMS 0x0000000086300000, 0x0000000086300000| Untracked 
|  99|0x0000000086300000, 0x0000000086400000, 0x0000000086400000|100%| O|  |TAMS 0x0000000086400000, 0x0000000086400000| Untracked 
| 100|0x0000000086400000, 0x0000000086500000, 0x0000000086500000|100%| O|  |TAMS 0x0000000086500000, 0x0000000086500000| Untracked 
| 101|0x0000000086500000, 0x0000000086600000, 0x0000000086600000|100%| O|  |TAMS 0x0000000086600000, 0x0000000086600000| Untracked 
| 102|0x0000000086600000, 0x0000000086700000, 0x0000000086700000|100%| O|  |TAMS 0x0000000086700000, 0x0000000086700000| Untracked 
| 103|0x0000000086700000, 0x0000000086800000, 0x0000000086800000|100%| O|  |TAMS 0x0000000086800000, 0x0000000086800000| Untracked 
| 104|0x0000000086800000, 0x0000000086900000, 0x0000000086900000|100%| O|  |TAMS 0x0000000086900000, 0x0000000086900000| Untracked 
| 105|0x0000000086900000, 0x0000000086a00000, 0x0000000086a00000|100%| O|  |TAMS 0x0000000086a00000, 0x0000000086a00000| Untracked 
| 106|0x0000000086a00000, 0x0000000086b00000, 0x0000000086b00000|100%| O|  |TAMS 0x0000000086b00000, 0x0000000086b00000| Untracked 
| 107|0x0000000086b00000, 0x0000000086c00000, 0x0000000086c00000|100%| O|  |TAMS 0x0000000086c00000, 0x0000000086c00000| Untracked 
| 108|0x0000000086c00000, 0x0000000086d00000, 0x0000000086d00000|100%| O|  |TAMS 0x0000000086d00000, 0x0000000086d00000| Untracked 
| 109|0x0000000086d00000, 0x0000000086e00000, 0x0000000086e00000|100%| O|  |TAMS 0x0000000086e00000, 0x0000000086e00000| Untracked 
| 110|0x0000000086e00000, 0x0000000086f00000, 0x0000000086f00000|100%| O|  |TAMS 0x0000000086f00000, 0x0000000086f00000| Untracked 
| 111|0x0000000086f00000, 0x0000000087000000, 0x0000000087000000|100%| O|  |TAMS 0x0000000087000000, 0x0000000087000000| Untracked 
| 112|0x0000000087000000, 0x0000000087100000, 0x0000000087100000|100%| O|  |TAMS 0x0000000087100000, 0x0000000087100000| Untracked 
| 113|0x0000000087100000, 0x0000000087200000, 0x0000000087200000|100%| O|  |TAMS 0x0000000087200000, 0x0000000087200000| Untracked 
| 114|0x0000000087200000, 0x0000000087300000, 0x0000000087300000|100%| O|  |TAMS 0x0000000087300000, 0x0000000087300000| Untracked 
| 115|0x0000000087300000, 0x0000000087400000, 0x0000000087400000|100%| O|  |TAMS 0x0000000087400000, 0x0000000087400000| Untracked 
| 116|0x0000000087400000, 0x0000000087500000, 0x0000000087500000|100%| O|  |TAMS 0x0000000087500000, 0x0000000087500000| Untracked 
| 117|0x0000000087500000, 0x0000000087600000, 0x0000000087600000|100%| O|  |TAMS 0x0000000087600000, 0x0000000087600000| Untracked 
| 118|0x0000000087600000, 0x0000000087700000, 0x0000000087700000|100%| O|  |TAMS 0x0000000087691e00, 0x0000000087700000| Untracked 
| 119|0x0000000087700000, 0x0000000087800000, 0x0000000087800000|100%|HS|  |TAMS 0x0000000087800000, 0x0000000087800000| Complete 
| 120|0x0000000087800000, 0x0000000087900000, 0x0000000087900000|100%|HC|  |TAMS 0x0000000087900000, 0x0000000087900000| Complete 
| 121|0x0000000087900000, 0x0000000087a00000, 0x0000000087a00000|100%|HC|  |TAMS 0x0000000087a00000, 0x0000000087a00000| Complete 
| 122|0x0000000087a00000, 0x0000000087b00000, 0x0000000087b00000|100%|HC|  |TAMS 0x0000000087b00000, 0x0000000087b00000| Complete 
| 123|0x0000000087b00000, 0x0000000087c00000, 0x0000000087c00000|100%|HC|  |TAMS 0x0000000087c00000, 0x0000000087c00000| Complete 
| 124|0x0000000087c00000, 0x0000000087d00000, 0x0000000087d00000|100%| O|  |TAMS 0x0000000087d00000, 0x0000000087d00000| Untracked 
| 125|0x0000000087d00000, 0x0000000087e00000, 0x0000000087e00000|100%| O|  |TAMS 0x0000000087e00000, 0x0000000087e00000| Untracked 
| 126|0x0000000087e00000, 0x0000000087f00000, 0x0000000087f00000|100%|HS|  |TAMS 0x0000000087f00000, 0x0000000087f00000| Complete 
| 127|0x0000000087f00000, 0x0000000088000000, 0x0000000088000000|100%|HC|  |TAMS 0x0000000088000000, 0x0000000088000000| Complete 
| 128|0x0000000088000000, 0x0000000088100000, 0x0000000088100000|100%|HC|  |TAMS 0x0000000088100000, 0x0000000088100000| Complete 
| 129|0x0000000088100000, 0x0000000088200000, 0x0000000088200000|100%|HS|  |TAMS 0x0000000088200000, 0x0000000088200000| Complete 
| 130|0x0000000088200000, 0x0000000088300000, 0x0000000088300000|100%|HC|  |TAMS 0x0000000088300000, 0x0000000088300000| Complete 
| 131|0x0000000088300000, 0x0000000088400000, 0x0000000088400000|100%|HC|  |TAMS 0x0000000088400000, 0x0000000088400000| Complete 
| 132|0x0000000088400000, 0x0000000088500000, 0x0000000088500000|100%|HC|  |TAMS 0x0000000088500000, 0x0000000088500000| Complete 
| 133|0x0000000088500000, 0x0000000088600000, 0x0000000088600000|100%|HC|  |TAMS 0x0000000088600000, 0x0000000088600000| Complete 
| 134|0x0000000088600000, 0x0000000088700000, 0x0000000088700000|100%| O|  |TAMS 0x0000000088700000, 0x0000000088700000| Untracked 
| 135|0x0000000088700000, 0x0000000088800000, 0x0000000088800000|100%| O|  |TAMS 0x0000000088700000, 0x0000000088800000| Untracked 
| 136|0x0000000088800000, 0x0000000088900000, 0x0000000088900000|100%| O|  |TAMS 0x0000000088900000, 0x0000000088900000| Untracked 
| 137|0x0000000088900000, 0x0000000088a00000, 0x0000000088a00000|100%| O|  |TAMS 0x0000000088900000, 0x0000000088a00000| Untracked 
| 138|0x0000000088a00000, 0x0000000088b00000, 0x0000000088b00000|100%| O|  |TAMS 0x0000000088b00000, 0x0000000088b00000| Untracked 
| 139|0x0000000088b00000, 0x0000000088c00000, 0x0000000088c00000|100%| O|  |TAMS 0x0000000088c00000, 0x0000000088c00000| Untracked 
| 140|0x0000000088c00000, 0x0000000088d00000, 0x0000000088d00000|100%|HS|  |TAMS 0x0000000088c00000, 0x0000000088d00000| Complete 
| 141|0x0000000088d00000, 0x0000000088e00000, 0x0000000088e00000|100%| O|  |TAMS 0x0000000088e00000, 0x0000000088e00000| Untracked 
| 142|0x0000000088e00000, 0x0000000088f00000, 0x0000000088f00000|100%| O|  |TAMS 0x0000000088e00000, 0x0000000088f00000| Untracked 
| 143|0x0000000088f00000, 0x0000000089000000, 0x0000000089000000|100%| O|  |TAMS 0x0000000089000000, 0x0000000089000000| Untracked 
| 144|0x0000000089000000, 0x0000000089100000, 0x0000000089100000|100%| O|  |TAMS 0x0000000089100000, 0x0000000089100000| Untracked 
| 145|0x0000000089100000, 0x0000000089200000, 0x0000000089200000|100%| O|  |TAMS 0x0000000089200000, 0x0000000089200000| Untracked 
| 146|0x0000000089200000, 0x0000000089300000, 0x0000000089300000|100%| O|  |TAMS 0x0000000089300000, 0x0000000089300000| Untracked 
| 147|0x0000000089300000, 0x0000000089400000, 0x0000000089400000|100%| O|  |TAMS 0x0000000089400000, 0x0000000089400000| Untracked 
| 148|0x0000000089400000, 0x0000000089500000, 0x0000000089500000|100%|HS|  |TAMS 0x0000000089500000, 0x0000000089500000| Complete 
| 149|0x0000000089500000, 0x0000000089600000, 0x0000000089600000|100%|HC|  |TAMS 0x0000000089600000, 0x0000000089600000| Complete 
| 150|0x0000000089600000, 0x0000000089700000, 0x0000000089700000|100%|HC|  |TAMS 0x0000000089700000, 0x0000000089700000| Complete 
| 151|0x0000000089700000, 0x0000000089800000, 0x0000000089800000|100%| O|  |TAMS 0x0000000089800000, 0x0000000089800000| Untracked 
| 152|0x0000000089800000, 0x0000000089900000, 0x0000000089900000|100%| O|  |TAMS 0x0000000089900000, 0x0000000089900000| Untracked 
| 153|0x0000000089900000, 0x0000000089a00000, 0x0000000089a00000|100%| O|  |TAMS 0x0000000089900000, 0x0000000089a00000| Untracked 
| 154|0x0000000089a00000, 0x0000000089b00000, 0x0000000089b00000|100%| O|  |TAMS 0x0000000089b00000, 0x0000000089b00000| Untracked 
| 155|0x0000000089b00000, 0x0000000089c00000, 0x0000000089c00000|100%| O|  |TAMS 0x0000000089b00000, 0x0000000089c00000| Untracked 
| 156|0x0000000089c00000, 0x0000000089d00000, 0x0000000089d00000|100%| O|  |TAMS 0x0000000089d00000, 0x0000000089d00000| Untracked 
| 157|0x0000000089d00000, 0x0000000089e00000, 0x0000000089e00000|100%| O|  |TAMS 0x0000000089e00000, 0x0000000089e00000| Untracked 
| 158|0x0000000089e00000, 0x0000000089f00000, 0x0000000089f00000|100%| O|  |TAMS 0x0000000089f00000, 0x0000000089f00000| Untracked 
| 159|0x0000000089f00000, 0x000000008a000000, 0x000000008a000000|100%| O|  |TAMS 0x000000008a000000, 0x000000008a000000| Untracked 
| 160|0x000000008a000000, 0x000000008a100000, 0x000000008a100000|100%| O|  |TAMS 0x000000008a000000, 0x000000008a100000| Untracked 
| 161|0x000000008a100000, 0x000000008a200000, 0x000000008a200000|100%| O|  |TAMS 0x000000008a200000, 0x000000008a200000| Untracked 
| 162|0x000000008a200000, 0x000000008a300000, 0x000000008a300000|100%| O|  |TAMS 0x000000008a300000, 0x000000008a300000| Untracked 
| 163|0x000000008a300000, 0x000000008a400000, 0x000000008a400000|100%| O|  |TAMS 0x000000008a400000, 0x000000008a400000| Untracked 
| 164|0x000000008a400000, 0x000000008a500000, 0x000000008a500000|100%| O|  |TAMS 0x000000008a400000, 0x000000008a500000| Untracked 
| 165|0x000000008a500000, 0x000000008a600000, 0x000000008a600000|100%| O|  |TAMS 0x000000008a500000, 0x000000008a600000| Untracked 
| 166|0x000000008a600000, 0x000000008a700000, 0x000000008a700000|100%| O|  |TAMS 0x000000008a600000, 0x000000008a700000| Untracked 
| 167|0x000000008a700000, 0x000000008a800000, 0x000000008a800000|100%| O|  |TAMS 0x000000008a700000, 0x000000008a800000| Untracked 
| 168|0x000000008a800000, 0x000000008a900000, 0x000000008a900000|100%| O|  |TAMS 0x000000008a800000, 0x000000008a900000| Untracked 
| 169|0x000000008a900000, 0x000000008aa00000, 0x000000008aa00000|100%| O|  |TAMS 0x000000008aa00000, 0x000000008aa00000| Untracked 
| 170|0x000000008aa00000, 0x000000008ab00000, 0x000000008ab00000|100%| O|  |TAMS 0x000000008ab00000, 0x000000008ab00000| Untracked 
| 171|0x000000008ab00000, 0x000000008ac00000, 0x000000008ac00000|100%| O|  |TAMS 0x000000008ac00000, 0x000000008ac00000| Untracked 
| 172|0x000000008ac00000, 0x000000008ad00000, 0x000000008ad00000|100%| O|  |TAMS 0x000000008ad00000, 0x000000008ad00000| Untracked 
| 173|0x000000008ad00000, 0x000000008ae00000, 0x000000008ae00000|100%| O|  |TAMS 0x000000008ae00000, 0x000000008ae00000| Untracked 
| 174|0x000000008ae00000, 0x000000008af00000, 0x000000008af00000|100%| O|  |TAMS 0x000000008af00000, 0x000000008af00000| Untracked 
| 175|0x000000008af00000, 0x000000008b000000, 0x000000008b000000|100%| O|  |TAMS 0x000000008b000000, 0x000000008b000000| Untracked 
| 176|0x000000008b000000, 0x000000008b100000, 0x000000008b100000|100%| O|  |TAMS 0x000000008b100000, 0x000000008b100000| Untracked 
| 177|0x000000008b100000, 0x000000008b200000, 0x000000008b200000|100%| O|  |TAMS 0x000000008b100000, 0x000000008b200000| Untracked 
| 178|0x000000008b200000, 0x000000008b25d400, 0x000000008b300000| 36%| O|  |TAMS 0x000000008b200000, 0x000000008b25d400| Untracked 
| 179|0x000000008b300000, 0x000000008b400000, 0x000000008b400000|100%|HS|  |TAMS 0x000000008b300000, 0x000000008b300000| Complete 
| 180|0x000000008b400000, 0x000000008b500000, 0x000000008b500000|100%|HS|  |TAMS 0x000000008b400000, 0x000000008b400000| Complete 
| 181|0x000000008b500000, 0x000000008b600000, 0x000000008b600000|100%|HC|  |TAMS 0x000000008b500000, 0x000000008b500000| Complete 
| 182|0x000000008b600000, 0x000000008b700000, 0x000000008b700000|100%|HS|  |TAMS 0x000000008b600000, 0x000000008b600000| Complete 
| 183|0x000000008b700000, 0x000000008b800000, 0x000000008b800000|100%|HS|  |TAMS 0x000000008b700000, 0x000000008b700000| Complete 
| 184|0x000000008b800000, 0x000000008b900000, 0x000000008b900000|100%|HC|  |TAMS 0x000000008b800000, 0x000000008b800000| Complete 
| 185|0x000000008b900000, 0x000000008ba00000, 0x000000008ba00000|100%|HS|  |TAMS 0x000000008b900000, 0x000000008b900000| Complete 
| 186|0x000000008ba00000, 0x000000008bb00000, 0x000000008bb00000|100%|HC|  |TAMS 0x000000008ba00000, 0x000000008ba00000| Complete 
| 187|0x000000008bb00000, 0x000000008bb00000, 0x000000008bc00000|  0%| F|  |TAMS 0x000000008bb00000, 0x000000008bb00000| Untracked 
| 188|0x000000008bc00000, 0x000000008bc00000, 0x000000008bd00000|  0%| F|  |TAMS 0x000000008bc00000, 0x000000008bc00000| Untracked 
| 189|0x000000008bd00000, 0x000000008bd00000, 0x000000008be00000|  0%| F|  |TAMS 0x000000008bd00000, 0x000000008bd00000| Untracked 
| 190|0x000000008be00000, 0x000000008be00000, 0x000000008bf00000|  0%| F|  |TAMS 0x000000008be00000, 0x000000008be00000| Untracked 
| 191|0x000000008bf00000, 0x000000008bf00000, 0x000000008c000000|  0%| F|  |TAMS 0x000000008bf00000, 0x000000008bf00000| Untracked 
| 192|0x000000008c000000, 0x000000008c000000, 0x000000008c100000|  0%| F|  |TAMS 0x000000008c000000, 0x000000008c000000| Untracked 
| 193|0x000000008c100000, 0x000000008c100000, 0x000000008c200000|  0%| F|  |TAMS 0x000000008c100000, 0x000000008c100000| Untracked 
| 194|0x000000008c200000, 0x000000008c200000, 0x000000008c300000|  0%| F|  |TAMS 0x000000008c200000, 0x000000008c200000| Untracked 
| 195|0x000000008c300000, 0x000000008c300000, 0x000000008c400000|  0%| F|  |TAMS 0x000000008c300000, 0x000000008c300000| Untracked 
| 196|0x000000008c400000, 0x000000008c400000, 0x000000008c500000|  0%| F|  |TAMS 0x000000008c400000, 0x000000008c400000| Untracked 
| 197|0x000000008c500000, 0x000000008c500000, 0x000000008c600000|  0%| F|  |TAMS 0x000000008c500000, 0x000000008c500000| Untracked 
| 198|0x000000008c600000, 0x000000008c600000, 0x000000008c700000|  0%| F|  |TAMS 0x000000008c600000, 0x000000008c600000| Untracked 
| 199|0x000000008c700000, 0x000000008c700000, 0x000000008c800000|  0%| F|  |TAMS 0x000000008c700000, 0x000000008c700000| Untracked 
| 200|0x000000008c800000, 0x000000008c800000, 0x000000008c900000|  0%| F|  |TAMS 0x000000008c800000, 0x000000008c800000| Untracked 
| 201|0x000000008c900000, 0x000000008c900000, 0x000000008ca00000|  0%| F|  |TAMS 0x000000008c900000, 0x000000008c900000| Untracked 
| 202|0x000000008ca00000, 0x000000008ca00000, 0x000000008cb00000|  0%| F|  |TAMS 0x000000008ca00000, 0x000000008ca00000| Untracked 
| 203|0x000000008cb00000, 0x000000008cb00000, 0x000000008cc00000|  0%| F|  |TAMS 0x000000008cb00000, 0x000000008cb00000| Untracked 
| 204|0x000000008cc00000, 0x000000008cc00000, 0x000000008cd00000|  0%| F|  |TAMS 0x000000008cc00000, 0x000000008cc00000| Untracked 
| 205|0x000000008cd00000, 0x000000008cd00000, 0x000000008ce00000|  0%| F|  |TAMS 0x000000008cd00000, 0x000000008cd00000| Untracked 
| 206|0x000000008ce00000, 0x000000008ce00000, 0x000000008cf00000|  0%| F|  |TAMS 0x000000008ce00000, 0x000000008ce00000| Untracked 
| 207|0x000000008cf00000, 0x000000008cf00000, 0x000000008d000000|  0%| F|  |TAMS 0x000000008cf00000, 0x000000008cf00000| Untracked 
| 208|0x000000008d000000, 0x000000008d000000, 0x000000008d100000|  0%| F|  |TAMS 0x000000008d000000, 0x000000008d000000| Untracked 
| 209|0x000000008d100000, 0x000000008d100000, 0x000000008d200000|  0%| F|  |TAMS 0x000000008d100000, 0x000000008d100000| Untracked 
| 210|0x000000008d200000, 0x000000008d200000, 0x000000008d300000|  0%| F|  |TAMS 0x000000008d200000, 0x000000008d200000| Untracked 
| 211|0x000000008d300000, 0x000000008d300000, 0x000000008d400000|  0%| F|  |TAMS 0x000000008d300000, 0x000000008d300000| Untracked 
| 212|0x000000008d400000, 0x000000008d400000, 0x000000008d500000|  0%| F|  |TAMS 0x000000008d400000, 0x000000008d400000| Untracked 
| 213|0x000000008d500000, 0x000000008d500000, 0x000000008d600000|  0%| F|  |TAMS 0x000000008d500000, 0x000000008d500000| Untracked 
| 214|0x000000008d600000, 0x000000008d600000, 0x000000008d700000|  0%| F|  |TAMS 0x000000008d600000, 0x000000008d600000| Untracked 
| 215|0x000000008d700000, 0x000000008d700000, 0x000000008d800000|  0%| F|  |TAMS 0x000000008d700000, 0x000000008d700000| Untracked 
| 216|0x000000008d800000, 0x000000008d800000, 0x000000008d900000|  0%| F|  |TAMS 0x000000008d800000, 0x000000008d800000| Untracked 
| 217|0x000000008d900000, 0x000000008d900000, 0x000000008da00000|  0%| F|  |TAMS 0x000000008d900000, 0x000000008d900000| Untracked 
| 218|0x000000008da00000, 0x000000008da00000, 0x000000008db00000|  0%| F|  |TAMS 0x000000008da00000, 0x000000008da00000| Untracked 
| 219|0x000000008db00000, 0x000000008db00000, 0x000000008dc00000|  0%| F|  |TAMS 0x000000008db00000, 0x000000008db00000| Untracked 
| 220|0x000000008dc00000, 0x000000008dc00000, 0x000000008dd00000|  0%| F|  |TAMS 0x000000008dc00000, 0x000000008dc00000| Untracked 
| 221|0x000000008dd00000, 0x000000008ddc28a0, 0x000000008de00000| 75%| S|CS|TAMS 0x000000008dd00000, 0x000000008dd00000| Complete 
| 222|0x000000008de00000, 0x000000008df00000, 0x000000008df00000|100%| S|CS|TAMS 0x000000008de00000, 0x000000008de00000| Complete 
| 223|0x000000008df00000, 0x000000008df00000, 0x000000008e000000|  0%| F|  |TAMS 0x000000008df00000, 0x000000008df00000| Untracked 
| 224|0x000000008e000000, 0x000000008e000000, 0x000000008e100000|  0%| F|  |TAMS 0x000000008e000000, 0x000000008e000000| Untracked 
| 225|0x000000008e100000, 0x000000008e100000, 0x000000008e200000|  0%| F|  |TAMS 0x000000008e100000, 0x000000008e100000| Untracked 
| 226|0x000000008e200000, 0x000000008e200000, 0x000000008e300000|  0%| F|  |TAMS 0x000000008e200000, 0x000000008e200000| Untracked 
| 227|0x000000008e300000, 0x000000008e300000, 0x000000008e400000|  0%| F|  |TAMS 0x000000008e300000, 0x000000008e300000| Untracked 
| 228|0x000000008e400000, 0x000000008e400000, 0x000000008e500000|  0%| F|  |TAMS 0x000000008e400000, 0x000000008e400000| Untracked 
| 229|0x000000008e500000, 0x000000008e500000, 0x000000008e600000|  0%| F|  |TAMS 0x000000008e500000, 0x000000008e500000| Untracked 
| 230|0x000000008e600000, 0x000000008e600000, 0x000000008e700000|  0%| F|  |TAMS 0x000000008e600000, 0x000000008e600000| Untracked 
| 231|0x000000008e700000, 0x000000008e700000, 0x000000008e800000|  0%| F|  |TAMS 0x000000008e700000, 0x000000008e700000| Untracked 
| 232|0x000000008e800000, 0x000000008e8a3428, 0x000000008e900000| 63%| E|  |TAMS 0x000000008e800000, 0x000000008e800000| Complete 
| 233|0x000000008e900000, 0x000000008ea00000, 0x000000008ea00000|100%| E|CS|TAMS 0x000000008e900000, 0x000000008e900000| Complete 
| 234|0x000000008ea00000, 0x000000008eb00000, 0x000000008eb00000|100%| E|CS|TAMS 0x000000008ea00000, 0x000000008ea00000| Complete 

Card table byte_map: [0x0000020752790000,0x0000020752b90000] _byte_map_base: 0x0000020752390000

Marking Bits (Prev, Next): (CMBitMap*) 0x000002073f8dee40, (CMBitMap*) 0x000002073f8dee08
 Prev Bits: [0x0000020754f90000, 0x0000020756f90000)
 Next Bits: [0x0000020752f90000, 0x0000020754f90000)

Polling page: 0x000002073d690000

Metaspace:

Usage:
  Non-class:    161.77 MB capacity,   157.86 MB ( 98%) used,     3.23 MB (  2%) free+waste,   688.63 KB ( <1%) overhead. 
      Class:     25.04 MB capacity,    22.83 MB ( 91%) used,     1.91 MB (  8%) free+waste,   309.63 KB (  1%) overhead. 
       Both:    186.81 MB capacity,   180.69 MB ( 97%) used,     5.15 MB (  3%) free+waste,   998.25 KB ( <1%) overhead. 

Virtual space:
  Non-class space:      162.00 MB reserved,     161.81 MB (>99%) committed 
      Class space:        1.00 GB reserved,      25.13 MB (  2%) committed 
             Both:        1.16 GB reserved,     186.93 MB ( 16%) committed 

Chunk freelists:
   Non-Class:  43.00 KB
       Class:  19.00 KB
        Both:  62.00 KB

MaxMetaspaceSize: 17179869184.00 GB
CompressedClassSpaceSize: 1.00 GB

CodeHeap 'non-profiled nmethods': size=120064Kb used=28257Kb max_used=28257Kb free=91806Kb
 bounds [0x000002074ae50000, 0x000002074ca00000, 0x0000020752390000]
CodeHeap 'profiled nmethods': size=120000Kb used=62195Kb max_used=62375Kb free=57805Kb
 bounds [0x0000020743920000, 0x0000020747690000, 0x000002074ae50000]
CodeHeap 'non-nmethods': size=5696Kb used=2438Kb max_used=2578Kb free=3258Kb
 bounds [0x0000020743390000, 0x0000020743630000, 0x0000020743920000]
 total_blobs=28918 nmethods=27829 adapters=998
 compilation: enabled
              stopped_count=0, restarted_count=0
 full_count=0

Compilation events (20 events):
Event: 9370.549 Thread 0x0000020759493000 34256       3       org.apache.xerces.impl.XMLVersionDetector::fixupCurrentEntity (203 bytes)
Event: 9370.550 Thread 0x00000207639c1000 nmethod 34246 0x000002074c9e8990 code [0x000002074c9e8b20, 0x000002074c9e8ba8]
Event: 9370.550 Thread 0x0000020759493000 nmethod 34256 0x0000020745507090 code [0x00000207455072a0, 0x00000207455078e8]
Event: 9370.550 Thread 0x00000207639c1000 34247       4       com.google.common.collect.LinkedListMultimap::addNode (331 bytes)
Event: 9370.610 Thread 0x000002075948f800 nmethod 34230 0x000002074c9e8c90 code [0x000002074c9e8fa0, 0x000002074c9ed2d0]
Event: 9370.610 Thread 0x000002075948f800 34257 %     4       java.util.WeakHashMap::transfer @ 2 (107 bytes)
Event: 9370.622 Thread 0x000002075948f800 nmethod 34257% 0x000002074c9ee390 code [0x000002074c9ee540, 0x000002074c9eead8]
Event: 9370.622 Thread 0x000002075948f800 34259       4       com.google.common.collect.LinkedListMultimap$ValueForKeyIterator::hasNext (13 bytes)
Event: 9370.622 Thread 0x000002075948f800 nmethod 34259 0x000002074c9eec90 code [0x000002074c9eee20, 0x000002074c9eee98]
Event: 9370.622 Thread 0x000002075948f800 34260       4       com.google.common.collect.TransformedIterator::next (14 bytes)
Event: 9370.640 Thread 0x00000207639c1000 nmethod 34247 0x000002074c9eef10 code [0x000002074c9ef160, 0x000002074c9f0b90]
Event: 9370.640 Thread 0x00000207639c1000 34261       4       com.google.common.collect.LinkedListMultimap$DistinctKeyIterator::next (81 bytes)
Event: 9370.705 Thread 0x0000020759493000 34262       3       com.android.ide.common.resources.FileResourceNameValidator::isValidCharacter (36 bytes)
Event: 9370.705 Thread 0x0000020759493000 nmethod 34262 0x0000020745415890 code [0x0000020745415a40, 0x0000020745415c58]
Event: 9370.764 Thread 0x0000020759493000 34263       3       com.google.common.collect.CollectPreconditions::checkNonnegative (48 bytes)
Event: 9370.765 Thread 0x0000020759493000 nmethod 34263 0x00000207455e0890 code [0x00000207455e0b40, 0x00000207455e1668]
Event: 9370.770 Thread 0x0000020759493000 34264       3       com.android.ide.common.resources.FileResourceNameValidator::getErrorTextForNameWithoutExtension (113 bytes)
Event: 9370.772 Thread 0x0000020759493000 nmethod 34264 0x0000020745acfa10 code [0x0000020745acfe40, 0x0000020745ad1b08]
Event: 9370.772 Thread 0x0000020759493000 34265       3       com.android.utils.PositionXmlParser$DomBuilder::getCurrentPosition (262 bytes)
Event: 9370.775 Thread 0x0000020759493000 nmethod 34265 0x00000207459fd290 code [0x00000207459fd600, 0x00000207459fed98]

GC Heap History (20 events):
Event: 9365.017 GC heap before
{Heap before GC invocations=456 (full 0):
 garbage-first heap   total 198656K, used 176663K [0x0000000080000000, 0x0000000100000000)
  region size 1024K, 9 young (9216K), 2 survivors (2048K)
 Metaspace       used 183545K, capacity 189773K, committed 190012K, reserved 1214464K
  class space    used 23261K, capacity 25504K, committed 25600K, reserved 1048576K
}
Event: 9365.043 GC heap after
{Heap after GC invocations=457 (full 0):
 garbage-first heap   total 198656K, used 161722K [0x0000000080000000, 0x0000000100000000)
  region size 1024K, 2 young (2048K), 2 survivors (2048K)
 Metaspace       used 183545K, capacity 189773K, committed 190012K, reserved 1214464K
  class space    used 23261K, capacity 25504K, committed 25600K, reserved 1048576K
}
Event: 9365.268 GC heap before
{Heap before GC invocations=457 (full 0):
 garbage-first heap   total 198656K, used 167866K [0x0000000080000000, 0x0000000100000000)
  region size 1024K, 9 young (9216K), 2 survivors (2048K)
 Metaspace       used 183545K, capacity 189773K, committed 190012K, reserved 1214464K
  class space    used 23261K, capacity 25504K, committed 25600K, reserved 1048576K
}
Event: 9365.288 GC heap after
{Heap after GC invocations=458 (full 0):
 garbage-first heap   total 198656K, used 161518K [0x0000000080000000, 0x0000000100000000)
  region size 1024K, 1 young (1024K), 1 survivors (1024K)
 Metaspace       used 183545K, capacity 189773K, committed 190012K, reserved 1214464K
  class space    used 23261K, capacity 25504K, committed 25600K, reserved 1048576K
}
Event: 9365.574 GC heap before
{Heap before GC invocations=458 (full 0):
 garbage-first heap   total 198656K, used 169710K [0x0000000080000000, 0x0000000100000000)
  region size 1024K, 10 young (10240K), 1 survivors (1024K)
 Metaspace       used 183649K, capacity 189891K, committed 190012K, reserved 1214464K
  class space    used 23272K, capacity 25542K, committed 25600K, reserved 1048576K
}
Event: 9365.582 GC heap after
{Heap after GC invocations=459 (full 0):
 garbage-first heap   total 198656K, used 161792K [0x0000000080000000, 0x0000000100000000)
  region size 1024K, 1 young (1024K), 1 survivors (1024K)
 Metaspace       used 183649K, capacity 189891K, committed 190012K, reserved 1214464K
  class space    used 23272K, capacity 25542K, committed 25600K, reserved 1048576K
}
Event: 9366.041 GC heap before
{Heap before GC invocations=459 (full 0):
 garbage-first heap   total 198656K, used 172032K [0x0000000080000000, 0x0000000100000000)
  region size 1024K, 11 young (11264K), 1 survivors (1024K)
 Metaspace       used 183649K, capacity 189891K, committed 190012K, reserved 1214464K
  class space    used 23272K, capacity 25542K, committed 25600K, reserved 1048576K
}
Event: 9366.045 GC heap after
{Heap after GC invocations=460 (full 0):
 garbage-first heap   total 198656K, used 162075K [0x0000000080000000, 0x0000000100000000)
  region size 1024K, 2 young (2048K), 2 survivors (2048K)
 Metaspace       used 183649K, capacity 189891K, committed 190012K, reserved 1214464K
  class space    used 23272K, capacity 25542K, committed 25600K, reserved 1048576K
}
Event: 9367.685 GC heap before
{Heap before GC invocations=461 (full 0):
 garbage-first heap   total 198656K, used 170267K [0x0000000080000000, 0x0000000100000000)
  region size 1024K, 11 young (11264K), 2 survivors (2048K)
 Metaspace       used 184306K, capacity 190555K, committed 190908K, reserved 1214464K
  class space    used 23343K, capacity 25612K, committed 25728K, reserved 1048576K
}
Event: 9367.690 GC heap after
{Heap after GC invocations=462 (full 0):
 garbage-first heap   total 198656K, used 162615K [0x0000000080000000, 0x0000000100000000)
  region size 1024K, 2 young (2048K), 2 survivors (2048K)
 Metaspace       used 184306K, capacity 190555K, committed 190908K, reserved 1214464K
  class space    used 23343K, capacity 25612K, committed 25728K, reserved 1048576K
}
Event: 9367.811 GC heap before
{Heap before GC invocations=462 (full 0):
 garbage-first heap   total 198656K, used 169783K [0x0000000080000000, 0x0000000100000000)
  region size 1024K, 9 young (9216K), 2 survivors (2048K)
 Metaspace       used 184475K, capacity 190683K, committed 190908K, reserved 1214464K
  class space    used 23358K, capacity 25612K, committed 25728K, reserved 1048576K
}
Event: 9367.819 GC heap after
{Heap after GC invocations=463 (full 0):
 garbage-first heap   total 198656K, used 161778K [0x0000000080000000, 0x0000000100000000)
  region size 1024K, 2 young (2048K), 2 survivors (2048K)
 Metaspace       used 184475K, capacity 190683K, committed 190908K, reserved 1214464K
  class space    used 23358K, capacity 25612K, committed 25728K, reserved 1048576K
}
Event: 9368.002 GC heap before
{Heap before GC invocations=463 (full 0):
 garbage-first heap   total 198656K, used 170994K [0x0000000080000000, 0x0000000100000000)
  region size 1024K, 12 young (12288K), 2 survivors (2048K)
 Metaspace       used 184543K, capacity 190747K, committed 190908K, reserved 1214464K
  class space    used 23358K, capacity 25612K, committed 25728K, reserved 1048576K
}
Event: 9368.011 GC heap after
{Heap after GC invocations=464 (full 0):
 garbage-first heap   total 198656K, used 162683K [0x0000000080000000, 0x0000000100000000)
  region size 1024K, 2 young (2048K), 2 survivors (2048K)
 Metaspace       used 184543K, capacity 190747K, committed 190908K, reserved 1214464K
  class space    used 23358K, capacity 25612K, committed 25728K, reserved 1048576K
}
Event: 9368.419 GC heap before
{Heap before GC invocations=464 (full 0):
 garbage-first heap   total 198656K, used 172923K [0x0000000080000000, 0x0000000100000000)
  region size 1024K, 12 young (12288K), 2 survivors (2048K)
 Metaspace       used 184625K, capacity 190875K, committed 191164K, reserved 1214464K
  class space    used 23358K, capacity 25612K, committed 25728K, reserved 1048576K
}
Event: 9368.429 GC heap after
{Heap after GC invocations=465 (full 0):
 garbage-first heap   total 240640K, used 164639K [0x0000000080000000, 0x0000000100000000)
  region size 1024K, 2 young (2048K), 2 survivors (2048K)
 Metaspace       used 184625K, capacity 190875K, committed 191164K, reserved 1214464K
  class space    used 23358K, capacity 25612K, committed 25728K, reserved 1048576K
}
Event: 9369.120 GC heap before
{Heap before GC invocations=466 (full 0):
 garbage-first heap   total 240640K, used 189215K [0x0000000080000000, 0x0000000100000000)
  region size 1024K, 28 young (28672K), 2 survivors (2048K)
 Metaspace       used 184696K, capacity 190939K, committed 191164K, reserved 1214464K
  class space    used 23358K, capacity 25612K, committed 25728K, reserved 1048576K
}
Event: 9369.134 GC heap after
{Heap after GC invocations=467 (full 0):
 garbage-first heap   total 240640K, used 172615K [0x0000000080000000, 0x0000000100000000)
  region size 1024K, 4 young (4096K), 4 survivors (4096K)
 Metaspace       used 184696K, capacity 190939K, committed 191164K, reserved 1214464K
  class space    used 23358K, capacity 25612K, committed 25728K, reserved 1048576K
}
Event: 9370.558 GC heap before
{Heap before GC invocations=468 (full 0):
 garbage-first heap   total 240640K, used 199239K [0x0000000080000000, 0x0000000100000000)
  region size 1024K, 27 young (27648K), 4 survivors (4096K)
 Metaspace       used 184790K, capacity 191003K, committed 191164K, reserved 1214464K
  class space    used 23359K, capacity 25612K, committed 25728K, reserved 1048576K
}
Event: 9370.582 GC heap after
{Heap after GC invocations=469 (full 0):
 garbage-first heap   total 240640K, used 182481K [0x0000000080000000, 0x0000000100000000)
  region size 1024K, 4 young (4096K), 4 survivors (4096K)
 Metaspace       used 184790K, capacity 191003K, committed 191164K, reserved 1214464K
  class space    used 23359K, capacity 25612K, committed 25728K, reserved 1048576K
}

Deoptimization events (20 events):
Event: 9369.182 Thread 0x0000020760736000 DEOPT PACKING pc=0x0000020744ee4887 sp=0x000000d44abf63c0
Event: 9369.182 Thread 0x0000020760736000 DEOPT UNPACKING pc=0x00000207433b76ce sp=0x000000d44abf58d0 mode 0
Event: 9369.366 Thread 0x0000020760736000 DEOPT PACKING pc=0x0000020744ee4887 sp=0x000000d44abf63c0
Event: 9369.366 Thread 0x0000020760736000 DEOPT UNPACKING pc=0x00000207433b76ce sp=0x000000d44abf58d0 mode 0
Event: 9369.510 Thread 0x0000020760736000 DEOPT PACKING pc=0x0000020744ee4887 sp=0x000000d44abf63c0
Event: 9369.510 Thread 0x0000020760736000 DEOPT UNPACKING pc=0x00000207433b76ce sp=0x000000d44abf58d0 mode 0
Event: 9369.511 Thread 0x0000020760736000 DEOPT PACKING pc=0x0000020744ee4887 sp=0x000000d44abf63c0
Event: 9369.511 Thread 0x0000020760736000 DEOPT UNPACKING pc=0x00000207433b76ce sp=0x000000d44abf58d0 mode 0
Event: 9370.771 Thread 0x0000020760736000 Uncommon trap: trap_request=0xffffff4d fr.pc=0x000002074bbb6810 relative=0x0000000000000290
Event: 9370.771 Thread 0x0000020760736000 Uncommon trap: reason=unstable_if action=reinterpret pc=0x000002074bbb6810 method=org.apache.xerces.impl.XMLEntityScanner.skipSpaces()Z @ 70 c2
Event: 9370.771 Thread 0x0000020760736000 DEOPT PACKING pc=0x000002074bbb6810 sp=0x000000d44abf66d0
Event: 9370.771 Thread 0x0000020760736000 DEOPT UNPACKING pc=0x00000207433b78af sp=0x000000d44abf6660 mode 2
Event: 9370.771 Thread 0x0000020760736000 Uncommon trap: trap_request=0xffffff4d fr.pc=0x000002074bdbd210 relative=0x00000000000007b0
Event: 9370.771 Thread 0x0000020760736000 Uncommon trap: reason=unstable_if action=reinterpret pc=0x000002074bdbd210 method=com.android.utils.PositionXmlParser$DomBuilder.getCurrentPosition()Lcom/android/utils/PositionXmlParser$Position; @ 65 c2
Event: 9370.771 Thread 0x0000020760736000 DEOPT PACKING pc=0x000002074bdbd210 sp=0x000000d44abf64f0
Event: 9370.771 Thread 0x0000020760736000 DEOPT UNPACKING pc=0x00000207433b78af sp=0x000000d44abf6478 mode 2
Event: 9370.771 Thread 0x0000020760736000 Uncommon trap: trap_request=0xffffff4d fr.pc=0x000002074c99ec88 relative=0x0000000000000a68
Event: 9370.772 Thread 0x0000020760736000 Uncommon trap: reason=unstable_if action=reinterpret pc=0x000002074c99ec88 method=org.apache.xerces.impl.XMLEntityScanner.scanContent(Lorg/apache/xerces/xni/XMLString;)I @ 134 c2
Event: 9370.772 Thread 0x0000020760736000 DEOPT PACKING pc=0x000002074c99ec88 sp=0x000000d44abf6580
Event: 9370.772 Thread 0x0000020760736000 DEOPT UNPACKING pc=0x00000207433b78af sp=0x000000d44abf6518 mode 2

Classes redefined (0 events):
No events

Internal exceptions (20 events):
Event: 9363.347 Thread 0x0000020760736000 Exception <a 'java/lang/ClassNotFoundException'{0x000000008c1f8ff8}: com/android/build/gradle/tasks/MergeResourcesBeanInfo> (0x000000008c1f8ff8) thrown at [./src/hotspot/share/classfile/systemDictionary.cpp, line 231]
Event: 9363.347 Thread 0x0000020760736000 Exception <a 'java/lang/ClassNotFoundException'{0x000000008c0120e8}: com/android/build/gradle/internal/tasks/NewIncrementalTaskBeanInfo> (0x000000008c0120e8) thrown at [./src/hotspot/share/classfile/systemDictionary.cpp, line 231]
Event: 9363.347 Thread 0x0000020760736000 Exception <a 'java/lang/ClassNotFoundException'{0x000000008c02b518}: com/android/build/gradle/internal/tasks/AndroidVariantTaskBeanInfo> (0x000000008c02b518) thrown at [./src/hotspot/share/classfile/systemDictionary.cpp, line 231]
Event: 9363.348 Thread 0x0000020760736000 Exception <a 'java/lang/ClassNotFoundException'{0x000000008c042ce8}: com/android/build/gradle/internal/tasks/BaseTaskBeanInfo> (0x000000008c042ce8) thrown at [./src/hotspot/share/classfile/systemDictionary.cpp, line 231]
Event: 9363.349 Thread 0x0000020760736000 Exception <a 'java/lang/ClassNotFoundException'{0x000000008c05af98}: com/android/build/gradle/internal/tasks/BaseTaskCustomizer> (0x000000008c05af98) thrown at [./src/hotspot/share/classfile/systemDictionary.cpp, line 231]
Event: 9363.357 Thread 0x0000020760736000 Exception <a 'java/lang/ClassNotFoundException'{0x000000008bf5dcb8}: com/android/build/gradle/internal/tasks/AndroidVariantTaskCustomizer> (0x000000008bf5dcb8) thrown at [./src/hotspot/share/classfile/systemDictionary.cpp, line 231]
Event: 9363.359 Thread 0x0000020760736000 Exception <a 'java/lang/ClassNotFoundException'{0x000000008bf84f10}: com/android/build/gradle/internal/tasks/NewIncrementalTaskCustomizer> (0x000000008bf84f10) thrown at [./src/hotspot/share/classfile/systemDictionary.cpp, line 231]
Event: 9363.361 Thread 0x0000020760736000 Exception <a 'java/lang/ClassNotFoundException'{0x000000008bfa95e0}: com/android/build/gradle/tasks/MergeResourcesCustomizer> (0x000000008bfa95e0) thrown at [./src/hotspot/share/classfile/systemDictionary.cpp, line 231]
Event: 9363.362 Thread 0x0000020760736000 Exception <a 'java/lang/ClassNotFoundException'{0x000000008bffb7e8}: com/android/build/gradle/tasks/MergeResources_DecoratedCustomizer> (0x000000008bffb7e8) thrown at [./src/hotspot/share/classfile/systemDictionary.cpp, line 231]
Event: 9363.435 Thread 0x0000020760736000 Exception <a 'java/lang/ClassNotFoundException'{0x000000008bb703e8}: com/google/gms/googleservices/GoogleServicesTask_DecoratedBeanInfo> (0x000000008bb703e8) thrown at [./src/hotspot/share/classfile/systemDictionary.cpp, line 231]
Event: 9363.436 Thread 0x0000020760736000 Exception <a 'java/lang/ClassNotFoundException'{0x000000008bb86d30}: com/google/gms/googleservices/GoogleServicesTaskBeanInfo> (0x000000008bb86d30) thrown at [./src/hotspot/share/classfile/systemDictionary.cpp, line 231]
Event: 9363.437 Thread 0x0000020760736000 Exception <a 'java/lang/ClassNotFoundException'{0x000000008bb9df18}: com/google/gms/googleservices/GoogleServicesTaskCustomizer> (0x000000008bb9df18) thrown at [./src/hotspot/share/classfile/systemDictionary.cpp, line 231]
Event: 9363.439 Thread 0x0000020760736000 Exception <a 'java/lang/ClassNotFoundException'{0x000000008bbcada8}: com/google/gms/googleservices/GoogleServicesTask_DecoratedCustomizer> (0x000000008bbcada8) thrown at [./src/hotspot/share/classfile/systemDictionary.cpp, line 231]
Event: 9363.471 Thread 0x0000020760736000 Exception <a 'java/lang/ClassNotFoundException'{0x000000008c057f28}: com/android/build/gradle/internal/api/ImmutableFlavorListBeanInfo> (0x000000008c057f28) thrown at [./src/hotspot/share/classfile/systemDictionary.cpp, line 231]
Event: 9363.473 Thread 0x0000020760736000 Exception <a 'java/lang/ClassNotFoundException'{0x000000008c0736e8}: com/android/build/gradle/internal/api/ImmutableFlavorListCustomizer> (0x000000008c0736e8) thrown at [./src/hotspot/share/classfile/systemDictionary.cpp, line 231]
Event: 9364.313 Thread 0x00000207639c5800 Exception <a 'java/lang/NoSuchMethodError'{0x000000008bfcb7e0}: <clinit>> (0x000000008bfcb7e0) thrown at [./src/hotspot/share/prims/jni.cpp, line 1362]
Event: 9364.315 Thread 0x00000207639c5800 Exception <a 'java/lang/NoSuchMethodError'{0x000000008be3cd38}: <clinit>> (0x000000008be3cd38) thrown at [./src/hotspot/share/prims/jni.cpp, line 1362]
Event: 9365.387 Thread 0x00000207639c0000 Exception <a 'java/lang/NoSuchMethodError'{0x000000008bf50340}: <clinit>> (0x000000008bf50340) thrown at [./src/hotspot/share/prims/jni.cpp, line 1362]
Event: 9368.695 Thread 0x0000020760736000 Implicit null exception at 0x000002074c98ea68 to 0x000002074c98ec98
Event: 9369.113 Thread 0x0000020760736000 Implicit null exception at 0x000002074c98f2f5 to 0x000002074c98f6fc

Events (20 events):
Event: 9367.690 Executing VM operation: G1CollectForAllocation done
Event: 9367.811 Executing VM operation: G1CollectForAllocation
Event: 9367.819 Executing VM operation: G1CollectForAllocation done
Event: 9368.002 Executing VM operation: G1CollectForAllocation
Event: 9368.011 Executing VM operation: G1CollectForAllocation done
Event: 9368.031 Thread 0x00000207639c1000 Thread added: 0x00000207639c1000
Event: 9368.418 Executing VM operation: G1CollectForAllocation
Event: 9368.429 Executing VM operation: G1CollectForAllocation done
Event: 9368.521 Executing VM operation: CGC_Operation
Event: 9368.552 Executing VM operation: CGC_Operation done
Event: 9368.825 Executing VM operation: CGC_Operation
Event: 9368.826 Executing VM operation: CGC_Operation done
Event: 9369.120 Executing VM operation: G1CollectForAllocation
Event: 9369.134 Executing VM operation: G1CollectForAllocation done
Event: 9369.663 Executing VM operation: CGC_Operation
Event: 9369.693 Executing VM operation: CGC_Operation done
Event: 9369.955 Executing VM operation: CGC_Operation
Event: 9369.959 Executing VM operation: CGC_Operation done
Event: 9370.557 Executing VM operation: G1CollectForAllocation
Event: 9370.582 Executing VM operation: G1CollectForAllocation done


Dynamic libraries:
0x00007ff6e64e0000 - 0x00007ff6e64ea000 	C:\Program Files\Android\Android Studio\jre\bin\java.exe
0x00007ffe43ad0000 - 0x00007ffe43cc5000 	C:\WINDOWS\SYSTEM32\ntdll.dll
0x00007ffe41fc0000 - 0x00007ffe4207d000 	C:\WINDOWS\System32\KERNEL32.DLL
0x00007ffe413b0000 - 0x00007ffe41679000 	C:\WINDOWS\System32\KERNELBASE.dll
0x00007ffe41a30000 - 0x00007ffe41b30000 	C:\WINDOWS\System32\ucrtbase.dll
0x00007ffe35d10000 - 0x00007ffe35d27000 	C:\Program Files\Android\Android Studio\jre\bin\VCRUNTIME140.dll
0x00007ffe2fdf0000 - 0x00007ffe2fe09000 	C:\Program Files\Android\Android Studio\jre\bin\jli.dll
0x00007ffe428b0000 - 0x00007ffe42a50000 	C:\WINDOWS\System32\USER32.dll
0x00007ffe41680000 - 0x00007ffe416a2000 	C:\WINDOWS\System32\win32u.dll
0x00007ffe2c190000 - 0x00007ffe2c42a000 	C:\WINDOWS\WinSxS\amd64_microsoft.windows.common-controls_6595b64144ccf1df_6.0.19041.1110_none_60b5254171f9507e\COMCTL32.dll
0x00007ffe42190000 - 0x00007ffe421ba000 	C:\WINDOWS\System32\GDI32.dll
0x00007ffe41b30000 - 0x00007ffe41bce000 	C:\WINDOWS\System32\msvcrt.dll
0x00007ffe417c0000 - 0x00007ffe418cb000 	C:\WINDOWS\System32\gdi32full.dll
0x00007ffe41200000 - 0x00007ffe4129d000 	C:\WINDOWS\System32\msvcp_win.dll
0x00007ffe432e0000 - 0x00007ffe43310000 	C:\WINDOWS\System32\IMM32.DLL
0x00007ffe0fbe0000 - 0x00007ffe0fc7d000 	C:\Program Files\Android\Android Studio\jre\bin\msvcp140.dll
0x00007ffdf22e0000 - 0x00007ffdf2daf000 	C:\Program Files\Android\Android Studio\jre\bin\server\jvm.dll
0x00007ffe420e0000 - 0x00007ffe4218c000 	C:\WINDOWS\System32\ADVAPI32.dll
0x00007ffe43910000 - 0x00007ffe439ab000 	C:\WINDOWS\System32\sechost.dll
0x00007ffe437e0000 - 0x00007ffe4390a000 	C:\WINDOWS\System32\RPCRT4.dll
0x00007ffe43670000 - 0x00007ffe43678000 	C:\WINDOWS\System32\PSAPI.DLL
0x00007ffe2f3b0000 - 0x00007ffe2f3ba000 	C:\WINDOWS\SYSTEM32\VERSION.dll
0x00007ffe2cb20000 - 0x00007ffe2cb29000 	C:\WINDOWS\SYSTEM32\WSOCK32.dll
0x00007ffe2fa90000 - 0x00007ffe2fab7000 	C:\WINDOWS\SYSTEM32\WINMM.dll
0x00007ffe43680000 - 0x00007ffe436eb000 	C:\WINDOWS\System32\WS2_32.dll
0x00007ffe3f000000 - 0x00007ffe3f012000 	C:\WINDOWS\SYSTEM32\kernel.appcore.dll
0x00007ffe36c30000 - 0x00007ffe36c41000 	C:\Program Files\Android\Android Studio\jre\bin\verify.dll
0x00007ffe2d0b0000 - 0x00007ffe2d294000 	C:\WINDOWS\SYSTEM32\DBGHELP.DLL
0x00007ffe2ec10000 - 0x00007ffe2ec3c000 	C:\WINDOWS\SYSTEM32\dbgcore.DLL
0x00007ffe41700000 - 0x00007ffe41783000 	C:\WINDOWS\System32\bcryptPrimitives.dll
0x00007ffe35ea0000 - 0x00007ffe35ec9000 	C:\Program Files\Android\Android Studio\jre\bin\java.dll
0x00007ffe36d80000 - 0x00007ffe36d8b000 	C:\Program Files\Android\Android Studio\jre\bin\jimage.dll
0x00007ffe368a0000 - 0x00007ffe368b8000 	C:\Program Files\Android\Android Studio\jre\bin\zip.dll
0x00007ffe42a50000 - 0x00007ffe4318f000 	C:\WINDOWS\System32\SHELL32.dll
0x00007ffe3f310000 - 0x00007ffe3faa0000 	C:\WINDOWS\SYSTEM32\windows.storage.dll
0x00007ffe43310000 - 0x00007ffe43665000 	C:\WINDOWS\System32\combase.dll
0x00007ffe40c60000 - 0x00007ffe40c8c000 	C:\WINDOWS\SYSTEM32\Wldp.dll
0x00007ffe426c0000 - 0x00007ffe4276e000 	C:\WINDOWS\System32\SHCORE.dll
0x00007ffe436f0000 - 0x00007ffe43745000 	C:\WINDOWS\System32\shlwapi.dll
0x00007ffe41140000 - 0x00007ffe4115f000 	C:\WINDOWS\SYSTEM32\profapi.dll
0x00007ffe34c90000 - 0x00007ffe34caa000 	C:\Program Files\Android\Android Studio\jre\bin\net.dll
0x00007ffe3aed0000 - 0x00007ffe3afd8000 	C:\WINDOWS\SYSTEM32\WINHTTP.dll
0x00007ffe409c0000 - 0x00007ffe40a2a000 	C:\WINDOWS\system32\mswsock.dll
0x00007ffe347e0000 - 0x00007ffe347f4000 	C:\Program Files\Android\Android Studio\jre\bin\nio.dll
0x00007ffe3a5b0000 - 0x00007ffe3a5d7000 	C:\Users\UGTECH\.gradle\native\8bec1ad78214c89d9ad589b4d07fe93259594b29d510b10fafb7a158f7737e5d\windows-amd64\native-platform.dll
0x00007ffe10630000 - 0x00007ffe1076d000 	C:\Users\UGTECH\.gradle\native\53dbd7edfb1c66fb8903c78663c9afc45aea4f116125fa6feffd364cf09443e8\windows-amd64\native-platform-file-events.dll
0x00007ffe36a90000 - 0x00007ffe36a9a000 	C:\Program Files\Android\Android Studio\jre\bin\management.dll
0x00007ffe367b0000 - 0x00007ffe367bc000 	C:\Program Files\Android\Android Studio\jre\bin\management_ext.dll
0x00007ffe40bc0000 - 0x00007ffe40bd8000 	C:\WINDOWS\SYSTEM32\CRYPTSP.dll
0x00007ffe40270000 - 0x00007ffe402a4000 	C:\WINDOWS\system32\rsaenh.dll
0x00007ffe41790000 - 0x00007ffe417b7000 	C:\WINDOWS\System32\bcrypt.dll
0x00007ffe410c0000 - 0x00007ffe410ee000 	C:\WINDOWS\SYSTEM32\USERENV.dll
0x00007ffe40bb0000 - 0x00007ffe40bbc000 	C:\WINDOWS\SYSTEM32\CRYPTBASE.dll
0x00007ffe40660000 - 0x00007ffe4069b000 	C:\WINDOWS\SYSTEM32\IPHLPAPI.DLL
0x00007ffe41bd0000 - 0x00007ffe41bd8000 	C:\WINDOWS\System32\NSI.dll
0x00007ffe389b0000 - 0x00007ffe389c7000 	C:\WINDOWS\SYSTEM32\dhcpcsvc6.DLL
0x00007ffe38e60000 - 0x00007ffe38e7d000 	C:\WINDOWS\SYSTEM32\dhcpcsvc.DLL
0x00007ffe406b0000 - 0x00007ffe4077c000 	C:\WINDOWS\SYSTEM32\DNSAPI.dll
0x00007ffe29120000 - 0x00007ffe2913e000 	C:\Users\UGTECH\AppData\Local\Temp\native-platform10255482132173192883dir\native-platform.dll
0x00007ffe3b510000 - 0x00007ffe3b518000 	C:\Program Files\Android\Android Studio\jre\bin\rmi.dll
0x00007ffe1fc50000 - 0x00007ffe1fc77000 	C:\Program Files\Android\Android Studio\jre\bin\sunec.dll
0x0000000063f00000 - 0x0000000063f26000 	C:\Program Files\Bonjour\mdnsNSP.dll
0x00007ffe398f0000 - 0x00007ffe398fa000 	C:\Windows\System32\rasadhlp.dll
0x00007ffe34d10000 - 0x00007ffe34d8f000 	C:\WINDOWS\System32\fwpuclnt.dll

dbghelp: loaded successfully - version: 4.0.5 - missing functions: none
symbol engine: initialized successfully - sym options: 0x614 - pdb path: .;C:\Program Files\Android\Android Studio\jre\bin;C:\WINDOWS\SYSTEM32;C:\WINDOWS\WinSxS\amd64_microsoft.windows.common-controls_6595b64144ccf1df_6.0.19041.1110_none_60b5254171f9507e;C:\Program Files\Android\Android Studio\jre\bin\server;C:\Users\UGTECH\.gradle\native\8bec1ad78214c89d9ad589b4d07fe93259594b29d510b10fafb7a158f7737e5d\windows-amd64;C:\Users\UGTECH\.gradle\native\53dbd7edfb1c66fb8903c78663c9afc45aea4f116125fa6feffd364cf09443e8\windows-amd64;C:\Users\UGTECH\AppData\Local\Temp\native-platform10255482132173192883dir;C:\Program Files\Bonjour

VM Arguments:
jvm_args: --add-opens=java.base/java.util=ALL-UNNAMED --add-opens=java.base/java.lang=ALL-UNNAMED --add-opens=java.base/java.lang.invoke=ALL-UNNAMED --add-opens=java.base/java.util=ALL-UNNAMED --add-opens=java.prefs/java.util.prefs=ALL-UNNAMED --add-opens=java.prefs/java.util.prefs=ALL-UNNAMED --add-opens=java.base/java.nio.charset=ALL-UNNAMED --add-opens=java.base/java.net=ALL-UNNAMED --add-opens=java.base/java.util.concurrent.atomic=ALL-UNNAMED -Xmx2048m -Dfile.encoding=UTF-8 -Duser.country=US -Duser.language=en -Duser.variant 
java_command: org.gradle.launcher.daemon.bootstrap.GradleDaemon 7.0.2
java_class_path (initial): C:\Users\UGTECH\.gradle\wrapper\dists\gradle-7.0.2-bin\857tjihv64xamwrf0h14cai3r\gradle-7.0.2\lib\gradle-launcher-7.0.2.jar
Launcher Type: SUN_STANDARD

[Global flags]
     intx CICompilerCount                          = 3                                         {product} {ergonomic}
     uint ConcGCThreads                            = 1                                         {product} {ergonomic}
     uint G1ConcRefinementThreads                  = 4                                         {product} {ergonomic}
   size_t G1HeapRegionSize                         = 1048576                                   {product} {ergonomic}
    uintx GCDrainStackTargetSize                   = 64                                        {product} {ergonomic}
   size_t InitialHeapSize                          = 130023424                                 {product} {ergonomic}
   size_t MarkStackSize                            = 4194304                                   {product} {ergonomic}
   size_t MaxHeapSize                              = 2147483648                                {product} {command line}
   size_t MaxNewSize                               = 1287651328                                {product} {ergonomic}
   size_t MinHeapDeltaBytes                        = 1048576                                   {product} {ergonomic}
    uintx NonNMethodCodeHeapSize                   = 5830732                                {pd product} {ergonomic}
    uintx NonProfiledCodeHeapSize                  = 122913754                              {pd product} {ergonomic}
    uintx ProfiledCodeHeapSize                     = 122913754                              {pd product} {ergonomic}
    uintx ReservedCodeCacheSize                    = 251658240                              {pd product} {ergonomic}
     bool SegmentedCodeCache                       = true                                      {product} {ergonomic}
     bool UseCompressedClassPointers               = true                                 {lp64_product} {ergonomic}
     bool UseCompressedOops                        = true                                 {lp64_product} {ergonomic}
     bool UseG1GC                                  = true                                      {product} {ergonomic}
     bool UseLargePagesIndividualAllocation        = false                                  {pd product} {ergonomic}

Logging:
Log output configuration:
 #0: stdout all=warning uptime,level,tags
 #1: stderr all=off uptime,level,tags

Environment Variables:
JAVA_HOME=E:\sdk-tools-windows-4333796\tools\bin\java sdk
PATH=C:\Program Files (x86)\Intel\iCLS Client\;C:\Program Files\Intel\iCLS Client\;C:\WINDOWS\system32;C:\WINDOWS;C:\WINDOWS\System32\Wbem;C:\WINDOWS\System32\WindowsPowerShell\v1.0\;C:\Program Files (x86)\Intel\Intel(R) Management Engine Components\DAL;C:\Program Files\Intel\Intel(R) Management Engine Components\DAL;C:\Program Files (x86)\Intel\Intel(R) Management Engine Components\IPT;C:\Program Files\Intel\Intel(R) Management Engine Components\IPT;C:\WINDOWS\System32\OpenSSH\;C:\Users\UGTECH\AppData\Roaming\nvm;C:\Program Files\nodejs;E:\Git\cmd;C:\Program Files\Intel\WiFi\bin\;C:\Program Files\Common Files\Intel\WirelessCommon\;E:\nodejs\;C:\Users\UGTECH\AppData\Local\Programs\Python\Python38-32\Scripts\;C:\Users\UGTECH\AppData\Local\Programs\Python\Python38-32\;C:\Program Files\MySQL\MySQL Shell 8.0\bin\;E:\Microsoft VS Code\bin;C:\Users\UGTECH\AppData\Local\Microsoft\WindowsApps;E:\flutter\bin;E:\sdk-tools-windows-4333796\tools;C:\ProgramData\Microsoft\Windows\Start Menu\Programs\Android Studio;C:\Program Files\Android\Android Studio\bin;E:\sdk-tools-windows-4333796\tools\bin\build-tools\29.0.2;E:\sdk-tools-windows-4333796\tools\bin\platform-tools;E:\sdk-tools-windows-4333796\tools\bin\tools;E:\sdk-tools-windows-4333796\tools\bin\java sdk\bin;E:\PHP 7;C:\Users\UGTECH\AppData\Roaming\Python\Python38\Scripts;C:\Users\UGTECH\AppData\Roaming\nvm;C:\Program Files\nodejs;C:\Users\UGTECH\AppData\Local\GitHubDesktop\bin;'C:\Users\UGTECH\AppData\Local\Packages\PythonSoftwareFoundation.Python.3.8_qbz5n2kfra8p0\LocalCache\local-packages\Python38\Scripts;C:\Program Files\Intel\WiFi\bin\;C:\Program Files\Common Files\Intel\WirelessCommon\;"E:\Git\mingw64\bin;C:\MinGW\bin\";;C:\Users\UGTECH\AppData\Local\Microsoft\WindowsApps;C:\Users\UGTECH\AppData\Roaming\npm
USERNAME=ROSH PC
OS=Windows_NT
PROCESSOR_IDENTIFIER=Intel64 Family 6 Model 60 Stepping 3, GenuineIntel



---------------  S Y S T E M  ---------------

OS: Windows 10 , 64 bit Build 19041 (10.0.19041.1151)
OS uptime: 52 days 1:43 hours

CPU:total 4 (initial active 4) (2 cores per cpu, 2 threads per core) family 6 model 60 stepping 3 microcode 0x27, cmov, cx8, fxsr, mmx, sse, sse2, sse3, ssse3, sse4.1, sse4.2, popcnt, avx, avx2, aes, clmul, erms, lzcnt, ht, tsc, tscinvbit, bmi1, bmi2, fma

Memory: 4k page, system-wide physical 7876M (663M free)
TotalPageFile size 9756M (AvailPageFile size 7M)
current process WorkingSet (physical memory assigned to process): 632M, peak: 634M
current process commit charge ("private bytes"): 729M, peak: 733M

vm_info: OpenJDK 64-Bit Server VM (11.0.10+0-b96-7249189) for windows-amd64 JRE (11.0.10+0-b96-7249189), built on Mar 31 2021 21:44:00 by "builder" with MS VC++ 14.0 (VS2015)

END.
