#
# There is insufficient memory for the Java Runtime Environment to continue.
# Native memory allocation (malloc) failed to allocate 2370176 bytes for Chunk::new
# Possible reasons:
#   The system is out of physical RAM or swap space
#   The process is running with CompressedOops enabled, and the Java Heap may be blocking the growth of the native heap
# Possible solutions:
#   Reduce memory load on the system
#   Increase physical memory or swap space
#   Check if swap backing store is full
#   Decrease Java heap size (-Xmx/-Xms)
#   Decrease number of Java threads
#   Decrease Java thread stack sizes (-Xss)
#   Set larger code cache with -XX:ReservedCodeCacheSize=
#   JVM is running with Unscaled Compressed Oops mode in which the Java heap is
#     placed in the first 4GB address space. The Java Heap base address is the
#     maximum limit for the native heap growth. Please use -XX:HeapBaseMinAddress
#     to set the Java Heap base and to place the Java Heap above 4GB virtual address.
# This output file may be truncated or incomplete.
#
#  Out of Memory Error (./src/hotspot/share/memory/arena.cpp:197), pid=20772, tid=15272
#
# JRE version: OpenJDK Runtime Environment (11.0.10) (build 11.0.10+0-b96-7249189)
# Java VM: OpenJDK 64-Bit Server VM (11.0.10+0-b96-7249189, mixed mode, tiered, compressed oops, g1 gc, windows-amd64)
# No core dump will be written. Minidumps are not enabled by default on client versions of Windows
#

---------------  S U M M A R Y ------------

Command Line: --add-opens=java.base/java.util=ALL-UNNAMED --add-opens=java.base/java.lang=ALL-UNNAMED --add-opens=java.base/java.lang.invoke=ALL-UNNAMED --add-opens=java.base/java.util=ALL-UNNAMED --add-opens=java.prefs/java.util.prefs=ALL-UNNAMED --add-opens=java.prefs/java.util.prefs=ALL-UNNAMED --add-opens=java.base/java.nio.charset=ALL-UNNAMED --add-opens=java.base/java.net=ALL-UNNAMED --add-opens=java.base/java.util.concurrent.atomic=ALL-UNNAMED -Xmx2048m -Dfile.encoding=UTF-8 -Duser.country=US -Duser.language=en -Duser.variant org.gradle.launcher.daemon.bootstrap.GradleDaemon 7.0.2

Host: Intel(R) Core(TM) i5-4300M CPU @ 2.60GHz, 4 cores, 7G,  Windows 10 , 64 bit Build 19041 (10.0.19041.1151)
Time: Sun Oct 10 13:39:38 2021 India Standard Time elapsed time: 59.730267 seconds (0d 0h 0m 59s)

---------------  T H R E A D  ---------------

Current thread (0x00000200e82ae000):  JavaThread "C2 CompilerThread1" daemon [_thread_in_native, id=15272, stack(0x0000007878d00000,0x0000007878e00000)]


Current CompileTask:
C2:  59730 16286       4       com.android.tools.r8.ir.regalloc.a::a (3985 bytes)

Stack: [0x0000007878d00000,0x0000007878e00000]
Native frames: (J=compiled Java code, j=interpreted, Vv=VM code, C=native code)
V  [jvm.dll+0x5ecfaa]
V  [jvm.dll+0x722bd5]
V  [jvm.dll+0x72412d]
V  [jvm.dll+0x7247e3]
V  [jvm.dll+0x242928]
V  [jvm.dll+0xbc4fc]
V  [jvm.dll+0xbca0c]
V  [jvm.dll+0x2b4fd4]
V  [jvm.dll+0x506028]
V  [jvm.dll+0x203253]
V  [jvm.dll+0x1fd07c]
V  [jvm.dll+0x1fa77f]
V  [jvm.dll+0x18354c]
V  [jvm.dll+0x208ee7]
V  [jvm.dll+0x207731]
V  [jvm.dll+0x6eb1cf]
V  [jvm.dll+0x6e3d45]
V  [jvm.dll+0x5ebe96]
C  [ucrtbase.dll+0x21bb2]
C  [KERNEL32.DLL+0x17034]
C  [ntdll.dll+0x52651]


---------------  P R O C E S S  ---------------

Threads class SMR info:
_java_thread_list=0x00000200e91e7b30, length=52, elements={
0x00000200cd99f800, 0x00000200e756d800, 0x00000200e7579800, 0x00000200e7588800,
0x00000200e7589800, 0x00000200e758c000, 0x00000200e758d800, 0x00000200e7594800,
0x00000200e7598800, 0x00000200e803e800, 0x00000200ea0d1800, 0x00000200e8273000,
0x00000200e9de6000, 0x00000200e9396800, 0x00000200eab3f800, 0x00000200e86fe800,
0x00000200e952d000, 0x00000200e90c2800, 0x00000200e9a62000, 0x00000200eb1cd800,
0x00000200eb1c8000, 0x00000200eb1ce800, 0x00000200eb1c8800, 0x00000200eb1cc800,
0x00000200eb1c9800, 0x00000200eb1cc000, 0x00000200eb1ca000, 0x00000200eb1cb000,
0x00000200ebaeb800, 0x00000200ebae9000, 0x00000200ebae6800, 0x00000200ebae7800,
0x00000200ebae6000, 0x00000200ebaef800, 0x00000200ebaf0800, 0x00000200ebaf1800,
0x00000200ebaf3000, 0x00000200ebaee000, 0x00000200ebaf2000, 0x00000200ebaef000,
0x00000200ebaed800, 0x00000200ebaf4800, 0x00000200e82ae000, 0x00000200e82b0800,
0x00000200e82b1800, 0x00000200e82b2800, 0x00000200e82b0000, 0x00000200e82b3000,
0x00000200e82ad800, 0x00000200e82b7000, 0x00000200e82b6800, 0x00000200e82b8000
}

Java Threads: ( => current thread )
  0x00000200cd99f800 JavaThread "main" [_thread_blocked, id=14528, stack(0x0000007877400000,0x0000007877500000)]
  0x00000200e756d800 JavaThread "Reference Handler" daemon [_thread_blocked, id=13848, stack(0x0000007877b00000,0x0000007877c00000)]
  0x00000200e7579800 JavaThread "Finalizer" daemon [_thread_blocked, id=17800, stack(0x0000007877c00000,0x0000007877d00000)]
  0x00000200e7588800 JavaThread "Signal Dispatcher" daemon [_thread_blocked, id=21940, stack(0x0000007877d00000,0x0000007877e00000)]
  0x00000200e7589800 JavaThread "Attach Listener" daemon [_thread_blocked, id=21108, stack(0x0000007877e00000,0x0000007877f00000)]
  0x00000200e758c000 JavaThread "Service Thread" daemon [_thread_blocked, id=20524, stack(0x0000007877f00000,0x0000007878000000)]
  0x00000200e758d800 JavaThread "C2 CompilerThread0" daemon [_thread_in_native, id=21328, stack(0x0000007878000000,0x0000007878100000)]
  0x00000200e7594800 JavaThread "C1 CompilerThread0" daemon [_thread_blocked, id=20540, stack(0x0000007878100000,0x0000007878200000)]
  0x00000200e7598800 JavaThread "Sweeper thread" daemon [_thread_blocked, id=9804, stack(0x0000007878200000,0x0000007878300000)]
  0x00000200e803e800 JavaThread "Common-Cleaner" daemon [_thread_blocked, id=20612, stack(0x0000007878300000,0x0000007878400000)]
  0x00000200ea0d1800 JavaThread "Daemon health stats" [_thread_blocked, id=21148, stack(0x0000007878700000,0x0000007878800000)]
  0x00000200e8273000 JavaThread "Incoming local TCP Connector on port 64454" [_thread_in_native, id=21780, stack(0x0000007878500000,0x0000007878600000)]
  0x00000200e9de6000 JavaThread "Daemon periodic checks" [_thread_blocked, id=9120, stack(0x0000007878800000,0x0000007878900000)]
  0x00000200e9396800 JavaThread "Daemon" [_thread_blocked, id=20816, stack(0x0000007878900000,0x0000007878a00000)]
  0x00000200eab3f800 JavaThread "Handler for socket connection from /127.0.0.1:64454 to /127.0.0.1:64455" [_thread_in_native, id=10880, stack(0x0000007878a00000,0x0000007878b00000)]
  0x00000200e86fe800 JavaThread "Cancel handler" [_thread_blocked, id=12772, stack(0x0000007878b00000,0x0000007878c00000)]
  0x00000200e952d000 JavaThread "Daemon worker" [_thread_blocked, id=22116, stack(0x0000007878c00000,0x0000007878d00000)]
  0x00000200e90c2800 JavaThread "Asynchronous log dispatcher for DefaultDaemonConnection: socket connection from /127.0.0.1:64454 to /127.0.0.1:64455" [_thread_blocked, id=25056, stack(0x0000007878e00000,0x0000007878f00000)]
  0x00000200e9a62000 JavaThread "Stdin handler" [_thread_blocked, id=17188, stack(0x0000007878f00000,0x0000007879000000)]
  0x00000200eb1cd800 JavaThread "Daemon client event forwarder" [_thread_blocked, id=21912, stack(0x0000007879000000,0x0000007879100000)]
  0x00000200eb1c8000 JavaThread "Cache worker for file hash cache (C:\Users\UGTECH\.gradle\caches\7.0.2\fileHashes)" [_thread_blocked, id=18712, stack(0x0000007879100000,0x0000007879200000)]
  0x00000200eb1ce800 JavaThread "File lock request listener" [_thread_in_native, id=11704, stack(0x0000007879200000,0x0000007879300000)]
  0x00000200eb1c8800 JavaThread "Cache worker for journal cache (C:\Users\UGTECH\.gradle\caches\journal-1)" [_thread_blocked, id=11476, stack(0x0000007879500000,0x0000007879600000)]
  0x00000200eb1cc800 JavaThread "Cache worker for file hash cache (C:\Users\UGTECH\Desktop\Agile Health\DoctorsApp\HealthApp\.gradle\7.0.2\fileHashes)" [_thread_blocked, id=6640, stack(0x0000007879600000,0x0000007879700000)]
  0x00000200eb1c9800 JavaThread "File watcher server" daemon [_thread_in_native, id=20204, stack(0x0000007879700000,0x0000007879800000)]
  0x00000200eb1cc000 JavaThread "File watcher consumer" daemon [_thread_blocked, id=22488, stack(0x0000007879800000,0x0000007879900000)]
  0x00000200eb1ca000 JavaThread "Cache worker for checksums cache (C:\Users\UGTECH\Desktop\Agile Health\DoctorsApp\HealthApp\.gradle\checksums)" [_thread_blocked, id=22504, stack(0x0000007879900000,0x0000007879a00000)]
  0x00000200eb1cb000 JavaThread "Cache worker for cache directory md-supplier (C:\Users\UGTECH\.gradle\caches\7.0.2\md-supplier)" [_thread_blocked, id=22408, stack(0x0000007879a00000,0x0000007879b00000)]
  0x00000200ebaeb800 JavaThread "Cache worker for cache directory md-rule (C:\Users\UGTECH\.gradle\caches\7.0.2\md-rule)" [_thread_blocked, id=21796, stack(0x0000007879b00000,0x0000007879c00000)]
  0x00000200ebae9000 JavaThread "Cache worker for execution history cache (C:\Users\UGTECH\.gradle\caches\7.0.2\executionHistory)" [_thread_blocked, id=8744, stack(0x0000007879c00000,0x0000007879d00000)]
  0x00000200ebae6800 JavaThread "jar transforms" [_thread_blocked, id=21564, stack(0x0000007879d00000,0x0000007879e00000)]
  0x00000200ebae7800 JavaThread "jar transforms Thread 2" [_thread_blocked, id=6680, stack(0x0000007879e00000,0x0000007879f00000)]
  0x00000200ebae6000 JavaThread "Cache worker for file content cache (C:\Users\UGTECH\.gradle\caches\7.0.2\fileContent)" [_thread_blocked, id=21640, stack(0x0000007879f00000,0x000000787a000000)]
  0x00000200ebaef800 JavaThread "Cache worker for dependencies-accessors (C:\Users\UGTECH\Desktop\Agile Health\DoctorsApp\HealthApp\.gradle\7.0.2\dependencies-accessors)" [_thread_blocked, id=6832, stack(0x000000787a000000,0x000000787a100000)]
  0x00000200ebaf0800 JavaThread "jar transforms Thread 3" [_thread_blocked, id=556, stack(0x000000787a100000,0x000000787a200000)]
  0x00000200ebaf1800 JavaThread "Cache worker for Build Output Cleanup Cache (C:\Users\UGTECH\Desktop\Agile Health\DoctorsApp\HealthApp\.gradle\buildOutputCleanup)" [_thread_blocked, id=1128, stack(0x000000787a200000,0x000000787a300000)]
  0x00000200ebaf3000 JavaThread "Build operations" [_thread_blocked, id=11416, stack(0x000000787a300000,0x000000787a400000)]
  0x00000200ebaee000 JavaThread "Build operations Thread 2" [_thread_in_Java, id=12540, stack(0x000000787a400000,0x000000787a500000)]
  0x00000200ebaf2000 JavaThread "Build operations Thread 3" [_thread_in_vm, id=3492, stack(0x000000787a500000,0x000000787a600000)]
  0x00000200ebaef000 JavaThread "Build operations Thread 4" [_thread_in_Java, id=10008, stack(0x000000787a600000,0x000000787a700000)]
  0x00000200ebaed800 JavaThread "jar transforms Thread 4" [_thread_blocked, id=3852, stack(0x000000787a700000,0x000000787a800000)]
  0x00000200ebaf4800 JavaThread "Memory manager" [_thread_blocked, id=21424, stack(0x000000787a800000,0x000000787a900000)]
=>0x00000200e82ae000 JavaThread "C2 CompilerThread1" daemon [_thread_in_native, id=15272, stack(0x0000007878d00000,0x0000007878e00000)]
  0x00000200e82b0800 JavaThread "build event listener" [_thread_blocked, id=21576, stack(0x000000787a900000,0x000000787aa00000)]
  0x00000200e82b1800 JavaThread "Execution worker for ':'" [_thread_blocked, id=5504, stack(0x000000787aa00000,0x000000787ab00000)]
  0x00000200e82b2800 JavaThread "Execution worker for ':' Thread 2" [_thread_blocked, id=21608, stack(0x000000787ab00000,0x000000787ac00000)]
  0x00000200e82b0000 JavaThread "Execution worker for ':' Thread 3" [_thread_in_Java, id=22320, stack(0x000000787ac00000,0x000000787ad00000)]
  0x00000200e82b3000 JavaThread "Cache worker for execution history cache (C:\Users\UGTECH\Desktop\Agile Health\DoctorsApp\HealthApp\.gradle\7.0.2\executionHistory)" [_thread_blocked, id=22420, stack(0x000000787ad00000,0x000000787ae00000)]
  0x00000200e82ad800 JavaThread "WorkerExecutor Queue" [_thread_blocked, id=21240, stack(0x000000787ae00000,0x000000787af00000)]
  0x00000200e82b7000 JavaThread "pool-3-thread-1" [_thread_blocked, id=8020, stack(0x000000787af00000,0x000000787b000000)]
  0x00000200e82b6800 JavaThread "stderr" [_thread_in_native, id=22100, stack(0x000000787b000000,0x000000787b100000)]
  0x00000200e82b8000 JavaThread "stdout" [_thread_in_native, id=19960, stack(0x000000787b100000,0x000000787b200000)]

Other Threads:
  0x00000200e7565800 VMThread "VM Thread" [stack: 0x0000007877a00000,0x0000007877b00000] [id=21144]
  0x00000200e803f800 WatcherThread [stack: 0x0000007878400000,0x0000007878500000] [id=21788]
  0x00000200cd9b8000 GCTaskThread "GC Thread#0" [stack: 0x0000007877500000,0x0000007877600000] [id=19668]
  0x00000200e8a66000 GCTaskThread "GC Thread#1" [stack: 0x0000007878600000,0x0000007878700000] [id=21872]
  0x00000200e92d1800 GCTaskThread "GC Thread#2" [stack: 0x0000007879300000,0x0000007879400000] [id=20004]
  0x00000200e9034800 GCTaskThread "GC Thread#3" [stack: 0x0000007879400000,0x0000007879500000] [id=900]
  0x00000200cd9ea800 ConcurrentGCThread "G1 Main Marker" [stack: 0x0000007877600000,0x0000007877700000] [id=15516]
  0x00000200cd9eb800 ConcurrentGCThread "G1 Conc#0" [stack: 0x0000007877700000,0x0000007877800000] [id=21004]
  0x00000200cda77000 ConcurrentGCThread "G1 Refine#0" [stack: 0x0000007877800000,0x0000007877900000] [id=7924]
  0x00000200cda78000 ConcurrentGCThread "G1 Young RemSet Sampling" [stack: 0x0000007877900000,0x0000007877a00000] [id=8448]

Threads with active compile tasks:
C2 CompilerThread0  59791 16294       4       com.android.tools.r8.ir.regalloc.a::a (946 bytes)
C2 CompilerThread1  59792 16286       4       com.android.tools.r8.ir.regalloc.a::a (3985 bytes)

VM state:not at safepoint (normal execution)

VM Mutex/Monitor currently owned by a thread: None

Heap address: 0x0000000080000000, size: 2048 MB, Compressed Oops mode: 32-bit
Narrow klass base: 0x0000000000000000, Narrow klass shift: 3
Compressed class space size: 1073741824 Address: 0x0000000100000000

Heap:
 garbage-first heap   total 380928K, used 209678K [0x0000000080000000, 0x0000000100000000)
  region size 1024K, 48 young (49152K), 14 survivors (14336K)
 Metaspace       used 103384K, capacity 106110K, committed 106300K, reserved 1140736K
  class space    used 13281K, capacity 14308K, committed 14336K, reserved 1048576K
Heap Regions: E=young(eden), S=young(survivor), O=old, HS=humongous(starts), HC=humongous(continues), CS=collection set, F=free, A=archive, TAMS=top-at-mark-start (previous, next)
|   0|0x0000000080000000, 0x0000000080100000, 0x0000000080100000|100%| O|  |TAMS 0x0000000080100000, 0x0000000080000000| Untracked 
|   1|0x0000000080100000, 0x0000000080200000, 0x0000000080200000|100%| O|  |TAMS 0x0000000080200000, 0x0000000080100000| Untracked 
|   2|0x0000000080200000, 0x0000000080300000, 0x0000000080300000|100%| O|  |TAMS 0x0000000080300000, 0x0000000080200000| Untracked 
|   3|0x0000000080300000, 0x0000000080400000, 0x0000000080400000|100%|HS|  |TAMS 0x0000000080400000, 0x0000000080300000| Complete 
|   4|0x0000000080400000, 0x0000000080500000, 0x0000000080500000|100%|HC|  |TAMS 0x0000000080500000, 0x0000000080400000| Complete 
|   5|0x0000000080500000, 0x0000000080600000, 0x0000000080600000|100%|HC|  |TAMS 0x0000000080600000, 0x0000000080500000| Complete 
|   6|0x0000000080600000, 0x0000000080700000, 0x0000000080700000|100%| O|  |TAMS 0x0000000080700000, 0x0000000080600000| Untracked 
|   7|0x0000000080700000, 0x0000000080800000, 0x0000000080800000|100%| O|  |TAMS 0x0000000080800000, 0x0000000080700000| Untracked 
|   8|0x0000000080800000, 0x0000000080900000, 0x0000000080900000|100%| O|  |TAMS 0x0000000080900000, 0x0000000080800000| Untracked 
|   9|0x0000000080900000, 0x0000000080a00000, 0x0000000080a00000|100%| O|  |TAMS 0x0000000080a00000, 0x0000000080900000| Untracked 
|  10|0x0000000080a00000, 0x0000000080b00000, 0x0000000080b00000|100%| O|  |TAMS 0x0000000080b00000, 0x0000000080a00000| Untracked 
|  11|0x0000000080b00000, 0x0000000080c00000, 0x0000000080c00000|100%| O|  |TAMS 0x0000000080c00000, 0x0000000080b00000| Untracked 
|  12|0x0000000080c00000, 0x0000000080d00000, 0x0000000080d00000|100%| O|  |TAMS 0x0000000080d00000, 0x0000000080c00000| Untracked 
|  13|0x0000000080d00000, 0x0000000080e00000, 0x0000000080e00000|100%| O|  |TAMS 0x0000000080e00000, 0x0000000080d00000| Untracked 
|  14|0x0000000080e00000, 0x0000000080f00000, 0x0000000080f00000|100%| O|  |TAMS 0x0000000080f00000, 0x0000000080e00000| Untracked 
|  15|0x0000000080f00000, 0x0000000081000000, 0x0000000081000000|100%| O|  |TAMS 0x0000000081000000, 0x0000000080f00000| Untracked 
|  16|0x0000000081000000, 0x0000000081100000, 0x0000000081100000|100%| O|  |TAMS 0x0000000081100000, 0x0000000081000000| Untracked 
|  17|0x0000000081100000, 0x0000000081200000, 0x0000000081200000|100%| O|  |TAMS 0x0000000081200000, 0x0000000081100000| Untracked 
|  18|0x0000000081200000, 0x0000000081300000, 0x0000000081300000|100%| O|  |TAMS 0x0000000081300000, 0x0000000081200000| Untracked 
|  19|0x0000000081300000, 0x0000000081400000, 0x0000000081400000|100%|HS|  |TAMS 0x0000000081400000, 0x0000000081300000| Complete 
|  20|0x0000000081400000, 0x0000000081500000, 0x0000000081500000|100%| O|  |TAMS 0x0000000081500000, 0x0000000081400000| Untracked 
|  21|0x0000000081500000, 0x0000000081600000, 0x0000000081600000|100%| O|  |TAMS 0x0000000081600000, 0x0000000081500000| Untracked 
|  22|0x0000000081600000, 0x0000000081700000, 0x0000000081700000|100%|HS|  |TAMS 0x0000000081700000, 0x0000000081600000| Complete 
|  23|0x0000000081700000, 0x0000000081800000, 0x0000000081800000|100%|HS|  |TAMS 0x0000000081800000, 0x0000000081700000| Complete 
|  24|0x0000000081800000, 0x0000000081900000, 0x0000000081900000|100%|HS|  |TAMS 0x0000000081900000, 0x0000000081800000| Complete 
|  25|0x0000000081900000, 0x0000000081a00000, 0x0000000081a00000|100%|HC|  |TAMS 0x0000000081a00000, 0x0000000081900000| Complete 
|  26|0x0000000081a00000, 0x0000000081b00000, 0x0000000081b00000|100%|HC|  |TAMS 0x0000000081b00000, 0x0000000081a00000| Complete 
|  27|0x0000000081b00000, 0x0000000081c00000, 0x0000000081c00000|100%|HS|  |TAMS 0x0000000081c00000, 0x0000000081b00000| Complete 
|  28|0x0000000081c00000, 0x0000000081d00000, 0x0000000081d00000|100%|HC|  |TAMS 0x0000000081d00000, 0x0000000081c00000| Complete 
|  29|0x0000000081d00000, 0x0000000081e00000, 0x0000000081e00000|100%| O|  |TAMS 0x0000000081e00000, 0x0000000081d00000| Untracked 
|  30|0x0000000081e00000, 0x0000000081f00000, 0x0000000081f00000|100%| O|  |TAMS 0x0000000081f00000, 0x0000000081e00000| Untracked 
|  31|0x0000000081f00000, 0x0000000082000000, 0x0000000082000000|100%| O|  |TAMS 0x0000000082000000, 0x0000000081f00000| Untracked 
|  32|0x0000000082000000, 0x0000000082100000, 0x0000000082100000|100%| O|  |TAMS 0x0000000082100000, 0x0000000082000000| Untracked 
|  33|0x0000000082100000, 0x0000000082200000, 0x0000000082200000|100%| O|  |TAMS 0x0000000082200000, 0x0000000082100000| Untracked 
|  34|0x0000000082200000, 0x0000000082300000, 0x0000000082300000|100%| O|  |TAMS 0x0000000082300000, 0x0000000082200000| Untracked 
|  35|0x0000000082300000, 0x0000000082400000, 0x0000000082400000|100%| O|  |TAMS 0x0000000082400000, 0x0000000082300000| Untracked 
|  36|0x0000000082400000, 0x0000000082500000, 0x0000000082500000|100%| O|  |TAMS 0x0000000082500000, 0x0000000082400000| Untracked 
|  37|0x0000000082500000, 0x0000000082600000, 0x0000000082600000|100%| O|  |TAMS 0x0000000082600000, 0x0000000082500000| Untracked 
|  38|0x0000000082600000, 0x0000000082700000, 0x0000000082700000|100%| O|  |TAMS 0x0000000082700000, 0x0000000082600000| Untracked 
|  39|0x0000000082700000, 0x0000000082800000, 0x0000000082800000|100%| O|  |TAMS 0x0000000082800000, 0x0000000082700000| Untracked 
|  40|0x0000000082800000, 0x0000000082900000, 0x0000000082900000|100%| O|  |TAMS 0x0000000082900000, 0x0000000082800000| Untracked 
|  41|0x0000000082900000, 0x0000000082a00000, 0x0000000082a00000|100%| O|  |TAMS 0x0000000082a00000, 0x0000000082900000| Untracked 
|  42|0x0000000082a00000, 0x0000000082b00000, 0x0000000082b00000|100%| O|  |TAMS 0x0000000082b00000, 0x0000000082a00000| Untracked 
|  43|0x0000000082b00000, 0x0000000082c00000, 0x0000000082c00000|100%| O|  |TAMS 0x0000000082c00000, 0x0000000082b00000| Untracked 
|  44|0x0000000082c00000, 0x0000000082d00000, 0x0000000082d00000|100%| O|  |TAMS 0x0000000082d00000, 0x0000000082c00000| Untracked 
|  45|0x0000000082d00000, 0x0000000082e00000, 0x0000000082e00000|100%| O|  |TAMS 0x0000000082e00000, 0x0000000082d00000| Untracked 
|  46|0x0000000082e00000, 0x0000000082f00000, 0x0000000082f00000|100%| O|  |TAMS 0x0000000082f00000, 0x0000000082e00000| Untracked 
|  47|0x0000000082f00000, 0x0000000083000000, 0x0000000083000000|100%| O|  |TAMS 0x0000000083000000, 0x0000000082f00000| Untracked 
|  48|0x0000000083000000, 0x0000000083100000, 0x0000000083100000|100%| O|  |TAMS 0x0000000083100000, 0x0000000083000000| Untracked 
|  49|0x0000000083100000, 0x0000000083200000, 0x0000000083200000|100%| O|  |TAMS 0x0000000083200000, 0x0000000083100000| Untracked 
|  50|0x0000000083200000, 0x0000000083300000, 0x0000000083300000|100%| O|  |TAMS 0x0000000083300000, 0x0000000083200000| Untracked 
|  51|0x0000000083300000, 0x0000000083400000, 0x0000000083400000|100%| O|  |TAMS 0x0000000083400000, 0x0000000083300000| Untracked 
|  52|0x0000000083400000, 0x0000000083500000, 0x0000000083500000|100%| O|  |TAMS 0x0000000083500000, 0x0000000083400000| Untracked 
|  53|0x0000000083500000, 0x0000000083600000, 0x0000000083600000|100%| O|  |TAMS 0x0000000083600000, 0x0000000083500000| Untracked 
|  54|0x0000000083600000, 0x0000000083700000, 0x0000000083700000|100%| O|  |TAMS 0x0000000083700000, 0x0000000083600000| Untracked 
|  55|0x0000000083700000, 0x0000000083800000, 0x0000000083800000|100%| O|  |TAMS 0x0000000083800000, 0x0000000083700000| Untracked 
|  56|0x0000000083800000, 0x0000000083900000, 0x0000000083900000|100%| O|  |TAMS 0x0000000083900000, 0x0000000083800000| Untracked 
|  57|0x0000000083900000, 0x0000000083a00000, 0x0000000083a00000|100%| O|  |TAMS 0x0000000083a00000, 0x0000000083900000| Untracked 
|  58|0x0000000083a00000, 0x0000000083b00000, 0x0000000083b00000|100%| O|  |TAMS 0x0000000083b00000, 0x0000000083a00000| Untracked 
|  59|0x0000000083b00000, 0x0000000083c00000, 0x0000000083c00000|100%| O|  |TAMS 0x0000000083c00000, 0x0000000083b00000| Untracked 
|  60|0x0000000083c00000, 0x0000000083d00000, 0x0000000083d00000|100%| O|  |TAMS 0x0000000083d00000, 0x0000000083c00000| Untracked 
|  61|0x0000000083d00000, 0x0000000083e00000, 0x0000000083e00000|100%| O|  |TAMS 0x0000000083e00000, 0x0000000083d00000| Untracked 
|  62|0x0000000083e00000, 0x0000000083f00000, 0x0000000083f00000|100%| O|  |TAMS 0x0000000083f00000, 0x0000000083e00000| Untracked 
|  63|0x0000000083f00000, 0x0000000084000000, 0x0000000084000000|100%| O|  |TAMS 0x0000000084000000, 0x0000000083f00000| Untracked 
|  64|0x0000000084000000, 0x0000000084100000, 0x0000000084100000|100%| O|  |TAMS 0x0000000084100000, 0x0000000084000000| Untracked 
|  65|0x0000000084100000, 0x0000000084200000, 0x0000000084200000|100%| O|  |TAMS 0x0000000084200000, 0x0000000084100000| Untracked 
|  66|0x0000000084200000, 0x0000000084300000, 0x0000000084300000|100%| O|  |TAMS 0x0000000084300000, 0x0000000084200000| Untracked 
|  67|0x0000000084300000, 0x0000000084400000, 0x0000000084400000|100%| O|  |TAMS 0x0000000084400000, 0x0000000084300000| Untracked 
|  68|0x0000000084400000, 0x0000000084500000, 0x0000000084500000|100%| O|  |TAMS 0x0000000084500000, 0x0000000084400000| Untracked 
|  69|0x0000000084500000, 0x0000000084600000, 0x0000000084600000|100%| O|  |TAMS 0x0000000084600000, 0x0000000084500000| Untracked 
|  70|0x0000000084600000, 0x0000000084700000, 0x0000000084700000|100%| O|  |TAMS 0x0000000084700000, 0x0000000084600000| Untracked 
|  71|0x0000000084700000, 0x0000000084800000, 0x0000000084800000|100%| O|  |TAMS 0x0000000084800000, 0x0000000084700000| Untracked 
|  72|0x0000000084800000, 0x0000000084900000, 0x0000000084900000|100%| O|  |TAMS 0x0000000084900000, 0x0000000084800000| Untracked 
|  73|0x0000000084900000, 0x0000000084a00000, 0x0000000084a00000|100%| O|  |TAMS 0x0000000084a00000, 0x0000000084900000| Untracked 
|  74|0x0000000084a00000, 0x0000000084b00000, 0x0000000084b00000|100%| O|  |TAMS 0x0000000084b00000, 0x0000000084a00000| Untracked 
|  75|0x0000000084b00000, 0x0000000084c00000, 0x0000000084c00000|100%|HS|  |TAMS 0x0000000084c00000, 0x0000000084b00000| Complete 
|  76|0x0000000084c00000, 0x0000000084d00000, 0x0000000084d00000|100%| O|  |TAMS 0x0000000084d00000, 0x0000000084c00000| Untracked 
|  77|0x0000000084d00000, 0x0000000084e00000, 0x0000000084e00000|100%| O|  |TAMS 0x0000000084e00000, 0x0000000084d00000| Untracked 
|  78|0x0000000084e00000, 0x0000000084f00000, 0x0000000084f00000|100%| O|  |TAMS 0x0000000084f00000, 0x0000000084e00000| Untracked 
|  79|0x0000000084f00000, 0x0000000085000000, 0x0000000085000000|100%| O|  |TAMS 0x0000000085000000, 0x0000000084f00000| Untracked 
|  80|0x0000000085000000, 0x0000000085100000, 0x0000000085100000|100%| O|  |TAMS 0x0000000085100000, 0x0000000085000000| Untracked 
|  81|0x0000000085100000, 0x0000000085200000, 0x0000000085200000|100%| O|  |TAMS 0x0000000085200000, 0x0000000085100000| Untracked 
|  82|0x0000000085200000, 0x0000000085300000, 0x0000000085300000|100%| O|  |TAMS 0x0000000085300000, 0x0000000085200000| Untracked 
|  83|0x0000000085300000, 0x0000000085400000, 0x0000000085400000|100%| O|  |TAMS 0x0000000085400000, 0x0000000085300000| Untracked 
|  84|0x0000000085400000, 0x0000000085500000, 0x0000000085500000|100%| O|  |TAMS 0x0000000085500000, 0x0000000085400000| Untracked 
|  85|0x0000000085500000, 0x0000000085600000, 0x0000000085600000|100%| O|  |TAMS 0x0000000085600000, 0x0000000085500000| Untracked 
|  86|0x0000000085600000, 0x0000000085700000, 0x0000000085700000|100%| O|  |TAMS 0x0000000085700000, 0x0000000085600000| Untracked 
|  87|0x0000000085700000, 0x0000000085800000, 0x0000000085800000|100%| O|  |TAMS 0x0000000085800000, 0x0000000085700000| Untracked 
|  88|0x0000000085800000, 0x0000000085900000, 0x0000000085900000|100%| O|  |TAMS 0x0000000085900000, 0x0000000085800000| Untracked 
|  89|0x0000000085900000, 0x0000000085a00000, 0x0000000085a00000|100%| O|  |TAMS 0x0000000085a00000, 0x0000000085900000| Untracked 
|  90|0x0000000085a00000, 0x0000000085b00000, 0x0000000085b00000|100%| O|  |TAMS 0x0000000085b00000, 0x0000000085a00000| Untracked 
|  91|0x0000000085b00000, 0x0000000085c00000, 0x0000000085c00000|100%| O|  |TAMS 0x0000000085c00000, 0x0000000085b00000| Untracked 
|  92|0x0000000085c00000, 0x0000000085d00000, 0x0000000085d00000|100%| O|  |TAMS 0x0000000085d00000, 0x0000000085c00000| Untracked 
|  93|0x0000000085d00000, 0x0000000085e00000, 0x0000000085e00000|100%| O|  |TAMS 0x0000000085e00000, 0x0000000085d00000| Untracked 
|  94|0x0000000085e00000, 0x0000000085f00000, 0x0000000085f00000|100%| O|  |TAMS 0x0000000085f00000, 0x0000000085e00000| Untracked 
|  95|0x0000000085f00000, 0x0000000086000000, 0x0000000086000000|100%| O|  |TAMS 0x0000000086000000, 0x0000000085f00000| Untracked 
|  96|0x0000000086000000, 0x0000000086100000, 0x0000000086100000|100%| O|  |TAMS 0x0000000086100000, 0x0000000086000000| Untracked 
|  97|0x0000000086100000, 0x0000000086200000, 0x0000000086200000|100%| O|  |TAMS 0x0000000086200000, 0x0000000086100000| Untracked 
|  98|0x0000000086200000, 0x0000000086300000, 0x0000000086300000|100%| O|  |TAMS 0x0000000086300000, 0x0000000086200000| Untracked 
|  99|0x0000000086300000, 0x0000000086400000, 0x0000000086400000|100%| O|  |TAMS 0x0000000086400000, 0x0000000086300000| Untracked 
| 100|0x0000000086400000, 0x0000000086500000, 0x0000000086500000|100%| O|  |TAMS 0x0000000086500000, 0x0000000086400000| Untracked 
| 101|0x0000000086500000, 0x0000000086600000, 0x0000000086600000|100%| O|  |TAMS 0x0000000086600000, 0x0000000086500000| Untracked 
| 102|0x0000000086600000, 0x0000000086700000, 0x0000000086700000|100%| O|  |TAMS 0x0000000086700000, 0x0000000086600000| Untracked 
| 103|0x0000000086700000, 0x0000000086800000, 0x0000000086800000|100%| O|  |TAMS 0x0000000086800000, 0x0000000086700000| Untracked 
| 104|0x0000000086800000, 0x0000000086900000, 0x0000000086900000|100%| O|  |TAMS 0x0000000086900000, 0x0000000086800000| Untracked 
| 105|0x0000000086900000, 0x0000000086a00000, 0x0000000086a00000|100%| O|  |TAMS 0x0000000086a00000, 0x0000000086900000| Untracked 
| 106|0x0000000086a00000, 0x0000000086b00000, 0x0000000086b00000|100%| O|  |TAMS 0x0000000086b00000, 0x0000000086a00000| Untracked 
| 107|0x0000000086b00000, 0x0000000086c00000, 0x0000000086c00000|100%| O|  |TAMS 0x0000000086c00000, 0x0000000086b00000| Untracked 
| 108|0x0000000086c00000, 0x0000000086d00000, 0x0000000086d00000|100%| O|  |TAMS 0x0000000086c00000, 0x0000000086c00000| Untracked 
| 109|0x0000000086d00000, 0x0000000086e00000, 0x0000000086e00000|100%| O|  |TAMS 0x0000000086e00000, 0x0000000086d00000| Untracked 
| 110|0x0000000086e00000, 0x0000000086f00000, 0x0000000086f00000|100%| O|  |TAMS 0x0000000086e00000, 0x0000000086e00000| Untracked 
| 111|0x0000000086f00000, 0x0000000087000000, 0x0000000087000000|100%| O|  |TAMS 0x0000000087000000, 0x0000000086f00000| Untracked 
| 112|0x0000000087000000, 0x0000000087100000, 0x0000000087100000|100%| O|  |TAMS 0x0000000087100000, 0x0000000087000000| Untracked 
| 113|0x0000000087100000, 0x0000000087200000, 0x0000000087200000|100%| O|  |TAMS 0x0000000087200000, 0x0000000087100000| Untracked 
| 114|0x0000000087200000, 0x0000000087300000, 0x0000000087300000|100%| O|  |TAMS 0x0000000087300000, 0x0000000087200000| Untracked 
| 115|0x0000000087300000, 0x0000000087400000, 0x0000000087400000|100%| O|  |TAMS 0x0000000087400000, 0x0000000087300000| Untracked 
| 116|0x0000000087400000, 0x0000000087500000, 0x0000000087500000|100%| O|  |TAMS 0x0000000087500000, 0x0000000087400000| Untracked 
| 117|0x0000000087500000, 0x0000000087600000, 0x0000000087600000|100%| O|  |TAMS 0x0000000087600000, 0x0000000087500000| Untracked 
| 118|0x0000000087600000, 0x0000000087700000, 0x0000000087700000|100%| O|  |TAMS 0x0000000087700000, 0x0000000087600000| Untracked 
| 119|0x0000000087700000, 0x0000000087800000, 0x0000000087800000|100%| O|  |TAMS 0x0000000087800000, 0x0000000087700000| Untracked 
| 120|0x0000000087800000, 0x0000000087900000, 0x0000000087900000|100%| O|  |TAMS 0x0000000087800000, 0x0000000087800000| Untracked 
| 121|0x0000000087900000, 0x0000000087a00000, 0x0000000087a00000|100%| O|  |TAMS 0x0000000087a00000, 0x0000000087900000| Untracked 
| 122|0x0000000087a00000, 0x0000000087b00000, 0x0000000087b00000|100%| O|  |TAMS 0x0000000087b00000, 0x0000000087a00000| Untracked 
| 123|0x0000000087b00000, 0x0000000087c00000, 0x0000000087c00000|100%| O|  |TAMS 0x0000000087c00000, 0x0000000087b00000| Untracked 
| 124|0x0000000087c00000, 0x0000000087d00000, 0x0000000087d00000|100%| O|  |TAMS 0x0000000087d00000, 0x0000000087c00000| Untracked 
| 125|0x0000000087d00000, 0x0000000087e00000, 0x0000000087e00000|100%| O|  |TAMS 0x0000000087e00000, 0x0000000087d00000| Untracked 
| 126|0x0000000087e00000, 0x0000000087f00000, 0x0000000087f00000|100%| O|  |TAMS 0x0000000087f00000, 0x0000000087e00000| Untracked 
| 127|0x0000000087f00000, 0x0000000088000000, 0x0000000088000000|100%| O|  |TAMS 0x0000000088000000, 0x0000000087f00000| Untracked 
| 128|0x0000000088000000, 0x0000000088100000, 0x0000000088100000|100%| O|  |TAMS 0x0000000088100000, 0x0000000088000000| Untracked 
| 129|0x0000000088100000, 0x0000000088200000, 0x0000000088200000|100%| O|  |TAMS 0x0000000088200000, 0x0000000088100000| Untracked 
| 130|0x0000000088200000, 0x0000000088300000, 0x0000000088300000|100%| O|  |TAMS 0x0000000088300000, 0x0000000088200000| Untracked 
| 131|0x0000000088300000, 0x0000000088400000, 0x0000000088400000|100%| O|  |TAMS 0x0000000088400000, 0x0000000088300000| Untracked 
| 132|0x0000000088400000, 0x0000000088500000, 0x0000000088500000|100%| O|  |TAMS 0x0000000088500000, 0x0000000088400000| Untracked 
| 133|0x0000000088500000, 0x0000000088600000, 0x0000000088600000|100%| O|  |TAMS 0x0000000088600000, 0x0000000088500000| Untracked 
| 134|0x0000000088600000, 0x0000000088700000, 0x0000000088700000|100%| O|  |TAMS 0x0000000088700000, 0x0000000088600000| Untracked 
| 135|0x0000000088700000, 0x0000000088800000, 0x0000000088800000|100%| O|  |TAMS 0x0000000088800000, 0x0000000088700000| Untracked 
| 136|0x0000000088800000, 0x0000000088900000, 0x0000000088900000|100%| O|  |TAMS 0x0000000088900000, 0x0000000088800000| Untracked 
| 137|0x0000000088900000, 0x0000000088a00000, 0x0000000088a00000|100%| O|  |TAMS 0x0000000088a00000, 0x0000000088900000| Untracked 
| 138|0x0000000088a00000, 0x0000000088b00000, 0x0000000088b00000|100%| O|  |TAMS 0x0000000088b00000, 0x0000000088a00000| Untracked 
| 139|0x0000000088b00000, 0x0000000088c00000, 0x0000000088c00000|100%| O|  |TAMS 0x0000000088c00000, 0x0000000088b00000| Untracked 
| 140|0x0000000088c00000, 0x0000000088d00000, 0x0000000088d00000|100%| O|  |TAMS 0x0000000088c00000, 0x0000000088c00000| Untracked 
| 141|0x0000000088d00000, 0x0000000088e00000, 0x0000000088e00000|100%| O|  |TAMS 0x0000000088e00000, 0x0000000088d00000| Untracked 
| 142|0x0000000088e00000, 0x0000000088f00000, 0x0000000088f00000|100%| O|  |TAMS 0x0000000088f00000, 0x0000000088e00000| Untracked 
| 143|0x0000000088f00000, 0x0000000089000000, 0x0000000089000000|100%| O|  |TAMS 0x0000000089000000, 0x0000000088f00000| Untracked 
| 144|0x0000000089000000, 0x0000000089100000, 0x0000000089100000|100%| O|  |TAMS 0x0000000089100000, 0x0000000089000000| Untracked 
| 145|0x0000000089100000, 0x0000000089200000, 0x0000000089200000|100%| O|  |TAMS 0x0000000089200000, 0x0000000089100000| Untracked 
| 146|0x0000000089200000, 0x0000000089300000, 0x0000000089300000|100%| O|  |TAMS 0x0000000089300000, 0x0000000089200000| Untracked 
| 147|0x0000000089300000, 0x0000000089400000, 0x0000000089400000|100%| O|  |TAMS 0x0000000089400000, 0x0000000089300000| Untracked 
| 148|0x0000000089400000, 0x0000000089500000, 0x0000000089500000|100%| O|  |TAMS 0x0000000089500000, 0x0000000089400000| Untracked 
| 149|0x0000000089500000, 0x0000000089600000, 0x0000000089600000|100%| O|  |TAMS 0x00000000895f7c00, 0x0000000089500000| Untracked 
| 150|0x0000000089600000, 0x0000000089700000, 0x0000000089700000|100%| O|  |TAMS 0x0000000089600000, 0x0000000089600000| Untracked 
| 151|0x0000000089700000, 0x0000000089800000, 0x0000000089800000|100%| O|  |TAMS 0x0000000089700000, 0x0000000089700000| Untracked 
| 152|0x0000000089800000, 0x0000000089900000, 0x0000000089900000|100%| O|  |TAMS 0x0000000089800000, 0x0000000089800000| Untracked 
| 153|0x0000000089900000, 0x0000000089a00000, 0x0000000089a00000|100%| O|  |TAMS 0x0000000089900000, 0x0000000089900000| Untracked 
| 154|0x0000000089a00000, 0x0000000089b00000, 0x0000000089b00000|100%| O|  |TAMS 0x0000000089a00000, 0x0000000089a00000| Untracked 
| 155|0x0000000089b00000, 0x0000000089c00000, 0x0000000089c00000|100%| O|  |TAMS 0x0000000089b00000, 0x0000000089b00000| Untracked 
| 156|0x0000000089c00000, 0x0000000089d00000, 0x0000000089d00000|100%| O|  |TAMS 0x0000000089c00000, 0x0000000089c00000| Untracked 
| 157|0x0000000089d00000, 0x0000000089e00000, 0x0000000089e00000|100%| O|  |TAMS 0x0000000089d00000, 0x0000000089d00000| Untracked 
| 158|0x0000000089e00000, 0x0000000089e43a00, 0x0000000089f00000| 26%| O|  |TAMS 0x0000000089e00000, 0x0000000089e00000| Untracked 
| 159|0x0000000089f00000, 0x0000000089f00000, 0x000000008a000000|  0%| F|  |TAMS 0x0000000089f00000, 0x0000000089f00000| Untracked 
| 160|0x000000008a000000, 0x000000008a000000, 0x000000008a100000|  0%| F|  |TAMS 0x000000008a000000, 0x000000008a000000| Untracked 
| 161|0x000000008a100000, 0x000000008a100000, 0x000000008a200000|  0%| F|  |TAMS 0x000000008a100000, 0x000000008a100000| Untracked 
| 162|0x000000008a200000, 0x000000008a200000, 0x000000008a300000|  0%| F|  |TAMS 0x000000008a200000, 0x000000008a200000| Untracked 
| 163|0x000000008a300000, 0x000000008a300000, 0x000000008a400000|  0%| F|  |TAMS 0x000000008a300000, 0x000000008a300000| Untracked 
| 164|0x000000008a400000, 0x000000008a400000, 0x000000008a500000|  0%| F|  |TAMS 0x000000008a400000, 0x000000008a400000| Untracked 
| 165|0x000000008a500000, 0x000000008a500000, 0x000000008a600000|  0%| F|  |TAMS 0x000000008a500000, 0x000000008a500000| Untracked 
| 166|0x000000008a600000, 0x000000008a600000, 0x000000008a700000|  0%| F|  |TAMS 0x000000008a600000, 0x000000008a600000| Untracked 
| 167|0x000000008a700000, 0x000000008a700000, 0x000000008a800000|  0%| F|  |TAMS 0x000000008a700000, 0x000000008a700000| Untracked 
| 168|0x000000008a800000, 0x000000008a800000, 0x000000008a900000|  0%| F|  |TAMS 0x000000008a800000, 0x000000008a800000| Untracked 
| 169|0x000000008a900000, 0x000000008a900000, 0x000000008aa00000|  0%| F|  |TAMS 0x000000008a900000, 0x000000008a900000| Untracked 
| 170|0x000000008aa00000, 0x000000008aa00000, 0x000000008ab00000|  0%| F|  |TAMS 0x000000008aa00000, 0x000000008aa00000| Untracked 
| 171|0x000000008ab00000, 0x000000008ab00000, 0x000000008ac00000|  0%| F|  |TAMS 0x000000008ab00000, 0x000000008ab00000| Untracked 
| 172|0x000000008ac00000, 0x000000008ac00000, 0x000000008ad00000|  0%| F|  |TAMS 0x000000008ac00000, 0x000000008ac00000| Untracked 
| 173|0x000000008ad00000, 0x000000008ad00000, 0x000000008ae00000|  0%| F|  |TAMS 0x000000008ad00000, 0x000000008ad00000| Untracked 
| 174|0x000000008ae00000, 0x000000008ae00000, 0x000000008af00000|  0%| F|  |TAMS 0x000000008ae00000, 0x000000008ae00000| Untracked 
| 175|0x000000008af00000, 0x000000008af00000, 0x000000008b000000|  0%| F|  |TAMS 0x000000008af00000, 0x000000008af00000| Untracked 
| 176|0x000000008b000000, 0x000000008b000000, 0x000000008b100000|  0%| F|  |TAMS 0x000000008b000000, 0x000000008b000000| Untracked 
| 177|0x000000008b100000, 0x000000008b100000, 0x000000008b200000|  0%| F|  |TAMS 0x000000008b100000, 0x000000008b100000| Untracked 
| 178|0x000000008b200000, 0x000000008b200000, 0x000000008b300000|  0%| F|  |TAMS 0x000000008b200000, 0x000000008b200000| Untracked 
| 179|0x000000008b300000, 0x000000008b300000, 0x000000008b400000|  0%| F|  |TAMS 0x000000008b300000, 0x000000008b300000| Untracked 
| 180|0x000000008b400000, 0x000000008b400000, 0x000000008b500000|  0%| F|  |TAMS 0x000000008b400000, 0x000000008b400000| Untracked 
| 181|0x000000008b500000, 0x000000008b500000, 0x000000008b600000|  0%| F|  |TAMS 0x000000008b500000, 0x000000008b500000| Untracked 
| 182|0x000000008b600000, 0x000000008b600000, 0x000000008b700000|  0%| F|  |TAMS 0x000000008b600000, 0x000000008b600000| Untracked 
| 183|0x000000008b700000, 0x000000008b700000, 0x000000008b800000|  0%| F|  |TAMS 0x000000008b700000, 0x000000008b700000| Untracked 
| 184|0x000000008b800000, 0x000000008b800000, 0x000000008b900000|  0%| F|  |TAMS 0x000000008b800000, 0x000000008b800000| Untracked 
| 185|0x000000008b900000, 0x000000008b900000, 0x000000008ba00000|  0%| F|  |TAMS 0x000000008b900000, 0x000000008b900000| Untracked 
| 186|0x000000008ba00000, 0x000000008ba00000, 0x000000008bb00000|  0%| F|  |TAMS 0x000000008ba00000, 0x000000008ba00000| Untracked 
| 187|0x000000008bb00000, 0x000000008bb00000, 0x000000008bc00000|  0%| F|  |TAMS 0x000000008bb00000, 0x000000008bb00000| Untracked 
| 188|0x000000008bc00000, 0x000000008bc00000, 0x000000008bd00000|  0%| F|  |TAMS 0x000000008bc00000, 0x000000008bc00000| Untracked 
| 189|0x000000008bd00000, 0x000000008bd00000, 0x000000008be00000|  0%| F|  |TAMS 0x000000008bd00000, 0x000000008bd00000| Untracked 
| 190|0x000000008be00000, 0x000000008be00000, 0x000000008bf00000|  0%| F|  |TAMS 0x000000008be00000, 0x000000008be00000| Untracked 
| 191|0x000000008bf00000, 0x000000008bf00000, 0x000000008c000000|  0%| F|  |TAMS 0x000000008bf00000, 0x000000008bf00000| Untracked 
| 192|0x000000008c000000, 0x000000008c000000, 0x000000008c100000|  0%| F|  |TAMS 0x000000008c000000, 0x000000008c000000| Untracked 
| 193|0x000000008c100000, 0x000000008c100000, 0x000000008c200000|  0%| F|  |TAMS 0x000000008c100000, 0x000000008c100000| Untracked 
| 194|0x000000008c200000, 0x000000008c200000, 0x000000008c300000|  0%| F|  |TAMS 0x000000008c200000, 0x000000008c200000| Untracked 
| 195|0x000000008c300000, 0x000000008c300000, 0x000000008c400000|  0%| F|  |TAMS 0x000000008c300000, 0x000000008c300000| Untracked 
| 196|0x000000008c400000, 0x000000008c400000, 0x000000008c500000|  0%| F|  |TAMS 0x000000008c400000, 0x000000008c400000| Untracked 
| 197|0x000000008c500000, 0x000000008c500000, 0x000000008c600000|  0%| F|  |TAMS 0x000000008c500000, 0x000000008c500000| Untracked 
| 198|0x000000008c600000, 0x000000008c600000, 0x000000008c700000|  0%| F|  |TAMS 0x000000008c600000, 0x000000008c600000| Untracked 
| 199|0x000000008c700000, 0x000000008c700000, 0x000000008c800000|  0%| F|  |TAMS 0x000000008c700000, 0x000000008c700000| Untracked 
| 200|0x000000008c800000, 0x000000008c800000, 0x000000008c900000|  0%| F|  |TAMS 0x000000008c800000, 0x000000008c800000| Untracked 
| 201|0x000000008c900000, 0x000000008c900000, 0x000000008ca00000|  0%| F|  |TAMS 0x000000008c900000, 0x000000008c900000| Untracked 
| 202|0x000000008ca00000, 0x000000008ca00000, 0x000000008cb00000|  0%| F|  |TAMS 0x000000008ca00000, 0x000000008ca00000| Untracked 
| 203|0x000000008cb00000, 0x000000008cb00000, 0x000000008cc00000|  0%| F|  |TAMS 0x000000008cb00000, 0x000000008cb00000| Untracked 
| 204|0x000000008cc00000, 0x000000008cc00000, 0x000000008cd00000|  0%| F|  |TAMS 0x000000008cc00000, 0x000000008cc00000| Untracked 
| 205|0x000000008cd00000, 0x000000008cd00000, 0x000000008ce00000|  0%| F|  |TAMS 0x000000008cd00000, 0x000000008cd00000| Untracked 
| 206|0x000000008ce00000, 0x000000008ce00000, 0x000000008cf00000|  0%| F|  |TAMS 0x000000008ce00000, 0x000000008ce00000| Untracked 
| 207|0x000000008cf00000, 0x000000008cf80000, 0x000000008d000000| 50%| S|CS|TAMS 0x000000008cf00000, 0x000000008cf00000| Complete 
| 208|0x000000008d000000, 0x000000008d100000, 0x000000008d100000|100%| S|CS|TAMS 0x000000008d000000, 0x000000008d000000| Complete 
| 209|0x000000008d100000, 0x000000008d200000, 0x000000008d200000|100%| S|CS|TAMS 0x000000008d100000, 0x000000008d100000| Complete 
| 210|0x000000008d200000, 0x000000008d200000, 0x000000008d300000|  0%| F|  |TAMS 0x000000008d200000, 0x000000008d200000| Untracked 
| 211|0x000000008d300000, 0x000000008d400000, 0x000000008d400000|100%| S|CS|TAMS 0x000000008d300000, 0x000000008d300000| Complete 
| 212|0x000000008d400000, 0x000000008d500000, 0x000000008d500000|100%| S|CS|TAMS 0x000000008d400000, 0x000000008d400000| Complete 
| 213|0x000000008d500000, 0x000000008d600000, 0x000000008d600000|100%| S|CS|TAMS 0x000000008d500000, 0x000000008d500000| Complete 
| 214|0x000000008d600000, 0x000000008d700000, 0x000000008d700000|100%| S|CS|TAMS 0x000000008d600000, 0x000000008d600000| Complete 
| 215|0x000000008d700000, 0x000000008d800000, 0x000000008d800000|100%| S|CS|TAMS 0x000000008d700000, 0x000000008d700000| Complete 
| 216|0x000000008d800000, 0x000000008d900000, 0x000000008d900000|100%| S|CS|TAMS 0x000000008d800000, 0x000000008d800000| Complete 
| 217|0x000000008d900000, 0x000000008da00000, 0x000000008da00000|100%| S|CS|TAMS 0x000000008d900000, 0x000000008d900000| Complete 
| 218|0x000000008da00000, 0x000000008db00000, 0x000000008db00000|100%| S|CS|TAMS 0x000000008da00000, 0x000000008da00000| Complete 
| 219|0x000000008db00000, 0x000000008dc00000, 0x000000008dc00000|100%| S|CS|TAMS 0x000000008db00000, 0x000000008db00000| Complete 
| 220|0x000000008dc00000, 0x000000008dd00000, 0x000000008dd00000|100%| S|CS|TAMS 0x000000008dc00000, 0x000000008dc00000| Complete 
| 221|0x000000008dd00000, 0x000000008de00000, 0x000000008de00000|100%| S|CS|TAMS 0x000000008dd00000, 0x000000008dd00000| Complete 
| 222|0x000000008de00000, 0x000000008de00000, 0x000000008df00000|  0%| F|  |TAMS 0x000000008de00000, 0x000000008de00000| Untracked 
| 223|0x000000008df00000, 0x000000008df00000, 0x000000008e000000|  0%| F|  |TAMS 0x000000008df00000, 0x000000008df00000| Untracked 
| 224|0x000000008e000000, 0x000000008e000000, 0x000000008e100000|  0%| F|  |TAMS 0x000000008e000000, 0x000000008e000000| Untracked 
| 225|0x000000008e100000, 0x000000008e100000, 0x000000008e200000|  0%| F|  |TAMS 0x000000008e100000, 0x000000008e100000| Untracked 
| 226|0x000000008e200000, 0x000000008e200000, 0x000000008e300000|  0%| F|  |TAMS 0x000000008e200000, 0x000000008e200000| Untracked 
| 227|0x000000008e300000, 0x000000008e300000, 0x000000008e400000|  0%| F|  |TAMS 0x000000008e300000, 0x000000008e300000| Untracked 
| 228|0x000000008e400000, 0x000000008e400000, 0x000000008e500000|  0%| F|  |TAMS 0x000000008e400000, 0x000000008e400000| Untracked 
| 229|0x000000008e500000, 0x000000008e500000, 0x000000008e600000|  0%| F|  |TAMS 0x000000008e500000, 0x000000008e500000| Untracked 
| 230|0x000000008e600000, 0x000000008e600000, 0x000000008e700000|  0%| F|  |TAMS 0x000000008e600000, 0x000000008e600000| Untracked 
| 231|0x000000008e700000, 0x000000008e700000, 0x000000008e800000|  0%| F|  |TAMS 0x000000008e700000, 0x000000008e700000| Untracked 
| 232|0x000000008e800000, 0x000000008e800000, 0x000000008e900000|  0%| F|  |TAMS 0x000000008e800000, 0x000000008e800000| Untracked 
| 233|0x000000008e900000, 0x000000008e900000, 0x000000008ea00000|  0%| F|  |TAMS 0x000000008e900000, 0x000000008e900000| Untracked 
| 234|0x000000008ea00000, 0x000000008ea00000, 0x000000008eb00000|  0%| F|  |TAMS 0x000000008ea00000, 0x000000008ea00000| Untracked 
| 235|0x000000008eb00000, 0x000000008eb00000, 0x000000008ec00000|  0%| F|  |TAMS 0x000000008eb00000, 0x000000008eb00000| Untracked 
| 236|0x000000008ec00000, 0x000000008ec00000, 0x000000008ed00000|  0%| F|  |TAMS 0x000000008ec00000, 0x000000008ec00000| Untracked 
| 237|0x000000008ed00000, 0x000000008ed00000, 0x000000008ee00000|  0%| F|  |TAMS 0x000000008ed00000, 0x000000008ed00000| Untracked 
| 238|0x000000008ee00000, 0x000000008ee00000, 0x000000008ef00000|  0%| F|  |TAMS 0x000000008ee00000, 0x000000008ee00000| Untracked 
| 239|0x000000008ef00000, 0x000000008ef00000, 0x000000008f000000|  0%| F|  |TAMS 0x000000008ef00000, 0x000000008ef00000| Untracked 
| 240|0x000000008f000000, 0x000000008f000000, 0x000000008f100000|  0%| F|  |TAMS 0x000000008f000000, 0x000000008f000000| Untracked 
| 241|0x000000008f100000, 0x000000008f100000, 0x000000008f200000|  0%| F|  |TAMS 0x000000008f100000, 0x000000008f100000| Untracked 
| 242|0x000000008f200000, 0x000000008f200000, 0x000000008f300000|  0%| F|  |TAMS 0x000000008f200000, 0x000000008f200000| Untracked 
| 243|0x000000008f300000, 0x000000008f300000, 0x000000008f400000|  0%| F|  |TAMS 0x000000008f300000, 0x000000008f300000| Untracked 
| 244|0x000000008f400000, 0x000000008f400000, 0x000000008f500000|  0%| F|  |TAMS 0x000000008f400000, 0x000000008f400000| Untracked 
| 245|0x000000008f500000, 0x000000008f500000, 0x000000008f600000|  0%| F|  |TAMS 0x000000008f500000, 0x000000008f500000| Untracked 
| 246|0x000000008f600000, 0x000000008f600000, 0x000000008f700000|  0%| F|  |TAMS 0x000000008f600000, 0x000000008f600000| Untracked 
| 247|0x000000008f700000, 0x000000008f700000, 0x000000008f800000|  0%| F|  |TAMS 0x000000008f700000, 0x000000008f700000| Untracked 
| 248|0x000000008f800000, 0x000000008f800000, 0x000000008f900000|  0%| F|  |TAMS 0x000000008f800000, 0x000000008f800000| Untracked 
| 249|0x000000008f900000, 0x000000008f900000, 0x000000008fa00000|  0%| F|  |TAMS 0x000000008f900000, 0x000000008f900000| Untracked 
| 250|0x000000008fa00000, 0x000000008fa00000, 0x000000008fb00000|  0%| F|  |TAMS 0x000000008fa00000, 0x000000008fa00000| Untracked 
| 251|0x000000008fb00000, 0x000000008fb00000, 0x000000008fc00000|  0%| F|  |TAMS 0x000000008fb00000, 0x000000008fb00000| Untracked 
| 252|0x000000008fc00000, 0x000000008fc00000, 0x000000008fd00000|  0%| F|  |TAMS 0x000000008fc00000, 0x000000008fc00000| Untracked 
| 253|0x000000008fd00000, 0x000000008fd00000, 0x000000008fe00000|  0%| F|  |TAMS 0x000000008fd00000, 0x000000008fd00000| Untracked 
| 254|0x000000008fe00000, 0x000000008fe00000, 0x000000008ff00000|  0%| F|  |TAMS 0x000000008fe00000, 0x000000008fe00000| Untracked 
| 255|0x000000008ff00000, 0x000000008ff00000, 0x0000000090000000|  0%| F|  |TAMS 0x000000008ff00000, 0x000000008ff00000| Untracked 
| 256|0x0000000090000000, 0x0000000090000000, 0x0000000090100000|  0%| F|  |TAMS 0x0000000090000000, 0x0000000090000000| Untracked 
| 257|0x0000000090100000, 0x0000000090100000, 0x0000000090200000|  0%| F|  |TAMS 0x0000000090100000, 0x0000000090100000| Untracked 
| 258|0x0000000090200000, 0x0000000090200000, 0x0000000090300000|  0%| F|  |TAMS 0x0000000090200000, 0x0000000090200000| Untracked 
| 259|0x0000000090300000, 0x0000000090300000, 0x0000000090400000|  0%| F|  |TAMS 0x0000000090300000, 0x0000000090300000| Untracked 
| 260|0x0000000090400000, 0x0000000090400000, 0x0000000090500000|  0%| F|  |TAMS 0x0000000090400000, 0x0000000090400000| Untracked 
| 261|0x0000000090500000, 0x0000000090500000, 0x0000000090600000|  0%| F|  |TAMS 0x0000000090500000, 0x0000000090500000| Untracked 
| 262|0x0000000090600000, 0x0000000090600000, 0x0000000090700000|  0%| F|  |TAMS 0x0000000090600000, 0x0000000090600000| Untracked 
| 263|0x0000000090700000, 0x0000000090700000, 0x0000000090800000|  0%| F|  |TAMS 0x0000000090700000, 0x0000000090700000| Untracked 
| 264|0x0000000090800000, 0x0000000090800000, 0x0000000090900000|  0%| F|  |TAMS 0x0000000090800000, 0x0000000090800000| Untracked 
| 265|0x0000000090900000, 0x0000000090900000, 0x0000000090a00000|  0%| F|  |TAMS 0x0000000090900000, 0x0000000090900000| Untracked 
| 266|0x0000000090a00000, 0x0000000090a00000, 0x0000000090b00000|  0%| F|  |TAMS 0x0000000090a00000, 0x0000000090a00000| Untracked 
| 267|0x0000000090b00000, 0x0000000090b00000, 0x0000000090c00000|  0%| F|  |TAMS 0x0000000090b00000, 0x0000000090b00000| Untracked 
| 268|0x0000000090c00000, 0x0000000090c00000, 0x0000000090d00000|  0%| F|  |TAMS 0x0000000090c00000, 0x0000000090c00000| Untracked 
| 269|0x0000000090d00000, 0x0000000090d00000, 0x0000000090e00000|  0%| F|  |TAMS 0x0000000090d00000, 0x0000000090d00000| Untracked 
| 270|0x0000000090e00000, 0x0000000090e00000, 0x0000000090f00000|  0%| F|  |TAMS 0x0000000090e00000, 0x0000000090e00000| Untracked 
| 271|0x0000000090f00000, 0x0000000090f00000, 0x0000000091000000|  0%| F|  |TAMS 0x0000000090f00000, 0x0000000090f00000| Untracked 
| 272|0x0000000091000000, 0x0000000091000000, 0x0000000091100000|  0%| F|  |TAMS 0x0000000091000000, 0x0000000091000000| Untracked 
| 273|0x0000000091100000, 0x0000000091100000, 0x0000000091200000|  0%| F|  |TAMS 0x0000000091100000, 0x0000000091100000| Untracked 
| 274|0x0000000091200000, 0x0000000091200000, 0x0000000091300000|  0%| F|  |TAMS 0x0000000091200000, 0x0000000091200000| Untracked 
| 275|0x0000000091300000, 0x0000000091300000, 0x0000000091400000|  0%| F|  |TAMS 0x0000000091300000, 0x0000000091300000| Untracked 
| 276|0x0000000091400000, 0x0000000091400000, 0x0000000091500000|  0%| F|  |TAMS 0x0000000091400000, 0x0000000091400000| Untracked 
| 277|0x0000000091500000, 0x0000000091500000, 0x0000000091600000|  0%| F|  |TAMS 0x0000000091500000, 0x0000000091500000| Untracked 
| 278|0x0000000091600000, 0x0000000091600000, 0x0000000091700000|  0%| F|  |TAMS 0x0000000091600000, 0x0000000091600000| Untracked 
| 279|0x0000000091700000, 0x0000000091700000, 0x0000000091800000|  0%| F|  |TAMS 0x0000000091700000, 0x0000000091700000| Untracked 
| 280|0x0000000091800000, 0x0000000091800000, 0x0000000091900000|  0%| F|  |TAMS 0x0000000091800000, 0x0000000091800000| Untracked 
| 281|0x0000000091900000, 0x0000000091900000, 0x0000000091a00000|  0%| F|  |TAMS 0x0000000091900000, 0x0000000091900000| Untracked 
| 282|0x0000000091a00000, 0x0000000091a00000, 0x0000000091b00000|  0%| F|  |TAMS 0x0000000091a00000, 0x0000000091a00000| Untracked 
| 283|0x0000000091b00000, 0x0000000091b00000, 0x0000000091c00000|  0%| F|  |TAMS 0x0000000091b00000, 0x0000000091b00000| Untracked 
| 284|0x0000000091c00000, 0x0000000091c00000, 0x0000000091d00000|  0%| F|  |TAMS 0x0000000091c00000, 0x0000000091c00000| Untracked 
| 285|0x0000000091d00000, 0x0000000091d00000, 0x0000000091e00000|  0%| F|  |TAMS 0x0000000091d00000, 0x0000000091d00000| Untracked 
| 286|0x0000000091e00000, 0x0000000091e00000, 0x0000000091f00000|  0%| F|  |TAMS 0x0000000091e00000, 0x0000000091e00000| Untracked 
| 287|0x0000000091f00000, 0x0000000091f00000, 0x0000000092000000|  0%| F|  |TAMS 0x0000000091f00000, 0x0000000091f00000| Untracked 
| 288|0x0000000092000000, 0x0000000092000000, 0x0000000092100000|  0%| F|  |TAMS 0x0000000092000000, 0x0000000092000000| Untracked 
| 289|0x0000000092100000, 0x0000000092100000, 0x0000000092200000|  0%| F|  |TAMS 0x0000000092100000, 0x0000000092100000| Untracked 
| 290|0x0000000092200000, 0x0000000092200000, 0x0000000092300000|  0%| F|  |TAMS 0x0000000092200000, 0x0000000092200000| Untracked 
| 291|0x0000000092300000, 0x0000000092300000, 0x0000000092400000|  0%| F|  |TAMS 0x0000000092300000, 0x0000000092300000| Untracked 
| 292|0x0000000092400000, 0x0000000092400000, 0x0000000092500000|  0%| F|  |TAMS 0x0000000092400000, 0x0000000092400000| Untracked 
| 293|0x0000000092500000, 0x0000000092500000, 0x0000000092600000|  0%| F|  |TAMS 0x0000000092500000, 0x0000000092500000| Untracked 
| 294|0x0000000092600000, 0x0000000092600000, 0x0000000092700000|  0%| F|  |TAMS 0x0000000092600000, 0x0000000092600000| Untracked 
| 295|0x0000000092700000, 0x0000000092700000, 0x0000000092800000|  0%| F|  |TAMS 0x0000000092700000, 0x0000000092700000| Untracked 
| 296|0x0000000092800000, 0x0000000092800000, 0x0000000092900000|  0%| F|  |TAMS 0x0000000092800000, 0x0000000092800000| Untracked 
| 297|0x0000000092900000, 0x0000000092900000, 0x0000000092a00000|  0%| F|  |TAMS 0x0000000092900000, 0x0000000092900000| Untracked 
| 298|0x0000000092a00000, 0x0000000092a00000, 0x0000000092b00000|  0%| F|  |TAMS 0x0000000092a00000, 0x0000000092a00000| Untracked 
| 299|0x0000000092b00000, 0x0000000092b00000, 0x0000000092c00000|  0%| F|  |TAMS 0x0000000092b00000, 0x0000000092b00000| Untracked 
| 300|0x0000000092c00000, 0x0000000092c00000, 0x0000000092d00000|  0%| F|  |TAMS 0x0000000092c00000, 0x0000000092c00000| Untracked 
| 301|0x0000000092d00000, 0x0000000092d00000, 0x0000000092e00000|  0%| F|  |TAMS 0x0000000092d00000, 0x0000000092d00000| Untracked 
| 302|0x0000000092e00000, 0x0000000092e00000, 0x0000000092f00000|  0%| F|  |TAMS 0x0000000092e00000, 0x0000000092e00000| Untracked 
| 303|0x0000000092f00000, 0x0000000092f00000, 0x0000000093000000|  0%| F|  |TAMS 0x0000000092f00000, 0x0000000092f00000| Untracked 
| 304|0x0000000093000000, 0x0000000093000000, 0x0000000093100000|  0%| F|  |TAMS 0x0000000093000000, 0x0000000093000000| Untracked 
| 305|0x0000000093100000, 0x0000000093100000, 0x0000000093200000|  0%| F|  |TAMS 0x0000000093100000, 0x0000000093100000| Untracked 
| 306|0x0000000093200000, 0x0000000093200000, 0x0000000093300000|  0%| F|  |TAMS 0x0000000093200000, 0x0000000093200000| Untracked 
| 307|0x0000000093300000, 0x0000000093300000, 0x0000000093400000|  0%| F|  |TAMS 0x0000000093300000, 0x0000000093300000| Untracked 
| 308|0x0000000093400000, 0x0000000093400000, 0x0000000093500000|  0%| F|  |TAMS 0x0000000093400000, 0x0000000093400000| Untracked 
| 309|0x0000000093500000, 0x0000000093500000, 0x0000000093600000|  0%| F|  |TAMS 0x0000000093500000, 0x0000000093500000| Untracked 
| 310|0x0000000093600000, 0x0000000093600000, 0x0000000093700000|  0%| F|  |TAMS 0x0000000093600000, 0x0000000093600000| Untracked 
| 311|0x0000000093700000, 0x0000000093700000, 0x0000000093800000|  0%| F|  |TAMS 0x0000000093700000, 0x0000000093700000| Untracked 
| 312|0x0000000093800000, 0x0000000093800000, 0x0000000093900000|  0%| F|  |TAMS 0x0000000093800000, 0x0000000093800000| Untracked 
| 313|0x0000000093900000, 0x0000000093900000, 0x0000000093a00000|  0%| F|  |TAMS 0x0000000093900000, 0x0000000093900000| Untracked 
| 314|0x0000000093a00000, 0x0000000093a00000, 0x0000000093b00000|  0%| F|  |TAMS 0x0000000093a00000, 0x0000000093a00000| Untracked 
| 315|0x0000000093b00000, 0x0000000093b00000, 0x0000000093c00000|  0%| F|  |TAMS 0x0000000093b00000, 0x0000000093b00000| Untracked 
| 316|0x0000000093c00000, 0x0000000093c00000, 0x0000000093d00000|  0%| F|  |TAMS 0x0000000093c00000, 0x0000000093c00000| Untracked 
| 317|0x0000000093d00000, 0x0000000093d00000, 0x0000000093e00000|  0%| F|  |TAMS 0x0000000093d00000, 0x0000000093d00000| Untracked 
| 318|0x0000000093e00000, 0x0000000093e00000, 0x0000000093f00000|  0%| F|  |TAMS 0x0000000093e00000, 0x0000000093e00000| Untracked 
| 319|0x0000000093f00000, 0x0000000093f00000, 0x0000000094000000|  0%| F|  |TAMS 0x0000000093f00000, 0x0000000093f00000| Untracked 
| 320|0x0000000094000000, 0x0000000094000000, 0x0000000094100000|  0%| F|  |TAMS 0x0000000094000000, 0x0000000094000000| Untracked 
| 321|0x0000000094100000, 0x0000000094100000, 0x0000000094200000|  0%| F|  |TAMS 0x0000000094100000, 0x0000000094100000| Untracked 
| 322|0x0000000094200000, 0x0000000094200000, 0x0000000094300000|  0%| F|  |TAMS 0x0000000094200000, 0x0000000094200000| Untracked 
| 323|0x0000000094300000, 0x0000000094300000, 0x0000000094400000|  0%| F|  |TAMS 0x0000000094300000, 0x0000000094300000| Untracked 
| 324|0x0000000094400000, 0x0000000094400000, 0x0000000094500000|  0%| F|  |TAMS 0x0000000094400000, 0x0000000094400000| Untracked 
| 325|0x0000000094500000, 0x0000000094500000, 0x0000000094600000|  0%| F|  |TAMS 0x0000000094500000, 0x0000000094500000| Untracked 
| 326|0x0000000094600000, 0x0000000094600000, 0x0000000094700000|  0%| F|  |TAMS 0x0000000094600000, 0x0000000094600000| Untracked 
| 327|0x0000000094700000, 0x0000000094700000, 0x0000000094800000|  0%| F|  |TAMS 0x0000000094700000, 0x0000000094700000| Untracked 
| 328|0x0000000094800000, 0x0000000094800000, 0x0000000094900000|  0%| F|  |TAMS 0x0000000094800000, 0x0000000094800000| Untracked 
| 329|0x0000000094900000, 0x0000000094900000, 0x0000000094a00000|  0%| F|  |TAMS 0x0000000094900000, 0x0000000094900000| Untracked 
| 330|0x0000000094a00000, 0x0000000094a00000, 0x0000000094b00000|  0%| F|  |TAMS 0x0000000094a00000, 0x0000000094a00000| Untracked 
| 331|0x0000000094b00000, 0x0000000094b00000, 0x0000000094c00000|  0%| F|  |TAMS 0x0000000094b00000, 0x0000000094b00000| Untracked 
| 332|0x0000000094c00000, 0x0000000094c00000, 0x0000000094d00000|  0%| F|  |TAMS 0x0000000094c00000, 0x0000000094c00000| Untracked 
| 333|0x0000000094d00000, 0x0000000094d00000, 0x0000000094e00000|  0%| F|  |TAMS 0x0000000094d00000, 0x0000000094d00000| Untracked 
| 334|0x0000000094e00000, 0x0000000094e00000, 0x0000000094f00000|  0%| F|  |TAMS 0x0000000094e00000, 0x0000000094e00000| Untracked 
| 335|0x0000000094f00000, 0x0000000094f00000, 0x0000000095000000|  0%| F|  |TAMS 0x0000000094f00000, 0x0000000094f00000| Untracked 
| 336|0x0000000095000000, 0x0000000095100000, 0x0000000095100000|100%| E|  |TAMS 0x0000000095000000, 0x0000000095000000| Complete 
| 337|0x0000000095100000, 0x0000000095200000, 0x0000000095200000|100%| E|CS|TAMS 0x0000000095100000, 0x0000000095100000| Complete 
| 338|0x0000000095200000, 0x0000000095300000, 0x0000000095300000|100%| E|CS|TAMS 0x0000000095200000, 0x0000000095200000| Complete 
| 339|0x0000000095300000, 0x0000000095400000, 0x0000000095400000|100%| E|CS|TAMS 0x0000000095300000, 0x0000000095300000| Complete 
| 340|0x0000000095400000, 0x0000000095500000, 0x0000000095500000|100%| E|CS|TAMS 0x0000000095400000, 0x0000000095400000| Complete 
| 341|0x0000000095500000, 0x0000000095600000, 0x0000000095600000|100%| E|CS|TAMS 0x0000000095500000, 0x0000000095500000| Complete 
| 342|0x0000000095600000, 0x0000000095700000, 0x0000000095700000|100%| E|CS|TAMS 0x0000000095600000, 0x0000000095600000| Complete 
| 343|0x0000000095700000, 0x0000000095800000, 0x0000000095800000|100%| E|CS|TAMS 0x0000000095700000, 0x0000000095700000| Complete 
| 344|0x0000000095800000, 0x0000000095900000, 0x0000000095900000|100%| E|CS|TAMS 0x0000000095800000, 0x0000000095800000| Complete 
| 345|0x0000000095900000, 0x0000000095a00000, 0x0000000095a00000|100%| E|CS|TAMS 0x0000000095900000, 0x0000000095900000| Complete 
| 346|0x0000000095a00000, 0x0000000095b00000, 0x0000000095b00000|100%| E|CS|TAMS 0x0000000095a00000, 0x0000000095a00000| Complete 
| 347|0x0000000095b00000, 0x0000000095c00000, 0x0000000095c00000|100%| E|CS|TAMS 0x0000000095b00000, 0x0000000095b00000| Complete 
| 348|0x0000000095c00000, 0x0000000095d00000, 0x0000000095d00000|100%| E|CS|TAMS 0x0000000095c00000, 0x0000000095c00000| Complete 
| 349|0x0000000095d00000, 0x0000000095e00000, 0x0000000095e00000|100%| E|CS|TAMS 0x0000000095d00000, 0x0000000095d00000| Complete 
| 350|0x0000000095e00000, 0x0000000095f00000, 0x0000000095f00000|100%| E|CS|TAMS 0x0000000095e00000, 0x0000000095e00000| Complete 
| 351|0x0000000095f00000, 0x0000000096000000, 0x0000000096000000|100%| E|CS|TAMS 0x0000000095f00000, 0x0000000095f00000| Complete 
| 352|0x0000000096000000, 0x0000000096100000, 0x0000000096100000|100%| E|CS|TAMS 0x0000000096000000, 0x0000000096000000| Complete 
| 353|0x0000000096100000, 0x0000000096200000, 0x0000000096200000|100%| E|CS|TAMS 0x0000000096100000, 0x0000000096100000| Complete 
| 354|0x0000000096200000, 0x0000000096300000, 0x0000000096300000|100%| E|CS|TAMS 0x0000000096200000, 0x0000000096200000| Complete 
| 355|0x0000000096300000, 0x0000000096400000, 0x0000000096400000|100%| E|CS|TAMS 0x0000000096300000, 0x0000000096300000| Complete 
| 356|0x0000000096400000, 0x0000000096500000, 0x0000000096500000|100%| E|CS|TAMS 0x0000000096400000, 0x0000000096400000| Complete 
| 357|0x0000000096500000, 0x0000000096600000, 0x0000000096600000|100%| E|CS|TAMS 0x0000000096500000, 0x0000000096500000| Complete 
| 358|0x0000000096600000, 0x0000000096700000, 0x0000000096700000|100%| E|CS|TAMS 0x0000000096600000, 0x0000000096600000| Complete 
| 359|0x0000000096700000, 0x0000000096800000, 0x0000000096800000|100%| E|CS|TAMS 0x0000000096700000, 0x0000000096700000| Complete 
| 360|0x0000000096800000, 0x0000000096900000, 0x0000000096900000|100%| E|CS|TAMS 0x0000000096800000, 0x0000000096800000| Complete 
| 361|0x0000000096900000, 0x0000000096a00000, 0x0000000096a00000|100%| E|CS|TAMS 0x0000000096900000, 0x0000000096900000| Complete 
| 362|0x0000000096a00000, 0x0000000096b00000, 0x0000000096b00000|100%| E|CS|TAMS 0x0000000096a00000, 0x0000000096a00000| Complete 
| 363|0x0000000096b00000, 0x0000000096c00000, 0x0000000096c00000|100%| E|CS|TAMS 0x0000000096b00000, 0x0000000096b00000| Complete 
| 364|0x0000000096c00000, 0x0000000096d00000, 0x0000000096d00000|100%| E|CS|TAMS 0x0000000096c00000, 0x0000000096c00000| Complete 
| 365|0x0000000096d00000, 0x0000000096e00000, 0x0000000096e00000|100%| E|CS|TAMS 0x0000000096d00000, 0x0000000096d00000| Complete 
| 366|0x0000000096e00000, 0x0000000096f00000, 0x0000000096f00000|100%| E|CS|TAMS 0x0000000096e00000, 0x0000000096e00000| Complete 
| 367|0x0000000096f00000, 0x0000000097000000, 0x0000000097000000|100%| E|CS|TAMS 0x0000000096f00000, 0x0000000096f00000| Complete 
| 368|0x0000000097000000, 0x0000000097100000, 0x0000000097100000|100%| E|CS|TAMS 0x0000000097000000, 0x0000000097000000| Complete 
| 369|0x0000000097100000, 0x0000000097200000, 0x0000000097200000|100%| E|CS|TAMS 0x0000000097100000, 0x0000000097100000| Complete 
| 370|0x0000000097200000, 0x0000000097300000, 0x0000000097300000|100%| E|CS|TAMS 0x0000000097200000, 0x0000000097200000| Complete 
| 371|0x0000000097300000, 0x0000000097400000, 0x0000000097400000|100%| E|CS|TAMS 0x0000000097300000, 0x0000000097300000| Complete 

Card table byte_map: [0x00000200e0890000,0x00000200e0c90000] _byte_map_base: 0x00000200e0490000

Marking Bits (Prev, Next): (CMBitMap*) 0x00000200cd9e1e38, (CMBitMap*) 0x00000200cd9e1e70
 Prev Bits: [0x00000200e1090000, 0x00000200e3090000)
 Next Bits: [0x00000200e3090000, 0x00000200e5090000)

Polling page: 0x00000200cb8b0000

Metaspace:

Usage:
  Non-class:     89.65 MB capacity,    87.99 MB ( 98%) used,     1.34 MB (  1%) free+waste,   329.38 KB ( <1%) overhead. 
      Class:     13.97 MB capacity,    12.97 MB ( 93%) used,   883.27 KB (  6%) free+waste,   143.69 KB (  1%) overhead. 
       Both:    103.62 MB capacity,   100.96 MB ( 97%) used,     2.20 MB (  2%) free+waste,   473.06 KB ( <1%) overhead. 

Virtual space:
  Non-class space:       90.00 MB reserved,      89.81 MB (>99%) committed 
      Class space:        1.00 GB reserved,      14.00 MB (  1%) committed 
             Both:        1.09 GB reserved,     103.81 MB (  9%) committed 

Chunk freelists:
   Non-Class:  34.00 KB
       Class:  0 bytes
        Both:  34.00 KB

MaxMetaspaceSize: 17179869184.00 GB
CompressedClassSpaceSize: 1.00 GB

CodeHeap 'non-profiled nmethods': size=120064Kb used=10267Kb max_used=10334Kb free=109797Kb
 bounds [0x00000200d8f50000, 0x00000200d9a10000, 0x00000200e0490000]
CodeHeap 'profiled nmethods': size=120000Kb used=35968Kb max_used=36311Kb free=84031Kb
 bounds [0x00000200d1a20000, 0x00000200d3e50000, 0x00000200d8f50000]
CodeHeap 'non-nmethods': size=5696Kb used=2313Kb max_used=2393Kb free=3382Kb
 bounds [0x00000200d1490000, 0x00000200d1700000, 0x00000200d1a20000]
 total_blobs=15980 nmethods=15057 adapters=833
 compilation: enabled
              stopped_count=0, restarted_count=0
 full_count=0

Compilation events (20 events):
Event: 59.436 Thread 0x00000200e7594800 16315       2       com.android.tools.r8.internal.aG::a (16 bytes)
Event: 59.436 Thread 0x00000200e7594800 nmethod 16315 0x00000200d1bee510 code [0x00000200d1bee6e0, 0x00000200d1bee818]
Event: 59.436 Thread 0x00000200e7594800 16316       2       com.android.tools.r8.internal.u8::a (24 bytes)
Event: 59.437 Thread 0x00000200e7594800 nmethod 16316 0x00000200d1bee090 code [0x00000200d1bee260, 0x00000200d1bee3b8]
Event: 59.485 Thread 0x00000200e7594800 16317       2       com.android.tools.r8.internal.u8::a (37 bytes)
Event: 59.485 Thread 0x00000200e7594800 nmethod 16317 0x00000200d1bedb10 code [0x00000200d1bedce0, 0x00000200d1bedf08]
Event: 59.486 Thread 0x00000200e7594800 16318       2       com.android.tools.r8.internal.c4::a (29 bytes)
Event: 59.487 Thread 0x00000200e7594800 nmethod 16318 0x00000200d1bf2e90 code [0x00000200d1bf30c0, 0x00000200d1bf3528]
Event: 59.490 Thread 0x00000200e7594800 16319 % !   3       com.android.tools.r8.internal.O1::a @ 15 (490 bytes)
Event: 59.493 Thread 0x00000200e7594800 nmethod 16319% 0x00000200d1c44f10 code [0x00000200d1c45300, 0x00000200d1c47048]
Event: 59.493 Thread 0x00000200e7594800 16320       2       com.android.tools.r8.internal.Le::b (41 bytes)
Event: 59.494 Thread 0x00000200e7594800 nmethod 16320 0x00000200d1bf0a90 code [0x00000200d1bf0c80, 0x00000200d1bf0f48]
Event: 59.502 Thread 0x00000200e7594800 16321   !   3       com.android.tools.r8.internal.O1::a (490 bytes)
Event: 59.505 Thread 0x00000200e7594800 nmethod 16321 0x00000200d1c4dd90 code [0x00000200d1c4e180, 0x00000200d1c4fda8]
Event: 59.564 Thread 0x00000200e7594800 16323       1       com.android.tools.r8.internal.ev::a2 (3 bytes)
Event: 59.564 Thread 0x00000200e7594800 nmethod 16323 0x00000200d8fa0d90 code [0x00000200d8fa0f40, 0x00000200d8fa0ff8]
Event: 59.586 Thread 0x00000200e7594800 16325       2       com.android.tools.r8.internal.iC::g (6 bytes)
Event: 59.586 Thread 0x00000200e7594800 nmethod 16325 0x00000200d1bf2b10 code [0x00000200d1bf2cc0, 0x00000200d1bf2dc8]
Event: 59.587 Thread 0x00000200e7594800 16326       2       com.android.tools.r8.internal.IG::g (6 bytes)
Event: 59.588 Thread 0x00000200e7594800 nmethod 16326 0x00000200d1bf2790 code [0x00000200d1bf2940, 0x00000200d1bf2a48]

GC Heap History (20 events):
Event: 52.494 GC heap before
{Heap before GC invocations=57 (full 0):
 garbage-first heap   total 264192K, used 229127K [0x0000000080000000, 0x0000000100000000)
  region size 1024K, 84 young (86016K), 2 survivors (2048K)
 Metaspace       used 102768K, capacity 105382K, committed 105532K, reserved 1140736K
  class space    used 13238K, capacity 14260K, committed 14336K, reserved 1048576K
}
Event: 52.512 GC heap after
{Heap after GC invocations=58 (full 0):
 garbage-first heap   total 264192K, used 152924K [0x0000000080000000, 0x0000000100000000)
  region size 1024K, 10 young (10240K), 10 survivors (10240K)
 Metaspace       used 102768K, capacity 105382K, committed 105532K, reserved 1140736K
  class space    used 13238K, capacity 14260K, committed 14336K, reserved 1048576K
}
Event: 52.523 GC heap before
{Heap before GC invocations=58 (full 0):
 garbage-first heap   total 264192K, used 154972K [0x0000000080000000, 0x0000000100000000)
  region size 1024K, 12 young (12288K), 10 survivors (10240K)
 Metaspace       used 102768K, capacity 105382K, committed 105532K, reserved 1140736K
  class space    used 13238K, capacity 14260K, committed 14336K, reserved 1048576K
}
Event: 52.544 GC heap after
{Heap after GC invocations=59 (full 0):
 garbage-first heap   total 317440K, used 150495K [0x0000000080000000, 0x0000000100000000)
  region size 1024K, 1 young (1024K), 1 survivors (1024K)
 Metaspace       used 102768K, capacity 105382K, committed 105532K, reserved 1140736K
  class space    used 13238K, capacity 14260K, committed 14336K, reserved 1048576K
}
Event: 53.113 GC heap before
{Heap before GC invocations=59 (full 0):
 garbage-first heap   total 317440K, used 256991K [0x0000000080000000, 0x0000000100000000)
  region size 1024K, 105 young (107520K), 1 survivors (1024K)
 Metaspace       used 102787K, capacity 105447K, committed 105532K, reserved 1140736K
  class space    used 13239K, capacity 14260K, committed 14336K, reserved 1048576K
}
Event: 53.134 GC heap after
{Heap after GC invocations=60 (full 0):
 garbage-first heap   total 317440K, used 156052K [0x0000000080000000, 0x0000000100000000)
  region size 1024K, 7 young (7168K), 7 survivors (7168K)
 Metaspace       used 102787K, capacity 105447K, committed 105532K, reserved 1140736K
  class space    used 13239K, capacity 14260K, committed 14336K, reserved 1048576K
}
Event: 54.233 GC heap before
{Heap before GC invocations=61 (full 0):
 garbage-first heap   total 317440K, used 263572K [0x0000000080000000, 0x0000000100000000)
  region size 1024K, 112 young (114688K), 7 survivors (7168K)
 Metaspace       used 102968K, capacity 105604K, committed 105788K, reserved 1140736K
  class space    used 13270K, capacity 14270K, committed 14336K, reserved 1048576K
}
Event: 54.252 GC heap after
{Heap after GC invocations=62 (full 0):
 garbage-first heap   total 317440K, used 157423K [0x0000000080000000, 0x0000000100000000)
  region size 1024K, 8 young (8192K), 8 survivors (8192K)
 Metaspace       used 102968K, capacity 105604K, committed 105788K, reserved 1140736K
  class space    used 13270K, capacity 14270K, committed 14336K, reserved 1048576K
}
Event: 54.894 GC heap before
{Heap before GC invocations=62 (full 0):
 garbage-first heap   total 317440K, used 265967K [0x0000000080000000, 0x0000000100000000)
  region size 1024K, 114 young (116736K), 8 survivors (8192K)
 Metaspace       used 103104K, capacity 105784K, committed 106044K, reserved 1140736K
  class space    used 13280K, capacity 14307K, committed 14336K, reserved 1048576K
}
Event: 54.911 GC heap after
{Heap after GC invocations=63 (full 0):
 garbage-first heap   total 317440K, used 158346K [0x0000000080000000, 0x0000000100000000)
  region size 1024K, 9 young (9216K), 9 survivors (9216K)
 Metaspace       used 103104K, capacity 105784K, committed 106044K, reserved 1140736K
  class space    used 13280K, capacity 14307K, committed 14336K, reserved 1048576K
}
Event: 56.034 GC heap before
{Heap before GC invocations=63 (full 0):
 garbage-first heap   total 317440K, used 267914K [0x0000000080000000, 0x0000000100000000)
  region size 1024K, 116 young (118784K), 9 survivors (9216K)
 Metaspace       used 103113K, capacity 105848K, committed 106044K, reserved 1140736K
  class space    used 13280K, capacity 14307K, committed 14336K, reserved 1048576K
}
Event: 56.059 GC heap after
{Heap after GC invocations=64 (full 0):
 garbage-first heap   total 380928K, used 159854K [0x0000000080000000, 0x0000000100000000)
  region size 1024K, 5 young (5120K), 5 survivors (5120K)
 Metaspace       used 103113K, capacity 105848K, committed 106044K, reserved 1140736K
  class space    used 13280K, capacity 14307K, committed 14336K, reserved 1048576K
}
Event: 56.942 GC heap before
{Heap before GC invocations=64 (full 0):
 garbage-first heap   total 380928K, used 298094K [0x0000000080000000, 0x0000000100000000)
  region size 1024K, 140 young (143360K), 5 survivors (5120K)
 Metaspace       used 103116K, capacity 105848K, committed 106044K, reserved 1140736K
  class space    used 13280K, capacity 14307K, committed 14336K, reserved 1048576K
}
Event: 56.955 GC heap after
{Heap after GC invocations=65 (full 0):
 garbage-first heap   total 380928K, used 160966K [0x0000000080000000, 0x0000000100000000)
  region size 1024K, 6 young (6144K), 6 survivors (6144K)
 Metaspace       used 103116K, capacity 105848K, committed 106044K, reserved 1140736K
  class space    used 13280K, capacity 14307K, committed 14336K, reserved 1048576K
}
Event: 57.927 GC heap before
{Heap before GC invocations=65 (full 0):
 garbage-first heap   total 380928K, used 321734K [0x0000000080000000, 0x0000000100000000)
  region size 1024K, 162 young (165888K), 6 survivors (6144K)
 Metaspace       used 103368K, capacity 106046K, committed 106300K, reserved 1140736K
  class space    used 13281K, capacity 14308K, committed 14336K, reserved 1048576K
}
Event: 57.945 GC heap after
{Heap after GC invocations=66 (full 0):
 garbage-first heap   total 380928K, used 162523K [0x0000000080000000, 0x0000000100000000)
  region size 1024K, 7 young (7168K), 7 survivors (7168K)
 Metaspace       used 103368K, capacity 106046K, committed 106300K, reserved 1140736K
  class space    used 13281K, capacity 14308K, committed 14336K, reserved 1048576K
}
Event: 58.771 GC heap before
{Heap before GC invocations=66 (full 0):
 garbage-first heap   total 380928K, used 327387K [0x0000000080000000, 0x0000000100000000)
  region size 1024K, 168 young (172032K), 7 survivors (7168K)
 Metaspace       used 103374K, capacity 106110K, committed 106300K, reserved 1140736K
  class space    used 13281K, capacity 14308K, committed 14336K, reserved 1048576K
}
Event: 58.800 GC heap after
{Heap after GC invocations=67 (full 0):
 garbage-first heap   total 380928K, used 171665K [0x0000000080000000, 0x0000000100000000)
  region size 1024K, 16 young (16384K), 16 survivors (16384K)
 Metaspace       used 103374K, capacity 106110K, committed 106300K, reserved 1140736K
  class space    used 13281K, capacity 14308K, committed 14336K, reserved 1048576K
}
Event: 59.621 GC heap before
{Heap before GC invocations=67 (full 0):
 garbage-first heap   total 380928K, used 325265K [0x0000000080000000, 0x0000000100000000)
  region size 1024K, 166 young (169984K), 16 survivors (16384K)
 Metaspace       used 103384K, capacity 106110K, committed 106300K, reserved 1140736K
  class space    used 13281K, capacity 14308K, committed 14336K, reserved 1048576K
}
Event: 59.659 GC heap after
{Heap after GC invocations=68 (full 0):
 garbage-first heap   total 380928K, used 175886K [0x0000000080000000, 0x0000000100000000)
  region size 1024K, 14 young (14336K), 14 survivors (14336K)
 Metaspace       used 103384K, capacity 106110K, committed 106300K, reserved 1140736K
  class space    used 13281K, capacity 14308K, committed 14336K, reserved 1048576K
}

Deoptimization events (20 events):
Event: 59.144 Thread 0x00000200e82b0000 DEOPT PACKING pc=0x00000200d3c84a18 sp=0x000000787acf6130
Event: 59.144 Thread 0x00000200e82b0000 DEOPT UNPACKING pc=0x00000200d14b76ce sp=0x000000787acf5630 mode 0
Event: 59.155 Thread 0x00000200ebaee000 DEOPT PACKING pc=0x00000200d3c0c1c1 sp=0x000000787a4f9620
Event: 59.155 Thread 0x00000200ebaee000 DEOPT UNPACKING pc=0x00000200d14b76ce sp=0x000000787a4f8de0 mode 0
Event: 59.157 Thread 0x00000200ebaee000 DEOPT PACKING pc=0x00000200d3d83f75 sp=0x000000787a4f9770
Event: 59.157 Thread 0x00000200ebaee000 DEOPT UNPACKING pc=0x00000200d14b76ce sp=0x000000787a4f8de8 mode 0
Event: 59.169 Thread 0x00000200e82b0000 DEOPT PACKING pc=0x00000200d3953c4b sp=0x000000787acf63b0
Event: 59.169 Thread 0x00000200e82b0000 DEOPT UNPACKING pc=0x00000200d14b76ce sp=0x000000787acf5908 mode 0
Event: 59.243 Thread 0x00000200ebaee000 DEOPT PACKING pc=0x00000200d3c0bce2 sp=0x000000787a4f9620
Event: 59.243 Thread 0x00000200ebaee000 DEOPT UNPACKING pc=0x00000200d14b76ce sp=0x000000787a4f8de8 mode 0
Event: 59.325 Thread 0x00000200e82b0000 DEOPT PACKING pc=0x00000200d3c0c1c1 sp=0x000000787acf60a0
Event: 59.325 Thread 0x00000200e82b0000 DEOPT UNPACKING pc=0x00000200d14b76ce sp=0x000000787acf5860 mode 0
Event: 59.386 Thread 0x00000200ebaef000 DEOPT PACKING pc=0x00000200d3c0c1c1 sp=0x000000787a6f9490
Event: 59.386 Thread 0x00000200ebaef000 DEOPT UNPACKING pc=0x00000200d14b76ce sp=0x000000787a6f8c50 mode 0
Event: 59.386 Thread 0x00000200ebaf2000 DEOPT PACKING pc=0x00000200d3d83f75 sp=0x000000787a5f9060
Event: 59.386 Thread 0x00000200ebaf2000 DEOPT UNPACKING pc=0x00000200d14b76ce sp=0x000000787a5f86d8 mode 0
Event: 59.533 Thread 0x00000200ebaef000 DEOPT PACKING pc=0x00000200d3c0bce2 sp=0x000000787a6f9490
Event: 59.533 Thread 0x00000200ebaef000 DEOPT UNPACKING pc=0x00000200d14b76ce sp=0x000000787a6f8c58 mode 0
Event: 59.723 Thread 0x00000200ebaf2000 DEOPT PACKING pc=0x00000200d3c2cec3 sp=0x000000787a5f8c00
Event: 59.723 Thread 0x00000200ebaf2000 DEOPT UNPACKING pc=0x00000200d14b76ce sp=0x000000787a5f8390 mode 0

Classes redefined (0 events):
No events

Internal exceptions (20 events):
Event: 42.785 Thread 0x00000200e82ad800 Exception <a 'sun/nio/fs/WindowsException'{0x000000008cb01570}> (0x000000008cb01570) thrown at [./src/hotspot/share/prims/jni.cpp, line 615]
Event: 42.790 Thread 0x00000200e82ad800 Exception <a 'sun/nio/fs/WindowsException'{0x000000008cb1bd20}> (0x000000008cb1bd20) thrown at [./src/hotspot/share/prims/jni.cpp, line 615]
Event: 42.790 Thread 0x00000200e82ad800 Exception <a 'sun/nio/fs/WindowsException'{0x000000008cb1be08}> (0x000000008cb1be08) thrown at [./src/hotspot/share/prims/jni.cpp, line 615]
Event: 44.626 Thread 0x00000200e82b1800 Exception <a 'java/lang/NoSuchMethodError'{0x000000008bf73430}: 'void java.lang.invoke.DirectMethodHandle$Holder.invokeStatic(java.lang.Object, java.lang.Object, java.lang.Object, java.lang.Object, java.lang.Object, java.lang.Object, java.lang.Object)'> (0x000000008bf73430) thrown at [./src/hotspot/share/interpreter/linkResolver.cpp, line 773]
Event: 44.870 Thread 0x00000200ebaee000 Exception <a 'sun/nio/fs/WindowsException'{0x000000008ee33d38}> (0x000000008ee33d38) thrown at [./src/hotspot/share/prims/jni.cpp, line 615]
Event: 49.882 Thread 0x00000200ebaee000 Exception <a 'java/lang/NoSuchMethodError'{0x000000008b47ddc0}: 'void java.lang.invoke.DirectMethodHandle$Holder.invokeSpecial(java.lang.Object, java.lang.Object, int, java.lang.Object, java.lang.Object, java.lang.Object, java.lang.Object)'> (0x000000008b47ddc0) thrown at [./src/hotspot/share/interpreter/linkResolver.cpp, line 773]
Event: 49.884 Thread 0x00000200ebaee000 Exception <a 'java/lang/NoSuchMethodError'{0x000000008b4899c0}: 'java.lang.Object java.lang.invoke.Invokers$Holder.linkToTargetMethod(java.lang.Object, int, java.lang.Object, java.lang.Object, java.lang.Object, java.lang.Object)'> (0x000000008b4899c0) thrown at [./src/hotspot/share/interpreter/linkResolver.cpp, line 773]
Event: 49.884 Thread 0x00000200ebaee000 Exception <a 'java/lang/NoSuchMethodError'{0x000000008b48de70}: 'void java.lang.invoke.DirectMethodHandle$Holder.invokeSpecial(java.lang.Object, java.lang.Object, java.lang.Object, java.lang.Object, java.lang.Object, java.lang.Object, java.lang.Object, java.lang.Object, java.lang.Object)'> (0x000000008b48de70) thrown at [./src/hotspot/share/interpreter/linkResolver.cpp, line 773]
Event: 49.939 Thread 0x00000200ebaee000 Implicit null exception at 0x00000200d9195740 to 0x00000200d91969f8
Event: 49.940 Thread 0x00000200ebaee000 Implicit null exception at 0x00000200d9170420 to 0x00000200d9170640
Event: 49.941 Thread 0x00000200ebaee000 Exception <a 'java/lang/NoSuchMethodError'{0x000000009010c7d8}: 'void java.lang.invoke.DirectMethodHandle$Holder.invokeStatic(java.lang.Object, java.lang.Object, java.lang.Object, java.lang.Object, java.lang.Object, java.lang.Object, java.lang.Object, java.lang.Object)'> (0x000000009010c7d8) thrown at [./src/hotspot/share/interpreter/linkResolver.cpp, line 773]
Event: 50.482 Thread 0x00000200ebaee000 Exception <a 'java/lang/IncompatibleClassChangeError'{0x000000008eeb0730}: Found class java.lang.Object, but interface was expected> (0x000000008eeb0730) thrown at [./src/hotspot/share/interpreter/linkResolver.cpp, line 839]
Event: 51.059 Thread 0x00000200ebaee000 Exception <a 'java/lang/NoSuchMethodError'{0x00000000901704c8}: 'void java.lang.invoke.DirectMethodHandle$Holder.invokeVirtual(java.lang.Object, java.lang.Object, int)'> (0x00000000901704c8) thrown at [./src/hotspot/share/interpreter/linkResolver.cpp, line 773]
Event: 51.266 Thread 0x00000200ebaee000 Exception <a 'sun/nio/fs/WindowsException'{0x000000008e091ee0}> (0x000000008e091ee0) thrown at [./src/hotspot/share/prims/jni.cpp, line 615]
Event: 51.866 Thread 0x00000200ebaee000 Exception <a 'sun/nio/fs/WindowsException'{0x000000008df88418}> (0x000000008df88418) thrown at [./src/hotspot/share/prims/jni.cpp, line 615]
Event: 54.172 Thread 0x00000200ebaee000 Exception <a 'java/lang/NoSuchMethodError'{0x000000008d5070b8}: 'java.lang.Object java.lang.invoke.DirectMethodHandle$Holder.invokeSpecial(java.lang.Object, java.lang.Object, java.lang.Object, java.lang.Object, java.lang.Object, java.lang.Object, java.lang.Object, java.lang.Object, java.lang.Object, java.lang.Object, java.lang.Object)'> (0x000000008d5070b8) thrown at [./src/hotspot/share/interpreter/linkResolver.cpp, line 773]
Event: 54.173 Thread 0x00000200ebaee000 Exception <a 'java/lang/NoSuchMethodError'{0x000000008d512968}: 'java.lang.Object java.lang.invoke.Invokers$Holder.linkToTargetMethod(java.lang.Object, java.lang.Object, java.lang.Object, java.lang.Object, java.lang.Object, java.lang.Object, java.lang.Object, java.lang.Object, java.lang.Object, java.lang.Object)'> (0x000000008d512968) thrown at [./src/hotspot/share/interpreter/linkResolver.cpp, line 773]
Event: 54.192 Thread 0x00000200ebaee000 Exception <a 'java/lang/IncompatibleClassChangeError'{0x000000008d577ae8}: Found class java.lang.Object, but interface was expected> (0x000000008d577ae8) thrown at [./src/hotspot/share/interpreter/linkResolver.cpp, line 839]
Event: 57.781 Thread 0x00000200e82b0000 Exception <a 'sun/nio/fs/WindowsException'{0x000000008f012c18}> (0x000000008f012c18) thrown at [./src/hotspot/share/prims/jni.cpp, line 615]
Event: 58.594 Thread 0x00000200e82b0000 Exception <a 'sun/nio/fs/WindowsException'{0x000000008f9c4380}> (0x000000008f9c4380) thrown at [./src/hotspot/share/prims/jni.cpp, line 615]

Events (20 events):
Event: 54.333 loading class com/android/tools/r8/code/G0
Event: 54.333 loading class com/android/tools/r8/code/G0 done
Event: 54.893 Executing VM operation: G1CollectForAllocation
Event: 54.911 Executing VM operation: G1CollectForAllocation done
Event: 55.916 Executing VM operation: G1CollectForAllocation
Event: 56.059 Executing VM operation: G1CollectForAllocation done
Event: 56.935 Executing VM operation: G1CollectForAllocation
Event: 56.955 Executing VM operation: G1CollectForAllocation done
Event: 57.466 loading class com/android/tools/r8/naming/K
Event: 57.466 loading class com/android/tools/r8/naming/K done
Event: 57.466 loading class com/android/tools/r8/graph/O
Event: 57.466 loading class com/android/tools/r8/graph/O done
Event: 57.466 loading class com/android/tools/r8/naming/K
Event: 57.466 loading class com/android/tools/r8/naming/K done
Event: 57.925 Executing VM operation: G1CollectForAllocation
Event: 57.946 Executing VM operation: G1CollectForAllocation done
Event: 58.770 Executing VM operation: G1CollectForAllocation
Event: 58.800 Executing VM operation: G1CollectForAllocation done
Event: 59.620 Executing VM operation: G1CollectForAllocation
Event: 59.659 Executing VM operation: G1CollectForAllocation done


Dynamic libraries:
0x00007ff6e64e0000 - 0x00007ff6e64ea000 	C:\Program Files\Android\Android Studio\jre\bin\java.exe
0x00007ffe43ad0000 - 0x00007ffe43cc5000 	C:\WINDOWS\SYSTEM32\ntdll.dll
0x00007ffe41fc0000 - 0x00007ffe4207d000 	C:\WINDOWS\System32\KERNEL32.DLL
0x00007ffe413b0000 - 0x00007ffe41679000 	C:\WINDOWS\System32\KERNELBASE.dll
0x00007ffe41a30000 - 0x00007ffe41b30000 	C:\WINDOWS\System32\ucrtbase.dll
0x00007ffe2fdf0000 - 0x00007ffe2fe09000 	C:\Program Files\Android\Android Studio\jre\bin\jli.dll
0x00007ffe35d10000 - 0x00007ffe35d27000 	C:\Program Files\Android\Android Studio\jre\bin\VCRUNTIME140.dll
0x00007ffe428b0000 - 0x00007ffe42a50000 	C:\WINDOWS\System32\USER32.dll
0x00007ffe41680000 - 0x00007ffe416a2000 	C:\WINDOWS\System32\win32u.dll
0x00007ffe42190000 - 0x00007ffe421ba000 	C:\WINDOWS\System32\GDI32.dll
0x00007ffe417c0000 - 0x00007ffe418cb000 	C:\WINDOWS\System32\gdi32full.dll
0x00007ffe41200000 - 0x00007ffe4129d000 	C:\WINDOWS\System32\msvcp_win.dll
0x00007ffe2c190000 - 0x00007ffe2c42a000 	C:\WINDOWS\WinSxS\amd64_microsoft.windows.common-controls_6595b64144ccf1df_6.0.19041.1110_none_60b5254171f9507e\COMCTL32.dll
0x00007ffe41b30000 - 0x00007ffe41bce000 	C:\WINDOWS\System32\msvcrt.dll
0x00007ffe432e0000 - 0x00007ffe43310000 	C:\WINDOWS\System32\IMM32.DLL
0x00007ffe0fbe0000 - 0x00007ffe0fc7d000 	C:\Program Files\Android\Android Studio\jre\bin\msvcp140.dll
0x00007ffdf22e0000 - 0x00007ffdf2daf000 	C:\Program Files\Android\Android Studio\jre\bin\server\jvm.dll
0x00007ffe420e0000 - 0x00007ffe4218c000 	C:\WINDOWS\System32\ADVAPI32.dll
0x00007ffe43910000 - 0x00007ffe439ab000 	C:\WINDOWS\System32\sechost.dll
0x00007ffe437e0000 - 0x00007ffe4390a000 	C:\WINDOWS\System32\RPCRT4.dll
0x00007ffe43670000 - 0x00007ffe43678000 	C:\WINDOWS\System32\PSAPI.DLL
0x00007ffe2cb20000 - 0x00007ffe2cb29000 	C:\WINDOWS\SYSTEM32\WSOCK32.dll
0x00007ffe2fa90000 - 0x00007ffe2fab7000 	C:\WINDOWS\SYSTEM32\WINMM.dll
0x00007ffe43680000 - 0x00007ffe436eb000 	C:\WINDOWS\System32\WS2_32.dll
0x00007ffe2f3b0000 - 0x00007ffe2f3ba000 	C:\WINDOWS\SYSTEM32\VERSION.dll
0x00007ffe3f000000 - 0x00007ffe3f012000 	C:\WINDOWS\SYSTEM32\kernel.appcore.dll
0x00007ffe36c30000 - 0x00007ffe36c41000 	C:\Program Files\Android\Android Studio\jre\bin\verify.dll
0x00007ffe2d0b0000 - 0x00007ffe2d294000 	C:\WINDOWS\SYSTEM32\DBGHELP.DLL
0x00007ffe2ec10000 - 0x00007ffe2ec3c000 	C:\WINDOWS\SYSTEM32\dbgcore.DLL
0x00007ffe41700000 - 0x00007ffe41783000 	C:\WINDOWS\System32\bcryptPrimitives.dll
0x00007ffe35ea0000 - 0x00007ffe35ec9000 	C:\Program Files\Android\Android Studio\jre\bin\java.dll
0x00007ffe36d80000 - 0x00007ffe36d8b000 	C:\Program Files\Android\Android Studio\jre\bin\jimage.dll
0x00007ffe368a0000 - 0x00007ffe368b8000 	C:\Program Files\Android\Android Studio\jre\bin\zip.dll
0x00007ffe42a50000 - 0x00007ffe4318f000 	C:\WINDOWS\System32\SHELL32.dll
0x00007ffe3f310000 - 0x00007ffe3faa0000 	C:\WINDOWS\SYSTEM32\windows.storage.dll
0x00007ffe43310000 - 0x00007ffe43665000 	C:\WINDOWS\System32\combase.dll
0x00007ffe40c60000 - 0x00007ffe40c8c000 	C:\WINDOWS\SYSTEM32\Wldp.dll
0x00007ffe426c0000 - 0x00007ffe4276e000 	C:\WINDOWS\System32\SHCORE.dll
0x00007ffe436f0000 - 0x00007ffe43745000 	C:\WINDOWS\System32\shlwapi.dll
0x00007ffe41140000 - 0x00007ffe4115f000 	C:\WINDOWS\SYSTEM32\profapi.dll
0x00007ffe34c90000 - 0x00007ffe34caa000 	C:\Program Files\Android\Android Studio\jre\bin\net.dll
0x00007ffe3aed0000 - 0x00007ffe3afd8000 	C:\WINDOWS\SYSTEM32\WINHTTP.dll
0x00007ffe409c0000 - 0x00007ffe40a2a000 	C:\WINDOWS\system32\mswsock.dll
0x00007ffe347e0000 - 0x00007ffe347f4000 	C:\Program Files\Android\Android Studio\jre\bin\nio.dll
0x00007ffe3a5b0000 - 0x00007ffe3a5d7000 	C:\Users\UGTECH\.gradle\native\8bec1ad78214c89d9ad589b4d07fe93259594b29d510b10fafb7a158f7737e5d\windows-amd64\native-platform.dll
0x00007ffe10630000 - 0x00007ffe1076d000 	C:\Users\UGTECH\.gradle\native\53dbd7edfb1c66fb8903c78663c9afc45aea4f116125fa6feffd364cf09443e8\windows-amd64\native-platform-file-events.dll
0x00007ffe36a90000 - 0x00007ffe36a9a000 	C:\Program Files\Android\Android Studio\jre\bin\management.dll
0x00007ffe367b0000 - 0x00007ffe367bc000 	C:\Program Files\Android\Android Studio\jre\bin\management_ext.dll
0x00007ffe40bc0000 - 0x00007ffe40bd8000 	C:\WINDOWS\SYSTEM32\CRYPTSP.dll
0x00007ffe40270000 - 0x00007ffe402a4000 	C:\WINDOWS\system32\rsaenh.dll
0x00007ffe41790000 - 0x00007ffe417b7000 	C:\WINDOWS\System32\bcrypt.dll
0x00007ffe410c0000 - 0x00007ffe410ee000 	C:\WINDOWS\SYSTEM32\USERENV.dll
0x00007ffe40bb0000 - 0x00007ffe40bbc000 	C:\WINDOWS\SYSTEM32\CRYPTBASE.dll
0x00007ffe40660000 - 0x00007ffe4069b000 	C:\WINDOWS\SYSTEM32\IPHLPAPI.DLL
0x00007ffe41bd0000 - 0x00007ffe41bd8000 	C:\WINDOWS\System32\NSI.dll
0x00007ffe389b0000 - 0x00007ffe389c7000 	C:\WINDOWS\SYSTEM32\dhcpcsvc6.DLL
0x00007ffe38e60000 - 0x00007ffe38e7d000 	C:\WINDOWS\SYSTEM32\dhcpcsvc.DLL
0x00007ffe406b0000 - 0x00007ffe4077c000 	C:\WINDOWS\SYSTEM32\DNSAPI.dll

dbghelp: loaded successfully - version: 4.0.5 - missing functions: none
symbol engine: initialized successfully - sym options: 0x614 - pdb path: .;C:\Program Files\Android\Android Studio\jre\bin;C:\WINDOWS\SYSTEM32;C:\WINDOWS\WinSxS\amd64_microsoft.windows.common-controls_6595b64144ccf1df_6.0.19041.1110_none_60b5254171f9507e;C:\Program Files\Android\Android Studio\jre\bin\server;C:\Users\UGTECH\.gradle\native\8bec1ad78214c89d9ad589b4d07fe93259594b29d510b10fafb7a158f7737e5d\windows-amd64;C:\Users\UGTECH\.gradle\native\53dbd7edfb1c66fb8903c78663c9afc45aea4f116125fa6feffd364cf09443e8\windows-amd64

VM Arguments:
jvm_args: --add-opens=java.base/java.util=ALL-UNNAMED --add-opens=java.base/java.lang=ALL-UNNAMED --add-opens=java.base/java.lang.invoke=ALL-UNNAMED --add-opens=java.base/java.util=ALL-UNNAMED --add-opens=java.prefs/java.util.prefs=ALL-UNNAMED --add-opens=java.prefs/java.util.prefs=ALL-UNNAMED --add-opens=java.base/java.nio.charset=ALL-UNNAMED --add-opens=java.base/java.net=ALL-UNNAMED --add-opens=java.base/java.util.concurrent.atomic=ALL-UNNAMED -Xmx2048m -Dfile.encoding=UTF-8 -Duser.country=US -Duser.language=en -Duser.variant 
java_command: org.gradle.launcher.daemon.bootstrap.GradleDaemon 7.0.2
java_class_path (initial): C:\Users\UGTECH\.gradle\wrapper\dists\gradle-7.0.2-bin\857tjihv64xamwrf0h14cai3r\gradle-7.0.2\lib\gradle-launcher-7.0.2.jar
Launcher Type: SUN_STANDARD

[Global flags]
     intx CICompilerCount                          = 3                                         {product} {ergonomic}
     uint ConcGCThreads                            = 1                                         {product} {ergonomic}
     uint G1ConcRefinementThreads                  = 4                                         {product} {ergonomic}
   size_t G1HeapRegionSize                         = 1048576                                   {product} {ergonomic}
    uintx GCDrainStackTargetSize                   = 64                                        {product} {ergonomic}
   size_t InitialHeapSize                          = 130023424                                 {product} {ergonomic}
   size_t MarkStackSize                            = 4194304                                   {product} {ergonomic}
   size_t MaxHeapSize                              = 2147483648                                {product} {command line}
   size_t MaxNewSize                               = 1287651328                                {product} {ergonomic}
   size_t MinHeapDeltaBytes                        = 1048576                                   {product} {ergonomic}
    uintx NonNMethodCodeHeapSize                   = 5830732                                {pd product} {ergonomic}
    uintx NonProfiledCodeHeapSize                  = 122913754                              {pd product} {ergonomic}
    uintx ProfiledCodeHeapSize                     = 122913754                              {pd product} {ergonomic}
    uintx ReservedCodeCacheSize                    = 251658240                              {pd product} {ergonomic}
     bool SegmentedCodeCache                       = true                                      {product} {ergonomic}
     bool UseCompressedClassPointers               = true                                 {lp64_product} {ergonomic}
     bool UseCompressedOops                        = true                                 {lp64_product} {ergonomic}
     bool UseG1GC                                  = true                                      {product} {ergonomic}
     bool UseLargePagesIndividualAllocation        = false                                  {pd product} {ergonomic}

Logging:
Log output configuration:
 #0: stdout all=warning uptime,level,tags
 #1: stderr all=off uptime,level,tags

Environment Variables:
JAVA_HOME=E:\sdk-tools-windows-4333796\tools\bin\java sdk
PATH=C:\Program Files (x86)\Intel\iCLS Client\;C:\Program Files\Intel\iCLS Client\;C:\WINDOWS\system32;C:\WINDOWS;C:\WINDOWS\System32\Wbem;C:\WINDOWS\System32\WindowsPowerShell\v1.0\;C:\Program Files (x86)\Intel\Intel(R) Management Engine Components\DAL;C:\Program Files\Intel\Intel(R) Management Engine Components\DAL;C:\Program Files (x86)\Intel\Intel(R) Management Engine Components\IPT;C:\Program Files\Intel\Intel(R) Management Engine Components\IPT;C:\WINDOWS\System32\OpenSSH\;C:\Users\UGTECH\AppData\Roaming\nvm;C:\Program Files\nodejs;E:\Git\cmd;C:\Program Files\Intel\WiFi\bin\;C:\Program Files\Common Files\Intel\WirelessCommon\;E:\nodejs\;C:\Users\UGTECH\AppData\Local\Programs\Python\Python38-32\Scripts\;C:\Users\UGTECH\AppData\Local\Programs\Python\Python38-32\;C:\Program Files\MySQL\MySQL Shell 8.0\bin\;E:\Microsoft VS Code\bin;C:\Users\UGTECH\AppData\Local\Microsoft\WindowsApps;E:\flutter\bin;E:\sdk-tools-windows-4333796\tools;C:\ProgramData\Microsoft\Windows\Start Menu\Programs\Android Studio;C:\Program Files\Android\Android Studio\bin;E:\sdk-tools-windows-4333796\tools\bin\build-tools\29.0.2;E:\sdk-tools-windows-4333796\tools\bin\platform-tools;E:\sdk-tools-windows-4333796\tools\bin\tools;E:\sdk-tools-windows-4333796\tools\bin\java sdk\bin;E:\PHP 7;C:\Users\UGTECH\AppData\Roaming\Python\Python38\Scripts;C:\Users\UGTECH\AppData\Roaming\nvm;C:\Program Files\nodejs;C:\Users\UGTECH\AppData\Local\GitHubDesktop\bin;'C:\Users\UGTECH\AppData\Local\Packages\PythonSoftwareFoundation.Python.3.8_qbz5n2kfra8p0\LocalCache\local-packages\Python38\Scripts;C:\Program Files\Intel\WiFi\bin\;C:\Program Files\Common Files\Intel\WirelessCommon\;"E:\Git\mingw64\bin;C:\MinGW\bin\";;C:\Users\UGTECH\AppData\Local\Microsoft\WindowsApps;C:\Users\UGTECH\AppData\Roaming\npm
USERNAME=ROSH PC
OS=Windows_NT
PROCESSOR_IDENTIFIER=Intel64 Family 6 Model 60 Stepping 3, GenuineIntel



---------------  S Y S T E M  ---------------

OS: Windows 10 , 64 bit Build 19041 (10.0.19041.1151)
OS uptime: 52 days 1:50 hours

CPU:total 4 (initial active 4) (2 cores per cpu, 2 threads per core) family 6 model 60 stepping 3 microcode 0x27, cmov, cx8, fxsr, mmx, sse, sse2, sse3, ssse3, sse4.1, sse4.2, popcnt, avx, avx2, aes, clmul, erms, lzcnt, ht, tsc, tscinvbit, bmi1, bmi2, fma

Memory: 4k page, system-wide physical 7876M (541M free)
TotalPageFile size 9756M (AvailPageFile size 6M)
current process WorkingSet (physical memory assigned to process): 772M, peak: 774M
current process commit charge ("private bytes"): 838M, peak: 841M

vm_info: OpenJDK 64-Bit Server VM (11.0.10+0-b96-7249189) for windows-amd64 JRE (11.0.10+0-b96-7249189), built on Mar 31 2021 21:44:00 by "builder" with MS VC++ 14.0 (VS2015)

END.
