#
# There is insufficient memory for the Java Runtime Environment to continue.
# Native memory allocation (mmap) failed to map 54525952 bytes for Failed to commit area from 0x0000000090200000 to 0x0000000093600000 of length 54525952.
# Possible reasons:
#   The system is out of physical RAM or swap space
#   The process is running with CompressedOops enabled, and the Java Heap may be blocking the growth of the native heap
# Possible solutions:
#   Reduce memory load on the system
#   Increase physical memory or swap space
#   Check if swap backing store is full
#   Decrease Java heap size (-Xmx/-Xms)
#   Decrease number of Java threads
#   Decrease Java thread stack sizes (-Xss)
#   Set larger code cache with -XX:ReservedCodeCacheSize=
#   JVM is running with Unscaled Compressed Oops mode in which the Java heap is
#     placed in the first 4GB address space. The Java Heap base address is the
#     maximum limit for the native heap growth. Please use -XX:HeapBaseMinAddress
#     to set the Java Heap base and to place the Java Heap above 4GB virtual address.
# This output file may be truncated or incomplete.
#
#  Out of Memory Error (./src/hotspot/os/windows/os_windows.cpp:3301), pid=14616, tid=1800
#
# JRE version: OpenJDK Runtime Environment (11.0.10) (build 11.0.10+0-b96-7249189)
# Java VM: OpenJDK 64-Bit Server VM (11.0.10+0-b96-7249189, mixed mode, tiered, compressed oops, g1 gc, windows-amd64)
# No core dump will be written. Minidumps are not enabled by default on client versions of Windows
#

---------------  S U M M A R Y ------------

Command Line: --add-opens=java.base/java.util=ALL-UNNAMED --add-opens=java.base/java.lang=ALL-UNNAMED --add-opens=java.base/java.lang.invoke=ALL-UNNAMED --add-opens=java.base/java.util=ALL-UNNAMED --add-opens=java.prefs/java.util.prefs=ALL-UNNAMED --add-opens=java.prefs/java.util.prefs=ALL-UNNAMED --add-opens=java.base/java.nio.charset=ALL-UNNAMED --add-opens=java.base/java.net=ALL-UNNAMED --add-opens=java.base/java.util.concurrent.atomic=ALL-UNNAMED -Xmx2048m -Dfile.encoding=UTF-8 -Duser.country=US -Duser.language=en -Duser.variant org.gradle.launcher.daemon.bootstrap.GradleDaemon 7.0.2

Host: Intel(R) Core(TM) i5-4300M CPU @ 2.60GHz, 4 cores, 7G,  Windows 10 , 64 bit Build 19041 (10.0.19041.1151)
Time: Sun Oct 10 13:41:31 2021 India Standard Time elapsed time: 91.948420 seconds (0d 0h 1m 31s)

---------------  T H R E A D  ---------------

Current thread (0x000002303aed7000):  VMThread "VM Thread" [stack: 0x000000bf52a00000,0x000000bf52b00000] [id=1800]

Stack: [0x000000bf52a00000,0x000000bf52b00000]
[error occurred during error reporting (printing stack bounds), id 0xc0000005, EXCEPTION_ACCESS_VIOLATION (0xc0000005) at pc=0x0000023024660f2d]

Native frames: (J=compiled Java code, j=interpreted, Vv=VM code, C=native code)
V  [jvm.dll+0x5ecfaa]
V  [jvm.dll+0x722bd5]
V  [jvm.dll+0x72412d]
V  [jvm.dll+0x724745]
V  [jvm.dll+0x7246fb]
V  [jvm.dll+0x5ec348]
V  [jvm.dll+0x5ecad8]
C  [ntdll.dll+0xa217f]
C  [ntdll.dll+0x51454]
C  [ntdll.dll+0xa0cae]
C  0x0000023024660f2d

VM_Operation (0x000000bf554f8f80): G1CollectForAllocation, mode: safepoint, requested by thread 0x000002303ecdd000


---------------  P R O C E S S  ---------------

Threads class SMR info:
_java_thread_list=0x000002304b1188a0, length=55, elements={
0x000002301f3a1000, 0x000002303aede800, 0x000002303aee1800, 0x000002303b882800,
0x000002303aef7800, 0x000002303aef9800, 0x000002303aefe800, 0x000002303af07800,
0x000002303af09000, 0x000002303b9c5000, 0x000002303c86f800, 0x000002303bc17000,
0x000002303db82000, 0x000002303de94000, 0x000002303c8d6800, 0x000002303d67a800,
0x000002303c942800, 0x000002303c630800, 0x000002303db12000, 0x000002303db13000,
0x000002303db13800, 0x000002303db14800, 0x000002303db0f000, 0x000002303db15800,
0x000002303db0f800, 0x000002303db10800, 0x000002303ecd9000, 0x000002303ecd3000,
0x000002303ecd7000, 0x000002303ecd4800, 0x000002303ecd9800, 0x000002303ecdb800,
0x000002303ecd6800, 0x000002303ece0000, 0x000002303ecdf800, 0x000002303ecdd800,
0x000002303ecdd000, 0x000002303ecde800, 0x000002303ece2000, 0x000002303ece1000,
0x0000023041f1b000, 0x0000023041f1c000, 0x0000023041f17000, 0x0000023041f18800,
0x0000023041f19800, 0x0000023041f16800, 0x0000023041f1e800, 0x0000023041f1a800,
0x0000023041f20000, 0x0000023041f21000, 0x0000023041f21800, 0x0000023041f22800,
0x0000023041f1f800, 0x0000023041f1d000, 0x000002304236f000
}

Java Threads: ( => current thread )
  0x000002301f3a1000 JavaThread "main" [_thread_blocked, id=19584, stack(0x000000bf52400000,0x000000bf52500000)]
  0x000002303aede800 JavaThread "Reference Handler" daemon [_thread_blocked, id=524, stack(0x000000bf52b00000,0x000000bf52c00000)]
  0x000002303aee1800 JavaThread "Finalizer" daemon [_thread_blocked, id=16012, stack(0x000000bf52c00000,0x000000bf52d00000)]
  0x000002303b882800 JavaThread "Signal Dispatcher" daemon [_thread_blocked, id=8292, stack(0x000000bf52d00000,0x000000bf52e00000)]
  0x000002303aef7800 JavaThread "Attach Listener" daemon [_thread_blocked, id=18896, stack(0x000000bf52e00000,0x000000bf52f00000)]
  0x000002303aef9800 JavaThread "Service Thread" daemon [_thread_blocked, id=4552, stack(0x000000bf52f00000,0x000000bf53000000)]
  0x000002303aefe800 JavaThread "C2 CompilerThread0" daemon [_thread_in_native, id=11304, stack(0x000000bf53000000,0x000000bf53100000)]
  0x000002303af07800 JavaThread "C1 CompilerThread0" daemon [_thread_blocked, id=19252, stack(0x000000bf53100000,0x000000bf53200000)]
  0x000002303af09000 JavaThread "Sweeper thread" daemon [_thread_blocked, id=4752, stack(0x000000bf53200000,0x000000bf53300000)]
  0x000002303b9c5000 JavaThread "Common-Cleaner" daemon [_thread_blocked, id=18232, stack(0x000000bf53300000,0x000000bf53400000)]
  0x000002303c86f800 JavaThread "Daemon health stats" [_thread_blocked, id=20224, stack(0x000000bf53700000,0x000000bf53800000)]
  0x000002303bc17000 JavaThread "Incoming local TCP Connector on port 64467" [_thread_in_native, id=23404, stack(0x000000bf53500000,0x000000bf53600000)]
  0x000002303db82000 JavaThread "Daemon periodic checks" [_thread_blocked, id=18672, stack(0x000000bf53800000,0x000000bf53900000)]
  0x000002303de94000 JavaThread "Daemon" [_thread_blocked, id=9972, stack(0x000000bf53900000,0x000000bf53a00000)]
  0x000002303c8d6800 JavaThread "Handler for socket connection from /127.0.0.1:64467 to /127.0.0.1:64468" [_thread_in_native, id=19660, stack(0x000000bf53a00000,0x000000bf53b00000)]
  0x000002303d67a800 JavaThread "Cancel handler" [_thread_blocked, id=23252, stack(0x000000bf53b00000,0x000000bf53c00000)]
  0x000002303c942800 JavaThread "Daemon worker" [_thread_blocked, id=23028, stack(0x000000bf53c00000,0x000000bf53d00000)]
  0x000002303c630800 JavaThread "Asynchronous log dispatcher for DefaultDaemonConnection: socket connection from /127.0.0.1:64467 to /127.0.0.1:64468" [_thread_blocked, id=19888, stack(0x000000bf53d00000,0x000000bf53e00000)]
  0x000002303db12000 JavaThread "Daemon client event forwarder" [_thread_blocked, id=20180, stack(0x000000bf53f00000,0x000000bf54000000)]
  0x000002303db13000 JavaThread "Cache worker for file hash cache (C:\Users\UGTECH\.gradle\caches\7.0.2\fileHashes)" [_thread_blocked, id=6460, stack(0x000000bf54000000,0x000000bf54100000)]
  0x000002303db13800 JavaThread "File lock request listener" [_thread_in_native, id=23088, stack(0x000000bf54100000,0x000000bf54200000)]
  0x000002303db14800 JavaThread "Cache worker for journal cache (C:\Users\UGTECH\.gradle\caches\journal-1)" [_thread_blocked, id=12392, stack(0x000000bf54400000,0x000000bf54500000)]
  0x000002303db0f000 JavaThread "Cache worker for file hash cache (C:\Users\UGTECH\Desktop\Agile Health\DoctorsApp\HealthApp\.gradle\7.0.2\fileHashes)" [_thread_blocked, id=22540, stack(0x000000bf54600000,0x000000bf54700000)]
  0x000002303db15800 JavaThread "File watcher server" daemon [_thread_blocked, id=8484, stack(0x000000bf54700000,0x000000bf54800000)]
  0x000002303db0f800 JavaThread "File watcher consumer" daemon [_thread_blocked, id=20832, stack(0x000000bf54800000,0x000000bf54900000)]
  0x000002303db10800 JavaThread "Cache worker for checksums cache (C:\Users\UGTECH\Desktop\Agile Health\DoctorsApp\HealthApp\.gradle\checksums)" [_thread_blocked, id=20184, stack(0x000000bf54900000,0x000000bf54a00000)]
  0x000002303ecd9000 JavaThread "Cache worker for cache directory md-supplier (C:\Users\UGTECH\.gradle\caches\7.0.2\md-supplier)" [_thread_blocked, id=21776, stack(0x000000bf54a00000,0x000000bf54b00000)]
  0x000002303ecd3000 JavaThread "Cache worker for cache directory md-rule (C:\Users\UGTECH\.gradle\caches\7.0.2\md-rule)" [_thread_blocked, id=12888, stack(0x000000bf54b00000,0x000000bf54c00000)]
  0x000002303ecd7000 JavaThread "Cache worker for execution history cache (C:\Users\UGTECH\.gradle\caches\7.0.2\executionHistory)" [_thread_blocked, id=22376, stack(0x000000bf54c00000,0x000000bf54d00000)]
  0x000002303ecd4800 JavaThread "jar transforms" [_thread_blocked, id=9456, stack(0x000000bf54d00000,0x000000bf54e00000)]
  0x000002303ecd9800 JavaThread "jar transforms Thread 2" [_thread_blocked, id=4440, stack(0x000000bf54e00000,0x000000bf54f00000)]
  0x000002303ecdb800 JavaThread "Cache worker for file content cache (C:\Users\UGTECH\.gradle\caches\7.0.2\fileContent)" [_thread_blocked, id=23004, stack(0x000000bf54f00000,0x000000bf55000000)]
  0x000002303ecd6800 JavaThread "Cache worker for dependencies-accessors (C:\Users\UGTECH\Desktop\Agile Health\DoctorsApp\HealthApp\.gradle\7.0.2\dependencies-accessors)" [_thread_blocked, id=21680, stack(0x000000bf55000000,0x000000bf55100000)]
  0x000002303ece0000 JavaThread "jar transforms Thread 3" [_thread_blocked, id=8456, stack(0x000000bf55100000,0x000000bf55200000)]
  0x000002303ecdf800 JavaThread "Cache worker for Build Output Cleanup Cache (C:\Users\UGTECH\Desktop\Agile Health\DoctorsApp\HealthApp\.gradle\buildOutputCleanup)" [_thread_blocked, id=19376, stack(0x000000bf55200000,0x000000bf55300000)]
  0x000002303ecdd800 JavaThread "Build operations" [_thread_blocked, id=23316, stack(0x000000bf55300000,0x000000bf55400000)]
  0x000002303ecdd000 JavaThread "Build operations Thread 2" [_thread_blocked, id=4908, stack(0x000000bf55400000,0x000000bf55500000)]
  0x000002303ecde800 JavaThread "Build operations Thread 3" [_thread_blocked, id=22060, stack(0x000000bf55500000,0x000000bf55600000)]
  0x000002303ece2000 JavaThread "Build operations Thread 4" [_thread_blocked, id=23144, stack(0x000000bf55600000,0x000000bf55700000)]
  0x000002303ece1000 JavaThread "jar transforms Thread 4" [_thread_blocked, id=23468, stack(0x000000bf55700000,0x000000bf55800000)]
  0x0000023041f1b000 JavaThread "Memory manager" [_thread_blocked, id=23456, stack(0x000000bf55800000,0x000000bf55900000)]
  0x0000023041f1c000 JavaThread "build event listener" [_thread_blocked, id=23220, stack(0x000000bf55900000,0x000000bf55a00000)]
  0x0000023041f17000 JavaThread "Execution worker for ':'" [_thread_blocked, id=22664, stack(0x000000bf55a00000,0x000000bf55b00000)]
  0x0000023041f18800 JavaThread "Execution worker for ':' Thread 2" [_thread_blocked, id=21976, stack(0x000000bf55b00000,0x000000bf55c00000)]
  0x0000023041f19800 JavaThread "Execution worker for ':' Thread 3" [_thread_blocked, id=21852, stack(0x000000bf55c00000,0x000000bf55d00000)]
  0x0000023041f16800 JavaThread "Cache worker for execution history cache (C:\Users\UGTECH\Desktop\Agile Health\DoctorsApp\HealthApp\.gradle\7.0.2\executionHistory)" [_thread_blocked, id=10248, stack(0x000000bf55d00000,0x000000bf55e00000)]
  0x0000023041f1e800 JavaThread "RMI Scheduler(0)" daemon [_thread_blocked, id=14232, stack(0x000000bf55e00000,0x000000bf55f00000)]
  0x0000023041f1a800 JavaThread "RMI GC Daemon" daemon [_thread_blocked, id=10032, stack(0x000000bf56000000,0x000000bf56100000)]
  0x0000023041f20000 JavaThread "RMI TCP Accept-0" daemon [_thread_in_native, id=18352, stack(0x000000bf56100000,0x000000bf56200000)]
  0x0000023041f21000 JavaThread "RMI Reaper" [_thread_blocked, id=19644, stack(0x000000bf56200000,0x000000bf56300000)]
  0x0000023041f21800 JavaThread "RMI TCP Connection(idle)" daemon [_thread_blocked, id=22676, stack(0x000000bf56300000,0x000000bf56400000)]
  0x0000023041f22800 JavaThread "Cache worker for Java compile cache (C:\Users\UGTECH\.gradle\caches\7.0.2\javaCompile)" [_thread_blocked, id=8428, stack(0x000000bf55f00000,0x000000bf56000000)]
  0x0000023041f1f800 JavaThread "Cache worker for Java compile cache (C:\Users\UGTECH\Desktop\Agile Health\DoctorsApp\HealthApp\.gradle\7.0.2\javaCompile)" [_thread_blocked, id=15288, stack(0x000000bf56500000,0x000000bf56600000)]
  0x0000023041f1d000 JavaThread "WorkerExecutor Queue" [_thread_blocked, id=20620, stack(0x000000bf56600000,0x000000bf56700000)]
  0x000002304236f000 JavaThread "C2 CompilerThread1" daemon [_thread_in_native, id=22204, stack(0x000000bf56700000,0x000000bf56800000)]

Other Threads:
=>0x000002303aed7000 VMThread "VM Thread" [stack: 0x000000bf52a00000,0x000000bf52b00000] [id=1800]
  0x000002303b9fe000 WatcherThread [stack: 0x000000bf53400000,0x000000bf53500000] [id=9452]
  0x000002301f3b9000 GCTaskThread "GC Thread#0" [stack: 0x000000bf52500000,0x000000bf52600000] [id=3844]
  0x000002303c148000 GCTaskThread "GC Thread#1" [stack: 0x000000bf53600000,0x000000bf53700000] [id=15588]
  0x000002303eb17000 GCTaskThread "GC Thread#2" [stack: 0x000000bf54200000,0x000000bf54300000] [id=22308]
  0x000002303dbfd000 GCTaskThread "GC Thread#3" [stack: 0x000000bf54300000,0x000000bf54400000] [id=15148]
  0x000002301f3ea000 ConcurrentGCThread "G1 Main Marker" [stack: 0x000000bf52600000,0x000000bf52700000] [id=16488]
  0x000002301f3eb800 ConcurrentGCThread "G1 Conc#0" [stack: 0x000000bf52700000,0x000000bf52800000] [id=29296]
  0x000002301f477800 ConcurrentGCThread "G1 Refine#0" [stack: 0x000000bf52800000,0x000000bf52900000] [id=19632]
  0x0000023042762800 ConcurrentGCThread "G1 Refine#1" [stack: 0x000000bf52100000,0x000000bf52200000] [id=24572]
  0x000002301f478800 ConcurrentGCThread "G1 Young RemSet Sampling" [stack: 0x000000bf52900000,0x000000bf52a00000] [id=17352]

Threads with active compile tasks:
C2 CompilerThread0  91967 16896       4       com.android.tools.r8.internal.W4::<init> (252 bytes)
C2 CompilerThread1  91968 17178 %     4       com.android.tools.r8.ir.regalloc.a::a @ 66 (946 bytes)

VM state:at safepoint (normal execution)

VM Mutex/Monitor currently owned by a thread:  ([mutex/lock_event])
[0x000002301f39c9e0] Threads_lock - owner thread: 0x000002303aed7000
[0x000002301f39c440] Heap_lock - owner thread: 0x000002303ecdd000

Heap address: 0x0000000080000000, size: 2048 MB, Compressed Oops mode: 32-bit
Narrow klass base: 0x0000000000000000, Narrow klass shift: 3
Compressed class space size: 1073741824 Address: 0x0000000100000000

Heap:
 garbage-first heap   total 317440K, used 175441K [0x0000000080000000, 0x0000000100000000)
  region size 1024K, 4 young (4096K), 4 survivors (4096K)
 Metaspace       used 114379K, capacity 117411K, committed 117564K, reserved 1150976K
  class space    used 14759K, capacity 15841K, committed 15872K, reserved 1048576K
Heap Regions: E=young(eden), S=young(survivor), O=old, HS=humongous(starts), HC=humongous(continues), CS=collection set, F=free, A=archive, TAMS=top-at-mark-start (previous, next)
|   0|0x0000000080000000, 0x0000000080100000, 0x0000000080100000|100%| O|  |TAMS 0x0000000080100000, 0x0000000080000000| Untracked 
|   1|0x0000000080100000, 0x0000000080200000, 0x0000000080200000|100%| O|  |TAMS 0x0000000080200000, 0x0000000080100000| Untracked 
|   2|0x0000000080200000, 0x0000000080300000, 0x0000000080300000|100%| O|  |TAMS 0x0000000080300000, 0x0000000080200000| Untracked 
|   3|0x0000000080300000, 0x0000000080400000, 0x0000000080400000|100%|HS|  |TAMS 0x0000000080400000, 0x0000000080300000| Complete 
|   4|0x0000000080400000, 0x0000000080500000, 0x0000000080500000|100%|HC|  |TAMS 0x0000000080500000, 0x0000000080400000| Complete 
|   5|0x0000000080500000, 0x0000000080600000, 0x0000000080600000|100%|HC|  |TAMS 0x0000000080600000, 0x0000000080500000| Complete 
|   6|0x0000000080600000, 0x0000000080700000, 0x0000000080700000|100%| O|  |TAMS 0x0000000080700000, 0x0000000080600000| Untracked 
|   7|0x0000000080700000, 0x0000000080800000, 0x0000000080800000|100%| O|  |TAMS 0x0000000080800000, 0x0000000080700000| Untracked 
|   8|0x0000000080800000, 0x0000000080900000, 0x0000000080900000|100%| O|  |TAMS 0x0000000080900000, 0x0000000080800000| Untracked 
|   9|0x0000000080900000, 0x0000000080a00000, 0x0000000080a00000|100%| O|  |TAMS 0x0000000080a00000, 0x0000000080900000| Untracked 
|  10|0x0000000080a00000, 0x0000000080b00000, 0x0000000080b00000|100%| O|  |TAMS 0x0000000080b00000, 0x0000000080a00000| Untracked 
|  11|0x0000000080b00000, 0x0000000080c00000, 0x0000000080c00000|100%| O|  |TAMS 0x0000000080c00000, 0x0000000080b00000| Untracked 
|  12|0x0000000080c00000, 0x0000000080d00000, 0x0000000080d00000|100%| O|  |TAMS 0x0000000080d00000, 0x0000000080c00000| Untracked 
|  13|0x0000000080d00000, 0x0000000080e00000, 0x0000000080e00000|100%| O|  |TAMS 0x0000000080e00000, 0x0000000080d00000| Untracked 
|  14|0x0000000080e00000, 0x0000000080f00000, 0x0000000080f00000|100%| O|  |TAMS 0x0000000080f00000, 0x0000000080e00000| Untracked 
|  15|0x0000000080f00000, 0x0000000081000000, 0x0000000081000000|100%| O|  |TAMS 0x0000000081000000, 0x0000000080f00000| Untracked 
|  16|0x0000000081000000, 0x0000000081100000, 0x0000000081100000|100%| O|  |TAMS 0x0000000081100000, 0x0000000081000000| Untracked 
|  17|0x0000000081100000, 0x0000000081200000, 0x0000000081200000|100%| O|  |TAMS 0x0000000081200000, 0x0000000081100000| Untracked 
|  18|0x0000000081200000, 0x0000000081300000, 0x0000000081300000|100%| O|  |TAMS 0x0000000081300000, 0x0000000081200000| Untracked 
|  19|0x0000000081300000, 0x0000000081400000, 0x0000000081400000|100%| O|  |TAMS 0x0000000081400000, 0x0000000081300000| Untracked 
|  20|0x0000000081400000, 0x0000000081500000, 0x0000000081500000|100%|HS|  |TAMS 0x0000000081500000, 0x0000000081400000| Complete 
|  21|0x0000000081500000, 0x0000000081600000, 0x0000000081600000|100%| O|  |TAMS 0x0000000081600000, 0x0000000081500000| Untracked 
|  22|0x0000000081600000, 0x0000000081700000, 0x0000000081700000|100%| O|  |TAMS 0x0000000081700000, 0x0000000081600000| Untracked 
|  23|0x0000000081700000, 0x0000000081800000, 0x0000000081800000|100%|HS|  |TAMS 0x0000000081800000, 0x0000000081700000| Complete 
|  24|0x0000000081800000, 0x0000000081900000, 0x0000000081900000|100%|HS|  |TAMS 0x0000000081900000, 0x0000000081800000| Complete 
|  25|0x0000000081900000, 0x0000000081a00000, 0x0000000081a00000|100%|HS|  |TAMS 0x0000000081a00000, 0x0000000081900000| Complete 
|  26|0x0000000081a00000, 0x0000000081b00000, 0x0000000081b00000|100%|HC|  |TAMS 0x0000000081b00000, 0x0000000081a00000| Complete 
|  27|0x0000000081b00000, 0x0000000081c00000, 0x0000000081c00000|100%|HC|  |TAMS 0x0000000081c00000, 0x0000000081b00000| Complete 
|  28|0x0000000081c00000, 0x0000000081d00000, 0x0000000081d00000|100%|HS|  |TAMS 0x0000000081d00000, 0x0000000081c00000| Complete 
|  29|0x0000000081d00000, 0x0000000081e00000, 0x0000000081e00000|100%|HC|  |TAMS 0x0000000081e00000, 0x0000000081d00000| Complete 
|  30|0x0000000081e00000, 0x0000000081f00000, 0x0000000081f00000|100%| O|  |TAMS 0x0000000081f00000, 0x0000000081e00000| Untracked 
|  31|0x0000000081f00000, 0x0000000082000000, 0x0000000082000000|100%| O|  |TAMS 0x0000000082000000, 0x0000000081f00000| Untracked 
|  32|0x0000000082000000, 0x0000000082100000, 0x0000000082100000|100%| O|  |TAMS 0x0000000082100000, 0x0000000082000000| Untracked 
|  33|0x0000000082100000, 0x0000000082200000, 0x0000000082200000|100%| O|  |TAMS 0x0000000082200000, 0x0000000082100000| Untracked 
|  34|0x0000000082200000, 0x0000000082300000, 0x0000000082300000|100%| O|  |TAMS 0x0000000082300000, 0x0000000082200000| Untracked 
|  35|0x0000000082300000, 0x0000000082400000, 0x0000000082400000|100%| O|  |TAMS 0x0000000082400000, 0x0000000082300000| Untracked 
|  36|0x0000000082400000, 0x0000000082500000, 0x0000000082500000|100%| O|  |TAMS 0x0000000082500000, 0x0000000082400000| Untracked 
|  37|0x0000000082500000, 0x0000000082600000, 0x0000000082600000|100%| O|  |TAMS 0x0000000082600000, 0x0000000082500000| Untracked 
|  38|0x0000000082600000, 0x0000000082700000, 0x0000000082700000|100%| O|  |TAMS 0x0000000082700000, 0x0000000082600000| Untracked 
|  39|0x0000000082700000, 0x0000000082800000, 0x0000000082800000|100%| O|  |TAMS 0x0000000082800000, 0x0000000082700000| Untracked 
|  40|0x0000000082800000, 0x0000000082900000, 0x0000000082900000|100%| O|  |TAMS 0x0000000082900000, 0x0000000082800000| Untracked 
|  41|0x0000000082900000, 0x0000000082a00000, 0x0000000082a00000|100%| O|  |TAMS 0x0000000082a00000, 0x0000000082900000| Untracked 
|  42|0x0000000082a00000, 0x0000000082b00000, 0x0000000082b00000|100%| O|  |TAMS 0x0000000082b00000, 0x0000000082a00000| Untracked 
|  43|0x0000000082b00000, 0x0000000082c00000, 0x0000000082c00000|100%| O|  |TAMS 0x0000000082c00000, 0x0000000082b00000| Untracked 
|  44|0x0000000082c00000, 0x0000000082d00000, 0x0000000082d00000|100%| O|  |TAMS 0x0000000082d00000, 0x0000000082c00000| Untracked 
|  45|0x0000000082d00000, 0x0000000082e00000, 0x0000000082e00000|100%| O|  |TAMS 0x0000000082e00000, 0x0000000082d00000| Untracked 
|  46|0x0000000082e00000, 0x0000000082f00000, 0x0000000082f00000|100%| O|  |TAMS 0x0000000082f00000, 0x0000000082e00000| Untracked 
|  47|0x0000000082f00000, 0x0000000083000000, 0x0000000083000000|100%| O|  |TAMS 0x0000000083000000, 0x0000000082f00000| Untracked 
|  48|0x0000000083000000, 0x0000000083100000, 0x0000000083100000|100%| O|  |TAMS 0x0000000083100000, 0x0000000083000000| Untracked 
|  49|0x0000000083100000, 0x0000000083200000, 0x0000000083200000|100%| O|  |TAMS 0x0000000083200000, 0x0000000083100000| Untracked 
|  50|0x0000000083200000, 0x0000000083300000, 0x0000000083300000|100%| O|  |TAMS 0x0000000083300000, 0x0000000083200000| Untracked 
|  51|0x0000000083300000, 0x0000000083400000, 0x0000000083400000|100%| O|  |TAMS 0x0000000083400000, 0x0000000083300000| Untracked 
|  52|0x0000000083400000, 0x0000000083500000, 0x0000000083500000|100%| O|  |TAMS 0x0000000083500000, 0x0000000083400000| Untracked 
|  53|0x0000000083500000, 0x0000000083600000, 0x0000000083600000|100%| O|  |TAMS 0x0000000083600000, 0x0000000083500000| Untracked 
|  54|0x0000000083600000, 0x0000000083700000, 0x0000000083700000|100%| O|  |TAMS 0x0000000083700000, 0x0000000083600000| Untracked 
|  55|0x0000000083700000, 0x0000000083800000, 0x0000000083800000|100%| O|  |TAMS 0x0000000083800000, 0x0000000083700000| Untracked 
|  56|0x0000000083800000, 0x0000000083900000, 0x0000000083900000|100%| O|  |TAMS 0x0000000083900000, 0x0000000083800000| Untracked 
|  57|0x0000000083900000, 0x0000000083a00000, 0x0000000083a00000|100%| O|  |TAMS 0x0000000083a00000, 0x0000000083900000| Untracked 
|  58|0x0000000083a00000, 0x0000000083b00000, 0x0000000083b00000|100%| O|  |TAMS 0x0000000083b00000, 0x0000000083a00000| Untracked 
|  59|0x0000000083b00000, 0x0000000083c00000, 0x0000000083c00000|100%| O|  |TAMS 0x0000000083c00000, 0x0000000083b00000| Untracked 
|  60|0x0000000083c00000, 0x0000000083d00000, 0x0000000083d00000|100%| O|  |TAMS 0x0000000083d00000, 0x0000000083c00000| Untracked 
|  61|0x0000000083d00000, 0x0000000083e00000, 0x0000000083e00000|100%| O|  |TAMS 0x0000000083e00000, 0x0000000083d00000| Untracked 
|  62|0x0000000083e00000, 0x0000000083f00000, 0x0000000083f00000|100%| O|  |TAMS 0x0000000083f00000, 0x0000000083e00000| Untracked 
|  63|0x0000000083f00000, 0x0000000084000000, 0x0000000084000000|100%| O|  |TAMS 0x0000000084000000, 0x0000000083f00000| Untracked 
|  64|0x0000000084000000, 0x0000000084100000, 0x0000000084100000|100%| O|  |TAMS 0x0000000084100000, 0x0000000084000000| Untracked 
|  65|0x0000000084100000, 0x0000000084200000, 0x0000000084200000|100%| O|  |TAMS 0x0000000084200000, 0x0000000084100000| Untracked 
|  66|0x0000000084200000, 0x0000000084300000, 0x0000000084300000|100%| O|  |TAMS 0x0000000084300000, 0x0000000084200000| Untracked 
|  67|0x0000000084300000, 0x0000000084400000, 0x0000000084400000|100%| O|  |TAMS 0x0000000084400000, 0x0000000084300000| Untracked 
|  68|0x0000000084400000, 0x0000000084500000, 0x0000000084500000|100%| O|  |TAMS 0x0000000084500000, 0x0000000084400000| Untracked 
|  69|0x0000000084500000, 0x0000000084600000, 0x0000000084600000|100%| O|  |TAMS 0x0000000084600000, 0x0000000084500000| Untracked 
|  70|0x0000000084600000, 0x0000000084700000, 0x0000000084700000|100%| O|  |TAMS 0x0000000084700000, 0x0000000084600000| Untracked 
|  71|0x0000000084700000, 0x0000000084800000, 0x0000000084800000|100%| O|  |TAMS 0x0000000084800000, 0x0000000084700000| Untracked 
|  72|0x0000000084800000, 0x0000000084900000, 0x0000000084900000|100%| O|  |TAMS 0x0000000084900000, 0x0000000084800000| Untracked 
|  73|0x0000000084900000, 0x0000000084a00000, 0x0000000084a00000|100%| O|  |TAMS 0x0000000084a00000, 0x0000000084900000| Untracked 
|  74|0x0000000084a00000, 0x0000000084b00000, 0x0000000084b00000|100%| O|  |TAMS 0x0000000084b00000, 0x0000000084a00000| Untracked 
|  75|0x0000000084b00000, 0x0000000084c00000, 0x0000000084c00000|100%| O|  |TAMS 0x0000000084c00000, 0x0000000084b00000| Untracked 
|  76|0x0000000084c00000, 0x0000000084d00000, 0x0000000084d00000|100%| O|  |TAMS 0x0000000084d00000, 0x0000000084c00000| Untracked 
|  77|0x0000000084d00000, 0x0000000084e00000, 0x0000000084e00000|100%| O|  |TAMS 0x0000000084e00000, 0x0000000084d00000| Untracked 
|  78|0x0000000084e00000, 0x0000000084f00000, 0x0000000084f00000|100%|HS|  |TAMS 0x0000000084f00000, 0x0000000084e00000| Complete 
|  79|0x0000000084f00000, 0x0000000085000000, 0x0000000085000000|100%| O|  |TAMS 0x0000000085000000, 0x0000000084f00000| Untracked 
|  80|0x0000000085000000, 0x0000000085100000, 0x0000000085100000|100%| O|  |TAMS 0x0000000085100000, 0x0000000085000000| Untracked 
|  81|0x0000000085100000, 0x0000000085200000, 0x0000000085200000|100%| O|  |TAMS 0x0000000085200000, 0x0000000085100000| Untracked 
|  82|0x0000000085200000, 0x0000000085300000, 0x0000000085300000|100%| O|  |TAMS 0x0000000085300000, 0x0000000085200000| Untracked 
|  83|0x0000000085300000, 0x0000000085400000, 0x0000000085400000|100%| O|  |TAMS 0x0000000085400000, 0x0000000085300000| Untracked 
|  84|0x0000000085400000, 0x0000000085500000, 0x0000000085500000|100%| O|  |TAMS 0x0000000085500000, 0x0000000085400000| Untracked 
|  85|0x0000000085500000, 0x0000000085600000, 0x0000000085600000|100%| O|  |TAMS 0x0000000085600000, 0x0000000085500000| Untracked 
|  86|0x0000000085600000, 0x0000000085700000, 0x0000000085700000|100%| O|  |TAMS 0x0000000085700000, 0x0000000085600000| Untracked 
|  87|0x0000000085700000, 0x0000000085800000, 0x0000000085800000|100%| O|  |TAMS 0x0000000085700000, 0x0000000085700000| Untracked 
|  88|0x0000000085800000, 0x0000000085900000, 0x0000000085900000|100%| O|  |TAMS 0x0000000085900000, 0x0000000085800000| Untracked 
|  89|0x0000000085900000, 0x0000000085a00000, 0x0000000085a00000|100%| O|  |TAMS 0x0000000085a00000, 0x0000000085900000| Untracked 
|  90|0x0000000085a00000, 0x0000000085b00000, 0x0000000085b00000|100%| O|  |TAMS 0x0000000085b00000, 0x0000000085a00000| Untracked 
|  91|0x0000000085b00000, 0x0000000085c00000, 0x0000000085c00000|100%| O|  |TAMS 0x0000000085c00000, 0x0000000085b00000| Untracked 
|  92|0x0000000085c00000, 0x0000000085d00000, 0x0000000085d00000|100%| O|  |TAMS 0x0000000085d00000, 0x0000000085c00000| Untracked 
|  93|0x0000000085d00000, 0x0000000085e00000, 0x0000000085e00000|100%| O|  |TAMS 0x0000000085e00000, 0x0000000085d00000| Untracked 
|  94|0x0000000085e00000, 0x0000000085f00000, 0x0000000085f00000|100%| O|  |TAMS 0x0000000085f00000, 0x0000000085e00000| Untracked 
|  95|0x0000000085f00000, 0x0000000086000000, 0x0000000086000000|100%| O|  |TAMS 0x0000000086000000, 0x0000000085f00000| Untracked 
|  96|0x0000000086000000, 0x0000000086100000, 0x0000000086100000|100%| O|  |TAMS 0x0000000086100000, 0x0000000086000000| Untracked 
|  97|0x0000000086100000, 0x0000000086200000, 0x0000000086200000|100%| O|  |TAMS 0x0000000086200000, 0x0000000086100000| Untracked 
|  98|0x0000000086200000, 0x0000000086300000, 0x0000000086300000|100%| O|  |TAMS 0x0000000086300000, 0x0000000086200000| Untracked 
|  99|0x0000000086300000, 0x0000000086400000, 0x0000000086400000|100%| O|  |TAMS 0x0000000086400000, 0x0000000086300000| Untracked 
| 100|0x0000000086400000, 0x0000000086500000, 0x0000000086500000|100%| O|  |TAMS 0x0000000086500000, 0x0000000086400000| Untracked 
| 101|0x0000000086500000, 0x0000000086600000, 0x0000000086600000|100%| O|  |TAMS 0x0000000086600000, 0x0000000086500000| Untracked 
| 102|0x0000000086600000, 0x0000000086700000, 0x0000000086700000|100%| O|  |TAMS 0x0000000086700000, 0x0000000086600000| Untracked 
| 103|0x0000000086700000, 0x0000000086800000, 0x0000000086800000|100%| O|  |TAMS 0x0000000086800000, 0x0000000086700000| Untracked 
| 104|0x0000000086800000, 0x0000000086900000, 0x0000000086900000|100%| O|  |TAMS 0x0000000086900000, 0x0000000086800000| Untracked 
| 105|0x0000000086900000, 0x0000000086a00000, 0x0000000086a00000|100%| O|  |TAMS 0x0000000086a00000, 0x0000000086900000| Untracked 
| 106|0x0000000086a00000, 0x0000000086b00000, 0x0000000086b00000|100%| O|  |TAMS 0x0000000086b00000, 0x0000000086a00000| Untracked 
| 107|0x0000000086b00000, 0x0000000086c00000, 0x0000000086c00000|100%| O|  |TAMS 0x0000000086c00000, 0x0000000086b00000| Untracked 
| 108|0x0000000086c00000, 0x0000000086d00000, 0x0000000086d00000|100%| O|  |TAMS 0x0000000086c00000, 0x0000000086c00000| Untracked 
| 109|0x0000000086d00000, 0x0000000086e00000, 0x0000000086e00000|100%| O|  |TAMS 0x0000000086d78200, 0x0000000086d00000| Untracked 
| 110|0x0000000086e00000, 0x0000000086f00000, 0x0000000086f00000|100%| O|  |TAMS 0x0000000086f00000, 0x0000000086e00000| Untracked 
| 111|0x0000000086f00000, 0x0000000087000000, 0x0000000087000000|100%| O|  |TAMS 0x0000000087000000, 0x0000000086f00000| Untracked 
| 112|0x0000000087000000, 0x0000000087100000, 0x0000000087100000|100%| O|  |TAMS 0x0000000087100000, 0x0000000087000000| Untracked 
| 113|0x0000000087100000, 0x0000000087200000, 0x0000000087200000|100%| O|  |TAMS 0x0000000087200000, 0x0000000087100000| Untracked 
| 114|0x0000000087200000, 0x0000000087300000, 0x0000000087300000|100%| O|  |TAMS 0x0000000087300000, 0x0000000087200000| Untracked 
| 115|0x0000000087300000, 0x0000000087400000, 0x0000000087400000|100%| O|  |TAMS 0x0000000087400000, 0x0000000087300000| Untracked 
| 116|0x0000000087400000, 0x0000000087500000, 0x0000000087500000|100%| O|  |TAMS 0x0000000087500000, 0x0000000087400000| Untracked 
| 117|0x0000000087500000, 0x0000000087600000, 0x0000000087600000|100%| O|  |TAMS 0x0000000087600000, 0x0000000087500000| Untracked 
| 118|0x0000000087600000, 0x0000000087700000, 0x0000000087700000|100%| O|  |TAMS 0x0000000087700000, 0x0000000087600000| Untracked 
| 119|0x0000000087700000, 0x0000000087800000, 0x0000000087800000|100%| O|  |TAMS 0x0000000087800000, 0x0000000087700000| Untracked 
| 120|0x0000000087800000, 0x0000000087900000, 0x0000000087900000|100%| O|  |TAMS 0x0000000087900000, 0x0000000087800000| Untracked 
| 121|0x0000000087900000, 0x0000000087a00000, 0x0000000087a00000|100%| O|  |TAMS 0x0000000087a00000, 0x0000000087900000| Untracked 
| 122|0x0000000087a00000, 0x0000000087b00000, 0x0000000087b00000|100%| O|  |TAMS 0x0000000087b00000, 0x0000000087a00000| Untracked 
| 123|0x0000000087b00000, 0x0000000087c00000, 0x0000000087c00000|100%| O|  |TAMS 0x0000000087c00000, 0x0000000087b00000| Untracked 
| 124|0x0000000087c00000, 0x0000000087d00000, 0x0000000087d00000|100%| O|  |TAMS 0x0000000087d00000, 0x0000000087c00000| Untracked 
| 125|0x0000000087d00000, 0x0000000087e00000, 0x0000000087e00000|100%| O|  |TAMS 0x0000000087e00000, 0x0000000087d00000| Untracked 
| 126|0x0000000087e00000, 0x0000000087f00000, 0x0000000087f00000|100%| O|  |TAMS 0x0000000087f00000, 0x0000000087e00000| Untracked 
| 127|0x0000000087f00000, 0x0000000088000000, 0x0000000088000000|100%| O|  |TAMS 0x0000000088000000, 0x0000000087f00000| Untracked 
| 128|0x0000000088000000, 0x0000000088100000, 0x0000000088100000|100%| O|  |TAMS 0x0000000088100000, 0x0000000088000000| Untracked 
| 129|0x0000000088100000, 0x0000000088200000, 0x0000000088200000|100%| O|  |TAMS 0x0000000088100000, 0x0000000088100000| Untracked 
| 130|0x0000000088200000, 0x0000000088300000, 0x0000000088300000|100%| O|  |TAMS 0x0000000088200000, 0x0000000088200000| Untracked 
| 131|0x0000000088300000, 0x0000000088400000, 0x0000000088400000|100%| O|  |TAMS 0x0000000088400000, 0x0000000088300000| Untracked 
| 132|0x0000000088400000, 0x0000000088500000, 0x0000000088500000|100%| O|  |TAMS 0x0000000088500000, 0x0000000088400000| Untracked 
| 133|0x0000000088500000, 0x0000000088600000, 0x0000000088600000|100%| O|  |TAMS 0x0000000088600000, 0x0000000088500000| Untracked 
| 134|0x0000000088600000, 0x0000000088700000, 0x0000000088700000|100%| O|  |TAMS 0x0000000088700000, 0x0000000088600000| Untracked 
| 135|0x0000000088700000, 0x0000000088800000, 0x0000000088800000|100%| O|  |TAMS 0x0000000088800000, 0x0000000088700000| Untracked 
| 136|0x0000000088800000, 0x0000000088900000, 0x0000000088900000|100%| O|  |TAMS 0x0000000088900000, 0x0000000088800000| Untracked 
| 137|0x0000000088900000, 0x0000000088a00000, 0x0000000088a00000|100%| O|  |TAMS 0x0000000088900000, 0x0000000088900000| Untracked 
| 138|0x0000000088a00000, 0x0000000088b00000, 0x0000000088b00000|100%| O|  |TAMS 0x0000000088b00000, 0x0000000088a00000| Untracked 
| 139|0x0000000088b00000, 0x0000000088c00000, 0x0000000088c00000|100%| O|  |TAMS 0x0000000088c00000, 0x0000000088b00000| Untracked 
| 140|0x0000000088c00000, 0x0000000088d00000, 0x0000000088d00000|100%| O|  |TAMS 0x0000000088d00000, 0x0000000088c00000| Untracked 
| 141|0x0000000088d00000, 0x0000000088e00000, 0x0000000088e00000|100%| O|  |TAMS 0x0000000088e00000, 0x0000000088d00000| Untracked 
| 142|0x0000000088e00000, 0x0000000088f00000, 0x0000000088f00000|100%| O|  |TAMS 0x0000000088f00000, 0x0000000088e00000| Untracked 
| 143|0x0000000088f00000, 0x0000000089000000, 0x0000000089000000|100%| O|  |TAMS 0x0000000089000000, 0x0000000088f00000| Untracked 
| 144|0x0000000089000000, 0x0000000089100000, 0x0000000089100000|100%| O|  |TAMS 0x0000000089100000, 0x0000000089000000| Untracked 
| 145|0x0000000089100000, 0x0000000089200000, 0x0000000089200000|100%| O|  |TAMS 0x0000000089200000, 0x0000000089100000| Untracked 
| 146|0x0000000089200000, 0x0000000089300000, 0x0000000089300000|100%| O|  |TAMS 0x0000000089300000, 0x0000000089200000| Untracked 
| 147|0x0000000089300000, 0x0000000089400000, 0x0000000089400000|100%| O|  |TAMS 0x0000000089300000, 0x0000000089300000| Untracked 
| 148|0x0000000089400000, 0x0000000089500000, 0x0000000089500000|100%| O|  |TAMS 0x0000000089400000, 0x0000000089400000| Untracked 
| 149|0x0000000089500000, 0x0000000089600000, 0x0000000089600000|100%| O|  |TAMS 0x0000000089500000, 0x0000000089500000| Untracked 
| 150|0x0000000089600000, 0x0000000089700000, 0x0000000089700000|100%| O|  |TAMS 0x0000000089700000, 0x0000000089600000| Untracked 
| 151|0x0000000089700000, 0x0000000089800000, 0x0000000089800000|100%| O|  |TAMS 0x0000000089700000, 0x0000000089700000| Untracked 
| 152|0x0000000089800000, 0x0000000089900000, 0x0000000089900000|100%| O|  |TAMS 0x0000000089800000, 0x0000000089800000| Untracked 
| 153|0x0000000089900000, 0x0000000089a00000, 0x0000000089a00000|100%| O|  |TAMS 0x0000000089a00000, 0x0000000089900000| Untracked 
| 154|0x0000000089a00000, 0x0000000089b00000, 0x0000000089b00000|100%| O|  |TAMS 0x0000000089b00000, 0x0000000089a00000| Untracked 
| 155|0x0000000089b00000, 0x0000000089c00000, 0x0000000089c00000|100%| O|  |TAMS 0x0000000089c00000, 0x0000000089b00000| Untracked 
| 156|0x0000000089c00000, 0x0000000089d00000, 0x0000000089d00000|100%| O|  |TAMS 0x0000000089d00000, 0x0000000089c00000| Untracked 
| 157|0x0000000089d00000, 0x0000000089e00000, 0x0000000089e00000|100%| O|  |TAMS 0x0000000089e00000, 0x0000000089d00000| Untracked 
| 158|0x0000000089e00000, 0x0000000089f00000, 0x0000000089f00000|100%| O|  |TAMS 0x0000000089f00000, 0x0000000089e00000| Untracked 
| 159|0x0000000089f00000, 0x000000008a000000, 0x000000008a000000|100%| O|  |TAMS 0x000000008a000000, 0x0000000089f00000| Untracked 
| 160|0x000000008a000000, 0x000000008a100000, 0x000000008a100000|100%| O|  |TAMS 0x000000008a000000, 0x000000008a000000| Untracked 
| 161|0x000000008a100000, 0x000000008a200000, 0x000000008a200000|100%| O|  |TAMS 0x000000008a100000, 0x000000008a100000| Untracked 
| 162|0x000000008a200000, 0x000000008a300000, 0x000000008a300000|100%| O|  |TAMS 0x000000008a200000, 0x000000008a200000| Untracked 
| 163|0x000000008a300000, 0x000000008a400000, 0x000000008a400000|100%| O|  |TAMS 0x000000008a300000, 0x000000008a300000| Untracked 
| 164|0x000000008a400000, 0x000000008a500000, 0x000000008a500000|100%| O|  |TAMS 0x000000008a400000, 0x000000008a400000| Untracked 
| 165|0x000000008a500000, 0x000000008a600000, 0x000000008a600000|100%| O|  |TAMS 0x000000008a500000, 0x000000008a500000| Untracked 
| 166|0x000000008a600000, 0x000000008a700000, 0x000000008a700000|100%| O|  |TAMS 0x000000008a600000, 0x000000008a600000| Untracked 
| 167|0x000000008a700000, 0x000000008a75e600, 0x000000008a800000| 36%| O|  |TAMS 0x000000008a700000, 0x000000008a700000| Untracked 
| 168|0x000000008a800000, 0x000000008a800000, 0x000000008a900000|  0%| F|  |TAMS 0x000000008a800000, 0x000000008a800000| Untracked 
| 169|0x000000008a900000, 0x000000008a900000, 0x000000008aa00000|  0%| F|  |TAMS 0x000000008a900000, 0x000000008a900000| Untracked 
| 170|0x000000008aa00000, 0x000000008aa00000, 0x000000008ab00000|  0%| F|  |TAMS 0x000000008aa00000, 0x000000008aa00000| Untracked 
| 171|0x000000008ab00000, 0x000000008ab00000, 0x000000008ac00000|  0%| F|  |TAMS 0x000000008ab00000, 0x000000008ab00000| Untracked 
| 172|0x000000008ac00000, 0x000000008ac00000, 0x000000008ad00000|  0%| F|  |TAMS 0x000000008ac00000, 0x000000008ac00000| Untracked 
| 173|0x000000008ad00000, 0x000000008ad00000, 0x000000008ae00000|  0%| F|  |TAMS 0x000000008ad00000, 0x000000008ad00000| Untracked 
| 174|0x000000008ae00000, 0x000000008ae00000, 0x000000008af00000|  0%| F|  |TAMS 0x000000008ae00000, 0x000000008ae00000| Untracked 
| 175|0x000000008af00000, 0x000000008af00000, 0x000000008b000000|  0%| F|  |TAMS 0x000000008af00000, 0x000000008af00000| Untracked 
| 176|0x000000008b000000, 0x000000008b000000, 0x000000008b100000|  0%| F|  |TAMS 0x000000008b000000, 0x000000008b000000| Untracked 
| 177|0x000000008b100000, 0x000000008b100000, 0x000000008b200000|  0%| F|  |TAMS 0x000000008b100000, 0x000000008b100000| Untracked 
| 178|0x000000008b200000, 0x000000008b200000, 0x000000008b300000|  0%| F|  |TAMS 0x000000008b200000, 0x000000008b200000| Untracked 
| 179|0x000000008b300000, 0x000000008b300000, 0x000000008b400000|  0%| F|  |TAMS 0x000000008b300000, 0x000000008b300000| Untracked 
| 180|0x000000008b400000, 0x000000008b400000, 0x000000008b500000|  0%| F|  |TAMS 0x000000008b400000, 0x000000008b400000| Untracked 
| 181|0x000000008b500000, 0x000000008b500000, 0x000000008b600000|  0%| F|  |TAMS 0x000000008b500000, 0x000000008b500000| Untracked 
| 182|0x000000008b600000, 0x000000008b600000, 0x000000008b700000|  0%| F|  |TAMS 0x000000008b600000, 0x000000008b600000| Untracked 
| 183|0x000000008b700000, 0x000000008b700000, 0x000000008b800000|  0%| F|  |TAMS 0x000000008b700000, 0x000000008b700000| Untracked 
| 184|0x000000008b800000, 0x000000008b800000, 0x000000008b900000|  0%| F|  |TAMS 0x000000008b800000, 0x000000008b800000| Untracked 
| 185|0x000000008b900000, 0x000000008b900000, 0x000000008ba00000|  0%| F|  |TAMS 0x000000008b900000, 0x000000008b900000| Untracked 
| 186|0x000000008ba00000, 0x000000008ba00000, 0x000000008bb00000|  0%| F|  |TAMS 0x000000008ba00000, 0x000000008ba00000| Untracked 
| 187|0x000000008bb00000, 0x000000008bb00000, 0x000000008bc00000|  0%| F|  |TAMS 0x000000008bb00000, 0x000000008bb00000| Untracked 
| 188|0x000000008bc00000, 0x000000008bc00000, 0x000000008bd00000|  0%| F|  |TAMS 0x000000008bc00000, 0x000000008bc00000| Untracked 
| 189|0x000000008bd00000, 0x000000008bd00000, 0x000000008be00000|  0%| F|  |TAMS 0x000000008bd00000, 0x000000008bd00000| Untracked 
| 190|0x000000008be00000, 0x000000008be00000, 0x000000008bf00000|  0%| F|  |TAMS 0x000000008be00000, 0x000000008be00000| Untracked 
| 191|0x000000008bf00000, 0x000000008bf00000, 0x000000008c000000|  0%| F|  |TAMS 0x000000008bf00000, 0x000000008bf00000| Untracked 
| 192|0x000000008c000000, 0x000000008c000000, 0x000000008c100000|  0%| F|  |TAMS 0x000000008c000000, 0x000000008c000000| Untracked 
| 193|0x000000008c100000, 0x000000008c100000, 0x000000008c200000|  0%| F|  |TAMS 0x000000008c100000, 0x000000008c100000| Untracked 
| 194|0x000000008c200000, 0x000000008c200000, 0x000000008c300000|  0%| F|  |TAMS 0x000000008c200000, 0x000000008c200000| Untracked 
| 195|0x000000008c300000, 0x000000008c300000, 0x000000008c400000|  0%| F|  |TAMS 0x000000008c300000, 0x000000008c300000| Untracked 
| 196|0x000000008c400000, 0x000000008c400000, 0x000000008c500000|  0%| F|  |TAMS 0x000000008c400000, 0x000000008c400000| Untracked 
| 197|0x000000008c500000, 0x000000008c500000, 0x000000008c600000|  0%| F|  |TAMS 0x000000008c500000, 0x000000008c500000| Untracked 
| 198|0x000000008c600000, 0x000000008c600000, 0x000000008c700000|  0%| F|  |TAMS 0x000000008c600000, 0x000000008c600000| Untracked 
| 199|0x000000008c700000, 0x000000008c700000, 0x000000008c800000|  0%| F|  |TAMS 0x000000008c700000, 0x000000008c700000| Untracked 
| 200|0x000000008c800000, 0x000000008c800000, 0x000000008c900000|  0%| F|  |TAMS 0x000000008c800000, 0x000000008c800000| Untracked 
| 201|0x000000008c900000, 0x000000008c900000, 0x000000008ca00000|  0%| F|  |TAMS 0x000000008c900000, 0x000000008c900000| Untracked 
| 202|0x000000008ca00000, 0x000000008caf5f10, 0x000000008cb00000| 96%| S|CS|TAMS 0x000000008ca00000, 0x000000008ca00000| Complete 
| 203|0x000000008cb00000, 0x000000008cc00000, 0x000000008cc00000|100%| S|CS|TAMS 0x000000008cb00000, 0x000000008cb00000| Complete 
| 204|0x000000008cc00000, 0x000000008cc00000, 0x000000008cd00000|  0%| F|  |TAMS 0x000000008cc00000, 0x000000008cc00000| Untracked 
| 205|0x000000008cd00000, 0x000000008cd00000, 0x000000008ce00000|  0%| F|  |TAMS 0x000000008cd00000, 0x000000008cd00000| Untracked 
| 206|0x000000008ce00000, 0x000000008ce00000, 0x000000008cf00000|  0%| F|  |TAMS 0x000000008ce00000, 0x000000008ce00000| Untracked 
| 207|0x000000008cf00000, 0x000000008cf00000, 0x000000008d000000|  0%| F|  |TAMS 0x000000008cf00000, 0x000000008cf00000| Untracked 
| 208|0x000000008d000000, 0x000000008d100000, 0x000000008d100000|100%| S|CS|TAMS 0x000000008d000000, 0x000000008d000000| Complete 
| 209|0x000000008d100000, 0x000000008d200000, 0x000000008d200000|100%| S|CS|TAMS 0x000000008d100000, 0x000000008d100000| Complete 
| 210|0x000000008d200000, 0x000000008d200000, 0x000000008d300000|  0%| F|  |TAMS 0x000000008d200000, 0x000000008d200000| Untracked 
| 211|0x000000008d300000, 0x000000008d300000, 0x000000008d400000|  0%| F|  |TAMS 0x000000008d300000, 0x000000008d300000| Untracked 
| 212|0x000000008d400000, 0x000000008d400000, 0x000000008d500000|  0%| F|  |TAMS 0x000000008d400000, 0x000000008d400000| Untracked 
| 213|0x000000008d500000, 0x000000008d500000, 0x000000008d600000|  0%| F|  |TAMS 0x000000008d500000, 0x000000008d500000| Untracked 
| 214|0x000000008d600000, 0x000000008d600000, 0x000000008d700000|  0%| F|  |TAMS 0x000000008d600000, 0x000000008d600000| Untracked 
| 215|0x000000008d700000, 0x000000008d700000, 0x000000008d800000|  0%| F|  |TAMS 0x000000008d700000, 0x000000008d700000| Untracked 
| 216|0x000000008d800000, 0x000000008d800000, 0x000000008d900000|  0%| F|  |TAMS 0x000000008d800000, 0x000000008d800000| Untracked 
| 217|0x000000008d900000, 0x000000008d900000, 0x000000008da00000|  0%| F|  |TAMS 0x000000008d900000, 0x000000008d900000| Untracked 
| 218|0x000000008da00000, 0x000000008da00000, 0x000000008db00000|  0%| F|  |TAMS 0x000000008da00000, 0x000000008da00000| Untracked 
| 219|0x000000008db00000, 0x000000008db00000, 0x000000008dc00000|  0%| F|  |TAMS 0x000000008db00000, 0x000000008db00000| Untracked 
| 220|0x000000008dc00000, 0x000000008dc00000, 0x000000008dd00000|  0%| F|  |TAMS 0x000000008dc00000, 0x000000008dc00000| Untracked 
| 221|0x000000008dd00000, 0x000000008dd00000, 0x000000008de00000|  0%| F|  |TAMS 0x000000008dd00000, 0x000000008dd00000| Untracked 
| 222|0x000000008de00000, 0x000000008de00000, 0x000000008df00000|  0%| F|  |TAMS 0x000000008de00000, 0x000000008de00000| Untracked 
| 223|0x000000008df00000, 0x000000008df00000, 0x000000008e000000|  0%| F|  |TAMS 0x000000008df00000, 0x000000008df00000| Untracked 
| 224|0x000000008e000000, 0x000000008e000000, 0x000000008e100000|  0%| F|  |TAMS 0x000000008e000000, 0x000000008e000000| Untracked 
| 225|0x000000008e100000, 0x000000008e100000, 0x000000008e200000|  0%| F|  |TAMS 0x000000008e100000, 0x000000008e100000| Untracked 
| 226|0x000000008e200000, 0x000000008e200000, 0x000000008e300000|  0%| F|  |TAMS 0x000000008e200000, 0x000000008e200000| Untracked 
| 227|0x000000008e300000, 0x000000008e300000, 0x000000008e400000|  0%| F|  |TAMS 0x000000008e300000, 0x000000008e300000| Untracked 
| 228|0x000000008e400000, 0x000000008e400000, 0x000000008e500000|  0%| F|  |TAMS 0x000000008e400000, 0x000000008e400000| Untracked 
| 229|0x000000008e500000, 0x000000008e500000, 0x000000008e600000|  0%| F|  |TAMS 0x000000008e500000, 0x000000008e500000| Untracked 
| 230|0x000000008e600000, 0x000000008e600000, 0x000000008e700000|  0%| F|  |TAMS 0x000000008e600000, 0x000000008e600000| Untracked 
| 231|0x000000008e700000, 0x000000008e700000, 0x000000008e800000|  0%| F|  |TAMS 0x000000008e700000, 0x000000008e700000| Untracked 
| 232|0x000000008e800000, 0x000000008e800000, 0x000000008e900000|  0%| F|  |TAMS 0x000000008e800000, 0x000000008e800000| Untracked 
| 233|0x000000008e900000, 0x000000008e900000, 0x000000008ea00000|  0%| F|  |TAMS 0x000000008e900000, 0x000000008e900000| Untracked 
| 234|0x000000008ea00000, 0x000000008ea00000, 0x000000008eb00000|  0%| F|  |TAMS 0x000000008ea00000, 0x000000008ea00000| Untracked 
| 235|0x000000008eb00000, 0x000000008eb00000, 0x000000008ec00000|  0%| F|  |TAMS 0x000000008eb00000, 0x000000008eb00000| Untracked 
| 236|0x000000008ec00000, 0x000000008ec00000, 0x000000008ed00000|  0%| F|  |TAMS 0x000000008ec00000, 0x000000008ec00000| Untracked 
| 237|0x000000008ed00000, 0x000000008ed00000, 0x000000008ee00000|  0%| F|  |TAMS 0x000000008ed00000, 0x000000008ed00000| Untracked 
| 238|0x000000008ee00000, 0x000000008ee00000, 0x000000008ef00000|  0%| F|  |TAMS 0x000000008ee00000, 0x000000008ee00000| Untracked 
| 239|0x000000008ef00000, 0x000000008ef00000, 0x000000008f000000|  0%| F|  |TAMS 0x000000008ef00000, 0x000000008ef00000| Untracked 
| 240|0x000000008f000000, 0x000000008f000000, 0x000000008f100000|  0%| F|  |TAMS 0x000000008f000000, 0x000000008f000000| Untracked 
| 241|0x000000008f100000, 0x000000008f100000, 0x000000008f200000|  0%| F|  |TAMS 0x000000008f100000, 0x000000008f100000| Untracked 
| 242|0x000000008f200000, 0x000000008f200000, 0x000000008f300000|  0%| F|  |TAMS 0x000000008f200000, 0x000000008f200000| Untracked 
| 243|0x000000008f300000, 0x000000008f300000, 0x000000008f400000|  0%| F|  |TAMS 0x000000008f300000, 0x000000008f300000| Untracked 
| 244|0x000000008f400000, 0x000000008f400000, 0x000000008f500000|  0%| F|  |TAMS 0x000000008f400000, 0x000000008f400000| Untracked 
| 245|0x000000008f500000, 0x000000008f500000, 0x000000008f600000|  0%| F|  |TAMS 0x000000008f500000, 0x000000008f500000| Untracked 
| 246|0x000000008f600000, 0x000000008f600000, 0x000000008f700000|  0%| F|  |TAMS 0x000000008f600000, 0x000000008f600000| Untracked 
| 247|0x000000008f700000, 0x000000008f700000, 0x000000008f800000|  0%| F|  |TAMS 0x000000008f700000, 0x000000008f700000| Untracked 
| 248|0x000000008f800000, 0x000000008f800000, 0x000000008f900000|  0%| F|  |TAMS 0x000000008f800000, 0x000000008f800000| Untracked 
| 249|0x000000008f900000, 0x000000008f900000, 0x000000008fa00000|  0%| F|  |TAMS 0x000000008f900000, 0x000000008f900000| Untracked 
| 250|0x000000008fa00000, 0x000000008fa00000, 0x000000008fb00000|  0%| F|  |TAMS 0x000000008fa00000, 0x000000008fa00000| Untracked 
| 251|0x000000008fb00000, 0x000000008fb00000, 0x000000008fc00000|  0%| F|  |TAMS 0x000000008fb00000, 0x000000008fb00000| Untracked 
| 252|0x000000008fc00000, 0x000000008fc00000, 0x000000008fd00000|  0%| F|  |TAMS 0x000000008fc00000, 0x000000008fc00000| Untracked 
| 253|0x000000008fd00000, 0x000000008fd00000, 0x000000008fe00000|  0%| F|  |TAMS 0x000000008fd00000, 0x000000008fd00000| Untracked 
| 254|0x000000008fe00000, 0x000000008fe00000, 0x000000008ff00000|  0%| F|  |TAMS 0x000000008fe00000, 0x000000008fe00000| Untracked 
| 255|0x000000008ff00000, 0x000000008ff00000, 0x0000000090000000|  0%| F|  |TAMS 0x000000008ff00000, 0x000000008ff00000| Untracked 
| 256|0x0000000090000000, 0x0000000090000000, 0x0000000090100000|  0%| F|  |TAMS 0x0000000090000000, 0x0000000090000000| Untracked 
| 257|0x0000000090100000, 0x0000000090100000, 0x0000000090200000|  0%| F|  |TAMS 0x0000000090100000, 0x0000000090100000| Untracked 

Card table byte_map: [0x00000230340a0000,0x00000230344a0000] _byte_map_base: 0x0000023033ca0000

Marking Bits (Prev, Next): (CMBitMap*) 0x000002301f3e12d0, (CMBitMap*) 0x000002301f3e1298
 Prev Bits: [0x00000230368a0000, 0x00000230388a0000)
 Next Bits: [0x00000230348a0000, 0x00000230368a0000)

Polling page: 0x000002301f480000

Metaspace:

Usage:
  Non-class:     99.19 MB capacity,    97.29 MB ( 98%) used,     1.56 MB (  2%) free+waste,   355.25 KB ( <1%) overhead. 
      Class:     15.47 MB capacity,    14.41 MB ( 93%) used,   923.90 KB (  6%) free+waste,   158.06 KB ( <1%) overhead. 
       Both:    114.66 MB capacity,   111.70 MB ( 97%) used,     2.46 MB (  2%) free+waste,   513.31 KB ( <1%) overhead. 

Virtual space:
  Non-class space:      100.00 MB reserved,      99.31 MB (>99%) committed 
      Class space:        1.00 GB reserved,      15.50 MB (  2%) committed 
             Both:        1.10 GB reserved,     114.81 MB ( 10%) committed 

Chunk freelists:
   Non-Class:  58.00 KB
       Class:  31.00 KB
        Both:  89.00 KB

MaxMetaspaceSize: 17179869184.00 GB
CompressedClassSpaceSize: 1.00 GB

CodeHeap 'non-profiled nmethods': size=120064Kb used=11737Kb max_used=11737Kb free=108326Kb
 bounds [0x000002302c120000, 0x000002302ccf0000, 0x0000023033660000]
CodeHeap 'profiled nmethods': size=120000Kb used=36846Kb max_used=37180Kb free=83153Kb
 bounds [0x0000023024bf0000, 0x00000230270b0000, 0x000002302c120000]
CodeHeap 'non-nmethods': size=5696Kb used=2344Kb max_used=2404Kb free=3351Kb
 bounds [0x0000023024660000, 0x00000230248d0000, 0x0000023024bf0000]
 total_blobs=16996 nmethods=16023 adapters=883
 compilation: enabled
              stopped_count=0, restarted_count=0
 full_count=0

Compilation events (20 events):
Event: 91.623 Thread 0x000002303af07800 17174       2       com.android.tools.r8.internal.g9::<init> (6 bytes)
Event: 91.624 Thread 0x000002303af07800 nmethod 17174 0x0000023024fb2a10 code [0x0000023024fb2bc0, 0x0000023024fb2ce8]
Event: 91.628 Thread 0x000002303af07800 17175       2       com.android.tools.r8.internal.W0::d (10 bytes)
Event: 91.628 Thread 0x000002303af07800 nmethod 17175 0x0000023024fb5890 code [0x0000023024fb5a40, 0x0000023024fb5bc8]
Event: 91.628 Thread 0x000002303af07800 17176       2       com.android.tools.r8.code.e::<init> (7 bytes)
Event: 91.628 Thread 0x000002303af07800 nmethod 17176 0x0000023024fba610 code [0x0000023024fba7c0, 0x0000023024fba8c8]
Event: 91.688 Thread 0x000002303af07800 17177       2       com.android.tools.r8.internal.yg::b (47 bytes)
Event: 91.689 Thread 0x000002303af07800 nmethod 17177 0x0000023024fd8a90 code [0x0000023024fd8c60, 0x0000023024fd8e88]
Event: 91.707 Thread 0x000002304236f000 nmethod 16922 0x000002302ccd3b90 code [0x000002302ccd43e0, 0x000002302ccdc678]
Event: 91.708 Thread 0x000002304236f000 17178 %     4       com.android.tools.r8.ir.regalloc.a::a @ 66 (946 bytes)
Event: 91.727 Thread 0x000002303af07800 17179       2       sun.security.jca.GetInstance::getInstance (28 bytes)
Event: 91.728 Thread 0x000002303af07800 nmethod 17179 0x0000023024fd8510 code [0x0000023024fd86e0, 0x0000023024fd8958]
Event: 91.736 Thread 0x000002303af07800 17180       2       com.android.tools.r8.internal.oe::j (111 bytes)
Event: 91.736 Thread 0x000002303af07800 nmethod 17180 0x0000023024ff1390 code [0x0000023024ff1580, 0x0000023024ff1988]
Event: 91.831 Thread 0x000002303af07800 17181       2       com.android.tools.r8.internal.u8::u (2 bytes)
Event: 91.831 Thread 0x000002303af07800 nmethod 17181 0x0000023024fcaa10 code [0x0000023024fcabc0, 0x0000023024fcacb8]
Event: 91.874 Thread 0x000002303af07800 17182       2       com.android.tools.r8.internal.te::b (42 bytes)
Event: 91.875 Thread 0x000002303af07800 nmethod 17182 0x0000023024fe7490 code [0x0000023024fe7680, 0x0000023024fe78f8]
Event: 91.884 Thread 0x000002303af07800 17183       2       com.android.tools.r8.graph.E$b::<init> (15 bytes)
Event: 91.885 Thread 0x000002303af07800 nmethod 17183 0x0000023024fcf510 code [0x0000023024fcf6c0, 0x0000023024fcf818]

GC Heap History (20 events):
Event: 86.248 GC heap after
{Heap after GC invocations=75 (full 0):
 garbage-first heap   total 220160K, used 161011K [0x0000000080000000, 0x0000000100000000)
  region size 1024K, 3 young (3072K), 3 survivors (3072K)
 Metaspace       used 114305K, capacity 117242K, committed 117308K, reserved 1150976K
  class space    used 14756K, capacity 15808K, committed 15872K, reserved 1048576K
}
Event: 86.695 GC heap before
{Heap before GC invocations=75 (full 0):
 garbage-first heap   total 220160K, used 193779K [0x0000000080000000, 0x0000000100000000)
  region size 1024K, 35 young (35840K), 3 survivors (3072K)
 Metaspace       used 114318K, capacity 117309K, committed 117564K, reserved 1150976K
  class space    used 14757K, capacity 15809K, committed 15872K, reserved 1048576K
}
Event: 86.703 GC heap after
{Heap after GC invocations=76 (full 0):
 garbage-first heap   total 220160K, used 161313K [0x0000000080000000, 0x0000000100000000)
  region size 1024K, 4 young (4096K), 4 survivors (4096K)
 Metaspace       used 114318K, capacity 117309K, committed 117564K, reserved 1150976K
  class space    used 14757K, capacity 15809K, committed 15872K, reserved 1048576K
}
Event: 87.179 GC heap before
{Heap before GC invocations=76 (full 0):
 garbage-first heap   total 220160K, used 191009K [0x0000000080000000, 0x0000000100000000)
  region size 1024K, 34 young (34816K), 4 survivors (4096K)
 Metaspace       used 114340K, capacity 117376K, committed 117564K, reserved 1150976K
  class space    used 14757K, capacity 15809K, committed 15872K, reserved 1048576K
}
Event: 87.189 GC heap after
{Heap after GC invocations=77 (full 0):
 garbage-first heap   total 220160K, used 161702K [0x0000000080000000, 0x0000000100000000)
  region size 1024K, 4 young (4096K), 4 survivors (4096K)
 Metaspace       used 114340K, capacity 117376K, committed 117564K, reserved 1150976K
  class space    used 14757K, capacity 15809K, committed 15872K, reserved 1048576K
}
Event: 88.224 GC heap before
{Heap before GC invocations=77 (full 0):
 garbage-first heap   total 220160K, used 191398K [0x0000000080000000, 0x0000000100000000)
  region size 1024K, 34 young (34816K), 4 survivors (4096K)
 Metaspace       used 114341K, capacity 117376K, committed 117564K, reserved 1150976K
  class space    used 14757K, capacity 15809K, committed 15872K, reserved 1048576K
}
Event: 88.235 GC heap after
{Heap after GC invocations=78 (full 0):
 garbage-first heap   total 220160K, used 162764K [0x0000000080000000, 0x0000000100000000)
  region size 1024K, 4 young (4096K), 4 survivors (4096K)
 Metaspace       used 114341K, capacity 117376K, committed 117564K, reserved 1150976K
  class space    used 14757K, capacity 15809K, committed 15872K, reserved 1048576K
}
Event: 88.512 GC heap before
{Heap before GC invocations=78 (full 0):
 garbage-first heap   total 220160K, used 191436K [0x0000000080000000, 0x0000000100000000)
  region size 1024K, 33 young (33792K), 4 survivors (4096K)
 Metaspace       used 114342K, capacity 117377K, committed 117564K, reserved 1150976K
  class space    used 14757K, capacity 15809K, committed 15872K, reserved 1048576K
}
Event: 88.524 GC heap after
{Heap after GC invocations=79 (full 0):
 garbage-first heap   total 220160K, used 164821K [0x0000000080000000, 0x0000000100000000)
  region size 1024K, 5 young (5120K), 5 survivors (5120K)
 Metaspace       used 114342K, capacity 117377K, committed 117564K, reserved 1150976K
  class space    used 14757K, capacity 15809K, committed 15872K, reserved 1048576K
}
Event: 89.047 GC heap before
{Heap before GC invocations=79 (full 0):
 garbage-first heap   total 220160K, used 190421K [0x0000000080000000, 0x0000000100000000)
  region size 1024K, 31 young (31744K), 5 survivors (5120K)
 Metaspace       used 114342K, capacity 117377K, committed 117564K, reserved 1150976K
  class space    used 14757K, capacity 15809K, committed 15872K, reserved 1048576K
}
Event: 89.059 GC heap after
{Heap after GC invocations=80 (full 0):
 garbage-first heap   total 264192K, used 166382K [0x0000000080000000, 0x0000000100000000)
  region size 1024K, 4 young (4096K), 4 survivors (4096K)
 Metaspace       used 114342K, capacity 117377K, committed 117564K, reserved 1150976K
  class space    used 14757K, capacity 15809K, committed 15872K, reserved 1048576K
}
Event: 89.810 GC heap before
{Heap before GC invocations=80 (full 0):
 garbage-first heap   total 264192K, used 216558K [0x0000000080000000, 0x0000000100000000)
  region size 1024K, 53 young (54272K), 4 survivors (4096K)
 Metaspace       used 114348K, capacity 117378K, committed 117564K, reserved 1150976K
  class space    used 14757K, capacity 15809K, committed 15872K, reserved 1048576K
}
Event: 89.819 GC heap after
{Heap after GC invocations=81 (full 0):
 garbage-first heap   total 264192K, used 168019K [0x0000000080000000, 0x0000000100000000)
  region size 1024K, 6 young (6144K), 6 survivors (6144K)
 Metaspace       used 114348K, capacity 117378K, committed 117564K, reserved 1150976K
  class space    used 14757K, capacity 15809K, committed 15872K, reserved 1048576K
}
Event: 90.119 GC heap before
{Heap before GC invocations=81 (full 0):
 garbage-first heap   total 264192K, used 218195K [0x0000000080000000, 0x0000000100000000)
  region size 1024K, 55 young (56320K), 6 survivors (6144K)
 Metaspace       used 114368K, capacity 117410K, committed 117564K, reserved 1150976K
  class space    used 14759K, capacity 15841K, committed 15872K, reserved 1048576K
}
Event: 90.140 GC heap after
{Heap after GC invocations=82 (full 0):
 garbage-first heap   total 264192K, used 172015K [0x0000000080000000, 0x0000000100000000)
  region size 1024K, 7 young (7168K), 7 survivors (7168K)
 Metaspace       used 114368K, capacity 117410K, committed 117564K, reserved 1150976K
  class space    used 14759K, capacity 15841K, committed 15872K, reserved 1048576K
}
Event: 90.620 GC heap before
{Heap before GC invocations=82 (full 0):
 garbage-first heap   total 264192K, used 220143K [0x0000000080000000, 0x0000000100000000)
  region size 1024K, 54 young (55296K), 7 survivors (7168K)
 Metaspace       used 114372K, capacity 117411K, committed 117564K, reserved 1150976K
  class space    used 14759K, capacity 15841K, committed 15872K, reserved 1048576K
}
Event: 90.637 GC heap after
{Heap after GC invocations=83 (full 0):
 garbage-first heap   total 264192K, used 174348K [0x0000000080000000, 0x0000000100000000)
  region size 1024K, 3 young (3072K), 3 survivors (3072K)
 Metaspace       used 114372K, capacity 117411K, committed 117564K, reserved 1150976K
  class space    used 14759K, capacity 15841K, committed 15872K, reserved 1048576K
}
Event: 91.234 GC heap before
{Heap before GC invocations=83 (full 0):
 garbage-first heap   total 264192K, used 222476K [0x0000000080000000, 0x0000000100000000)
  region size 1024K, 50 young (51200K), 3 survivors (3072K)
 Metaspace       used 114373K, capacity 117411K, committed 117564K, reserved 1150976K
  class space    used 14759K, capacity 15841K, committed 15872K, reserved 1048576K
}
Event: 91.246 GC heap after
{Heap after GC invocations=84 (full 0):
 garbage-first heap   total 264192K, used 175131K [0x0000000080000000, 0x0000000100000000)
  region size 1024K, 4 young (4096K), 4 survivors (4096K)
 Metaspace       used 114373K, capacity 117411K, committed 117564K, reserved 1150976K
  class space    used 14759K, capacity 15841K, committed 15872K, reserved 1048576K
}
Event: 91.933 GC heap before
{Heap before GC invocations=84 (full 0):
 garbage-first heap   total 264192K, used 224283K [0x0000000080000000, 0x0000000100000000)
  region size 1024K, 52 young (53248K), 4 survivors (4096K)
 Metaspace       used 114379K, capacity 117411K, committed 117564K, reserved 1150976K
  class space    used 14759K, capacity 15841K, committed 15872K, reserved 1048576K
}

Deoptimization events (20 events):
Event: 90.933 Thread 0x000002303ecdd800 DEOPT PACKING pc=0x0000023026b3fcf2 sp=0x000000bf553f93f0
Event: 90.933 Thread 0x000002303ecdd800 DEOPT UNPACKING pc=0x00000230246876ce sp=0x000000bf553f8bb8 mode 0
Event: 91.041 Thread 0x000002303ece2000 DEOPT PACKING pc=0x0000023026b3eff9 sp=0x000000bf556f8e80
Event: 91.041 Thread 0x000002303ece2000 DEOPT UNPACKING pc=0x00000230246876ce sp=0x000000bf556f8640 mode 0
Event: 91.270 Thread 0x000002303ecde800 DEOPT PACKING pc=0x0000023026b3f01a sp=0x000000bf555f9580
Event: 91.270 Thread 0x000002303ecde800 DEOPT UNPACKING pc=0x00000230246876ce sp=0x000000bf555f8d50 mode 0
Event: 91.283 Thread 0x000002303ecde800 DEOPT PACKING pc=0x0000023026b3f01a sp=0x000000bf555f91b0
Event: 91.283 Thread 0x000002303ecde800 DEOPT UNPACKING pc=0x00000230246876ce sp=0x000000bf555f8980 mode 0
Event: 91.355 Thread 0x000002303ecdd800 DEOPT PACKING pc=0x0000023026b3fcf2 sp=0x000000bf553f93f0
Event: 91.355 Thread 0x000002303ecdd800 DEOPT UNPACKING pc=0x00000230246876ce sp=0x000000bf553f8bb8 mode 0
Event: 91.523 Thread 0x000002303ecde800 DEOPT PACKING pc=0x0000023026b3eb1a sp=0x000000bf555f91b0
Event: 91.523 Thread 0x000002303ecde800 DEOPT UNPACKING pc=0x00000230246876ce sp=0x000000bf555f8978 mode 0
Event: 91.644 Thread 0x000002303ecde800 DEOPT PACKING pc=0x0000023026b3fcf2 sp=0x000000bf555f9580
Event: 91.644 Thread 0x000002303ecde800 DEOPT UNPACKING pc=0x00000230246876ce sp=0x000000bf555f8d48 mode 0
Event: 91.855 Thread 0x000002303ece2000 DEOPT PACKING pc=0x0000023026b3f01a sp=0x000000bf556f8e80
Event: 91.855 Thread 0x000002303ece2000 DEOPT UNPACKING pc=0x00000230246876ce sp=0x000000bf556f8650 mode 0
Event: 91.919 Thread 0x000002303ecdd800 Uncommon trap: trap_request=0xffffff4d fr.pc=0x000002302ca4cc44 relative=0x00000000000008a4
Event: 91.919 Thread 0x000002303ecdd800 Uncommon trap: reason=unstable_if action=reinterpret pc=0x000002302ca4cc44 method=java.lang.Boolean.compare(ZZ)I @ 2 c2
Event: 91.919 Thread 0x000002303ecdd800 DEOPT PACKING pc=0x000002302ca4cc44 sp=0x000000bf553f9680
Event: 91.919 Thread 0x000002303ecdd800 DEOPT UNPACKING pc=0x00000230246878af sp=0x000000bf553f9508 mode 2

Classes redefined (0 events):
No events

Internal exceptions (20 events):
Event: 61.963 Thread 0x000002303ecde800 Implicit null exception at 0x000002302c95b81b to 0x000002302c95c28c
Event: 61.963 Thread 0x000002303ecde800 Implicit null exception at 0x000002302c95b81b to 0x000002302c95c28c
Event: 63.620 Thread 0x000002303ecde800 Exception <a 'java/lang/NoSuchMethodError'{0x000000008cb538e8}: 'java.lang.Object java.lang.invoke.Invokers$Holder.linkToTargetMethod(java.lang.Object, java.lang.Object, java.lang.Object, java.lang.Object, java.lang.Object, java.lang.Object, java.lang.Object)'> (0x000000008cb538e8) thrown at [./src/hotspot/share/interpreter/linkResolver.cpp, line 773]
Event: 63.819 Thread 0x000002303ecdd000 Exception <a 'java/lang/NoSuchMethodError'{0x000000008c55cc70}: 'java.lang.Object java.lang.invoke.DirectMethodHandle$Holder.invokeVirtual(java.lang.Object, java.lang.Object, int, java.lang.Object)'> (0x000000008c55cc70) thrown at [./src/hotspot/share/interpreter/linkResolver.cpp, line 773]
Event: 63.820 Thread 0x000002303ece2000 Exception <a 'java/lang/NoSuchMethodError'{0x000000008c529a78}: 'java.lang.Object java.lang.invoke.DirectMethodHandle$Holder.invokeVirtual(java.lang.Object, java.lang.Object, int, java.lang.Object)'> (0x000000008c529a78) thrown at [./src/hotspot/share/interpreter/linkResolver.cpp, line 773]
Event: 63.820 Thread 0x000002303ecde800 Exception <a 'java/lang/NoSuchMethodError'{0x000000008c6da390}: 'java.lang.Object java.lang.invoke.DirectMethodHandle$Holder.invokeVirtual(java.lang.Object, java.lang.Object, int, java.lang.Object)'> (0x000000008c6da390) thrown at [./src/hotspot/share/interpreter/linkResolver.cpp, line 773]
Event: 63.849 Thread 0x000002303ecdd000 Exception <a 'java/lang/IncompatibleClassChangeError'{0x000000008c43efe8}: Found class java.lang.Object, but interface was expected> (0x000000008c43efe8) thrown at [./src/hotspot/share/interpreter/linkResolver.cpp, line 839]
Event: 63.850 Thread 0x000002303ecdd000 Exception <a 'java/lang/IncompatibleClassChangeError'{0x000000008c449978}: Found class java.lang.Object, but interface was expected> (0x000000008c449978) thrown at [./src/hotspot/share/interpreter/linkResolver.cpp, line 839]
Event: 63.850 Thread 0x000002303ece2000 Exception <a 'java/lang/IncompatibleClassChangeError'{0x000000008c53b4c8}: Found class java.lang.Object, but interface was expected> (0x000000008c53b4c8) thrown at [./src/hotspot/share/interpreter/linkResolver.cpp, line 839]
Event: 63.888 Thread 0x000002303ecde800 Exception <a 'java/lang/NoSuchMethodError'{0x000000008c3cf4f8}: 'void java.lang.invoke.DirectMethodHandle$Holder.invokeVirtual(java.lang.Object, java.lang.Object, int, java.lang.Object)'> (0x000000008c3cf4f8) thrown at [./src/hotspot/share/interpreter/linkResolver.cpp, line 773]
Event: 64.007 Thread 0x000002303ece2000 Exception <a 'java/lang/NoSuchMethodError'{0x000000008be4db48}: 'java.lang.Object java.lang.invoke.DirectMethodHandle$Holder.newInvokeSpecial(java.lang.Object, int)'> (0x000000008be4db48) thrown at [./src/hotspot/share/interpreter/linkResolver.cpp, line 773]
Event: 64.958 Thread 0x000002303ecdd000 Exception <a 'java/lang/NoSuchMethodError'{0x000000008c926470}: 'java.lang.Object java.lang.invoke.DirectMethodHandle$Holder.invokeInterface(java.lang.Object, java.lang.Object, int)'> (0x000000008c926470) thrown at [./src/hotspot/share/interpreter/linkResolver.cpp, line 773]
Event: 66.268 Thread 0x000002303ecde800 Implicit null exception at 0x000002302ca684d0 to 0x000002302ca6d0ec
Event: 67.434 Thread 0x000002303ecdd000 Exception <a 'java/lang/NoSuchMethodError'{0x000000008d4d4d30}: 'java.lang.Object java.lang.invoke.DirectMethodHandle$Holder.invokeSpecial(java.lang.Object, java.lang.Object, java.lang.Object, java.lang.Object, java.lang.Object, java.lang.Object, java.lang.Object, java.lang.Object, java.lang.Object, java.lang.Object, java.lang.Object)'> (0x000000008d4d4d30) thrown at [./src/hotspot/share/interpreter/linkResolver.cpp, line 773]
Event: 67.435 Thread 0x000002303ecdd000 Exception <a 'java/lang/NoSuchMethodError'{0x000000008d4e0750}: 'java.lang.Object java.lang.invoke.Invokers$Holder.linkToTargetMethod(java.lang.Object, java.lang.Object, java.lang.Object, java.lang.Object, java.lang.Object, java.lang.Object, java.lang.Object, java.lang.Object, java.lang.Object, java.lang.Object)'> (0x000000008d4e0750) thrown at [./src/hotspot/share/interpreter/linkResolver.cpp, line 773]
Event: 67.555 Thread 0x000002303ecdd000 Exception <a 'java/lang/IncompatibleClassChangeError'{0x000000008d0e32c0}: Found class java.lang.Object, but interface was expected> (0x000000008d0e32c0) thrown at [./src/hotspot/share/interpreter/linkResolver.cpp, line 839]
Event: 73.182 Thread 0x000002303ecde800 Exception <a 'java/lang/NoSuchMethodError'{0x000000008ce3ad20}: 'int java.lang.invoke.DirectMethodHandle$Holder.invokeInterface(java.lang.Object, java.lang.Object, int)'> (0x000000008ce3ad20) thrown at [./src/hotspot/share/interpreter/linkResolver.cpp, line 773]
Event: 74.714 Thread 0x0000023041f1d000 Exception <a 'java/lang/NoSuchMethodError'{0x000000008c3c66f0}: 'java.lang.Object java.lang.invoke.DirectMethodHandle$Holder.invokeVirtual(java.lang.Object, java.lang.Object, int)'> (0x000000008c3c66f0) thrown at [./src/hotspot/share/interpreter/linkResolver.cpp, line 773]
Event: 75.522 Thread 0x0000023041f1d000 Implicit null exception at 0x000002302ca3e750 to 0x000002302ca3e764
Event: 89.105 Thread 0x000002303ecdd800 Exception <a 'sun/nio/fs/WindowsException'{0x000000008f82fce0}> (0x000000008f82fce0) thrown at [./src/hotspot/share/prims/jni.cpp, line 615]

Events (20 events):
Event: 88.524 Executing VM operation: G1CollectForAllocation done
Event: 89.045 Executing VM operation: G1CollectForAllocation
Event: 89.059 Executing VM operation: G1CollectForAllocation done
Event: 89.808 Executing VM operation: G1CollectForAllocation
Event: 89.819 Executing VM operation: G1CollectForAllocation done
Event: 89.923 loading class java/util/concurrent/ConcurrentHashMap$TreeNode
Event: 89.923 loading class java/util/concurrent/ConcurrentHashMap$TreeNode done
Event: 89.924 loading class java/util/concurrent/ConcurrentHashMap$TreeBin
Event: 89.924 loading class java/util/concurrent/ConcurrentHashMap$TreeBin done
Event: 89.924 Executing VM operation: RevokeBias
Event: 89.928 Executing VM operation: RevokeBias done
Event: 89.971 Executing VM operation: RevokeBias
Event: 89.981 Executing VM operation: RevokeBias done
Event: 90.118 Executing VM operation: G1CollectForAllocation
Event: 90.140 Executing VM operation: G1CollectForAllocation done
Event: 90.619 Executing VM operation: G1CollectForAllocation
Event: 90.637 Executing VM operation: G1CollectForAllocation done
Event: 91.124 Executing VM operation: G1CollectForAllocation
Event: 91.246 Executing VM operation: G1CollectForAllocation done
Event: 91.933 Executing VM operation: G1CollectForAllocation


Dynamic libraries:
0x00007ff6e64e0000 - 0x00007ff6e64ea000 	C:\Program Files\Android\Android Studio\jre\bin\java.exe
0x00007ffe43ad0000 - 0x00007ffe43cc5000 	C:\WINDOWS\SYSTEM32\ntdll.dll
0x00007ffe41fc0000 - 0x00007ffe4207d000 	C:\WINDOWS\System32\KERNEL32.DLL
0x00007ffe413b0000 - 0x00007ffe41679000 	C:\WINDOWS\System32\KERNELBASE.dll
0x00007ffe41a30000 - 0x00007ffe41b30000 	C:\WINDOWS\System32\ucrtbase.dll
0x00007ffe2fdf0000 - 0x00007ffe2fe09000 	C:\Program Files\Android\Android Studio\jre\bin\jli.dll
0x00007ffe35d10000 - 0x00007ffe35d27000 	C:\Program Files\Android\Android Studio\jre\bin\VCRUNTIME140.dll
0x00007ffe428b0000 - 0x00007ffe42a50000 	C:\WINDOWS\System32\USER32.dll
0x00007ffe41680000 - 0x00007ffe416a2000 	C:\WINDOWS\System32\win32u.dll
0x00007ffe2c190000 - 0x00007ffe2c42a000 	C:\WINDOWS\WinSxS\amd64_microsoft.windows.common-controls_6595b64144ccf1df_6.0.19041.1110_none_60b5254171f9507e\COMCTL32.dll
0x00007ffe42190000 - 0x00007ffe421ba000 	C:\WINDOWS\System32\GDI32.dll
0x00007ffe41b30000 - 0x00007ffe41bce000 	C:\WINDOWS\System32\msvcrt.dll
0x00007ffe417c0000 - 0x00007ffe418cb000 	C:\WINDOWS\System32\gdi32full.dll
0x00007ffe41200000 - 0x00007ffe4129d000 	C:\WINDOWS\System32\msvcp_win.dll
0x00007ffe432e0000 - 0x00007ffe43310000 	C:\WINDOWS\System32\IMM32.DLL
0x00007ffe0fbe0000 - 0x00007ffe0fc7d000 	C:\Program Files\Android\Android Studio\jre\bin\msvcp140.dll
0x00007ffdf22e0000 - 0x00007ffdf2daf000 	C:\Program Files\Android\Android Studio\jre\bin\server\jvm.dll
0x00007ffe420e0000 - 0x00007ffe4218c000 	C:\WINDOWS\System32\ADVAPI32.dll
0x00007ffe43910000 - 0x00007ffe439ab000 	C:\WINDOWS\System32\sechost.dll
0x00007ffe437e0000 - 0x00007ffe4390a000 	C:\WINDOWS\System32\RPCRT4.dll
0x00007ffe43670000 - 0x00007ffe43678000 	C:\WINDOWS\System32\PSAPI.DLL
0x00007ffe2cb20000 - 0x00007ffe2cb29000 	C:\WINDOWS\SYSTEM32\WSOCK32.dll
0x00007ffe2fa90000 - 0x00007ffe2fab7000 	C:\WINDOWS\SYSTEM32\WINMM.dll
0x00007ffe2f3b0000 - 0x00007ffe2f3ba000 	C:\WINDOWS\SYSTEM32\VERSION.dll
0x00007ffe43680000 - 0x00007ffe436eb000 	C:\WINDOWS\System32\WS2_32.dll
0x00007ffe3f000000 - 0x00007ffe3f012000 	C:\WINDOWS\SYSTEM32\kernel.appcore.dll
0x00007ffe36c30000 - 0x00007ffe36c41000 	C:\Program Files\Android\Android Studio\jre\bin\verify.dll
0x00007ffe2d0b0000 - 0x00007ffe2d294000 	C:\WINDOWS\SYSTEM32\DBGHELP.DLL
0x00007ffe2ec10000 - 0x00007ffe2ec3c000 	C:\WINDOWS\SYSTEM32\dbgcore.DLL
0x00007ffe41700000 - 0x00007ffe41783000 	C:\WINDOWS\System32\bcryptPrimitives.dll
0x00007ffe35ea0000 - 0x00007ffe35ec9000 	C:\Program Files\Android\Android Studio\jre\bin\java.dll
0x00007ffe36d80000 - 0x00007ffe36d8b000 	C:\Program Files\Android\Android Studio\jre\bin\jimage.dll
0x00007ffe368a0000 - 0x00007ffe368b8000 	C:\Program Files\Android\Android Studio\jre\bin\zip.dll
0x00007ffe42a50000 - 0x00007ffe4318f000 	C:\WINDOWS\System32\SHELL32.dll
0x00007ffe3f310000 - 0x00007ffe3faa0000 	C:\WINDOWS\SYSTEM32\windows.storage.dll
0x00007ffe43310000 - 0x00007ffe43665000 	C:\WINDOWS\System32\combase.dll
0x00007ffe40c60000 - 0x00007ffe40c8c000 	C:\WINDOWS\SYSTEM32\Wldp.dll
0x00007ffe426c0000 - 0x00007ffe4276e000 	C:\WINDOWS\System32\SHCORE.dll
0x00007ffe436f0000 - 0x00007ffe43745000 	C:\WINDOWS\System32\shlwapi.dll
0x00007ffe41140000 - 0x00007ffe4115f000 	C:\WINDOWS\SYSTEM32\profapi.dll
0x00007ffe34c90000 - 0x00007ffe34caa000 	C:\Program Files\Android\Android Studio\jre\bin\net.dll
0x00007ffe3aed0000 - 0x00007ffe3afd8000 	C:\WINDOWS\SYSTEM32\WINHTTP.dll
0x00007ffe409c0000 - 0x00007ffe40a2a000 	C:\WINDOWS\system32\mswsock.dll
0x00007ffe347e0000 - 0x00007ffe347f4000 	C:\Program Files\Android\Android Studio\jre\bin\nio.dll
0x00007ffe3a5b0000 - 0x00007ffe3a5d7000 	C:\Users\UGTECH\.gradle\native\8bec1ad78214c89d9ad589b4d07fe93259594b29d510b10fafb7a158f7737e5d\windows-amd64\native-platform.dll
0x00007ffe10630000 - 0x00007ffe1076d000 	C:\Users\UGTECH\.gradle\native\53dbd7edfb1c66fb8903c78663c9afc45aea4f116125fa6feffd364cf09443e8\windows-amd64\native-platform-file-events.dll
0x00007ffe36a90000 - 0x00007ffe36a9a000 	C:\Program Files\Android\Android Studio\jre\bin\management.dll
0x00007ffe367b0000 - 0x00007ffe367bc000 	C:\Program Files\Android\Android Studio\jre\bin\management_ext.dll
0x00007ffe40bc0000 - 0x00007ffe40bd8000 	C:\WINDOWS\SYSTEM32\CRYPTSP.dll
0x00007ffe40270000 - 0x00007ffe402a4000 	C:\WINDOWS\system32\rsaenh.dll
0x00007ffe41790000 - 0x00007ffe417b7000 	C:\WINDOWS\System32\bcrypt.dll
0x00007ffe410c0000 - 0x00007ffe410ee000 	C:\WINDOWS\SYSTEM32\USERENV.dll
0x00007ffe40bb0000 - 0x00007ffe40bbc000 	C:\WINDOWS\SYSTEM32\CRYPTBASE.dll
0x00007ffe40660000 - 0x00007ffe4069b000 	C:\WINDOWS\SYSTEM32\IPHLPAPI.DLL
0x00007ffe41bd0000 - 0x00007ffe41bd8000 	C:\WINDOWS\System32\NSI.dll
0x00007ffe389b0000 - 0x00007ffe389c7000 	C:\WINDOWS\SYSTEM32\dhcpcsvc6.DLL
0x00007ffe38e60000 - 0x00007ffe38e7d000 	C:\WINDOWS\SYSTEM32\dhcpcsvc.DLL
0x00007ffe406b0000 - 0x00007ffe4077c000 	C:\WINDOWS\SYSTEM32\DNSAPI.dll
0x00007ffe3b510000 - 0x00007ffe3b518000 	C:\Program Files\Android\Android Studio\jre\bin\rmi.dll

dbghelp: loaded successfully - version: 4.0.5 - missing functions: none
symbol engine: initialized successfully - sym options: 0x614 - pdb path: .;C:\Program Files\Android\Android Studio\jre\bin;C:\WINDOWS\SYSTEM32;C:\WINDOWS\WinSxS\amd64_microsoft.windows.common-controls_6595b64144ccf1df_6.0.19041.1110_none_60b5254171f9507e;C:\Program Files\Android\Android Studio\jre\bin\server;C:\Users\UGTECH\.gradle\native\8bec1ad78214c89d9ad589b4d07fe93259594b29d510b10fafb7a158f7737e5d\windows-amd64;C:\Users\UGTECH\.gradle\native\53dbd7edfb1c66fb8903c78663c9afc45aea4f116125fa6feffd364cf09443e8\windows-amd64

VM Arguments:
jvm_args: --add-opens=java.base/java.util=ALL-UNNAMED --add-opens=java.base/java.lang=ALL-UNNAMED --add-opens=java.base/java.lang.invoke=ALL-UNNAMED --add-opens=java.base/java.util=ALL-UNNAMED --add-opens=java.prefs/java.util.prefs=ALL-UNNAMED --add-opens=java.prefs/java.util.prefs=ALL-UNNAMED --add-opens=java.base/java.nio.charset=ALL-UNNAMED --add-opens=java.base/java.net=ALL-UNNAMED --add-opens=java.base/java.util.concurrent.atomic=ALL-UNNAMED -Xmx2048m -Dfile.encoding=UTF-8 -Duser.country=US -Duser.language=en -Duser.variant 
java_command: org.gradle.launcher.daemon.bootstrap.GradleDaemon 7.0.2
java_class_path (initial): C:\Users\UGTECH\.gradle\wrapper\dists\gradle-7.0.2-bin\857tjihv64xamwrf0h14cai3r\gradle-7.0.2\lib\gradle-launcher-7.0.2.jar
Launcher Type: SUN_STANDARD

[Global flags]
     intx CICompilerCount                          = 3                                         {product} {ergonomic}
     uint ConcGCThreads                            = 1                                         {product} {ergonomic}
     uint G1ConcRefinementThreads                  = 4                                         {product} {ergonomic}
   size_t G1HeapRegionSize                         = 1048576                                   {product} {ergonomic}
    uintx GCDrainStackTargetSize                   = 64                                        {product} {ergonomic}
   size_t InitialHeapSize                          = 130023424                                 {product} {ergonomic}
   size_t MarkStackSize                            = 4194304                                   {product} {ergonomic}
   size_t MaxHeapSize                              = 2147483648                                {product} {command line}
   size_t MaxNewSize                               = 1287651328                                {product} {ergonomic}
   size_t MinHeapDeltaBytes                        = 1048576                                   {product} {ergonomic}
    uintx NonNMethodCodeHeapSize                   = 5830732                                {pd product} {ergonomic}
    uintx NonProfiledCodeHeapSize                  = 122913754                              {pd product} {ergonomic}
    uintx ProfiledCodeHeapSize                     = 122913754                              {pd product} {ergonomic}
    uintx ReservedCodeCacheSize                    = 251658240                              {pd product} {ergonomic}
     bool SegmentedCodeCache                       = true                                      {product} {ergonomic}
     bool UseCompressedClassPointers               = true                                 {lp64_product} {ergonomic}
     bool UseCompressedOops                        = true                                 {lp64_product} {ergonomic}
     bool UseG1GC                                  = true                                      {product} {ergonomic}
     bool UseLargePagesIndividualAllocation        = false                                  {pd product} {ergonomic}

Logging:
Log output configuration:
 #0: stdout all=warning uptime,level,tags
 #1: stderr all=off uptime,level,tags

Environment Variables:
JAVA_HOME=E:\sdk-tools-windows-4333796\tools\bin\java sdk
PATH=C:\Program Files (x86)\Intel\iCLS Client\;C:\Program Files\Intel\iCLS Client\;C:\WINDOWS\system32;C:\WINDOWS;C:\WINDOWS\System32\Wbem;C:\WINDOWS\System32\WindowsPowerShell\v1.0\;C:\Program Files (x86)\Intel\Intel(R) Management Engine Components\DAL;C:\Program Files\Intel\Intel(R) Management Engine Components\DAL;C:\Program Files (x86)\Intel\Intel(R) Management Engine Components\IPT;C:\Program Files\Intel\Intel(R) Management Engine Components\IPT;C:\WINDOWS\System32\OpenSSH\;C:\Users\UGTECH\AppData\Roaming\nvm;C:\Program Files\nodejs;E:\Git\cmd;C:\Program Files\Intel\WiFi\bin\;C:\Program Files\Common Files\Intel\WirelessCommon\;E:\nodejs\;C:\Users\UGTECH\AppData\Local\Programs\Python\Python38-32\Scripts\;C:\Users\UGTECH\AppData\Local\Programs\Python\Python38-32\;C:\Program Files\MySQL\MySQL Shell 8.0\bin\;E:\Microsoft VS Code\bin;C:\Users\UGTECH\AppData\Local\Microsoft\WindowsApps;E:\flutter\bin;E:\sdk-tools-windows-4333796\tools;C:\ProgramData\Microsoft\Windows\Start Menu\Programs\Android Studio;C:\Program Files\Android\Android Studio\bin;E:\sdk-tools-windows-4333796\tools\bin\build-tools\29.0.2;E:\sdk-tools-windows-4333796\tools\bin\platform-tools;E:\sdk-tools-windows-4333796\tools\bin\tools;E:\sdk-tools-windows-4333796\tools\bin\java sdk\bin;E:\PHP 7;C:\Users\UGTECH\AppData\Roaming\Python\Python38\Scripts;C:\Users\UGTECH\AppData\Roaming\nvm;C:\Program Files\nodejs;C:\Users\UGTECH\AppData\Local\GitHubDesktop\bin;'C:\Users\UGTECH\AppData\Local\Packages\PythonSoftwareFoundation.Python.3.8_qbz5n2kfra8p0\LocalCache\local-packages\Python38\Scripts;C:\Program Files\Intel\WiFi\bin\;C:\Program Files\Common Files\Intel\WirelessCommon\;"E:\Git\mingw64\bin;C:\MinGW\bin\";;C:\Users\UGTECH\AppData\Local\Microsoft\WindowsApps;C:\Users\UGTECH\AppData\Roaming\npm
USERNAME=ROSH PC
OS=Windows_NT
PROCESSOR_IDENTIFIER=Intel64 Family 6 Model 60 Stepping 3, GenuineIntel



---------------  S Y S T E M  ---------------

OS: Windows 10 , 64 bit Build 19041 (10.0.19041.1151)
OS uptime: 52 days 1:51 hours

CPU:total 4 (initial active 4) (2 cores per cpu, 2 threads per core) family 6 model 60 stepping 3 microcode 0x27, cmov, cx8, fxsr, mmx, sse, sse2, sse3, ssse3, sse4.1, sse4.2, popcnt, avx, avx2, aes, clmul, erms, lzcnt, ht, tsc, tscinvbit, bmi1, bmi2, fma

Memory: 4k page, system-wide physical 7876M (503M free)
TotalPageFile size 9756M (AvailPageFile size 12M)
current process WorkingSet (physical memory assigned to process): 635M, peak: 654M
current process commit charge ("private bytes"): 693M, peak: 745M

vm_info: OpenJDK 64-Bit Server VM (11.0.10+0-b96-7249189) for windows-amd64 JRE (11.0.10+0-b96-7249189), built on Mar 31 2021 21:44:00 by "builder" with MS VC++ 14.0 (VS2015)

END.
