#
# There is insufficient memory for the Java Runtime Environment to continue.
# Native memory allocation (mmap) failed to map 70254592 bytes for Failed to commit area from 0x0000000098000000 to 0x000000009c300000 of length 70254592.
# Possible reasons:
#   The system is out of physical RAM or swap space
#   The process is running with CompressedOops enabled, and the Java Heap may be blocking the growth of the native heap
# Possible solutions:
#   Reduce memory load on the system
#   Increase physical memory or swap space
#   Check if swap backing store is full
#   Decrease Java heap size (-Xmx/-Xms)
#   Decrease number of Java threads
#   Decrease Java thread stack sizes (-Xss)
#   Set larger code cache with -XX:ReservedCodeCacheSize=
#   JVM is running with Unscaled Compressed Oops mode in which the Java heap is
#     placed in the first 4GB address space. The Java Heap base address is the
#     maximum limit for the native heap growth. Please use -XX:HeapBaseMinAddress
#     to set the Java Heap base and to place the Java Heap above 4GB virtual address.
# This output file may be truncated or incomplete.
#
#  Out of Memory Error (./src/hotspot/os/windows/os_windows.cpp:3301), pid=16072, tid=16740
#
# JRE version: OpenJDK Runtime Environment (11.0.10) (build 11.0.10+0-b96-7249189)
# Java VM: OpenJDK 64-Bit Server VM (11.0.10+0-b96-7249189, mixed mode, tiered, compressed oops, g1 gc, windows-amd64)
# No core dump will be written. Minidumps are not enabled by default on client versions of Windows
#

---------------  S U M M A R Y ------------

Command Line: --add-opens=java.base/java.util=ALL-UNNAMED --add-opens=java.base/java.lang=ALL-UNNAMED --add-opens=java.base/java.lang.invoke=ALL-UNNAMED --add-opens=java.base/java.util=ALL-UNNAMED --add-opens=java.prefs/java.util.prefs=ALL-UNNAMED --add-opens=java.prefs/java.util.prefs=ALL-UNNAMED --add-opens=java.base/java.nio.charset=ALL-UNNAMED --add-opens=java.base/java.net=ALL-UNNAMED --add-opens=java.base/java.util.concurrent.atomic=ALL-UNNAMED -Xmx2048m -Dfile.encoding=UTF-8 -Duser.country=US -Duser.language=en -Duser.variant org.gradle.launcher.daemon.bootstrap.GradleDaemon 7.0.2

Host: Intel(R) Core(TM) i5-4300M CPU @ 2.60GHz, 4 cores, 7G,  Windows 10 , 64 bit Build 19041 (10.0.19041.1151)
Time: Sun Oct 10 13:37:05 2021 India Standard Time elapsed time: 102.217073 seconds (0d 0h 1m 42s)

---------------  T H R E A D  ---------------

Current thread (0x000002d0a5dfd800):  VMThread "VM Thread" [stack: 0x000000d6f0700000,0x000000d6f0800000] [id=16740]

Stack: [0x000000d6f0700000,0x000000d6f0800000]
[error occurred during error reporting (printing stack bounds), id 0xc0000005, EXCEPTION_ACCESS_VIOLATION (0xc0000005) at pc=0x000002d08fd20f2d]

Native frames: (J=compiled Java code, j=interpreted, Vv=VM code, C=native code)
V  [jvm.dll+0x5ecfaa]
V  [jvm.dll+0x722bd5]
V  [jvm.dll+0x72412d]
V  [jvm.dll+0x724745]
V  [jvm.dll+0x7246fb]
V  [jvm.dll+0x5ec348]
V  [jvm.dll+0x5ecad8]
C  [ntdll.dll+0xa217f]
C  [ntdll.dll+0x51454]
C  [ntdll.dll+0xa0cae]
C  0x000002d08fd20f2d

VM_Operation (0x000000d6f31f92e0): G1CollectForAllocation, mode: safepoint, requested by thread 0x000002d0aa6f0000


---------------  P R O C E S S  ---------------

Threads class SMR info:
_java_thread_list=0x000002d0af99ad30, length=56, elements={
0x000002d08c233800, 0x000002d0a5e01000, 0x000002d0a5e02800, 0x000002d0a6793000,
0x000002d0a5e1b000, 0x000002d0a5e1d000, 0x000002d0a5e1e000, 0x000002d0a5e28000,
0x000002d0a5e2d000, 0x000002d0a68cf000, 0x000002d0a6df1800, 0x000002d0a80d8000,
0x000002d0a80ea000, 0x000002d0a6aa2800, 0x000002d0a7d92800, 0x000002d0a7d78800,
0x000002d0a7d79000, 0x000002d0a85ff800, 0x000002d0a7b6a800, 0x000002d0a7b6a000,
0x000002d0a7b6c000, 0x000002d0a7b6b800, 0x000002d0aa6eb800, 0x000002d0aa6e7800,
0x000002d0aa6e9800, 0x000002d0aa6ea800, 0x000002d0aa6ec000, 0x000002d0aa6e9000,
0x000002d0aa6e6800, 0x000002d0aa6ee000, 0x000002d0aa6e8000, 0x000002d0aa6f1000,
0x000002d0aa6ee800, 0x000002d0aa6ef800, 0x000002d0aa6f2000, 0x000002d0aa6f2800,
0x000002d0aa6f0000, 0x000002d0aa6f4800, 0x000002d0aa6f5000, 0x000002d0ac57e000,
0x000002d0ac579000, 0x000002d0ac57a000, 0x000002d0ac57e800, 0x000002d0ac57a800,
0x000002d0ac580800, 0x000002d0ac57c800, 0x000002d0ac581000, 0x000002d0ac582000,
0x000002d0ac583000, 0x000002d0ac57d000, 0x000002d0ac586000, 0x000002d0ac587800,
0x000002d0ac584800, 0x000002d0ac587000, 0x000002d0a91a7800, 0x000002d0a91a8000
}

Java Threads: ( => current thread )
  0x000002d08c233800 JavaThread "main" [_thread_blocked, id=7264, stack(0x000000d6f0100000,0x000000d6f0200000)]
  0x000002d0a5e01000 JavaThread "Reference Handler" daemon [_thread_blocked, id=3664, stack(0x000000d6f0800000,0x000000d6f0900000)]
  0x000002d0a5e02800 JavaThread "Finalizer" daemon [_thread_blocked, id=2476, stack(0x000000d6f0900000,0x000000d6f0a00000)]
  0x000002d0a6793000 JavaThread "Signal Dispatcher" daemon [_thread_blocked, id=18072, stack(0x000000d6f0a00000,0x000000d6f0b00000)]
  0x000002d0a5e1b000 JavaThread "Attach Listener" daemon [_thread_blocked, id=14740, stack(0x000000d6f0b00000,0x000000d6f0c00000)]
  0x000002d0a5e1d000 JavaThread "Service Thread" daemon [_thread_blocked, id=12196, stack(0x000000d6f0c00000,0x000000d6f0d00000)]
  0x000002d0a5e1e000 JavaThread "C2 CompilerThread0" daemon [_thread_blocked, id=19368, stack(0x000000d6f0d00000,0x000000d6f0e00000)]
  0x000002d0a5e28000 JavaThread "C1 CompilerThread0" daemon [_thread_blocked, id=19264, stack(0x000000d6f0e00000,0x000000d6f0f00000)]
  0x000002d0a5e2d000 JavaThread "Sweeper thread" daemon [_thread_blocked, id=1972, stack(0x000000d6f0f00000,0x000000d6f1000000)]
  0x000002d0a68cf000 JavaThread "Common-Cleaner" daemon [_thread_blocked, id=18604, stack(0x000000d6f1000000,0x000000d6f1100000)]
  0x000002d0a6df1800 JavaThread "Daemon health stats" [_thread_blocked, id=8296, stack(0x000000d6f1300000,0x000000d6f1400000)]
  0x000002d0a80d8000 JavaThread "Incoming local TCP Connector on port 64154" [_thread_in_native, id=2648, stack(0x000000d6f1400000,0x000000d6f1500000)]
  0x000002d0a80ea000 JavaThread "Daemon periodic checks" [_thread_blocked, id=27100, stack(0x000000d6f1500000,0x000000d6f1600000)]
  0x000002d0a6aa2800 JavaThread "Daemon" [_thread_blocked, id=26848, stack(0x000000d6f1600000,0x000000d6f1700000)]
  0x000002d0a7d92800 JavaThread "Handler for socket connection from /127.0.0.1:64154 to /127.0.0.1:64155" [_thread_in_native, id=19904, stack(0x000000d6f1700000,0x000000d6f1800000)]
  0x000002d0a7d78800 JavaThread "Cancel handler" [_thread_blocked, id=15232, stack(0x000000d6f1800000,0x000000d6f1900000)]
  0x000002d0a7d79000 JavaThread "Daemon worker" [_thread_blocked, id=11904, stack(0x000000d6f1900000,0x000000d6f1a00000)]
  0x000002d0a85ff800 JavaThread "Asynchronous log dispatcher for DefaultDaemonConnection: socket connection from /127.0.0.1:64154 to /127.0.0.1:64155" [_thread_blocked, id=21588, stack(0x000000d6f1a00000,0x000000d6f1b00000)]
  0x000002d0a7b6a800 JavaThread "Daemon client event forwarder" [_thread_blocked, id=26364, stack(0x000000d6f1c00000,0x000000d6f1d00000)]
  0x000002d0a7b6a000 JavaThread "Cache worker for file hash cache (C:\Users\UGTECH\.gradle\caches\7.0.2\fileHashes)" [_thread_blocked, id=19812, stack(0x000000d6f1d00000,0x000000d6f1e00000)]
  0x000002d0a7b6c000 JavaThread "File lock request listener" [_thread_in_native, id=14176, stack(0x000000d6f1e00000,0x000000d6f1f00000)]
  0x000002d0a7b6b800 JavaThread "Cache worker for journal cache (C:\Users\UGTECH\.gradle\caches\journal-1)" [_thread_blocked, id=20052, stack(0x000000d6f2100000,0x000000d6f2200000)]
  0x000002d0aa6eb800 JavaThread "Cache worker for file hash cache (C:\Users\UGTECH\Desktop\Agile Health\DoctorsApp\HealthApp\.gradle\7.0.2\fileHashes)" [_thread_blocked, id=29564, stack(0x000000d6f2300000,0x000000d6f2400000)]
  0x000002d0aa6e7800 JavaThread "File watcher server" daemon [_thread_blocked, id=14524, stack(0x000000d6f2400000,0x000000d6f2500000)]
  0x000002d0aa6e9800 JavaThread "File watcher consumer" daemon [_thread_blocked, id=18308, stack(0x000000d6f2500000,0x000000d6f2600000)]
  0x000002d0aa6ea800 JavaThread "Cache worker for checksums cache (C:\Users\UGTECH\Desktop\Agile Health\DoctorsApp\HealthApp\.gradle\checksums)" [_thread_blocked, id=5616, stack(0x000000d6f2200000,0x000000d6f2300000)]
  0x000002d0aa6ec000 JavaThread "Cache worker for cache directory md-supplier (C:\Users\UGTECH\.gradle\caches\7.0.2\md-supplier)" [_thread_blocked, id=15560, stack(0x000000d6f2600000,0x000000d6f2700000)]
  0x000002d0aa6e9000 JavaThread "Cache worker for cache directory md-rule (C:\Users\UGTECH\.gradle\caches\7.0.2\md-rule)" [_thread_blocked, id=19848, stack(0x000000d6f2700000,0x000000d6f2800000)]
  0x000002d0aa6e6800 JavaThread "Cache worker for execution history cache (C:\Users\UGTECH\.gradle\caches\7.0.2\executionHistory)" [_thread_blocked, id=14768, stack(0x000000d6f2900000,0x000000d6f2a00000)]
  0x000002d0aa6ee000 JavaThread "jar transforms" [_thread_blocked, id=28964, stack(0x000000d6f2a00000,0x000000d6f2b00000)]
  0x000002d0aa6e8000 JavaThread "jar transforms Thread 2" [_thread_blocked, id=7536, stack(0x000000d6f2b00000,0x000000d6f2c00000)]
  0x000002d0aa6f1000 JavaThread "Cache worker for file content cache (C:\Users\UGTECH\.gradle\caches\7.0.2\fileContent)" [_thread_blocked, id=14960, stack(0x000000d6f2c00000,0x000000d6f2d00000)]
  0x000002d0aa6ee800 JavaThread "Cache worker for dependencies-accessors (C:\Users\UGTECH\Desktop\Agile Health\DoctorsApp\HealthApp\.gradle\7.0.2\dependencies-accessors)" [_thread_blocked, id=8944, stack(0x000000d6f2800000,0x000000d6f2900000)]
  0x000002d0aa6ef800 JavaThread "jar transforms Thread 3" [_thread_blocked, id=1568, stack(0x000000d6f2e00000,0x000000d6f2f00000)]
  0x000002d0aa6f2000 JavaThread "Cache worker for Build Output Cleanup Cache (C:\Users\UGTECH\Desktop\Agile Health\DoctorsApp\HealthApp\.gradle\buildOutputCleanup)" [_thread_blocked, id=12472, stack(0x000000d6f2f00000,0x000000d6f3000000)]
  0x000002d0aa6f2800 JavaThread "Build operations" [_thread_blocked, id=1756, stack(0x000000d6f3000000,0x000000d6f3100000)]
  0x000002d0aa6f0000 JavaThread "Build operations Thread 2" [_thread_blocked, id=20340, stack(0x000000d6f3100000,0x000000d6f3200000)]
  0x000002d0aa6f4800 JavaThread "Build operations Thread 3" [_thread_blocked, id=18900, stack(0x000000d6f3200000,0x000000d6f3300000)]
  0x000002d0aa6f5000 JavaThread "Build operations Thread 4" [_thread_blocked, id=13192, stack(0x000000d6f3300000,0x000000d6f3400000)]
  0x000002d0ac57e000 JavaThread "jar transforms Thread 4" [_thread_blocked, id=10116, stack(0x000000d6f3400000,0x000000d6f3500000)]
  0x000002d0ac579000 JavaThread "Memory manager" [_thread_blocked, id=124, stack(0x000000d6f3500000,0x000000d6f3600000)]
  0x000002d0ac57a000 JavaThread "build event listener" [_thread_blocked, id=8392, stack(0x000000d6f3600000,0x000000d6f3700000)]
  0x000002d0ac57e800 JavaThread "Execution worker for ':'" [_thread_blocked, id=8580, stack(0x000000d6f3700000,0x000000d6f3800000)]
  0x000002d0ac57a800 JavaThread "Execution worker for ':' Thread 2" [_thread_blocked, id=7544, stack(0x000000d6f3800000,0x000000d6f3900000)]
  0x000002d0ac580800 JavaThread "Execution worker for ':' Thread 3" [_thread_blocked, id=14684, stack(0x000000d6f3900000,0x000000d6f3a00000)]
  0x000002d0ac57c800 JavaThread "Cache worker for execution history cache (C:\Users\UGTECH\Desktop\Agile Health\DoctorsApp\HealthApp\.gradle\7.0.2\executionHistory)" [_thread_blocked, id=17356, stack(0x000000d6f3a00000,0x000000d6f3b00000)]
  0x000002d0ac581000 JavaThread "WorkerExecutor Queue" [_thread_blocked, id=21444, stack(0x000000d6f3d00000,0x000000d6f3e00000)]
  0x000002d0ac582000 JavaThread "WorkerExecutor Queue Thread 2" [_thread_blocked, id=20640, stack(0x000000d6f3e00000,0x000000d6f3f00000)]
  0x000002d0ac583000 JavaThread "WorkerExecutor Queue Thread 3" [_thread_blocked, id=8004, stack(0x000000d6f3f00000,0x000000d6f4000000)]
  0x000002d0ac57d000 JavaThread "WorkerExecutor Queue Thread 4" [_thread_blocked, id=19520, stack(0x000000d6f4000000,0x000000d6f4100000)]
  0x000002d0ac586000 JavaThread "pool-3-thread-1" [_thread_blocked, id=16904, stack(0x000000d6efe00000,0x000000d6eff00000)]
  0x000002d0ac587800 JavaThread "stderr" [_thread_in_native, id=18668, stack(0x000000d6eff00000,0x000000d6f0000000)]
  0x000002d0ac584800 JavaThread "stdout" [_thread_in_native, id=18172, stack(0x000000d6f0000000,0x000000d6f0100000)]
  0x000002d0ac587000 JavaThread "stderr" [_thread_in_native, id=15316, stack(0x000000d6f1b00000,0x000000d6f1c00000)]
  0x000002d0a91a7800 JavaThread "stdout" [_thread_in_native, id=12684, stack(0x000000d6f2d00000,0x000000d6f2e00000)]
  0x000002d0a91a8000 JavaThread "C2 CompilerThread1" daemon [_thread_in_native, id=2556, stack(0x000000d6f4100000,0x000000d6f4200000)]

Other Threads:
=>0x000002d0a5dfd800 VMThread "VM Thread" [stack: 0x000000d6f0700000,0x000000d6f0800000] [id=16740]
  0x000002d0a68f4000 WatcherThread [stack: 0x000000d6f1100000,0x000000d6f1200000] [id=17632]
  0x000002d08c247800 GCTaskThread "GC Thread#0" [stack: 0x000000d6f0200000,0x000000d6f0300000] [id=3644]
  0x000002d0a6e4d000 GCTaskThread "GC Thread#1" [stack: 0x000000d6f1200000,0x000000d6f1300000] [id=14540]
  0x000002d0a71ab800 GCTaskThread "GC Thread#2" [stack: 0x000000d6f1f00000,0x000000d6f2000000] [id=8616]
  0x000002d0a68eb000 GCTaskThread "GC Thread#3" [stack: 0x000000d6f2000000,0x000000d6f2100000] [id=18020]
  0x000002d08c27a800 ConcurrentGCThread "G1 Main Marker" [stack: 0x000000d6f0300000,0x000000d6f0400000] [id=18536]
  0x000002d08c27c000 ConcurrentGCThread "G1 Conc#0" [stack: 0x000000d6f0400000,0x000000d6f0500000] [id=8288]
  0x000002d08c30a000 ConcurrentGCThread "G1 Refine#0" [stack: 0x000000d6f0500000,0x000000d6f0600000] [id=20080]
  0x000002d08c30b000 ConcurrentGCThread "G1 Young RemSet Sampling" [stack: 0x000000d6f0600000,0x000000d6f0700000] [id=17944]

Threads with active compile tasks:
C2 CompilerThread0 102247 20146 %     4       com.android.tools.r8.internal.Kv::a @ 1241 (1305 bytes)
C2 CompilerThread1 102247 20097       4       com.android.tools.r8.internal.T6::a (4191 bytes)

VM state:at safepoint (normal execution)

VM Mutex/Monitor currently owned by a thread:  ([mutex/lock_event])
[0x000002d08c230980] Threads_lock - owner thread: 0x000002d0a5dfd800
[0x000002d08c22f930] Heap_lock - owner thread: 0x000002d0aa6f0000

Heap address: 0x0000000080000000, size: 2048 MB, Compressed Oops mode: 32-bit
Narrow klass base: 0x0000000000000000, Narrow klass shift: 3
Compressed class space size: 1073741824 Address: 0x0000000100000000

Heap:
 garbage-first heap   total 461824K, used 165828K [0x0000000080000000, 0x0000000100000000)
  region size 1024K, 22 young (22528K), 22 survivors (22528K)
 Metaspace       used 112260K, capacity 115147K, committed 115532K, reserved 1148928K
  class space    used 13980K, capacity 15025K, committed 15180K, reserved 1048576K
Heap Regions: E=young(eden), S=young(survivor), O=old, HS=humongous(starts), HC=humongous(continues), CS=collection set, F=free, A=archive, TAMS=top-at-mark-start (previous, next)
|   0|0x0000000080000000, 0x0000000080100000, 0x0000000080100000|100%| O|  |TAMS 0x0000000080100000, 0x0000000080000000| Untracked 
|   1|0x0000000080100000, 0x0000000080200000, 0x0000000080200000|100%| O|  |TAMS 0x0000000080200000, 0x0000000080100000| Untracked 
|   2|0x0000000080200000, 0x0000000080300000, 0x0000000080300000|100%| O|  |TAMS 0x0000000080300000, 0x0000000080200000| Untracked 
|   3|0x0000000080300000, 0x0000000080400000, 0x0000000080400000|100%|HS|  |TAMS 0x0000000080400000, 0x0000000080300000| Complete 
|   4|0x0000000080400000, 0x0000000080500000, 0x0000000080500000|100%|HC|  |TAMS 0x0000000080500000, 0x0000000080400000| Complete 
|   5|0x0000000080500000, 0x0000000080600000, 0x0000000080600000|100%|HC|  |TAMS 0x0000000080600000, 0x0000000080500000| Complete 
|   6|0x0000000080600000, 0x0000000080700000, 0x0000000080700000|100%| O|  |TAMS 0x0000000080700000, 0x0000000080600000| Untracked 
|   7|0x0000000080700000, 0x0000000080800000, 0x0000000080800000|100%| O|  |TAMS 0x0000000080800000, 0x0000000080700000| Untracked 
|   8|0x0000000080800000, 0x0000000080900000, 0x0000000080900000|100%| O|  |TAMS 0x0000000080900000, 0x0000000080800000| Untracked 
|   9|0x0000000080900000, 0x0000000080a00000, 0x0000000080a00000|100%| O|  |TAMS 0x0000000080a00000, 0x0000000080900000| Untracked 
|  10|0x0000000080a00000, 0x0000000080b00000, 0x0000000080b00000|100%| O|  |TAMS 0x0000000080b00000, 0x0000000080a00000| Untracked 
|  11|0x0000000080b00000, 0x0000000080c00000, 0x0000000080c00000|100%| O|  |TAMS 0x0000000080c00000, 0x0000000080b00000| Untracked 
|  12|0x0000000080c00000, 0x0000000080d00000, 0x0000000080d00000|100%| O|  |TAMS 0x0000000080d00000, 0x0000000080c00000| Untracked 
|  13|0x0000000080d00000, 0x0000000080e00000, 0x0000000080e00000|100%| O|  |TAMS 0x0000000080e00000, 0x0000000080d00000| Untracked 
|  14|0x0000000080e00000, 0x0000000080f00000, 0x0000000080f00000|100%| O|  |TAMS 0x0000000080f00000, 0x0000000080e00000| Untracked 
|  15|0x0000000080f00000, 0x0000000081000000, 0x0000000081000000|100%| O|  |TAMS 0x0000000081000000, 0x0000000080f00000| Untracked 
|  16|0x0000000081000000, 0x0000000081100000, 0x0000000081100000|100%| O|  |TAMS 0x0000000081100000, 0x0000000081000000| Untracked 
|  17|0x0000000081100000, 0x0000000081200000, 0x0000000081200000|100%| O|  |TAMS 0x0000000081200000, 0x0000000081100000| Untracked 
|  18|0x0000000081200000, 0x0000000081300000, 0x0000000081300000|100%| O|  |TAMS 0x0000000081300000, 0x0000000081200000| Untracked 
|  19|0x0000000081300000, 0x0000000081400000, 0x0000000081400000|100%|HS|  |TAMS 0x0000000081400000, 0x0000000081300000| Complete 
|  20|0x0000000081400000, 0x0000000081500000, 0x0000000081500000|100%| O|  |TAMS 0x0000000081500000, 0x0000000081400000| Untracked 
|  21|0x0000000081500000, 0x0000000081600000, 0x0000000081600000|100%| O|  |TAMS 0x0000000081600000, 0x0000000081500000| Untracked 
|  22|0x0000000081600000, 0x0000000081700000, 0x0000000081700000|100%| O|  |TAMS 0x0000000081700000, 0x0000000081600000| Untracked 
|  23|0x0000000081700000, 0x0000000081800000, 0x0000000081800000|100%|HS|  |TAMS 0x0000000081800000, 0x0000000081700000| Complete 
|  24|0x0000000081800000, 0x0000000081900000, 0x0000000081900000|100%|HS|  |TAMS 0x0000000081900000, 0x0000000081800000| Complete 
|  25|0x0000000081900000, 0x0000000081a00000, 0x0000000081a00000|100%|HS|  |TAMS 0x0000000081a00000, 0x0000000081900000| Complete 
|  26|0x0000000081a00000, 0x0000000081b00000, 0x0000000081b00000|100%|HC|  |TAMS 0x0000000081b00000, 0x0000000081a00000| Complete 
|  27|0x0000000081b00000, 0x0000000081c00000, 0x0000000081c00000|100%|HC|  |TAMS 0x0000000081c00000, 0x0000000081b00000| Complete 
|  28|0x0000000081c00000, 0x0000000081d00000, 0x0000000081d00000|100%|HS|  |TAMS 0x0000000081d00000, 0x0000000081c00000| Complete 
|  29|0x0000000081d00000, 0x0000000081e00000, 0x0000000081e00000|100%|HC|  |TAMS 0x0000000081e00000, 0x0000000081d00000| Complete 
|  30|0x0000000081e00000, 0x0000000081f00000, 0x0000000081f00000|100%| O|  |TAMS 0x0000000081f00000, 0x0000000081e00000| Untracked 
|  31|0x0000000081f00000, 0x0000000082000000, 0x0000000082000000|100%| O|  |TAMS 0x0000000082000000, 0x0000000081f00000| Untracked 
|  32|0x0000000082000000, 0x0000000082100000, 0x0000000082100000|100%| O|  |TAMS 0x0000000082100000, 0x0000000082000000| Untracked 
|  33|0x0000000082100000, 0x0000000082200000, 0x0000000082200000|100%| O|  |TAMS 0x0000000082200000, 0x0000000082100000| Untracked 
|  34|0x0000000082200000, 0x0000000082300000, 0x0000000082300000|100%| O|  |TAMS 0x0000000082300000, 0x0000000082200000| Untracked 
|  35|0x0000000082300000, 0x0000000082400000, 0x0000000082400000|100%| O|  |TAMS 0x0000000082400000, 0x0000000082300000| Untracked 
|  36|0x0000000082400000, 0x0000000082500000, 0x0000000082500000|100%| O|  |TAMS 0x0000000082500000, 0x0000000082400000| Untracked 
|  37|0x0000000082500000, 0x0000000082600000, 0x0000000082600000|100%| O|  |TAMS 0x0000000082600000, 0x0000000082500000| Untracked 
|  38|0x0000000082600000, 0x0000000082700000, 0x0000000082700000|100%| O|  |TAMS 0x0000000082700000, 0x0000000082600000| Untracked 
|  39|0x0000000082700000, 0x0000000082800000, 0x0000000082800000|100%| O|  |TAMS 0x0000000082800000, 0x0000000082700000| Untracked 
|  40|0x0000000082800000, 0x0000000082900000, 0x0000000082900000|100%| O|  |TAMS 0x0000000082900000, 0x0000000082800000| Untracked 
|  41|0x0000000082900000, 0x0000000082a00000, 0x0000000082a00000|100%| O|  |TAMS 0x0000000082a00000, 0x0000000082900000| Untracked 
|  42|0x0000000082a00000, 0x0000000082b00000, 0x0000000082b00000|100%| O|  |TAMS 0x0000000082b00000, 0x0000000082a00000| Untracked 
|  43|0x0000000082b00000, 0x0000000082c00000, 0x0000000082c00000|100%| O|  |TAMS 0x0000000082c00000, 0x0000000082b00000| Untracked 
|  44|0x0000000082c00000, 0x0000000082d00000, 0x0000000082d00000|100%| O|  |TAMS 0x0000000082d00000, 0x0000000082c00000| Untracked 
|  45|0x0000000082d00000, 0x0000000082e00000, 0x0000000082e00000|100%| O|  |TAMS 0x0000000082e00000, 0x0000000082d00000| Untracked 
|  46|0x0000000082e00000, 0x0000000082f00000, 0x0000000082f00000|100%| O|  |TAMS 0x0000000082f00000, 0x0000000082e00000| Untracked 
|  47|0x0000000082f00000, 0x0000000083000000, 0x0000000083000000|100%| O|  |TAMS 0x0000000083000000, 0x0000000082f00000| Untracked 
|  48|0x0000000083000000, 0x0000000083100000, 0x0000000083100000|100%| O|  |TAMS 0x0000000083100000, 0x0000000083000000| Untracked 
|  49|0x0000000083100000, 0x0000000083200000, 0x0000000083200000|100%| O|  |TAMS 0x0000000083200000, 0x0000000083100000| Untracked 
|  50|0x0000000083200000, 0x0000000083300000, 0x0000000083300000|100%| O|  |TAMS 0x0000000083300000, 0x0000000083200000| Untracked 
|  51|0x0000000083300000, 0x0000000083400000, 0x0000000083400000|100%| O|  |TAMS 0x0000000083400000, 0x0000000083300000| Untracked 
|  52|0x0000000083400000, 0x0000000083500000, 0x0000000083500000|100%| O|  |TAMS 0x0000000083500000, 0x0000000083400000| Untracked 
|  53|0x0000000083500000, 0x0000000083600000, 0x0000000083600000|100%| O|  |TAMS 0x0000000083600000, 0x0000000083500000| Untracked 
|  54|0x0000000083600000, 0x0000000083700000, 0x0000000083700000|100%| O|  |TAMS 0x0000000083700000, 0x0000000083600000| Untracked 
|  55|0x0000000083700000, 0x0000000083800000, 0x0000000083800000|100%| O|  |TAMS 0x0000000083800000, 0x0000000083700000| Untracked 
|  56|0x0000000083800000, 0x0000000083900000, 0x0000000083900000|100%| O|  |TAMS 0x0000000083900000, 0x0000000083800000| Untracked 
|  57|0x0000000083900000, 0x0000000083a00000, 0x0000000083a00000|100%| O|  |TAMS 0x0000000083a00000, 0x0000000083900000| Untracked 
|  58|0x0000000083a00000, 0x0000000083b00000, 0x0000000083b00000|100%| O|  |TAMS 0x0000000083b00000, 0x0000000083a00000| Untracked 
|  59|0x0000000083b00000, 0x0000000083c00000, 0x0000000083c00000|100%| O|  |TAMS 0x0000000083c00000, 0x0000000083b00000| Untracked 
|  60|0x0000000083c00000, 0x0000000083d00000, 0x0000000083d00000|100%| O|  |TAMS 0x0000000083d00000, 0x0000000083c00000| Untracked 
|  61|0x0000000083d00000, 0x0000000083e00000, 0x0000000083e00000|100%| O|  |TAMS 0x0000000083e00000, 0x0000000083d00000| Untracked 
|  62|0x0000000083e00000, 0x0000000083f00000, 0x0000000083f00000|100%| O|  |TAMS 0x0000000083f00000, 0x0000000083e00000| Untracked 
|  63|0x0000000083f00000, 0x0000000084000000, 0x0000000084000000|100%| O|  |TAMS 0x0000000084000000, 0x0000000083f00000| Untracked 
|  64|0x0000000084000000, 0x0000000084100000, 0x0000000084100000|100%| O|  |TAMS 0x0000000084100000, 0x0000000084000000| Untracked 
|  65|0x0000000084100000, 0x0000000084200000, 0x0000000084200000|100%| O|  |TAMS 0x0000000084200000, 0x0000000084100000| Untracked 
|  66|0x0000000084200000, 0x0000000084300000, 0x0000000084300000|100%| O|  |TAMS 0x0000000084300000, 0x0000000084200000| Untracked 
|  67|0x0000000084300000, 0x0000000084400000, 0x0000000084400000|100%| O|  |TAMS 0x0000000084400000, 0x0000000084300000| Untracked 
|  68|0x0000000084400000, 0x0000000084500000, 0x0000000084500000|100%| O|  |TAMS 0x0000000084500000, 0x0000000084400000| Untracked 
|  69|0x0000000084500000, 0x0000000084600000, 0x0000000084600000|100%| O|  |TAMS 0x0000000084600000, 0x0000000084500000| Untracked 
|  70|0x0000000084600000, 0x0000000084700000, 0x0000000084700000|100%| O|  |TAMS 0x0000000084700000, 0x0000000084600000| Untracked 
|  71|0x0000000084700000, 0x0000000084800000, 0x0000000084800000|100%| O|  |TAMS 0x0000000084800000, 0x0000000084700000| Untracked 
|  72|0x0000000084800000, 0x0000000084900000, 0x0000000084900000|100%| O|  |TAMS 0x0000000084900000, 0x0000000084800000| Untracked 
|  73|0x0000000084900000, 0x0000000084a00000, 0x0000000084a00000|100%| O|  |TAMS 0x0000000084a00000, 0x0000000084900000| Untracked 
|  74|0x0000000084a00000, 0x0000000084b00000, 0x0000000084b00000|100%| O|  |TAMS 0x0000000084b00000, 0x0000000084a00000| Untracked 
|  75|0x0000000084b00000, 0x0000000084c00000, 0x0000000084c00000|100%| O|  |TAMS 0x0000000084c00000, 0x0000000084b00000| Untracked 
|  76|0x0000000084c00000, 0x0000000084d00000, 0x0000000084d00000|100%| O|  |TAMS 0x0000000084d00000, 0x0000000084c00000| Untracked 
|  77|0x0000000084d00000, 0x0000000084e00000, 0x0000000084e00000|100%| O|  |TAMS 0x0000000084e00000, 0x0000000084d00000| Untracked 
|  78|0x0000000084e00000, 0x0000000084f00000, 0x0000000084f00000|100%| O|  |TAMS 0x0000000084f00000, 0x0000000084e00000| Untracked 
|  79|0x0000000084f00000, 0x0000000085000000, 0x0000000085000000|100%| O|  |TAMS 0x0000000085000000, 0x0000000084f00000| Untracked 
|  80|0x0000000085000000, 0x0000000085100000, 0x0000000085100000|100%| O|  |TAMS 0x0000000085100000, 0x0000000085000000| Untracked 
|  81|0x0000000085100000, 0x0000000085200000, 0x0000000085200000|100%| O|  |TAMS 0x0000000085200000, 0x0000000085100000| Untracked 
|  82|0x0000000085200000, 0x0000000085300000, 0x0000000085300000|100%| O|  |TAMS 0x0000000085300000, 0x0000000085200000| Untracked 
|  83|0x0000000085300000, 0x0000000085400000, 0x0000000085400000|100%| O|  |TAMS 0x0000000085400000, 0x0000000085300000| Untracked 
|  84|0x0000000085400000, 0x0000000085500000, 0x0000000085500000|100%| O|  |TAMS 0x0000000085500000, 0x0000000085400000| Untracked 
|  85|0x0000000085500000, 0x0000000085600000, 0x0000000085600000|100%| O|  |TAMS 0x0000000085600000, 0x0000000085500000| Untracked 
|  86|0x0000000085600000, 0x0000000085700000, 0x0000000085700000|100%| O|  |TAMS 0x0000000085700000, 0x0000000085600000| Untracked 
|  87|0x0000000085700000, 0x0000000085800000, 0x0000000085800000|100%| O|  |TAMS 0x0000000085800000, 0x0000000085700000| Untracked 
|  88|0x0000000085800000, 0x0000000085900000, 0x0000000085900000|100%| O|  |TAMS 0x0000000085900000, 0x0000000085800000| Untracked 
|  89|0x0000000085900000, 0x0000000085a00000, 0x0000000085a00000|100%| O|  |TAMS 0x0000000085a00000, 0x0000000085900000| Untracked 
|  90|0x0000000085a00000, 0x0000000085b00000, 0x0000000085b00000|100%| O|  |TAMS 0x0000000085b00000, 0x0000000085a00000| Untracked 
|  91|0x0000000085b00000, 0x0000000085c00000, 0x0000000085c00000|100%| O|  |TAMS 0x0000000085c00000, 0x0000000085b00000| Untracked 
|  92|0x0000000085c00000, 0x0000000085d00000, 0x0000000085d00000|100%| O|  |TAMS 0x0000000085d00000, 0x0000000085c00000| Untracked 
|  93|0x0000000085d00000, 0x0000000085e00000, 0x0000000085e00000|100%| O|  |TAMS 0x0000000085e00000, 0x0000000085d00000| Untracked 
|  94|0x0000000085e00000, 0x0000000085f00000, 0x0000000085f00000|100%| O|  |TAMS 0x0000000085f00000, 0x0000000085e00000| Untracked 
|  95|0x0000000085f00000, 0x0000000086000000, 0x0000000086000000|100%| O|  |TAMS 0x0000000086000000, 0x0000000085f00000| Untracked 
|  96|0x0000000086000000, 0x0000000086100000, 0x0000000086100000|100%| O|  |TAMS 0x0000000086100000, 0x0000000086000000| Untracked 
|  97|0x0000000086100000, 0x0000000086200000, 0x0000000086200000|100%| O|  |TAMS 0x0000000086200000, 0x0000000086100000| Untracked 
|  98|0x0000000086200000, 0x0000000086300000, 0x0000000086300000|100%| O|  |TAMS 0x0000000086300000, 0x0000000086200000| Untracked 
|  99|0x0000000086300000, 0x0000000086400000, 0x0000000086400000|100%| O|  |TAMS 0x0000000086400000, 0x0000000086300000| Untracked 
| 100|0x0000000086400000, 0x0000000086500000, 0x0000000086500000|100%| O|  |TAMS 0x0000000086500000, 0x0000000086400000| Untracked 
| 101|0x0000000086500000, 0x0000000086600000, 0x0000000086600000|100%| O|  |TAMS 0x0000000086600000, 0x0000000086500000| Untracked 
| 102|0x0000000086600000, 0x0000000086700000, 0x0000000086700000|100%| O|  |TAMS 0x0000000086700000, 0x0000000086600000| Untracked 
| 103|0x0000000086700000, 0x0000000086800000, 0x0000000086800000|100%| O|  |TAMS 0x0000000086800000, 0x0000000086700000| Untracked 
| 104|0x0000000086800000, 0x0000000086900000, 0x0000000086900000|100%| O|  |TAMS 0x0000000086900000, 0x0000000086800000| Untracked 
| 105|0x0000000086900000, 0x0000000086a00000, 0x0000000086a00000|100%| O|  |TAMS 0x0000000086a00000, 0x0000000086900000| Untracked 
| 106|0x0000000086a00000, 0x0000000086b00000, 0x0000000086b00000|100%| O|  |TAMS 0x0000000086b00000, 0x0000000086a00000| Untracked 
| 107|0x0000000086b00000, 0x0000000086c00000, 0x0000000086c00000|100%| O|  |TAMS 0x0000000086b34a00, 0x0000000086b00000| Untracked 
| 108|0x0000000086c00000, 0x0000000086d00000, 0x0000000086d00000|100%| O|  |TAMS 0x0000000086d00000, 0x0000000086c00000| Untracked 
| 109|0x0000000086d00000, 0x0000000086e00000, 0x0000000086e00000|100%|HS|  |TAMS 0x0000000086e00000, 0x0000000086d00000| Complete 
| 110|0x0000000086e00000, 0x0000000086f00000, 0x0000000086f00000|100%| O|  |TAMS 0x0000000086f00000, 0x0000000086e00000| Untracked 
| 111|0x0000000086f00000, 0x0000000087000000, 0x0000000087000000|100%| O|  |TAMS 0x0000000087000000, 0x0000000086f00000| Untracked 
| 112|0x0000000087000000, 0x0000000087100000, 0x0000000087100000|100%| O|  |TAMS 0x0000000087100000, 0x0000000087000000| Untracked 
| 113|0x0000000087100000, 0x0000000087200000, 0x0000000087200000|100%| O|  |TAMS 0x0000000087200000, 0x0000000087100000| Untracked 
| 114|0x0000000087200000, 0x0000000087300000, 0x0000000087300000|100%| O|  |TAMS 0x0000000087300000, 0x0000000087200000| Untracked 
| 115|0x0000000087300000, 0x0000000087400000, 0x0000000087400000|100%| O|  |TAMS 0x0000000087400000, 0x0000000087300000| Untracked 
| 116|0x0000000087400000, 0x0000000087500000, 0x0000000087500000|100%| O|  |TAMS 0x0000000087500000, 0x0000000087400000| Untracked 
| 117|0x0000000087500000, 0x0000000087600000, 0x0000000087600000|100%| O|  |TAMS 0x0000000087600000, 0x0000000087500000| Untracked 
| 118|0x0000000087600000, 0x0000000087700000, 0x0000000087700000|100%| O|  |TAMS 0x0000000087700000, 0x0000000087600000| Untracked 
| 119|0x0000000087700000, 0x0000000087800000, 0x0000000087800000|100%| O|  |TAMS 0x0000000087800000, 0x0000000087700000| Untracked 
| 120|0x0000000087800000, 0x0000000087900000, 0x0000000087900000|100%| O|  |TAMS 0x0000000087900000, 0x0000000087800000| Untracked 
| 121|0x0000000087900000, 0x0000000087a00000, 0x0000000087a00000|100%| O|  |TAMS 0x0000000087a00000, 0x0000000087900000| Untracked 
| 122|0x0000000087a00000, 0x0000000087b00000, 0x0000000087b00000|100%| O|  |TAMS 0x0000000087b00000, 0x0000000087a00000| Untracked 
| 123|0x0000000087b00000, 0x0000000087c00000, 0x0000000087c00000|100%| O|  |TAMS 0x0000000087c00000, 0x0000000087b00000| Untracked 
| 124|0x0000000087c00000, 0x0000000087d00000, 0x0000000087d00000|100%| O|  |TAMS 0x0000000087d00000, 0x0000000087c00000| Untracked 
| 125|0x0000000087d00000, 0x0000000087e00000, 0x0000000087e00000|100%| O|  |TAMS 0x0000000087e00000, 0x0000000087d00000| Untracked 
| 126|0x0000000087e00000, 0x0000000087f00000, 0x0000000087f00000|100%| O|  |TAMS 0x0000000087f00000, 0x0000000087e00000| Untracked 
| 127|0x0000000087f00000, 0x0000000088000000, 0x0000000088000000|100%| O|  |TAMS 0x0000000088000000, 0x0000000087f00000| Untracked 
| 128|0x0000000088000000, 0x0000000088100000, 0x0000000088100000|100%| O|  |TAMS 0x0000000088100000, 0x0000000088000000| Untracked 
| 129|0x0000000088100000, 0x0000000088200000, 0x0000000088200000|100%| O|  |TAMS 0x0000000088200000, 0x0000000088100000| Untracked 
| 130|0x0000000088200000, 0x0000000088300000, 0x0000000088300000|100%| O|  |TAMS 0x0000000088300000, 0x0000000088200000| Untracked 
| 131|0x0000000088300000, 0x0000000088400000, 0x0000000088400000|100%| O|  |TAMS 0x0000000088300000, 0x0000000088300000| Untracked 
| 132|0x0000000088400000, 0x0000000088500000, 0x0000000088500000|100%| O|  |TAMS 0x0000000088400000, 0x0000000088400000| Untracked 
| 133|0x0000000088500000, 0x0000000088600000, 0x0000000088600000|100%| O|  |TAMS 0x0000000088500000, 0x0000000088500000| Untracked 
| 134|0x0000000088600000, 0x0000000088700000, 0x0000000088700000|100%| O|  |TAMS 0x0000000088600000, 0x0000000088600000| Untracked 
| 135|0x0000000088700000, 0x0000000088800000, 0x0000000088800000|100%| O|  |TAMS 0x0000000088700000, 0x0000000088700000| Untracked 
| 136|0x0000000088800000, 0x0000000088900000, 0x0000000088900000|100%| O|  |TAMS 0x0000000088800000, 0x0000000088800000| Untracked 
| 137|0x0000000088900000, 0x0000000088a00000, 0x0000000088a00000|100%| O|  |TAMS 0x0000000088900000, 0x0000000088900000| Untracked 
| 138|0x0000000088a00000, 0x0000000088b00000, 0x0000000088b00000|100%| O|  |TAMS 0x0000000088a00000, 0x0000000088a00000| Untracked 
| 139|0x0000000088b00000, 0x0000000088bf1200, 0x0000000088c00000| 94%| O|  |TAMS 0x0000000088b00000, 0x0000000088b00000| Untracked 
| 140|0x0000000088c00000, 0x0000000088c00000, 0x0000000088d00000|  0%| F|  |TAMS 0x0000000088c00000, 0x0000000088c00000| Untracked 
| 141|0x0000000088d00000, 0x0000000088d00000, 0x0000000088e00000|  0%| F|  |TAMS 0x0000000088d00000, 0x0000000088d00000| Untracked 
| 142|0x0000000088e00000, 0x0000000088e00000, 0x0000000088f00000|  0%| F|  |TAMS 0x0000000088e00000, 0x0000000088e00000| Untracked 
| 143|0x0000000088f00000, 0x0000000088f00000, 0x0000000089000000|  0%| F|  |TAMS 0x0000000088f00000, 0x0000000088f00000| Untracked 
| 144|0x0000000089000000, 0x0000000089000000, 0x0000000089100000|  0%| F|  |TAMS 0x0000000089000000, 0x0000000089000000| Untracked 
| 145|0x0000000089100000, 0x0000000089100000, 0x0000000089200000|  0%| F|  |TAMS 0x0000000089100000, 0x0000000089100000| Untracked 
| 146|0x0000000089200000, 0x0000000089200000, 0x0000000089300000|  0%| F|  |TAMS 0x0000000089200000, 0x0000000089200000| Untracked 
| 147|0x0000000089300000, 0x0000000089300000, 0x0000000089400000|  0%| F|  |TAMS 0x0000000089300000, 0x0000000089300000| Untracked 
| 148|0x0000000089400000, 0x0000000089400000, 0x0000000089500000|  0%| F|  |TAMS 0x0000000089400000, 0x0000000089400000| Untracked 
| 149|0x0000000089500000, 0x0000000089500000, 0x0000000089600000|  0%| F|  |TAMS 0x0000000089500000, 0x0000000089500000| Untracked 
| 150|0x0000000089600000, 0x0000000089600000, 0x0000000089700000|  0%| F|  |TAMS 0x0000000089600000, 0x0000000089600000| Untracked 
| 151|0x0000000089700000, 0x0000000089700000, 0x0000000089800000|  0%| F|  |TAMS 0x0000000089700000, 0x0000000089700000| Untracked 
| 152|0x0000000089800000, 0x0000000089800000, 0x0000000089900000|  0%| F|  |TAMS 0x0000000089800000, 0x0000000089800000| Untracked 
| 153|0x0000000089900000, 0x0000000089900000, 0x0000000089a00000|  0%| F|  |TAMS 0x0000000089900000, 0x0000000089900000| Untracked 
| 154|0x0000000089a00000, 0x0000000089a00000, 0x0000000089b00000|  0%| F|  |TAMS 0x0000000089a00000, 0x0000000089a00000| Untracked 
| 155|0x0000000089b00000, 0x0000000089b00000, 0x0000000089c00000|  0%| F|  |TAMS 0x0000000089b00000, 0x0000000089b00000| Untracked 
| 156|0x0000000089c00000, 0x0000000089c00000, 0x0000000089d00000|  0%| F|  |TAMS 0x0000000089c00000, 0x0000000089c00000| Untracked 
| 157|0x0000000089d00000, 0x0000000089d00000, 0x0000000089e00000|  0%| F|  |TAMS 0x0000000089d00000, 0x0000000089d00000| Untracked 
| 158|0x0000000089e00000, 0x0000000089e00000, 0x0000000089f00000|  0%| F|  |TAMS 0x0000000089e00000, 0x0000000089e00000| Untracked 
| 159|0x0000000089f00000, 0x0000000089f00000, 0x000000008a000000|  0%| F|  |TAMS 0x0000000089f00000, 0x0000000089f00000| Untracked 
| 160|0x000000008a000000, 0x000000008a000000, 0x000000008a100000|  0%| F|  |TAMS 0x000000008a000000, 0x000000008a000000| Untracked 
| 161|0x000000008a100000, 0x000000008a100000, 0x000000008a200000|  0%| F|  |TAMS 0x000000008a100000, 0x000000008a100000| Untracked 
| 162|0x000000008a200000, 0x000000008a200000, 0x000000008a300000|  0%| F|  |TAMS 0x000000008a200000, 0x000000008a200000| Untracked 
| 163|0x000000008a300000, 0x000000008a300000, 0x000000008a400000|  0%| F|  |TAMS 0x000000008a300000, 0x000000008a300000| Untracked 
| 164|0x000000008a400000, 0x000000008a400000, 0x000000008a500000|  0%| F|  |TAMS 0x000000008a400000, 0x000000008a400000| Untracked 
| 165|0x000000008a500000, 0x000000008a500000, 0x000000008a600000|  0%| F|  |TAMS 0x000000008a500000, 0x000000008a500000| Untracked 
| 166|0x000000008a600000, 0x000000008a600000, 0x000000008a700000|  0%| F|  |TAMS 0x000000008a600000, 0x000000008a600000| Untracked 
| 167|0x000000008a700000, 0x000000008a700000, 0x000000008a800000|  0%| F|  |TAMS 0x000000008a700000, 0x000000008a700000| Untracked 
| 168|0x000000008a800000, 0x000000008a800000, 0x000000008a900000|  0%| F|  |TAMS 0x000000008a800000, 0x000000008a800000| Untracked 
| 169|0x000000008a900000, 0x000000008a900000, 0x000000008aa00000|  0%| F|  |TAMS 0x000000008a900000, 0x000000008a900000| Untracked 
| 170|0x000000008aa00000, 0x000000008ab00000, 0x000000008ab00000|100%| S|CS|TAMS 0x000000008aa00000, 0x000000008aa00000| Complete 
| 171|0x000000008ab00000, 0x000000008ac00000, 0x000000008ac00000|100%| S|CS|TAMS 0x000000008ab00000, 0x000000008ab00000| Complete 
| 172|0x000000008ac00000, 0x000000008ad00000, 0x000000008ad00000|100%| S|CS|TAMS 0x000000008ac00000, 0x000000008ac00000| Complete 
| 173|0x000000008ad00000, 0x000000008ae00000, 0x000000008ae00000|100%| S|CS|TAMS 0x000000008ad00000, 0x000000008ad00000| Complete 
| 174|0x000000008ae00000, 0x000000008af00000, 0x000000008af00000|100%| S|CS|TAMS 0x000000008ae00000, 0x000000008ae00000| Complete 
| 175|0x000000008af00000, 0x000000008b000000, 0x000000008b000000|100%| S|CS|TAMS 0x000000008af00000, 0x000000008af00000| Complete 
| 176|0x000000008b000000, 0x000000008b100000, 0x000000008b100000|100%| S|CS|TAMS 0x000000008b000000, 0x000000008b000000| Complete 
| 177|0x000000008b100000, 0x000000008b200000, 0x000000008b200000|100%| S|CS|TAMS 0x000000008b100000, 0x000000008b100000| Complete 
| 178|0x000000008b200000, 0x000000008b300000, 0x000000008b300000|100%| S|CS|TAMS 0x000000008b200000, 0x000000008b200000| Complete 
| 179|0x000000008b300000, 0x000000008b400000, 0x000000008b400000|100%| S|CS|TAMS 0x000000008b300000, 0x000000008b300000| Complete 
| 180|0x000000008b400000, 0x000000008b500000, 0x000000008b500000|100%| S|CS|TAMS 0x000000008b400000, 0x000000008b400000| Complete 
| 181|0x000000008b500000, 0x000000008b600000, 0x000000008b600000|100%| S|CS|TAMS 0x000000008b500000, 0x000000008b500000| Complete 
| 182|0x000000008b600000, 0x000000008b700000, 0x000000008b700000|100%| S|CS|TAMS 0x000000008b600000, 0x000000008b600000| Complete 
| 183|0x000000008b700000, 0x000000008b800000, 0x000000008b800000|100%| S|CS|TAMS 0x000000008b700000, 0x000000008b700000| Complete 
| 184|0x000000008b800000, 0x000000008b900000, 0x000000008b900000|100%| S|CS|TAMS 0x000000008b800000, 0x000000008b800000| Complete 
| 185|0x000000008b900000, 0x000000008ba00000, 0x000000008ba00000|100%| S|CS|TAMS 0x000000008b900000, 0x000000008b900000| Complete 
| 186|0x000000008ba00000, 0x000000008bb00000, 0x000000008bb00000|100%| S|CS|TAMS 0x000000008ba00000, 0x000000008ba00000| Complete 
| 187|0x000000008bb00000, 0x000000008bc00000, 0x000000008bc00000|100%| S|CS|TAMS 0x000000008bb00000, 0x000000008bb00000| Complete 
| 188|0x000000008bc00000, 0x000000008bd00000, 0x000000008bd00000|100%| S|CS|TAMS 0x000000008bc00000, 0x000000008bc00000| Complete 
| 189|0x000000008bd00000, 0x000000008bd00000, 0x000000008be00000|  0%| F|  |TAMS 0x000000008bd00000, 0x000000008bd00000| Untracked 
| 190|0x000000008be00000, 0x000000008be00000, 0x000000008bf00000|  0%| F|  |TAMS 0x000000008be00000, 0x000000008be00000| Untracked 
| 191|0x000000008bf00000, 0x000000008bf00000, 0x000000008c000000|  0%| F|  |TAMS 0x000000008bf00000, 0x000000008bf00000| Untracked 
| 192|0x000000008c000000, 0x000000008c000000, 0x000000008c100000|  0%| F|  |TAMS 0x000000008c000000, 0x000000008c000000| Untracked 
| 193|0x000000008c100000, 0x000000008c100000, 0x000000008c200000|  0%| F|  |TAMS 0x000000008c100000, 0x000000008c100000| Untracked 
| 194|0x000000008c200000, 0x000000008c200000, 0x000000008c300000|  0%| F|  |TAMS 0x000000008c200000, 0x000000008c200000| Untracked 
| 195|0x000000008c300000, 0x000000008c300000, 0x000000008c400000|  0%| F|  |TAMS 0x000000008c300000, 0x000000008c300000| Untracked 
| 196|0x000000008c400000, 0x000000008c400000, 0x000000008c500000|  0%| F|  |TAMS 0x000000008c400000, 0x000000008c400000| Untracked 
| 197|0x000000008c500000, 0x000000008c500000, 0x000000008c600000|  0%| F|  |TAMS 0x000000008c500000, 0x000000008c500000| Untracked 
| 198|0x000000008c600000, 0x000000008c600000, 0x000000008c700000|  0%| F|  |TAMS 0x000000008c600000, 0x000000008c600000| Untracked 
| 199|0x000000008c700000, 0x000000008c700000, 0x000000008c800000|  0%| F|  |TAMS 0x000000008c700000, 0x000000008c700000| Untracked 
| 200|0x000000008c800000, 0x000000008c800000, 0x000000008c900000|  0%| F|  |TAMS 0x000000008c800000, 0x000000008c800000| Untracked 
| 201|0x000000008c900000, 0x000000008c900000, 0x000000008ca00000|  0%| F|  |TAMS 0x000000008c900000, 0x000000008c900000| Untracked 
| 202|0x000000008ca00000, 0x000000008ca00000, 0x000000008cb00000|  0%| F|  |TAMS 0x000000008ca00000, 0x000000008ca00000| Untracked 
| 203|0x000000008cb00000, 0x000000008cb00000, 0x000000008cc00000|  0%| F|  |TAMS 0x000000008cb00000, 0x000000008cb00000| Untracked 
| 204|0x000000008cc00000, 0x000000008cc00000, 0x000000008cd00000|  0%| F|  |TAMS 0x000000008cc00000, 0x000000008cc00000| Untracked 
| 205|0x000000008cd00000, 0x000000008ce00000, 0x000000008ce00000|100%| S|CS|TAMS 0x000000008cd00000, 0x000000008cd00000| Complete 
| 206|0x000000008ce00000, 0x000000008cf00000, 0x000000008cf00000|100%| S|CS|TAMS 0x000000008ce00000, 0x000000008ce00000| Complete 
| 207|0x000000008cf00000, 0x000000008d000000, 0x000000008d000000|100%| S|CS|TAMS 0x000000008cf00000, 0x000000008cf00000| Complete 
| 208|0x000000008d000000, 0x000000008d000000, 0x000000008d100000|  0%| F|  |TAMS 0x000000008d000000, 0x000000008d000000| Untracked 
| 209|0x000000008d100000, 0x000000008d100000, 0x000000008d200000|  0%| F|  |TAMS 0x000000008d100000, 0x000000008d100000| Untracked 
| 210|0x000000008d200000, 0x000000008d200000, 0x000000008d300000|  0%| F|  |TAMS 0x000000008d200000, 0x000000008d200000| Untracked 
| 211|0x000000008d300000, 0x000000008d300000, 0x000000008d400000|  0%| F|  |TAMS 0x000000008d300000, 0x000000008d300000| Untracked 
| 212|0x000000008d400000, 0x000000008d400000, 0x000000008d500000|  0%| F|  |TAMS 0x000000008d400000, 0x000000008d400000| Untracked 
| 213|0x000000008d500000, 0x000000008d500000, 0x000000008d600000|  0%| F|  |TAMS 0x000000008d500000, 0x000000008d500000| Untracked 
| 214|0x000000008d600000, 0x000000008d600000, 0x000000008d700000|  0%| F|  |TAMS 0x000000008d600000, 0x000000008d600000| Untracked 
| 215|0x000000008d700000, 0x000000008d700000, 0x000000008d800000|  0%| F|  |TAMS 0x000000008d700000, 0x000000008d700000| Untracked 
| 216|0x000000008d800000, 0x000000008d800000, 0x000000008d900000|  0%| F|  |TAMS 0x000000008d800000, 0x000000008d800000| Untracked 
| 217|0x000000008d900000, 0x000000008d900000, 0x000000008da00000|  0%| F|  |TAMS 0x000000008d900000, 0x000000008d900000| Untracked 
| 218|0x000000008da00000, 0x000000008da00000, 0x000000008db00000|  0%| F|  |TAMS 0x000000008da00000, 0x000000008da00000| Untracked 
| 219|0x000000008db00000, 0x000000008db00000, 0x000000008dc00000|  0%| F|  |TAMS 0x000000008db00000, 0x000000008db00000| Untracked 
| 220|0x000000008dc00000, 0x000000008dc00000, 0x000000008dd00000|  0%| F|  |TAMS 0x000000008dc00000, 0x000000008dc00000| Untracked 
| 221|0x000000008dd00000, 0x000000008dd00000, 0x000000008de00000|  0%| F|  |TAMS 0x000000008dd00000, 0x000000008dd00000| Untracked 
| 222|0x000000008de00000, 0x000000008de00000, 0x000000008df00000|  0%| F|  |TAMS 0x000000008de00000, 0x000000008de00000| Untracked 
| 223|0x000000008df00000, 0x000000008df00000, 0x000000008e000000|  0%| F|  |TAMS 0x000000008df00000, 0x000000008df00000| Untracked 
| 224|0x000000008e000000, 0x000000008e000000, 0x000000008e100000|  0%| F|  |TAMS 0x000000008e000000, 0x000000008e000000| Untracked 
| 225|0x000000008e100000, 0x000000008e100000, 0x000000008e200000|  0%| F|  |TAMS 0x000000008e100000, 0x000000008e100000| Untracked 
| 226|0x000000008e200000, 0x000000008e200000, 0x000000008e300000|  0%| F|  |TAMS 0x000000008e200000, 0x000000008e200000| Untracked 
| 227|0x000000008e300000, 0x000000008e300000, 0x000000008e400000|  0%| F|  |TAMS 0x000000008e300000, 0x000000008e300000| Untracked 
| 228|0x000000008e400000, 0x000000008e400000, 0x000000008e500000|  0%| F|  |TAMS 0x000000008e400000, 0x000000008e400000| Untracked 
| 229|0x000000008e500000, 0x000000008e500000, 0x000000008e600000|  0%| F|  |TAMS 0x000000008e500000, 0x000000008e500000| Untracked 
| 230|0x000000008e600000, 0x000000008e600000, 0x000000008e700000|  0%| F|  |TAMS 0x000000008e600000, 0x000000008e600000| Untracked 
| 231|0x000000008e700000, 0x000000008e700000, 0x000000008e800000|  0%| F|  |TAMS 0x000000008e700000, 0x000000008e700000| Untracked 
| 232|0x000000008e800000, 0x000000008e800000, 0x000000008e900000|  0%| F|  |TAMS 0x000000008e800000, 0x000000008e800000| Untracked 
| 233|0x000000008e900000, 0x000000008e900000, 0x000000008ea00000|  0%| F|  |TAMS 0x000000008e900000, 0x000000008e900000| Untracked 
| 234|0x000000008ea00000, 0x000000008ea00000, 0x000000008eb00000|  0%| F|  |TAMS 0x000000008ea00000, 0x000000008ea00000| Untracked 
| 235|0x000000008eb00000, 0x000000008eb00000, 0x000000008ec00000|  0%| F|  |TAMS 0x000000008eb00000, 0x000000008eb00000| Untracked 
| 236|0x000000008ec00000, 0x000000008ec00000, 0x000000008ed00000|  0%| F|  |TAMS 0x000000008ec00000, 0x000000008ec00000| Untracked 
| 237|0x000000008ed00000, 0x000000008ed00000, 0x000000008ee00000|  0%| F|  |TAMS 0x000000008ed00000, 0x000000008ed00000| Untracked 
| 238|0x000000008ee00000, 0x000000008ee00000, 0x000000008ef00000|  0%| F|  |TAMS 0x000000008ee00000, 0x000000008ee00000| Untracked 
| 239|0x000000008ef00000, 0x000000008ef00000, 0x000000008f000000|  0%| F|  |TAMS 0x000000008ef00000, 0x000000008ef00000| Untracked 
| 240|0x000000008f000000, 0x000000008f000000, 0x000000008f100000|  0%| F|  |TAMS 0x000000008f000000, 0x000000008f000000| Untracked 
| 241|0x000000008f100000, 0x000000008f100000, 0x000000008f200000|  0%| F|  |TAMS 0x000000008f100000, 0x000000008f100000| Untracked 
| 242|0x000000008f200000, 0x000000008f200000, 0x000000008f300000|  0%| F|  |TAMS 0x000000008f200000, 0x000000008f200000| Untracked 
| 243|0x000000008f300000, 0x000000008f300000, 0x000000008f400000|  0%| F|  |TAMS 0x000000008f300000, 0x000000008f300000| Untracked 
| 244|0x000000008f400000, 0x000000008f400000, 0x000000008f500000|  0%| F|  |TAMS 0x000000008f400000, 0x000000008f400000| Untracked 
| 245|0x000000008f500000, 0x000000008f500000, 0x000000008f600000|  0%| F|  |TAMS 0x000000008f500000, 0x000000008f500000| Untracked 
| 246|0x000000008f600000, 0x000000008f600000, 0x000000008f700000|  0%| F|  |TAMS 0x000000008f600000, 0x000000008f600000| Untracked 
| 247|0x000000008f700000, 0x000000008f700000, 0x000000008f800000|  0%| F|  |TAMS 0x000000008f700000, 0x000000008f700000| Untracked 
| 248|0x000000008f800000, 0x000000008f800000, 0x000000008f900000|  0%| F|  |TAMS 0x000000008f800000, 0x000000008f800000| Untracked 
| 249|0x000000008f900000, 0x000000008f900000, 0x000000008fa00000|  0%| F|  |TAMS 0x000000008f900000, 0x000000008f900000| Untracked 
| 250|0x000000008fa00000, 0x000000008fa00000, 0x000000008fb00000|  0%| F|  |TAMS 0x000000008fa00000, 0x000000008fa00000| Untracked 
| 251|0x000000008fb00000, 0x000000008fb00000, 0x000000008fc00000|  0%| F|  |TAMS 0x000000008fb00000, 0x000000008fb00000| Untracked 
| 252|0x000000008fc00000, 0x000000008fc00000, 0x000000008fd00000|  0%| F|  |TAMS 0x000000008fc00000, 0x000000008fc00000| Untracked 
| 253|0x000000008fd00000, 0x000000008fd00000, 0x000000008fe00000|  0%| F|  |TAMS 0x000000008fd00000, 0x000000008fd00000| Untracked 
| 254|0x000000008fe00000, 0x000000008fe00000, 0x000000008ff00000|  0%| F|  |TAMS 0x000000008fe00000, 0x000000008fe00000| Untracked 
| 255|0x000000008ff00000, 0x000000008ff00000, 0x0000000090000000|  0%| F|  |TAMS 0x000000008ff00000, 0x000000008ff00000| Untracked 
| 256|0x0000000090000000, 0x0000000090000000, 0x0000000090100000|  0%| F|  |TAMS 0x0000000090000000, 0x0000000090000000| Untracked 
| 257|0x0000000090100000, 0x0000000090100000, 0x0000000090200000|  0%| F|  |TAMS 0x0000000090100000, 0x0000000090100000| Untracked 
| 258|0x0000000090200000, 0x0000000090200000, 0x0000000090300000|  0%| F|  |TAMS 0x0000000090200000, 0x0000000090200000| Untracked 
| 259|0x0000000090300000, 0x0000000090300000, 0x0000000090400000|  0%| F|  |TAMS 0x0000000090300000, 0x0000000090300000| Untracked 
| 260|0x0000000090400000, 0x0000000090400000, 0x0000000090500000|  0%| F|  |TAMS 0x0000000090400000, 0x0000000090400000| Untracked 
| 261|0x0000000090500000, 0x0000000090500000, 0x0000000090600000|  0%| F|  |TAMS 0x0000000090500000, 0x0000000090500000| Untracked 
| 262|0x0000000090600000, 0x0000000090600000, 0x0000000090700000|  0%| F|  |TAMS 0x0000000090600000, 0x0000000090600000| Untracked 
| 263|0x0000000090700000, 0x0000000090700000, 0x0000000090800000|  0%| F|  |TAMS 0x0000000090700000, 0x0000000090700000| Untracked 
| 264|0x0000000090800000, 0x0000000090800000, 0x0000000090900000|  0%| F|  |TAMS 0x0000000090800000, 0x0000000090800000| Untracked 
| 265|0x0000000090900000, 0x0000000090900000, 0x0000000090a00000|  0%| F|  |TAMS 0x0000000090900000, 0x0000000090900000| Untracked 
| 266|0x0000000090a00000, 0x0000000090a00000, 0x0000000090b00000|  0%| F|  |TAMS 0x0000000090a00000, 0x0000000090a00000| Untracked 
| 267|0x0000000090b00000, 0x0000000090b00000, 0x0000000090c00000|  0%| F|  |TAMS 0x0000000090b00000, 0x0000000090b00000| Untracked 
| 268|0x0000000090c00000, 0x0000000090c00000, 0x0000000090d00000|  0%| F|  |TAMS 0x0000000090c00000, 0x0000000090c00000| Untracked 
| 269|0x0000000090d00000, 0x0000000090d00000, 0x0000000090e00000|  0%| F|  |TAMS 0x0000000090d00000, 0x0000000090d00000| Untracked 
| 270|0x0000000090e00000, 0x0000000090e00000, 0x0000000090f00000|  0%| F|  |TAMS 0x0000000090e00000, 0x0000000090e00000| Untracked 
| 271|0x0000000090f00000, 0x0000000090f00000, 0x0000000091000000|  0%| F|  |TAMS 0x0000000090f00000, 0x0000000090f00000| Untracked 
| 272|0x0000000091000000, 0x0000000091000000, 0x0000000091100000|  0%| F|  |TAMS 0x0000000091000000, 0x0000000091000000| Untracked 
| 273|0x0000000091100000, 0x0000000091100000, 0x0000000091200000|  0%| F|  |TAMS 0x0000000091100000, 0x0000000091100000| Untracked 
| 274|0x0000000091200000, 0x0000000091200000, 0x0000000091300000|  0%| F|  |TAMS 0x0000000091200000, 0x0000000091200000| Untracked 
| 275|0x0000000091300000, 0x0000000091300000, 0x0000000091400000|  0%| F|  |TAMS 0x0000000091300000, 0x0000000091300000| Untracked 
| 276|0x0000000091400000, 0x0000000091400000, 0x0000000091500000|  0%| F|  |TAMS 0x0000000091400000, 0x0000000091400000| Untracked 
| 277|0x0000000091500000, 0x0000000091500000, 0x0000000091600000|  0%| F|  |TAMS 0x0000000091500000, 0x0000000091500000| Untracked 
| 278|0x0000000091600000, 0x0000000091600000, 0x0000000091700000|  0%| F|  |TAMS 0x0000000091600000, 0x0000000091600000| Untracked 
| 279|0x0000000091700000, 0x0000000091700000, 0x0000000091800000|  0%| F|  |TAMS 0x0000000091700000, 0x0000000091700000| Untracked 
| 280|0x0000000091800000, 0x0000000091800000, 0x0000000091900000|  0%| F|  |TAMS 0x0000000091800000, 0x0000000091800000| Untracked 
| 281|0x0000000091900000, 0x0000000091900000, 0x0000000091a00000|  0%| F|  |TAMS 0x0000000091900000, 0x0000000091900000| Untracked 
| 282|0x0000000091a00000, 0x0000000091a00000, 0x0000000091b00000|  0%| F|  |TAMS 0x0000000091a00000, 0x0000000091a00000| Untracked 
| 283|0x0000000091b00000, 0x0000000091b00000, 0x0000000091c00000|  0%| F|  |TAMS 0x0000000091b00000, 0x0000000091b00000| Untracked 
| 284|0x0000000091c00000, 0x0000000091c00000, 0x0000000091d00000|  0%| F|  |TAMS 0x0000000091c00000, 0x0000000091c00000| Untracked 
| 285|0x0000000091d00000, 0x0000000091d00000, 0x0000000091e00000|  0%| F|  |TAMS 0x0000000091d00000, 0x0000000091d00000| Untracked 
| 286|0x0000000091e00000, 0x0000000091e00000, 0x0000000091f00000|  0%| F|  |TAMS 0x0000000091e00000, 0x0000000091e00000| Untracked 
| 287|0x0000000091f00000, 0x0000000091f00000, 0x0000000092000000|  0%| F|  |TAMS 0x0000000091f00000, 0x0000000091f00000| Untracked 
| 288|0x0000000092000000, 0x0000000092000000, 0x0000000092100000|  0%| F|  |TAMS 0x0000000092000000, 0x0000000092000000| Untracked 
| 289|0x0000000092100000, 0x0000000092100000, 0x0000000092200000|  0%| F|  |TAMS 0x0000000092100000, 0x0000000092100000| Untracked 
| 290|0x0000000092200000, 0x0000000092200000, 0x0000000092300000|  0%| F|  |TAMS 0x0000000092200000, 0x0000000092200000| Untracked 
| 291|0x0000000092300000, 0x0000000092300000, 0x0000000092400000|  0%| F|  |TAMS 0x0000000092300000, 0x0000000092300000| Untracked 
| 292|0x0000000092400000, 0x0000000092400000, 0x0000000092500000|  0%| F|  |TAMS 0x0000000092400000, 0x0000000092400000| Untracked 
| 293|0x0000000092500000, 0x0000000092500000, 0x0000000092600000|  0%| F|  |TAMS 0x0000000092500000, 0x0000000092500000| Untracked 
| 294|0x0000000092600000, 0x0000000092600000, 0x0000000092700000|  0%| F|  |TAMS 0x0000000092600000, 0x0000000092600000| Untracked 
| 295|0x0000000092700000, 0x0000000092700000, 0x0000000092800000|  0%| F|  |TAMS 0x0000000092700000, 0x0000000092700000| Untracked 
| 296|0x0000000092800000, 0x0000000092800000, 0x0000000092900000|  0%| F|  |TAMS 0x0000000092800000, 0x0000000092800000| Untracked 
| 297|0x0000000092900000, 0x0000000092900000, 0x0000000092a00000|  0%| F|  |TAMS 0x0000000092900000, 0x0000000092900000| Untracked 
| 298|0x0000000092a00000, 0x0000000092a00000, 0x0000000092b00000|  0%| F|  |TAMS 0x0000000092a00000, 0x0000000092a00000| Untracked 
| 299|0x0000000092b00000, 0x0000000092b00000, 0x0000000092c00000|  0%| F|  |TAMS 0x0000000092b00000, 0x0000000092b00000| Untracked 
| 300|0x0000000092c00000, 0x0000000092c00000, 0x0000000092d00000|  0%| F|  |TAMS 0x0000000092c00000, 0x0000000092c00000| Untracked 
| 301|0x0000000092d00000, 0x0000000092d00000, 0x0000000092e00000|  0%| F|  |TAMS 0x0000000092d00000, 0x0000000092d00000| Untracked 
| 302|0x0000000092e00000, 0x0000000092e00000, 0x0000000092f00000|  0%| F|  |TAMS 0x0000000092e00000, 0x0000000092e00000| Untracked 
| 303|0x0000000092f00000, 0x0000000092f00000, 0x0000000093000000|  0%| F|  |TAMS 0x0000000092f00000, 0x0000000092f00000| Untracked 
| 304|0x0000000093000000, 0x0000000093000000, 0x0000000093100000|  0%| F|  |TAMS 0x0000000093000000, 0x0000000093000000| Untracked 
| 305|0x0000000093100000, 0x0000000093100000, 0x0000000093200000|  0%| F|  |TAMS 0x0000000093100000, 0x0000000093100000| Untracked 
| 306|0x0000000093200000, 0x0000000093200000, 0x0000000093300000|  0%| F|  |TAMS 0x0000000093200000, 0x0000000093200000| Untracked 
| 307|0x0000000093300000, 0x0000000093300000, 0x0000000093400000|  0%| F|  |TAMS 0x0000000093300000, 0x0000000093300000| Untracked 
| 308|0x0000000093400000, 0x0000000093400000, 0x0000000093500000|  0%| F|  |TAMS 0x0000000093400000, 0x0000000093400000| Untracked 
| 309|0x0000000093500000, 0x0000000093500000, 0x0000000093600000|  0%| F|  |TAMS 0x0000000093500000, 0x0000000093500000| Untracked 
| 310|0x0000000093600000, 0x0000000093600000, 0x0000000093700000|  0%| F|  |TAMS 0x0000000093600000, 0x0000000093600000| Untracked 
| 311|0x0000000093700000, 0x0000000093700000, 0x0000000093800000|  0%| F|  |TAMS 0x0000000093700000, 0x0000000093700000| Untracked 
| 312|0x0000000093800000, 0x0000000093800000, 0x0000000093900000|  0%| F|  |TAMS 0x0000000093800000, 0x0000000093800000| Untracked 
| 313|0x0000000093900000, 0x0000000093900000, 0x0000000093a00000|  0%| F|  |TAMS 0x0000000093900000, 0x0000000093900000| Untracked 
| 314|0x0000000093a00000, 0x0000000093a00000, 0x0000000093b00000|  0%| F|  |TAMS 0x0000000093a00000, 0x0000000093a00000| Untracked 
| 315|0x0000000093b00000, 0x0000000093b00000, 0x0000000093c00000|  0%| F|  |TAMS 0x0000000093b00000, 0x0000000093b00000| Untracked 
| 316|0x0000000093c00000, 0x0000000093c00000, 0x0000000093d00000|  0%| F|  |TAMS 0x0000000093c00000, 0x0000000093c00000| Untracked 
| 317|0x0000000093d00000, 0x0000000093d00000, 0x0000000093e00000|  0%| F|  |TAMS 0x0000000093d00000, 0x0000000093d00000| Untracked 
| 318|0x0000000093e00000, 0x0000000093e00000, 0x0000000093f00000|  0%| F|  |TAMS 0x0000000093e00000, 0x0000000093e00000| Untracked 
| 319|0x0000000093f00000, 0x0000000093f00000, 0x0000000094000000|  0%| F|  |TAMS 0x0000000093f00000, 0x0000000093f00000| Untracked 
| 320|0x0000000094000000, 0x0000000094000000, 0x0000000094100000|  0%| F|  |TAMS 0x0000000094000000, 0x0000000094000000| Untracked 
| 321|0x0000000094100000, 0x0000000094100000, 0x0000000094200000|  0%| F|  |TAMS 0x0000000094100000, 0x0000000094100000| Untracked 
| 322|0x0000000094200000, 0x0000000094200000, 0x0000000094300000|  0%| F|  |TAMS 0x0000000094200000, 0x0000000094200000| Untracked 
| 323|0x0000000094300000, 0x0000000094300000, 0x0000000094400000|  0%| F|  |TAMS 0x0000000094300000, 0x0000000094300000| Untracked 
| 324|0x0000000094400000, 0x0000000094400000, 0x0000000094500000|  0%| F|  |TAMS 0x0000000094400000, 0x0000000094400000| Untracked 
| 325|0x0000000094500000, 0x0000000094500000, 0x0000000094600000|  0%| F|  |TAMS 0x0000000094500000, 0x0000000094500000| Untracked 
| 326|0x0000000094600000, 0x0000000094600000, 0x0000000094700000|  0%| F|  |TAMS 0x0000000094600000, 0x0000000094600000| Untracked 
| 327|0x0000000094700000, 0x0000000094700000, 0x0000000094800000|  0%| F|  |TAMS 0x0000000094700000, 0x0000000094700000| Untracked 
| 328|0x0000000094800000, 0x0000000094800000, 0x0000000094900000|  0%| F|  |TAMS 0x0000000094800000, 0x0000000094800000| Untracked 
| 329|0x0000000094900000, 0x0000000094900000, 0x0000000094a00000|  0%| F|  |TAMS 0x0000000094900000, 0x0000000094900000| Untracked 
| 330|0x0000000094a00000, 0x0000000094a00000, 0x0000000094b00000|  0%| F|  |TAMS 0x0000000094a00000, 0x0000000094a00000| Untracked 
| 331|0x0000000094b00000, 0x0000000094b00000, 0x0000000094c00000|  0%| F|  |TAMS 0x0000000094b00000, 0x0000000094b00000| Untracked 
| 332|0x0000000094c00000, 0x0000000094c00000, 0x0000000094d00000|  0%| F|  |TAMS 0x0000000094c00000, 0x0000000094c00000| Untracked 
| 333|0x0000000094d00000, 0x0000000094d00000, 0x0000000094e00000|  0%| F|  |TAMS 0x0000000094d00000, 0x0000000094d00000| Untracked 
| 334|0x0000000094e00000, 0x0000000094e00000, 0x0000000094f00000|  0%| F|  |TAMS 0x0000000094e00000, 0x0000000094e00000| Untracked 
| 335|0x0000000094f00000, 0x0000000094f00000, 0x0000000095000000|  0%| F|  |TAMS 0x0000000094f00000, 0x0000000094f00000| Untracked 
| 336|0x0000000095000000, 0x0000000095000000, 0x0000000095100000|  0%| F|  |TAMS 0x0000000095000000, 0x0000000095000000| Untracked 
| 337|0x0000000095100000, 0x0000000095100000, 0x0000000095200000|  0%| F|  |TAMS 0x0000000095100000, 0x0000000095100000| Untracked 
| 338|0x0000000095200000, 0x0000000095200000, 0x0000000095300000|  0%| F|  |TAMS 0x0000000095200000, 0x0000000095200000| Untracked 
| 339|0x0000000095300000, 0x0000000095300000, 0x0000000095400000|  0%| F|  |TAMS 0x0000000095300000, 0x0000000095300000| Untracked 
| 340|0x0000000095400000, 0x0000000095400000, 0x0000000095500000|  0%| F|  |TAMS 0x0000000095400000, 0x0000000095400000| Untracked 
| 341|0x0000000095500000, 0x0000000095500000, 0x0000000095600000|  0%| F|  |TAMS 0x0000000095500000, 0x0000000095500000| Untracked 
| 342|0x0000000095600000, 0x0000000095600000, 0x0000000095700000|  0%| F|  |TAMS 0x0000000095600000, 0x0000000095600000| Untracked 
| 343|0x0000000095700000, 0x0000000095700000, 0x0000000095800000|  0%| F|  |TAMS 0x0000000095700000, 0x0000000095700000| Untracked 
| 344|0x0000000095800000, 0x0000000095800000, 0x0000000095900000|  0%| F|  |TAMS 0x0000000095800000, 0x0000000095800000| Untracked 
| 345|0x0000000095900000, 0x0000000095900000, 0x0000000095a00000|  0%| F|  |TAMS 0x0000000095900000, 0x0000000095900000| Untracked 
| 346|0x0000000095a00000, 0x0000000095a00000, 0x0000000095b00000|  0%| F|  |TAMS 0x0000000095a00000, 0x0000000095a00000| Untracked 
| 347|0x0000000095b00000, 0x0000000095b00000, 0x0000000095c00000|  0%| F|  |TAMS 0x0000000095b00000, 0x0000000095b00000| Untracked 
| 348|0x0000000095c00000, 0x0000000095c00000, 0x0000000095d00000|  0%| F|  |TAMS 0x0000000095c00000, 0x0000000095c00000| Untracked 
| 349|0x0000000095d00000, 0x0000000095d00000, 0x0000000095e00000|  0%| F|  |TAMS 0x0000000095d00000, 0x0000000095d00000| Untracked 
| 350|0x0000000095e00000, 0x0000000095e00000, 0x0000000095f00000|  0%| F|  |TAMS 0x0000000095e00000, 0x0000000095e00000| Untracked 
| 351|0x0000000095f00000, 0x0000000095f00000, 0x0000000096000000|  0%| F|  |TAMS 0x0000000095f00000, 0x0000000095f00000| Untracked 
| 352|0x0000000096000000, 0x0000000096000000, 0x0000000096100000|  0%| F|  |TAMS 0x0000000096000000, 0x0000000096000000| Untracked 
| 353|0x0000000096100000, 0x0000000096100000, 0x0000000096200000|  0%| F|  |TAMS 0x0000000096100000, 0x0000000096100000| Untracked 
| 354|0x0000000096200000, 0x0000000096200000, 0x0000000096300000|  0%| F|  |TAMS 0x0000000096200000, 0x0000000096200000| Untracked 
| 355|0x0000000096300000, 0x0000000096300000, 0x0000000096400000|  0%| F|  |TAMS 0x0000000096300000, 0x0000000096300000| Untracked 
| 356|0x0000000096400000, 0x0000000096400000, 0x0000000096500000|  0%| F|  |TAMS 0x0000000096400000, 0x0000000096400000| Untracked 
| 357|0x0000000096500000, 0x0000000096500000, 0x0000000096600000|  0%| F|  |TAMS 0x0000000096500000, 0x0000000096500000| Untracked 
| 358|0x0000000096600000, 0x0000000096600000, 0x0000000096700000|  0%| F|  |TAMS 0x0000000096600000, 0x0000000096600000| Untracked 
| 359|0x0000000096700000, 0x0000000096700000, 0x0000000096800000|  0%| F|  |TAMS 0x0000000096700000, 0x0000000096700000| Untracked 
| 360|0x0000000096800000, 0x0000000096800000, 0x0000000096900000|  0%| F|  |TAMS 0x0000000096800000, 0x0000000096800000| Untracked 
| 361|0x0000000096900000, 0x0000000096900000, 0x0000000096a00000|  0%| F|  |TAMS 0x0000000096900000, 0x0000000096900000| Untracked 
| 362|0x0000000096a00000, 0x0000000096a00000, 0x0000000096b00000|  0%| F|  |TAMS 0x0000000096a00000, 0x0000000096a00000| Untracked 
| 363|0x0000000096b00000, 0x0000000096b00000, 0x0000000096c00000|  0%| F|  |TAMS 0x0000000096b00000, 0x0000000096b00000| Untracked 
| 364|0x0000000096c00000, 0x0000000096c00000, 0x0000000096d00000|  0%| F|  |TAMS 0x0000000096c00000, 0x0000000096c00000| Untracked 
| 365|0x0000000096d00000, 0x0000000096d00000, 0x0000000096e00000|  0%| F|  |TAMS 0x0000000096d00000, 0x0000000096d00000| Untracked 
| 366|0x0000000096e00000, 0x0000000096e00000, 0x0000000096f00000|  0%| F|  |TAMS 0x0000000096e00000, 0x0000000096e00000| Untracked 
| 367|0x0000000096f00000, 0x0000000096f00000, 0x0000000097000000|  0%| F|  |TAMS 0x0000000096f00000, 0x0000000096f00000| Untracked 
| 368|0x0000000097000000, 0x0000000097000000, 0x0000000097100000|  0%| F|  |TAMS 0x0000000097000000, 0x0000000097000000| Untracked 
| 369|0x0000000097100000, 0x0000000097100000, 0x0000000097200000|  0%| F|  |TAMS 0x0000000097100000, 0x0000000097100000| Untracked 
| 370|0x0000000097200000, 0x0000000097200000, 0x0000000097300000|  0%| F|  |TAMS 0x0000000097200000, 0x0000000097200000| Untracked 
| 371|0x0000000097300000, 0x0000000097300000, 0x0000000097400000|  0%| F|  |TAMS 0x0000000097300000, 0x0000000097300000| Untracked 
| 372|0x0000000097400000, 0x0000000097400000, 0x0000000097500000|  0%| F|  |TAMS 0x0000000097400000, 0x0000000097400000| Untracked 
| 373|0x0000000097500000, 0x0000000097500000, 0x0000000097600000|  0%| F|  |TAMS 0x0000000097500000, 0x0000000097500000| Untracked 
| 374|0x0000000097600000, 0x0000000097600000, 0x0000000097700000|  0%| F|  |TAMS 0x0000000097600000, 0x0000000097600000| Untracked 
| 375|0x0000000097700000, 0x0000000097700000, 0x0000000097800000|  0%| F|  |TAMS 0x0000000097700000, 0x0000000097700000| Untracked 
| 376|0x0000000097800000, 0x0000000097800000, 0x0000000097900000|  0%| F|  |TAMS 0x0000000097800000, 0x0000000097800000| Untracked 
| 377|0x0000000097900000, 0x0000000097900000, 0x0000000097a00000|  0%| F|  |TAMS 0x0000000097900000, 0x0000000097900000| Untracked 
| 378|0x0000000097a00000, 0x0000000097a00000, 0x0000000097b00000|  0%| F|  |TAMS 0x0000000097a00000, 0x0000000097a00000| Untracked 
| 379|0x0000000097b00000, 0x0000000097b00000, 0x0000000097c00000|  0%| F|  |TAMS 0x0000000097b00000, 0x0000000097b00000| Untracked 
| 380|0x0000000097c00000, 0x0000000097c00000, 0x0000000097d00000|  0%| F|  |TAMS 0x0000000097c00000, 0x0000000097c00000| Untracked 
| 381|0x0000000097d00000, 0x0000000097d00000, 0x0000000097e00000|  0%| F|  |TAMS 0x0000000097d00000, 0x0000000097d00000| Untracked 
| 382|0x0000000097e00000, 0x0000000097e00000, 0x0000000097f00000|  0%| F|  |TAMS 0x0000000097e00000, 0x0000000097e00000| Untracked 
| 383|0x0000000097f00000, 0x0000000097f00000, 0x0000000098000000|  0%| F|  |TAMS 0x0000000097f00000, 0x0000000097f00000| Untracked 

Card table byte_map: [0x000002d09f120000,0x000002d09f520000] _byte_map_base: 0x000002d09ed20000

Marking Bits (Prev, Next): (CMBitMap*) 0x000002d08c271b28, (CMBitMap*) 0x000002d08c271b60
 Prev Bits: [0x000002d09f920000, 0x000002d0a1920000)
 Next Bits: [0x000002d0a1920000, 0x000002d0a3920000)

Polling page: 0x000002d08a1d0000

Metaspace:

Usage:
  Non-class:     97.78 MB capacity,    95.98 MB ( 98%) used,     1.45 MB (  1%) free+waste,   353.69 KB ( <1%) overhead. 
      Class:     14.67 MB capacity,    13.65 MB ( 93%) used,   891.28 KB (  6%) free+waste,   153.63 KB (  1%) overhead. 
       Both:    112.45 MB capacity,   109.63 MB ( 97%) used,     2.32 MB (  2%) free+waste,   507.31 KB ( <1%) overhead. 

Virtual space:
  Non-class space:       98.00 MB reserved,      98.00 MB (100%) committed 
      Class space:        1.00 GB reserved,      14.82 MB (  1%) committed 
             Both:        1.10 GB reserved,     112.82 MB ( 10%) committed 

Chunk freelists:
   Non-Class:  38.00 KB
       Class:  47.00 KB
        Both:  85.00 KB

MaxMetaspaceSize: 17179869184.00 GB
CompressedClassSpaceSize: 1.00 GB

CodeHeap 'non-profiled nmethods': size=120064Kb used=13440Kb max_used=14080Kb free=106623Kb
 bounds [0x000002d0977e0000, 0x000002d0985b0000, 0x000002d09ed20000]
CodeHeap 'profiled nmethods': size=120000Kb used=41510Kb max_used=43480Kb free=78489Kb
 bounds [0x000002d0902b0000, 0x000002d092d50000, 0x000002d0977e0000]
CodeHeap 'non-nmethods': size=5696Kb used=2329Kb max_used=2403Kb free=3366Kb
 bounds [0x000002d08fd20000, 0x000002d08ff90000, 0x000002d0902b0000]
 total_blobs=18598 nmethods=17651 adapters=852
 compilation: enabled
              stopped_count=0, restarted_count=0
 full_count=0

Compilation events (20 events):
Event: 102.001 Thread 0x000002d0a5e28000 20141       2       com.android.zipflinger.CentralDirectoryRecord::write (234 bytes)
Event: 102.003 Thread 0x000002d0a5e28000 nmethod 20141 0x000002d0911d6490 code [0x000002d0911d67c0, 0x000002d0911d71a8]
Event: 102.003 Thread 0x000002d0a5e28000 20142       2       com.android.zipflinger.CentralDirectoryRecord::buildExtraField (77 bytes)
Event: 102.004 Thread 0x000002d0a5e28000 nmethod 20142 0x000002d090f09e90 code [0x000002d090f0a0c0, 0x000002d090f0a608]
Event: 102.009 Thread 0x000002d0a5e1e000 nmethod 19970 0x000002d097bada90 code [0x000002d097bae100, 0x000002d097bb4d30]
Event: 102.009 Thread 0x000002d0a5e1e000 20113       4       org.objectweb.asm.ByteVector::putUTF8 (144 bytes)
Event: 102.029 Thread 0x000002d0a5e28000 20143       2       com.android.tools.r8.internal.a2$c::<init> (11 bytes)
Event: 102.029 Thread 0x000002d0a5e28000 nmethod 20143 0x000002d09061b190 code [0x000002d09061b340, 0x000002d09061b4d8]
Event: 102.032 Thread 0x000002d0a5e1e000 nmethod 20113 0x000002d097841190 code [0x000002d097841340, 0x000002d097841d18]
Event: 102.033 Thread 0x000002d0a5e1e000 19989       4       com.android.tools.r8.internal.UF::a (119 bytes)
Event: 102.044 Thread 0x000002d0a5e28000 20144       2       com.android.tools.r8.internal.E7::a (704 bytes)
Event: 102.050 Thread 0x000002d0a5e28000 nmethod 20144 0x000002d091752c10 code [0x000002d091753280, 0x000002d091755688]
Event: 102.109 Thread 0x000002d0a5e28000 20148       3       com.android.tools.r8.graph.H::a (277 bytes)
Event: 102.111 Thread 0x000002d0a5e28000 nmethod 20148 0x000002d0918e5490 code [0x000002d0918e59a0, 0x000002d0918e8aa8]
Event: 102.115 Thread 0x000002d0a5e28000 20149 %     3       com.android.tools.r8.internal.fr::a @ 10 (39 bytes)
Event: 102.116 Thread 0x000002d0a5e28000 nmethod 20149% 0x000002d090facf10 code [0x000002d090fad100, 0x000002d090fad698]
Event: 102.116 Thread 0x000002d0a5e28000 20150       3       com.android.tools.r8.internal.fr::a (39 bytes)
Event: 102.116 Thread 0x000002d0a5e28000 nmethod 20150 0x000002d09073fd90 code [0x000002d09073ff80, 0x000002d0907404b8]
Event: 102.123 Thread 0x000002d0a5e1e000 nmethod 19989 0x000002d097933990 code [0x000002d097933c80, 0x000002d097935468]
Event: 102.124 Thread 0x000002d0a5e1e000 20146 %     4       com.android.tools.r8.internal.Kv::a @ 1241 (1305 bytes)

GC Heap History (20 events):
Event: 91.139 GC heap after
{Heap after GC invocations=86 (full 0):
 garbage-first heap   total 272384K, used 139047K [0x0000000080000000, 0x0000000100000000)
  region size 1024K, 6 young (6144K), 6 survivors (6144K)
 Metaspace       used 110600K, capacity 113307K, committed 113868K, reserved 1148928K
  class space    used 13797K, capacity 14813K, committed 15052K, reserved 1048576K
}
Event: 91.649 GC heap before
{Heap before GC invocations=86 (full 0):
 garbage-first heap   total 272384K, used 228135K [0x0000000080000000, 0x0000000100000000)
  region size 1024K, 94 young (96256K), 6 survivors (6144K)
 Metaspace       used 110615K, capacity 113381K, committed 113868K, reserved 1148928K
  class space    used 13799K, capacity 14816K, committed 15052K, reserved 1048576K
}
Event: 91.663 GC heap after
{Heap after GC invocations=87 (full 0):
 garbage-first heap   total 272384K, used 140194K [0x0000000080000000, 0x0000000100000000)
  region size 1024K, 7 young (7168K), 7 survivors (7168K)
 Metaspace       used 110615K, capacity 113381K, committed 113868K, reserved 1148928K
  class space    used 13799K, capacity 14816K, committed 15052K, reserved 1048576K
}
Event: 92.165 GC heap before
{Heap before GC invocations=87 (full 0):
 garbage-first heap   total 272384K, used 232354K [0x0000000080000000, 0x0000000100000000)
  region size 1024K, 97 young (99328K), 7 survivors (7168K)
 Metaspace       used 110650K, capacity 113406K, committed 113868K, reserved 1148928K
  class space    used 13804K, capacity 14824K, committed 15052K, reserved 1048576K
}
Event: 92.184 GC heap after
{Heap after GC invocations=88 (full 0):
 garbage-first heap   total 327680K, used 141522K [0x0000000080000000, 0x0000000100000000)
  region size 1024K, 8 young (8192K), 8 survivors (8192K)
 Metaspace       used 110650K, capacity 113406K, committed 113868K, reserved 1148928K
  class space    used 13804K, capacity 14824K, committed 15052K, reserved 1048576K
}
Event: 92.868 GC heap before
{Heap before GC invocations=88 (full 0):
 garbage-first heap   total 327680K, used 252114K [0x0000000080000000, 0x0000000100000000)
  region size 1024K, 116 young (118784K), 8 survivors (8192K)
 Metaspace       used 110685K, capacity 113421K, committed 113868K, reserved 1148928K
  class space    used 13809K, capacity 14827K, committed 15052K, reserved 1048576K
}
Event: 92.885 GC heap after
{Heap after GC invocations=89 (full 0):
 garbage-first heap   total 327680K, used 142908K [0x0000000080000000, 0x0000000100000000)
  region size 1024K, 10 young (10240K), 10 survivors (10240K)
 Metaspace       used 110685K, capacity 113421K, committed 113868K, reserved 1148928K
  class space    used 13809K, capacity 14827K, committed 15052K, reserved 1048576K
}
Event: 93.574 GC heap before
{Heap before GC invocations=89 (full 0):
 garbage-first heap   total 327680K, used 263740K [0x0000000080000000, 0x0000000100000000)
  region size 1024K, 128 young (131072K), 10 survivors (10240K)
 Metaspace       used 110697K, capacity 113422K, committed 113868K, reserved 1148928K
  class space    used 13809K, capacity 14827K, committed 15052K, reserved 1048576K
}
Event: 93.594 GC heap after
{Heap after GC invocations=90 (full 0):
 garbage-first heap   total 327680K, used 144366K [0x0000000080000000, 0x0000000100000000)
  region size 1024K, 10 young (10240K), 10 survivors (10240K)
 Metaspace       used 110697K, capacity 113422K, committed 113868K, reserved 1148928K
  class space    used 13809K, capacity 14827K, committed 15052K, reserved 1048576K
}
Event: 94.373 GC heap before
{Heap before GC invocations=90 (full 0):
 garbage-first heap   total 327680K, used 280558K [0x0000000080000000, 0x0000000100000000)
  region size 1024K, 143 young (146432K), 10 survivors (10240K)
 Metaspace       used 110706K, capacity 113486K, committed 113868K, reserved 1148928K
  class space    used 13809K, capacity 14827K, committed 15052K, reserved 1048576K
}
Event: 94.395 GC heap after
{Heap after GC invocations=91 (full 0):
 garbage-first heap   total 327680K, used 146882K [0x0000000080000000, 0x0000000100000000)
  region size 1024K, 12 young (12288K), 12 survivors (12288K)
 Metaspace       used 110706K, capacity 113486K, committed 113868K, reserved 1148928K
  class space    used 13809K, capacity 14827K, committed 15052K, reserved 1048576K
}
Event: 95.763 GC heap before
{Heap before GC invocations=91 (full 0):
 garbage-first heap   total 327680K, used 282050K [0x0000000080000000, 0x0000000100000000)
  region size 1024K, 144 young (147456K), 12 survivors (12288K)
 Metaspace       used 110713K, capacity 113486K, committed 113868K, reserved 1148928K
  class space    used 13809K, capacity 14827K, committed 15052K, reserved 1048576K
}
Event: 95.788 GC heap after
{Heap after GC invocations=92 (full 0):
 garbage-first heap   total 393216K, used 149045K [0x0000000080000000, 0x0000000100000000)
  region size 1024K, 12 young (12288K), 12 survivors (12288K)
 Metaspace       used 110713K, capacity 113486K, committed 113868K, reserved 1148928K
  class space    used 13809K, capacity 14827K, committed 15052K, reserved 1048576K
}
Event: 97.796 GC heap before
{Heap before GC invocations=92 (full 0):
 garbage-first heap   total 393216K, used 312885K [0x0000000080000000, 0x0000000100000000)
  region size 1024K, 173 young (177152K), 12 survivors (12288K)
 Metaspace       used 110983K, capacity 113758K, committed 114124K, reserved 1148928K
  class space    used 13850K, capacity 14874K, committed 15052K, reserved 1048576K
}
Event: 97.823 GC heap after
{Heap after GC invocations=93 (full 0):
 garbage-first heap   total 393216K, used 152117K [0x0000000080000000, 0x0000000100000000)
  region size 1024K, 15 young (15360K), 15 survivors (15360K)
 Metaspace       used 110983K, capacity 113758K, committed 114124K, reserved 1148928K
  class space    used 13850K, capacity 14874K, committed 15052K, reserved 1048576K
}
Event: 99.565 GC heap before
{Heap before GC invocations=93 (full 0):
 garbage-first heap   total 393216K, used 336437K [0x0000000080000000, 0x0000000100000000)
  region size 1024K, 195 young (199680K), 15 survivors (15360K)
 Metaspace       used 111007K, capacity 113758K, committed 114124K, reserved 1148928K
  class space    used 13850K, capacity 14874K, committed 15052K, reserved 1048576K
}
Event: 99.593 GC heap after
{Heap after GC invocations=94 (full 0):
 garbage-first heap   total 393216K, used 153337K [0x0000000080000000, 0x0000000100000000)
  region size 1024K, 15 young (15360K), 15 survivors (15360K)
 Metaspace       used 111007K, capacity 113758K, committed 114124K, reserved 1148928K
  class space    used 13850K, capacity 14874K, committed 15052K, reserved 1048576K
}
Event: 101.038 GC heap before
{Heap before GC invocations=94 (full 0):
 garbage-first heap   total 393216K, used 337657K [0x0000000080000000, 0x0000000100000000)
  region size 1024K, 194 young (198656K), 15 survivors (15360K)
 Metaspace       used 111927K, capacity 114761K, committed 115020K, reserved 1148928K
  class space    used 13953K, capacity 15025K, committed 15180K, reserved 1048576K
}
Event: 101.070 GC heap after
{Heap after GC invocations=95 (full 0):
 garbage-first heap   total 393216K, used 156261K [0x0000000080000000, 0x0000000100000000)
  region size 1024K, 16 young (16384K), 16 survivors (16384K)
 Metaspace       used 111927K, capacity 114761K, committed 115020K, reserved 1148928K
  class space    used 13953K, capacity 15025K, committed 15180K, reserved 1048576K
}
Event: 102.165 GC heap before
{Heap before GC invocations=95 (full 0):
 garbage-first heap   total 393216K, used 335461K [0x0000000080000000, 0x0000000100000000)
  region size 1024K, 192 young (196608K), 16 survivors (16384K)
 Metaspace       used 112260K, capacity 115147K, committed 115532K, reserved 1148928K
  class space    used 13980K, capacity 15025K, committed 15180K, reserved 1048576K
}

Deoptimization events (20 events):
Event: 102.013 Thread 0x000002d0aa6f5000 DEOPT PACKING pc=0x000002d092c0179b sp=0x000000d6f33f96f0
Event: 102.013 Thread 0x000002d0aa6f5000 DEOPT UNPACKING pc=0x000002d08fd476ce sp=0x000000d6f33f8e80 mode 0
Event: 102.020 Thread 0x000002d0aa6f2800 Uncommon trap: trap_request=0xffffffbe fr.pc=0x000002d097bb2b90 relative=0x0000000000004a90
Event: 102.020 Thread 0x000002d0aa6f5000 DEOPT PACKING pc=0x000002d092be7f1b sp=0x000000d6f33f9fa0
Event: 102.020 Thread 0x000002d0aa6f2800 Uncommon trap: reason=profile_predicate action=maybe_recompile pc=0x000002d097bb2b90 method=com.android.tools.r8.internal.E7.a(Lcom/android/tools/r8/internal/Me;Lcom/android/tools/r8/internal/h2;Ljava/util/function/Supplier;Ljava/util/Map;Ljava/util/funct
Event: 102.020 Thread 0x000002d0aa6f2800 DEOPT PACKING pc=0x000002d097bb2b90 sp=0x000000d6f30f9490
Event: 102.020 Thread 0x000002d0aa6f5000 DEOPT UNPACKING pc=0x000002d08fd476ce sp=0x000000d6f33f94d0 mode 0
Event: 102.020 Thread 0x000002d0aa6f2800 DEOPT UNPACKING pc=0x000002d08fd478af sp=0x000000d6f30f9498 mode 2
Event: 102.021 Thread 0x000002d0aa6f5000 DEOPT PACKING pc=0x000002d092c0394d sp=0x000000d6f33f96f0
Event: 102.021 Thread 0x000002d0aa6f5000 DEOPT UNPACKING pc=0x000002d08fd476ce sp=0x000000d6f33f8e78 mode 0
Event: 102.030 Thread 0x000002d0aa6f2800 Uncommon trap: trap_request=0xffffffbe fr.pc=0x000002d097bb2b90 relative=0x0000000000004a90
Event: 102.030 Thread 0x000002d0aa6f2800 Uncommon trap: reason=profile_predicate action=maybe_recompile pc=0x000002d097bb2b90 method=com.android.tools.r8.internal.E7.a(Lcom/android/tools/r8/internal/Me;Lcom/android/tools/r8/internal/h2;Ljava/util/function/Supplier;Ljava/util/Map;Ljava/util/funct
Event: 102.030 Thread 0x000002d0aa6f2800 DEOPT PACKING pc=0x000002d097bb2b90 sp=0x000000d6f30f9490
Event: 102.030 Thread 0x000002d0aa6f2800 DEOPT UNPACKING pc=0x000002d08fd478af sp=0x000000d6f30f9498 mode 2
Event: 102.030 Thread 0x000002d0aa6f5000 Uncommon trap: trap_request=0xffffffbe fr.pc=0x000002d097bb2b90 relative=0x0000000000004a90
Event: 102.030 Thread 0x000002d0aa6f5000 Uncommon trap: reason=profile_predicate action=maybe_recompile pc=0x000002d097bb2b90 method=com.android.tools.r8.internal.E7.a(Lcom/android/tools/r8/internal/Me;Lcom/android/tools/r8/internal/h2;Ljava/util/function/Supplier;Ljava/util/Map;Ljava/util/funct
Event: 102.030 Thread 0x000002d0aa6f5000 DEOPT PACKING pc=0x000002d097bb2b90 sp=0x000000d6f33f96b0
Event: 102.030 Thread 0x000002d0aa6f5000 DEOPT UNPACKING pc=0x000002d08fd478af sp=0x000000d6f33f96b8 mode 2
Event: 102.116 Thread 0x000002d0aa6f5000 DEOPT PACKING pc=0x000002d0904a55db sp=0x000000d6f33f9320
Event: 102.116 Thread 0x000002d0aa6f5000 DEOPT UNPACKING pc=0x000002d08fd476ce sp=0x000000d6f33f87d0 mode 0

Classes redefined (0 events):
No events

Internal exceptions (20 events):
Event: 79.639 Thread 0x000002d0aa6f2800 Exception <a 'java/lang/IncompatibleClassChangeError'{0x0000000089716e08}: Found class java.lang.Object, but interface was expected> (0x0000000089716e08) thrown at [./src/hotspot/share/interpreter/linkResolver.cpp, line 839]
Event: 80.193 Thread 0x000002d0aa6f2800 Exception <a 'java/lang/NoSuchMethodError'{0x000000008b210cd8}: 'void java.lang.invoke.DirectMethodHandle$Holder.invokeVirtual(java.lang.Object, java.lang.Object, int)'> (0x000000008b210cd8) thrown at [./src/hotspot/share/interpreter/linkResolver.cpp, line 773]
Event: 80.557 Thread 0x000002d0aa6f2800 Exception <a 'sun/nio/fs/WindowsException'{0x000000008b1a5ec0}> (0x000000008b1a5ec0) thrown at [./src/hotspot/share/prims/jni.cpp, line 615]
Event: 80.659 Thread 0x000002d0aa6f5000 Implicit null exception at 0x000002d0982d3d10 to 0x000002d0982d3e1c
Event: 81.613 Thread 0x000002d0aa6f2800 Exception <a 'sun/nio/fs/WindowsException'{0x000000008b70e6e8}> (0x000000008b70e6e8) thrown at [./src/hotspot/share/prims/jni.cpp, line 615]
Event: 81.690 Thread 0x000002d0aa6f2800 Exception <a 'sun/nio/fs/WindowsException'{0x000000008b5c0940}> (0x000000008b5c0940) thrown at [./src/hotspot/share/prims/jni.cpp, line 615]
Event: 82.041 Thread 0x000002d0aa6f5000 Exception <a 'sun/nio/fs/WindowsException'{0x000000008aec5e68}> (0x000000008aec5e68) thrown at [./src/hotspot/share/prims/jni.cpp, line 615]
Event: 82.376 Thread 0x000002d0aa6f2800 Exception <a 'sun/nio/fs/WindowsException'{0x000000008b435b20}> (0x000000008b435b20) thrown at [./src/hotspot/share/prims/jni.cpp, line 615]
Event: 84.224 Thread 0x000002d0aa6f5000 Exception <a 'sun/nio/fs/WindowsException'{0x000000008aa51258}> (0x000000008aa51258) thrown at [./src/hotspot/share/prims/jni.cpp, line 615]
Event: 85.372 Thread 0x000002d0aa6f5000 Implicit null exception at 0x000002d098364c63 to 0x000002d0983680d0
Event: 85.573 Thread 0x000002d0aa6f5000 Exception <a 'java/lang/NoSuchMethodError'{0x000000008c4632b0}: 'int java.lang.invoke.DirectMethodHandle$Holder.invokeInterface(java.lang.Object, java.lang.Object, int)'> (0x000000008c4632b0) thrown at [./src/hotspot/share/interpreter/linkResolver.cpp, line 773]
Event: 96.576 Thread 0x000002d0aa6f5000 Exception <a 'java/lang/NoSuchMethodError'{0x0000000095f5bd88}: 'java.lang.Object java.lang.invoke.DirectMethodHandle$Holder.invokeSpecial(java.lang.Object, java.lang.Object, java.lang.Object, java.lang.Object, java.lang.Object, java.lang.Object, java.lang.Object, java.lang.Object, java.lang.Object, java.lang.Object, java.lang.Object)'> (0x0000000095f5bd88) thrown at [./src/hotspot/share/interpreter/linkResolver.cpp, line 773]
Event: 96.578 Thread 0x000002d0aa6f5000 Exception <a 'java/lang/NoSuchMethodError'{0x0000000095f67638}: 'java.lang.Object java.lang.invoke.Invokers$Holder.linkToTargetMethod(java.lang.Object, java.lang.Object, java.lang.Object, java.lang.Object, java.lang.Object, java.lang.Object, java.lang.Object, java.lang.Object, java.lang.Object, java.lang.Object)'> (0x0000000095f67638) thrown at [./src/hotspot/share/interpreter/linkResolver.cpp, line 773]
Event: 96.714 Thread 0x000002d0aa6f5000 Exception <a 'java/lang/IncompatibleClassChangeError'{0x0000000095bd0bd0}: Found class java.lang.Object, but interface was expected> (0x0000000095bd0bd0) thrown at [./src/hotspot/share/interpreter/linkResolver.cpp, line 839]
Event: 99.762 Thread 0x000002d0aa6f5000 Implicit null exception at 0x000002d0978855ef to 0x000002d09788572c
Event: 100.498 Thread 0x000002d0aa6f5000 Exception <a 'sun/nio/fs/WindowsException'{0x0000000091bef7e8}> (0x0000000091bef7e8) thrown at [./src/hotspot/share/prims/jni.cpp, line 615]
Event: 101.479 Thread 0x000002d0ac57d000 Exception <a 'sun/nio/fs/WindowsException'{0x0000000094d2bd98}> (0x0000000094d2bd98) thrown at [./src/hotspot/share/prims/jni.cpp, line 615]
Event: 101.485 Thread 0x000002d0ac57d000 Exception <a 'sun/nio/fs/WindowsException'{0x000000009488f490}> (0x000000009488f490) thrown at [./src/hotspot/share/prims/jni.cpp, line 615]
Event: 101.485 Thread 0x000002d0ac57d000 Exception <a 'sun/nio/fs/WindowsException'{0x000000009488f578}> (0x000000009488f578) thrown at [./src/hotspot/share/prims/jni.cpp, line 615]
Event: 101.686 Thread 0x000002d0aa6f5000 Exception <a 'sun/nio/fs/WindowsException'{0x00000000925dce70}> (0x00000000925dce70) thrown at [./src/hotspot/share/prims/jni.cpp, line 615]

Events (20 events):
Event: 101.869 Thread 0x000002d0a5e2d000 flushing nmethod 0x000002d091c88590
Event: 101.869 Thread 0x000002d0a5e2d000 flushing nmethod 0x000002d091cb4310
Event: 101.869 Thread 0x000002d0a5e2d000 flushing nmethod 0x000002d091cb4790
Event: 101.869 Thread 0x000002d0a5e2d000 flushing nmethod 0x000002d091cbe710
Event: 101.869 Thread 0x000002d0a5e2d000 flushing nmethod 0x000002d091cc2790
Event: 101.869 Thread 0x000002d0a5e2d000 flushing nmethod 0x000002d091cdec10
Event: 101.869 Thread 0x000002d0a5e2d000 flushing nmethod 0x000002d091ce2f90
Event: 101.870 Thread 0x000002d0a5e2d000 flushing nmethod 0x000002d091cedc10
Event: 101.870 Thread 0x000002d0a5e2d000 flushing nmethod 0x000002d091cf3110
Event: 101.870 Thread 0x000002d0a5e2d000 flushing nmethod 0x000002d091cf7610
Event: 101.870 Thread 0x000002d0a5e2d000 flushing nmethod 0x000002d091cf9d10
Event: 101.870 Thread 0x000002d0a5e2d000 flushing nmethod 0x000002d091d0d510
Event: 101.870 Thread 0x000002d0a5e2d000 flushing nmethod 0x000002d091d1b790
Event: 101.879 Executing VM operation: ICBufferFull
Event: 101.881 Executing VM operation: ICBufferFull done
Event: 102.003 loading class com/android/zipflinger/Zip64
Event: 102.003 loading class com/android/zipflinger/Zip64 done
Event: 102.004 loading class com/android/zipflinger/EndOfCentralDirectory
Event: 102.004 loading class com/android/zipflinger/EndOfCentralDirectory done
Event: 102.165 Executing VM operation: G1CollectForAllocation


Dynamic libraries:
0x00007ff6e64e0000 - 0x00007ff6e64ea000 	C:\Program Files\Android\Android Studio\jre\bin\java.exe
0x00007ffe43ad0000 - 0x00007ffe43cc5000 	C:\WINDOWS\SYSTEM32\ntdll.dll
0x00007ffe41fc0000 - 0x00007ffe4207d000 	C:\WINDOWS\System32\KERNEL32.DLL
0x00007ffe413b0000 - 0x00007ffe41679000 	C:\WINDOWS\System32\KERNELBASE.dll
0x00007ffe41a30000 - 0x00007ffe41b30000 	C:\WINDOWS\System32\ucrtbase.dll
0x00007ffe2fdf0000 - 0x00007ffe2fe09000 	C:\Program Files\Android\Android Studio\jre\bin\jli.dll
0x00007ffe35d10000 - 0x00007ffe35d27000 	C:\Program Files\Android\Android Studio\jre\bin\VCRUNTIME140.dll
0x00007ffe428b0000 - 0x00007ffe42a50000 	C:\WINDOWS\System32\USER32.dll
0x00007ffe41680000 - 0x00007ffe416a2000 	C:\WINDOWS\System32\win32u.dll
0x00007ffe42190000 - 0x00007ffe421ba000 	C:\WINDOWS\System32\GDI32.dll
0x00007ffe417c0000 - 0x00007ffe418cb000 	C:\WINDOWS\System32\gdi32full.dll
0x00007ffe2c190000 - 0x00007ffe2c42a000 	C:\WINDOWS\WinSxS\amd64_microsoft.windows.common-controls_6595b64144ccf1df_6.0.19041.1110_none_60b5254171f9507e\COMCTL32.dll
0x00007ffe41200000 - 0x00007ffe4129d000 	C:\WINDOWS\System32\msvcp_win.dll
0x00007ffe41b30000 - 0x00007ffe41bce000 	C:\WINDOWS\System32\msvcrt.dll
0x00007ffe432e0000 - 0x00007ffe43310000 	C:\WINDOWS\System32\IMM32.DLL
0x00007ffe0fbe0000 - 0x00007ffe0fc7d000 	C:\Program Files\Android\Android Studio\jre\bin\msvcp140.dll
0x00007ffdf22e0000 - 0x00007ffdf2daf000 	C:\Program Files\Android\Android Studio\jre\bin\server\jvm.dll
0x00007ffe420e0000 - 0x00007ffe4218c000 	C:\WINDOWS\System32\ADVAPI32.dll
0x00007ffe43910000 - 0x00007ffe439ab000 	C:\WINDOWS\System32\sechost.dll
0x00007ffe437e0000 - 0x00007ffe4390a000 	C:\WINDOWS\System32\RPCRT4.dll
0x00007ffe43670000 - 0x00007ffe43678000 	C:\WINDOWS\System32\PSAPI.DLL
0x00007ffe2f3b0000 - 0x00007ffe2f3ba000 	C:\WINDOWS\SYSTEM32\VERSION.dll
0x00007ffe2fa90000 - 0x00007ffe2fab7000 	C:\WINDOWS\SYSTEM32\WINMM.dll
0x00007ffe2cb20000 - 0x00007ffe2cb29000 	C:\WINDOWS\SYSTEM32\WSOCK32.dll
0x00007ffe43680000 - 0x00007ffe436eb000 	C:\WINDOWS\System32\WS2_32.dll
0x00007ffe3f000000 - 0x00007ffe3f012000 	C:\WINDOWS\SYSTEM32\kernel.appcore.dll
0x00007ffe36c30000 - 0x00007ffe36c41000 	C:\Program Files\Android\Android Studio\jre\bin\verify.dll
0x00007ffe2d0b0000 - 0x00007ffe2d294000 	C:\WINDOWS\SYSTEM32\DBGHELP.DLL
0x00007ffe2ec10000 - 0x00007ffe2ec3c000 	C:\WINDOWS\SYSTEM32\dbgcore.DLL
0x00007ffe41700000 - 0x00007ffe41783000 	C:\WINDOWS\System32\bcryptPrimitives.dll
0x00007ffe35ea0000 - 0x00007ffe35ec9000 	C:\Program Files\Android\Android Studio\jre\bin\java.dll
0x00007ffe36d80000 - 0x00007ffe36d8b000 	C:\Program Files\Android\Android Studio\jre\bin\jimage.dll
0x00007ffe368a0000 - 0x00007ffe368b8000 	C:\Program Files\Android\Android Studio\jre\bin\zip.dll
0x00007ffe42a50000 - 0x00007ffe4318f000 	C:\WINDOWS\System32\SHELL32.dll
0x00007ffe3f310000 - 0x00007ffe3faa0000 	C:\WINDOWS\SYSTEM32\windows.storage.dll
0x00007ffe43310000 - 0x00007ffe43665000 	C:\WINDOWS\System32\combase.dll
0x00007ffe40c60000 - 0x00007ffe40c8c000 	C:\WINDOWS\SYSTEM32\Wldp.dll
0x00007ffe426c0000 - 0x00007ffe4276e000 	C:\WINDOWS\System32\SHCORE.dll
0x00007ffe436f0000 - 0x00007ffe43745000 	C:\WINDOWS\System32\shlwapi.dll
0x00007ffe41140000 - 0x00007ffe4115f000 	C:\WINDOWS\SYSTEM32\profapi.dll
0x00007ffe34c90000 - 0x00007ffe34caa000 	C:\Program Files\Android\Android Studio\jre\bin\net.dll
0x00007ffe3aed0000 - 0x00007ffe3afd8000 	C:\WINDOWS\SYSTEM32\WINHTTP.dll
0x00007ffe409c0000 - 0x00007ffe40a2a000 	C:\WINDOWS\system32\mswsock.dll
0x00007ffe347e0000 - 0x00007ffe347f4000 	C:\Program Files\Android\Android Studio\jre\bin\nio.dll
0x00007ffe3a5b0000 - 0x00007ffe3a5d7000 	C:\Users\UGTECH\.gradle\native\8bec1ad78214c89d9ad589b4d07fe93259594b29d510b10fafb7a158f7737e5d\windows-amd64\native-platform.dll
0x00007ffe10630000 - 0x00007ffe1076d000 	C:\Users\UGTECH\.gradle\native\53dbd7edfb1c66fb8903c78663c9afc45aea4f116125fa6feffd364cf09443e8\windows-amd64\native-platform-file-events.dll
0x00007ffe36a90000 - 0x00007ffe36a9a000 	C:\Program Files\Android\Android Studio\jre\bin\management.dll
0x00007ffe367b0000 - 0x00007ffe367bc000 	C:\Program Files\Android\Android Studio\jre\bin\management_ext.dll
0x00007ffe40bc0000 - 0x00007ffe40bd8000 	C:\WINDOWS\SYSTEM32\CRYPTSP.dll
0x00007ffe40270000 - 0x00007ffe402a4000 	C:\WINDOWS\system32\rsaenh.dll
0x00007ffe41790000 - 0x00007ffe417b7000 	C:\WINDOWS\System32\bcrypt.dll
0x00007ffe410c0000 - 0x00007ffe410ee000 	C:\WINDOWS\SYSTEM32\USERENV.dll
0x00007ffe40bb0000 - 0x00007ffe40bbc000 	C:\WINDOWS\SYSTEM32\CRYPTBASE.dll
0x00007ffe40660000 - 0x00007ffe4069b000 	C:\WINDOWS\SYSTEM32\IPHLPAPI.DLL
0x00007ffe41bd0000 - 0x00007ffe41bd8000 	C:\WINDOWS\System32\NSI.dll
0x00007ffe389b0000 - 0x00007ffe389c7000 	C:\WINDOWS\SYSTEM32\dhcpcsvc6.DLL
0x00007ffe38e60000 - 0x00007ffe38e7d000 	C:\WINDOWS\SYSTEM32\dhcpcsvc.DLL
0x00007ffe406b0000 - 0x00007ffe4077c000 	C:\WINDOWS\SYSTEM32\DNSAPI.dll
0x00007ffe3eba0000 - 0x00007ffe3ec30000 	C:\WINDOWS\system32\apphelp.dll

dbghelp: loaded successfully - version: 4.0.5 - missing functions: none
symbol engine: initialized successfully - sym options: 0x614 - pdb path: .;C:\Program Files\Android\Android Studio\jre\bin;C:\WINDOWS\SYSTEM32;C:\WINDOWS\WinSxS\amd64_microsoft.windows.common-controls_6595b64144ccf1df_6.0.19041.1110_none_60b5254171f9507e;C:\Program Files\Android\Android Studio\jre\bin\server;C:\Users\UGTECH\.gradle\native\8bec1ad78214c89d9ad589b4d07fe93259594b29d510b10fafb7a158f7737e5d\windows-amd64;C:\Users\UGTECH\.gradle\native\53dbd7edfb1c66fb8903c78663c9afc45aea4f116125fa6feffd364cf09443e8\windows-amd64

VM Arguments:
jvm_args: --add-opens=java.base/java.util=ALL-UNNAMED --add-opens=java.base/java.lang=ALL-UNNAMED --add-opens=java.base/java.lang.invoke=ALL-UNNAMED --add-opens=java.base/java.util=ALL-UNNAMED --add-opens=java.prefs/java.util.prefs=ALL-UNNAMED --add-opens=java.prefs/java.util.prefs=ALL-UNNAMED --add-opens=java.base/java.nio.charset=ALL-UNNAMED --add-opens=java.base/java.net=ALL-UNNAMED --add-opens=java.base/java.util.concurrent.atomic=ALL-UNNAMED -Xmx2048m -Dfile.encoding=UTF-8 -Duser.country=US -Duser.language=en -Duser.variant 
java_command: org.gradle.launcher.daemon.bootstrap.GradleDaemon 7.0.2
java_class_path (initial): C:\Users\UGTECH\.gradle\wrapper\dists\gradle-7.0.2-bin\857tjihv64xamwrf0h14cai3r\gradle-7.0.2\lib\gradle-launcher-7.0.2.jar
Launcher Type: SUN_STANDARD

[Global flags]
     intx CICompilerCount                          = 3                                         {product} {ergonomic}
     uint ConcGCThreads                            = 1                                         {product} {ergonomic}
     uint G1ConcRefinementThreads                  = 4                                         {product} {ergonomic}
   size_t G1HeapRegionSize                         = 1048576                                   {product} {ergonomic}
    uintx GCDrainStackTargetSize                   = 64                                        {product} {ergonomic}
   size_t InitialHeapSize                          = 130023424                                 {product} {ergonomic}
   size_t MarkStackSize                            = 4194304                                   {product} {ergonomic}
   size_t MaxHeapSize                              = 2147483648                                {product} {command line}
   size_t MaxNewSize                               = 1287651328                                {product} {ergonomic}
   size_t MinHeapDeltaBytes                        = 1048576                                   {product} {ergonomic}
    uintx NonNMethodCodeHeapSize                   = 5830732                                {pd product} {ergonomic}
    uintx NonProfiledCodeHeapSize                  = 122913754                              {pd product} {ergonomic}
    uintx ProfiledCodeHeapSize                     = 122913754                              {pd product} {ergonomic}
    uintx ReservedCodeCacheSize                    = 251658240                              {pd product} {ergonomic}
     bool SegmentedCodeCache                       = true                                      {product} {ergonomic}
     bool UseCompressedClassPointers               = true                                 {lp64_product} {ergonomic}
     bool UseCompressedOops                        = true                                 {lp64_product} {ergonomic}
     bool UseG1GC                                  = true                                      {product} {ergonomic}
     bool UseLargePagesIndividualAllocation        = false                                  {pd product} {ergonomic}

Logging:
Log output configuration:
 #0: stdout all=warning uptime,level,tags
 #1: stderr all=off uptime,level,tags

Environment Variables:
JAVA_HOME=E:\sdk-tools-windows-4333796\tools\bin\java sdk
PATH=C:\Program Files (x86)\Intel\iCLS Client\;C:\Program Files\Intel\iCLS Client\;C:\WINDOWS\system32;C:\WINDOWS;C:\WINDOWS\System32\Wbem;C:\WINDOWS\System32\WindowsPowerShell\v1.0\;C:\Program Files (x86)\Intel\Intel(R) Management Engine Components\DAL;C:\Program Files\Intel\Intel(R) Management Engine Components\DAL;C:\Program Files (x86)\Intel\Intel(R) Management Engine Components\IPT;C:\Program Files\Intel\Intel(R) Management Engine Components\IPT;C:\WINDOWS\System32\OpenSSH\;C:\Users\UGTECH\AppData\Roaming\nvm;C:\Program Files\nodejs;E:\Git\cmd;C:\Program Files\Intel\WiFi\bin\;C:\Program Files\Common Files\Intel\WirelessCommon\;E:\nodejs\;C:\Users\UGTECH\AppData\Local\Programs\Python\Python38-32\Scripts\;C:\Users\UGTECH\AppData\Local\Programs\Python\Python38-32\;C:\Program Files\MySQL\MySQL Shell 8.0\bin\;E:\Microsoft VS Code\bin;C:\Users\UGTECH\AppData\Local\Microsoft\WindowsApps;E:\flutter\bin;E:\sdk-tools-windows-4333796\tools;C:\ProgramData\Microsoft\Windows\Start Menu\Programs\Android Studio;C:\Program Files\Android\Android Studio\bin;E:\sdk-tools-windows-4333796\tools\bin\build-tools\29.0.2;E:\sdk-tools-windows-4333796\tools\bin\platform-tools;E:\sdk-tools-windows-4333796\tools\bin\tools;E:\sdk-tools-windows-4333796\tools\bin\java sdk\bin;E:\PHP 7;C:\Users\UGTECH\AppData\Roaming\Python\Python38\Scripts;C:\Users\UGTECH\AppData\Roaming\nvm;C:\Program Files\nodejs;C:\Users\UGTECH\AppData\Local\GitHubDesktop\bin;'C:\Users\UGTECH\AppData\Local\Packages\PythonSoftwareFoundation.Python.3.8_qbz5n2kfra8p0\LocalCache\local-packages\Python38\Scripts;C:\Program Files\Intel\WiFi\bin\;C:\Program Files\Common Files\Intel\WirelessCommon\;"E:\Git\mingw64\bin;C:\MinGW\bin\";;C:\Users\UGTECH\AppData\Local\Microsoft\WindowsApps;C:\Users\UGTECH\AppData\Roaming\npm
USERNAME=ROSH PC
OS=Windows_NT
PROCESSOR_IDENTIFIER=Intel64 Family 6 Model 60 Stepping 3, GenuineIntel



---------------  S Y S T E M  ---------------

OS: Windows 10 , 64 bit Build 19041 (10.0.19041.1151)
OS uptime: 52 days 1:47 hours

CPU:total 4 (initial active 4) (2 cores per cpu, 2 threads per core) family 6 model 60 stepping 3 microcode 0x27, cmov, cx8, fxsr, mmx, sse, sse2, sse3, ssse3, sse4.1, sse4.2, popcnt, avx, avx2, aes, clmul, erms, lzcnt, ht, tsc, tscinvbit, bmi1, bmi2, fma

Memory: 4k page, system-wide physical 7876M (529M free)
TotalPageFile size 9756M (AvailPageFile size 51M)
current process WorkingSet (physical memory assigned to process): 784M, peak: 794M
current process commit charge ("private bytes"): 833M, peak: 900M

vm_info: OpenJDK 64-Bit Server VM (11.0.10+0-b96-7249189) for windows-amd64 JRE (11.0.10+0-b96-7249189), built on Mar 31 2021 21:44:00 by "builder" with MS VC++ 14.0 (VS2015)

END.
