#
# There is insufficient memory for the Java Runtime Environment to continue.
# Native memory allocation (mmap) failed to map 111149056 bytes for Failed to commit area from 0x000000008f300000 to 0x0000000095d00000 of length 111149056.
# Possible reasons:
#   The system is out of physical RAM or swap space
#   The process is running with CompressedOops enabled, and the Java Heap may be blocking the growth of the native heap
# Possible solutions:
#   Reduce memory load on the system
#   Increase physical memory or swap space
#   Check if swap backing store is full
#   Decrease Java heap size (-Xmx/-Xms)
#   Decrease number of Java threads
#   Decrease Java thread stack sizes (-Xss)
#   Set larger code cache with -XX:ReservedCodeCacheSize=
#   JVM is running with Unscaled Compressed Oops mode in which the Java heap is
#     placed in the first 4GB address space. The Java Heap base address is the
#     maximum limit for the native heap growth. Please use -XX:HeapBaseMinAddress
#     to set the Java Heap base and to place the Java Heap above 4GB virtual address.
# This output file may be truncated or incomplete.
#
#  Out of Memory Error (./src/hotspot/os/windows/os_windows.cpp:3301), pid=28160, tid=20980
#
# JRE version: OpenJDK Runtime Environment (11.0.10) (build 11.0.10+0-b96-7249189)
# Java VM: OpenJDK 64-Bit Server VM (11.0.10+0-b96-7249189, mixed mode, tiered, compressed oops, g1 gc, windows-amd64)
# No core dump will be written. Minidumps are not enabled by default on client versions of Windows
#

---------------  S U M M A R Y ------------

Command Line: --add-opens=java.base/java.util=ALL-UNNAMED --add-opens=java.base/java.lang=ALL-UNNAMED --add-opens=java.base/java.lang.invoke=ALL-UNNAMED --add-opens=java.base/java.util=ALL-UNNAMED --add-opens=java.prefs/java.util.prefs=ALL-UNNAMED --add-opens=java.prefs/java.util.prefs=ALL-UNNAMED --add-opens=java.base/java.nio.charset=ALL-UNNAMED --add-opens=java.base/java.net=ALL-UNNAMED --add-opens=java.base/java.util.concurrent.atomic=ALL-UNNAMED -Xmx2048m -Dfile.encoding=UTF-8 -Duser.country=US -Duser.language=en -Duser.variant org.gradle.launcher.daemon.bootstrap.GradleDaemon 7.0.2

Host: Intel(R) Core(TM) i5-4300M CPU @ 2.60GHz, 4 cores, 7G,  Windows 10 , 64 bit Build 19041 (10.0.19041.1151)
Time: Sun Oct 10 13:43:52 2021 India Standard Time elapsed time: 76.015370 seconds (0d 0h 1m 16s)

---------------  T H R E A D  ---------------

Current thread (0x0000027aa84ab800):  VMThread "VM Thread" [stack: 0x000000b90b500000,0x000000b90b600000] [id=20980]

Stack: [0x000000b90b500000,0x000000b90b600000]
[error occurred during error reporting (printing stack bounds), id 0xc0000005, EXCEPTION_ACCESS_VIOLATION (0xc0000005) at pc=0x0000027a923d0f2d]

Native frames: (J=compiled Java code, j=interpreted, Vv=VM code, C=native code)
V  [jvm.dll+0x5ecfaa]
V  [jvm.dll+0x722bd5]
V  [jvm.dll+0x72412d]
V  [jvm.dll+0x724745]
V  [jvm.dll+0x7246fb]
V  [jvm.dll+0x5ec348]
V  [jvm.dll+0x5ecad8]
C  [ntdll.dll+0xa217f]
C  [ntdll.dll+0x51454]
C  [ntdll.dll+0xa0cae]
C  0x0000027a923d0f2d

VM_Operation (0x000000b90c7f31f0): G1CollectForAllocation, mode: safepoint, requested by thread 0x0000027aab4a5800


---------------  P R O C E S S  ---------------

Threads class SMR info:
_java_thread_list=0x0000027aaeb68210, length=55, elements={
0x0000027a8e8e4800, 0x0000027aa84b0800, 0x0000027aa84b4000, 0x0000027aa84c9800,
0x0000027aa84ca800, 0x0000027aa84cc800, 0x0000027aa84d1000, 0x0000027aa84d7000,
0x0000027aa84e1000, 0x0000027aa8f91000, 0x0000027aaa2d7000, 0x0000027aa9070000,
0x0000027aaae4c000, 0x0000027aaa77d000, 0x0000027aab4a5800, 0x0000027aab0db000,
0x0000027aab0dc800, 0x0000027aab0d7000, 0x0000027aab0dc000, 0x0000027aab0d8800,
0x0000027aacf8f800, 0x0000027aacf8e000, 0x0000027aacf91000, 0x0000027aacf8c800,
0x0000027aacf97000, 0x0000027aacf9a000, 0x0000027aacf94800, 0x0000027aacf8e800,
0x0000027aacf93800, 0x0000027aacf98800, 0x0000027aacf99800, 0x0000027aacf97800,
0x0000027aacf9b000, 0x0000027aacf95000, 0x0000027aacf96000, 0x0000027aab0d8000,
0x0000027aab0da000, 0x0000027aab0dd800, 0x0000027ab06a1000, 0x0000027ab06a1800,
0x0000027ab069d800, 0x0000027ab069e800, 0x0000027ab069c800, 0x0000027ab06a3800,
0x0000027ab06a4000, 0x0000027ab06a5000, 0x0000027ab069f000, 0x0000027ab06a0000,
0x0000027ab06aa800, 0x0000027ab06aa000, 0x0000027ab06a7800, 0x0000027ab06a8000,
0x0000027ab06ab800, 0x0000027aa917f000, 0x0000027aaad92800
}

Java Threads: ( => current thread )
  0x0000027a8e8e4800 JavaThread "main" [_thread_blocked, id=23432, stack(0x000000b90af00000,0x000000b90b000000)]
  0x0000027aa84b0800 JavaThread "Reference Handler" daemon [_thread_blocked, id=28968, stack(0x000000b90b600000,0x000000b90b700000)]
  0x0000027aa84b4000 JavaThread "Finalizer" daemon [_thread_blocked, id=29432, stack(0x000000b90b700000,0x000000b90b800000)]
  0x0000027aa84c9800 JavaThread "Signal Dispatcher" daemon [_thread_blocked, id=29524, stack(0x000000b90b800000,0x000000b90b900000)]
  0x0000027aa84ca800 JavaThread "Attach Listener" daemon [_thread_blocked, id=20552, stack(0x000000b90b900000,0x000000b90ba00000)]
  0x0000027aa84cc800 JavaThread "Service Thread" daemon [_thread_blocked, id=388, stack(0x000000b90ba00000,0x000000b90bb00000)]
  0x0000027aa84d1000 JavaThread "C2 CompilerThread0" daemon [_thread_blocked, id=17912, stack(0x000000b90bb00000,0x000000b90bc00000)]
  0x0000027aa84d7000 JavaThread "C1 CompilerThread0" daemon [_thread_blocked, id=22760, stack(0x000000b90bc00000,0x000000b90bd00000)]
  0x0000027aa84e1000 JavaThread "Sweeper thread" daemon [_thread_blocked, id=23968, stack(0x000000b90bd00000,0x000000b90be00000)]
  0x0000027aa8f91000 JavaThread "Common-Cleaner" daemon [_thread_blocked, id=25224, stack(0x000000b90be00000,0x000000b90bf00000)]
  0x0000027aaa2d7000 JavaThread "Daemon health stats" [_thread_blocked, id=21404, stack(0x000000b90c200000,0x000000b90c300000)]
  0x0000027aa9070000 JavaThread "Incoming local TCP Connector on port 60031" [_thread_in_native, id=21248, stack(0x000000b90c000000,0x000000b90c100000)]
  0x0000027aaae4c000 JavaThread "Daemon periodic checks" [_thread_blocked, id=4832, stack(0x000000b90c300000,0x000000b90c400000)]
  0x0000027aaa77d000 JavaThread "Daemon" [_thread_blocked, id=21500, stack(0x000000b90c400000,0x000000b90c500000)]
  0x0000027aab4a5800 JavaThread "Daemon worker" [_thread_blocked, id=10940, stack(0x000000b90c700000,0x000000b90c800000)]
  0x0000027aab0db000 JavaThread "Cache worker for file hash cache (C:\Users\UGTECH\.gradle\caches\7.0.2\fileHashes)" [_thread_blocked, id=20120, stack(0x000000b90cb00000,0x000000b90cc00000)]
  0x0000027aab0dc800 JavaThread "File lock request listener" [_thread_in_native, id=25180, stack(0x000000b90cc00000,0x000000b90cd00000)]
  0x0000027aab0d7000 JavaThread "Cache worker for journal cache (C:\Users\UGTECH\.gradle\caches\journal-1)" [_thread_blocked, id=20996, stack(0x000000b90cf00000,0x000000b90d000000)]
  0x0000027aab0dc000 JavaThread "File watcher server" daemon [_thread_blocked, id=29064, stack(0x000000b90d200000,0x000000b90d300000)]
  0x0000027aab0d8800 JavaThread "File watcher consumer" daemon [_thread_blocked, id=2952, stack(0x000000b90d300000,0x000000b90d400000)]
  0x0000027aacf8f800 JavaThread "Cache worker for execution history cache (C:\Users\UGTECH\.gradle\caches\7.0.2\executionHistory)" [_thread_blocked, id=6452, stack(0x000000b90d700000,0x000000b90d800000)]
  0x0000027aacf8e000 JavaThread "jar transforms" [_thread_blocked, id=21272, stack(0x000000b90d800000,0x000000b90d900000)]
  0x0000027aacf91000 JavaThread "jar transforms Thread 2" [_thread_blocked, id=21728, stack(0x000000b90d900000,0x000000b90da00000)]
  0x0000027aacf8c800 JavaThread "Cache worker for file content cache (C:\Users\UGTECH\.gradle\caches\7.0.2\fileContent)" [_thread_blocked, id=18420, stack(0x000000b90da00000,0x000000b90db00000)]
  0x0000027aacf97000 JavaThread "jar transforms Thread 3" [_thread_blocked, id=28372, stack(0x000000b90dc00000,0x000000b90dd00000)]
  0x0000027aacf9a000 JavaThread "jar transforms Thread 4" [_thread_blocked, id=25388, stack(0x000000b90e200000,0x000000b90e300000)]
  0x0000027aacf94800 JavaThread "Memory manager" [_thread_blocked, id=24484, stack(0x000000b90e300000,0x000000b90e400000)]
  0x0000027aacf8e800 JavaThread "Handler for socket connection from /127.0.0.1:60031 to /127.0.0.1:60037" [_thread_in_native, id=25472, stack(0x000000b90c800000,0x000000b90c900000)]
  0x0000027aacf93800 JavaThread "Cancel handler" [_thread_blocked, id=18636, stack(0x000000b90c900000,0x000000b90ca00000)]
  0x0000027aacf98800 JavaThread "Asynchronous log dispatcher for DefaultDaemonConnection: socket connection from /127.0.0.1:60031 to /127.0.0.1:60037" [_thread_blocked, id=23684, stack(0x000000b90d000000,0x000000b90d100000)]
  0x0000027aacf99800 JavaThread "Stdin handler" [_thread_blocked, id=20708, stack(0x000000b90d100000,0x000000b90d200000)]
  0x0000027aacf97800 JavaThread "Daemon client event forwarder" [_thread_blocked, id=25972, stack(0x000000b90d400000,0x000000b90d500000)]
  0x0000027aacf9b000 JavaThread "Cache worker for file hash cache (C:\Users\UGTECH\Desktop\Agile Health\DoctorsApp\HealthApp\.gradle\7.0.2\fileHashes)" [_thread_blocked, id=25820, stack(0x000000b90d500000,0x000000b90d600000)]
  0x0000027aacf95000 JavaThread "Cache worker for checksums cache (C:\Users\UGTECH\Desktop\Agile Health\DoctorsApp\HealthApp\.gradle\checksums)" [_thread_blocked, id=28280, stack(0x000000b90d600000,0x000000b90d700000)]
  0x0000027aacf96000 JavaThread "Cache worker for cache directory md-supplier (C:\Users\UGTECH\.gradle\caches\7.0.2\md-supplier)" [_thread_blocked, id=20568, stack(0x000000b90db00000,0x000000b90dc00000)]
  0x0000027aab0d8000 JavaThread "Cache worker for cache directory md-rule (C:\Users\UGTECH\.gradle\caches\7.0.2\md-rule)" [_thread_blocked, id=11128, stack(0x000000b90dd00000,0x000000b90de00000)]
  0x0000027aab0da000 JavaThread "Cache worker for dependencies-accessors (C:\Users\UGTECH\Desktop\Agile Health\DoctorsApp\HealthApp\.gradle\7.0.2\dependencies-accessors)" [_thread_blocked, id=29228, stack(0x000000b90de00000,0x000000b90df00000)]
  0x0000027aab0dd800 JavaThread "Cache worker for Build Output Cleanup Cache (C:\Users\UGTECH\Desktop\Agile Health\DoctorsApp\HealthApp\.gradle\buildOutputCleanup)" [_thread_blocked, id=25304, stack(0x000000b90df00000,0x000000b90e000000)]
  0x0000027ab06a1000 JavaThread "Build operations" [_thread_blocked, id=22584, stack(0x000000b90e000000,0x000000b90e100000)]
  0x0000027ab06a1800 JavaThread "Build operations Thread 2" [_thread_blocked, id=27692, stack(0x000000b90e100000,0x000000b90e200000)]
  0x0000027ab069d800 JavaThread "Build operations Thread 3" [_thread_blocked, id=16888, stack(0x000000b90e400000,0x000000b90e500000)]
  0x0000027ab069e800 JavaThread "Build operations Thread 4" [_thread_blocked, id=21260, stack(0x000000b90e500000,0x000000b90e600000)]
  0x0000027ab069c800 JavaThread "build event listener" [_thread_blocked, id=1696, stack(0x000000b90e600000,0x000000b90e700000)]
  0x0000027ab06a3800 JavaThread "Execution worker for ':'" [_thread_blocked, id=23592, stack(0x000000b90e700000,0x000000b90e800000)]
  0x0000027ab06a4000 JavaThread "Execution worker for ':' Thread 2" [_thread_blocked, id=29680, stack(0x000000b90e800000,0x000000b90e900000)]
  0x0000027ab06a5000 JavaThread "Execution worker for ':' Thread 3" [_thread_blocked, id=21096, stack(0x000000b90e900000,0x000000b90ea00000)]
  0x0000027ab069f000 JavaThread "Cache worker for execution history cache (C:\Users\UGTECH\Desktop\Agile Health\DoctorsApp\HealthApp\.gradle\7.0.2\executionHistory)" [_thread_blocked, id=20544, stack(0x000000b90ea00000,0x000000b90eb00000)]
  0x0000027ab06a0000 JavaThread "WorkerExecutor Queue" [_thread_blocked, id=21276, stack(0x000000b90eb00000,0x000000b90ec00000)]
  0x0000027ab06aa800 JavaThread "WorkerExecutor Queue Thread 2" [_thread_blocked, id=23508, stack(0x000000b90ec00000,0x000000b90ed00000)]
  0x0000027ab06aa000 JavaThread "WorkerExecutor Queue Thread 3" [_thread_blocked, id=25528, stack(0x000000b90ed00000,0x000000b90ee00000)]
  0x0000027ab06a7800 JavaThread "WorkerExecutor Queue Thread 4" [_thread_blocked, id=24732, stack(0x000000b90ee00000,0x000000b90ef00000)]
  0x0000027ab06a8000 JavaThread "pool-4-thread-1" [_thread_blocked, id=26264, stack(0x000000b90ad00000,0x000000b90ae00000)]
  0x0000027ab06ab800 JavaThread "stderr" [_thread_in_native, id=24240, stack(0x000000b90ae00000,0x000000b90af00000)]
  0x0000027aa917f000 JavaThread "stdout" [_thread_in_native, id=24812, stack(0x000000b90ca00000,0x000000b90cb00000)]
  0x0000027aaad92800 JavaThread "C2 CompilerThread1" daemon [_thread_blocked, id=20516, stack(0x000000b90ac00000,0x000000b90ad00000)]

Other Threads:
=>0x0000027aa84ab800 VMThread "VM Thread" [stack: 0x000000b90b500000,0x000000b90b600000] [id=20980]
  0x0000027aa8fbe000 WatcherThread [stack: 0x000000b90bf00000,0x000000b90c000000] [id=24872]
  0x0000027a8e8f9000 GCTaskThread "GC Thread#0" [stack: 0x000000b90b000000,0x000000b90b100000] [id=23292]
  0x0000027aa94cf000 GCTaskThread "GC Thread#1" [stack: 0x000000b90c100000,0x000000b90c200000] [id=23352]
  0x0000027aaae8d000 GCTaskThread "GC Thread#2" [stack: 0x000000b90cd00000,0x000000b90ce00000] [id=6152]
  0x0000027aaa263800 GCTaskThread "GC Thread#3" [stack: 0x000000b90ce00000,0x000000b90cf00000] [id=23664]
  0x0000027a8e929800 ConcurrentGCThread "G1 Main Marker" [stack: 0x000000b90b100000,0x000000b90b200000] [id=18908]
  0x0000027a8e92b000 ConcurrentGCThread "G1 Conc#0" [stack: 0x000000b90b200000,0x000000b90b300000] [id=8816]
  0x0000027a8e9b7800 ConcurrentGCThread "G1 Refine#0" [stack: 0x000000b90b300000,0x000000b90b400000] [id=23424]
  0x0000027a8e9b8800 ConcurrentGCThread "G1 Young RemSet Sampling" [stack: 0x000000b90b400000,0x000000b90b500000] [id=7916]

Threads with active compile tasks:
C2 CompilerThread0  76035 17394       4       com.android.tools.r8.internal.x::equals (54 bytes)
C2 CompilerThread1  76035 17373       4       com.android.tools.r8.internal.Sr::a (282 bytes)

VM state:at safepoint (normal execution)

VM Mutex/Monitor currently owned by a thread:  ([mutex/lock_event])
[0x0000027a8e8e0840] Threads_lock - owner thread: 0x0000027aa84ab800
[0x0000027a8e8e15c0] Heap_lock - owner thread: 0x0000027aab4a5800

Heap address: 0x0000000080000000, size: 2048 MB, Compressed Oops mode: 32-bit
Narrow klass base: 0x0000000000000000, Narrow klass shift: 3
Compressed class space size: 1073741824 Address: 0x0000000100000000

Heap:
 garbage-first heap   total 357376K, used 143193K [0x0000000080000000, 0x0000000100000000)
  region size 1024K, 1 young (1024K), 1 survivors (1024K)
 Metaspace       used 108836K, capacity 111548K, committed 111744K, reserved 1146880K
  class space    used 13653K, capacity 14626K, committed 14720K, reserved 1048576K
Heap Regions: E=young(eden), S=young(survivor), O=old, HS=humongous(starts), HC=humongous(continues), CS=collection set, F=free, A=archive, TAMS=top-at-mark-start (previous, next)
|   0|0x0000000080000000, 0x0000000080100000, 0x0000000080100000|100%| O|  |TAMS 0x0000000080100000, 0x0000000080000000| Untracked 
|   1|0x0000000080100000, 0x0000000080200000, 0x0000000080200000|100%| O|  |TAMS 0x0000000080200000, 0x0000000080100000| Untracked 
|   2|0x0000000080200000, 0x0000000080300000, 0x0000000080300000|100%| O|  |TAMS 0x0000000080300000, 0x0000000080200000| Untracked 
|   3|0x0000000080300000, 0x0000000080400000, 0x0000000080400000|100%|HS|  |TAMS 0x0000000080400000, 0x0000000080300000| Complete 
|   4|0x0000000080400000, 0x0000000080500000, 0x0000000080500000|100%|HC|  |TAMS 0x0000000080500000, 0x0000000080400000| Complete 
|   5|0x0000000080500000, 0x0000000080600000, 0x0000000080600000|100%|HC|  |TAMS 0x0000000080600000, 0x0000000080500000| Complete 
|   6|0x0000000080600000, 0x0000000080700000, 0x0000000080700000|100%| O|  |TAMS 0x0000000080700000, 0x0000000080600000| Untracked 
|   7|0x0000000080700000, 0x0000000080800000, 0x0000000080800000|100%| O|  |TAMS 0x0000000080800000, 0x0000000080700000| Untracked 
|   8|0x0000000080800000, 0x0000000080900000, 0x0000000080900000|100%| O|  |TAMS 0x0000000080900000, 0x0000000080800000| Untracked 
|   9|0x0000000080900000, 0x0000000080a00000, 0x0000000080a00000|100%| O|  |TAMS 0x0000000080a00000, 0x0000000080900000| Untracked 
|  10|0x0000000080a00000, 0x0000000080b00000, 0x0000000080b00000|100%| O|  |TAMS 0x0000000080b00000, 0x0000000080a00000| Untracked 
|  11|0x0000000080b00000, 0x0000000080c00000, 0x0000000080c00000|100%| O|  |TAMS 0x0000000080c00000, 0x0000000080b00000| Untracked 
|  12|0x0000000080c00000, 0x0000000080d00000, 0x0000000080d00000|100%| O|  |TAMS 0x0000000080d00000, 0x0000000080c00000| Untracked 
|  13|0x0000000080d00000, 0x0000000080e00000, 0x0000000080e00000|100%| O|  |TAMS 0x0000000080e00000, 0x0000000080d00000| Untracked 
|  14|0x0000000080e00000, 0x0000000080f00000, 0x0000000080f00000|100%| O|  |TAMS 0x0000000080f00000, 0x0000000080e00000| Untracked 
|  15|0x0000000080f00000, 0x0000000081000000, 0x0000000081000000|100%| O|  |TAMS 0x0000000081000000, 0x0000000080f00000| Untracked 
|  16|0x0000000081000000, 0x0000000081100000, 0x0000000081100000|100%| O|  |TAMS 0x0000000081100000, 0x0000000081000000| Untracked 
|  17|0x0000000081100000, 0x0000000081200000, 0x0000000081200000|100%| O|  |TAMS 0x0000000081200000, 0x0000000081100000| Untracked 
|  18|0x0000000081200000, 0x0000000081300000, 0x0000000081300000|100%| O|  |TAMS 0x0000000081300000, 0x0000000081200000| Untracked 
|  19|0x0000000081300000, 0x0000000081400000, 0x0000000081400000|100%| O|  |TAMS 0x0000000081400000, 0x0000000081300000| Untracked 
|  20|0x0000000081400000, 0x0000000081500000, 0x0000000081500000|100%| O|  |TAMS 0x0000000081500000, 0x0000000081400000| Untracked 
|  21|0x0000000081500000, 0x0000000081600000, 0x0000000081600000|100%|HS|  |TAMS 0x0000000081600000, 0x0000000081500000| Complete 
|  22|0x0000000081600000, 0x0000000081700000, 0x0000000081700000|100%|HS|  |TAMS 0x0000000081700000, 0x0000000081600000| Complete 
|  23|0x0000000081700000, 0x0000000081800000, 0x0000000081800000|100%|HS|  |TAMS 0x0000000081800000, 0x0000000081700000| Complete 
|  24|0x0000000081800000, 0x0000000081900000, 0x0000000081900000|100%|HS|  |TAMS 0x0000000081900000, 0x0000000081800000| Complete 
|  25|0x0000000081900000, 0x0000000081a00000, 0x0000000081a00000|100%|HC|  |TAMS 0x0000000081a00000, 0x0000000081900000| Complete 
|  26|0x0000000081a00000, 0x0000000081b00000, 0x0000000081b00000|100%|HC|  |TAMS 0x0000000081b00000, 0x0000000081a00000| Complete 
|  27|0x0000000081b00000, 0x0000000081c00000, 0x0000000081c00000|100%|HS|  |TAMS 0x0000000081c00000, 0x0000000081b00000| Complete 
|  28|0x0000000081c00000, 0x0000000081d00000, 0x0000000081d00000|100%|HC|  |TAMS 0x0000000081d00000, 0x0000000081c00000| Complete 
|  29|0x0000000081d00000, 0x0000000081e00000, 0x0000000081e00000|100%| O|  |TAMS 0x0000000081e00000, 0x0000000081d00000| Untracked 
|  30|0x0000000081e00000, 0x0000000081f00000, 0x0000000081f00000|100%| O|  |TAMS 0x0000000081f00000, 0x0000000081e00000| Untracked 
|  31|0x0000000081f00000, 0x0000000082000000, 0x0000000082000000|100%| O|  |TAMS 0x0000000082000000, 0x0000000081f00000| Untracked 
|  32|0x0000000082000000, 0x0000000082100000, 0x0000000082100000|100%| O|  |TAMS 0x0000000082100000, 0x0000000082000000| Untracked 
|  33|0x0000000082100000, 0x0000000082200000, 0x0000000082200000|100%| O|  |TAMS 0x0000000082200000, 0x0000000082100000| Untracked 
|  34|0x0000000082200000, 0x0000000082300000, 0x0000000082300000|100%| O|  |TAMS 0x0000000082300000, 0x0000000082200000| Untracked 
|  35|0x0000000082300000, 0x0000000082400000, 0x0000000082400000|100%| O|  |TAMS 0x0000000082400000, 0x0000000082300000| Untracked 
|  36|0x0000000082400000, 0x0000000082500000, 0x0000000082500000|100%| O|  |TAMS 0x0000000082500000, 0x0000000082400000| Untracked 
|  37|0x0000000082500000, 0x0000000082600000, 0x0000000082600000|100%| O|  |TAMS 0x0000000082600000, 0x0000000082500000| Untracked 
|  38|0x0000000082600000, 0x0000000082700000, 0x0000000082700000|100%| O|  |TAMS 0x0000000082700000, 0x0000000082600000| Untracked 
|  39|0x0000000082700000, 0x0000000082800000, 0x0000000082800000|100%| O|  |TAMS 0x0000000082800000, 0x0000000082700000| Untracked 
|  40|0x0000000082800000, 0x0000000082900000, 0x0000000082900000|100%| O|  |TAMS 0x0000000082900000, 0x0000000082800000| Untracked 
|  41|0x0000000082900000, 0x0000000082a00000, 0x0000000082a00000|100%| O|  |TAMS 0x0000000082a00000, 0x0000000082900000| Untracked 
|  42|0x0000000082a00000, 0x0000000082b00000, 0x0000000082b00000|100%| O|  |TAMS 0x0000000082b00000, 0x0000000082a00000| Untracked 
|  43|0x0000000082b00000, 0x0000000082c00000, 0x0000000082c00000|100%| O|  |TAMS 0x0000000082c00000, 0x0000000082b00000| Untracked 
|  44|0x0000000082c00000, 0x0000000082d00000, 0x0000000082d00000|100%| O|  |TAMS 0x0000000082d00000, 0x0000000082c00000| Untracked 
|  45|0x0000000082d00000, 0x0000000082e00000, 0x0000000082e00000|100%| O|  |TAMS 0x0000000082e00000, 0x0000000082d00000| Untracked 
|  46|0x0000000082e00000, 0x0000000082f00000, 0x0000000082f00000|100%| O|  |TAMS 0x0000000082f00000, 0x0000000082e00000| Untracked 
|  47|0x0000000082f00000, 0x0000000083000000, 0x0000000083000000|100%| O|  |TAMS 0x0000000083000000, 0x0000000082f00000| Untracked 
|  48|0x0000000083000000, 0x0000000083100000, 0x0000000083100000|100%| O|  |TAMS 0x0000000083100000, 0x0000000083000000| Untracked 
|  49|0x0000000083100000, 0x0000000083200000, 0x0000000083200000|100%| O|  |TAMS 0x0000000083200000, 0x0000000083100000| Untracked 
|  50|0x0000000083200000, 0x0000000083300000, 0x0000000083300000|100%| O|  |TAMS 0x0000000083300000, 0x0000000083200000| Untracked 
|  51|0x0000000083300000, 0x0000000083400000, 0x0000000083400000|100%| O|  |TAMS 0x0000000083400000, 0x0000000083300000| Untracked 
|  52|0x0000000083400000, 0x0000000083500000, 0x0000000083500000|100%| O|  |TAMS 0x0000000083500000, 0x0000000083400000| Untracked 
|  53|0x0000000083500000, 0x0000000083600000, 0x0000000083600000|100%| O|  |TAMS 0x0000000083600000, 0x0000000083500000| Untracked 
|  54|0x0000000083600000, 0x0000000083700000, 0x0000000083700000|100%| O|  |TAMS 0x0000000083700000, 0x0000000083600000| Untracked 
|  55|0x0000000083700000, 0x0000000083800000, 0x0000000083800000|100%| O|  |TAMS 0x0000000083800000, 0x0000000083700000| Untracked 
|  56|0x0000000083800000, 0x0000000083900000, 0x0000000083900000|100%| O|  |TAMS 0x0000000083900000, 0x0000000083800000| Untracked 
|  57|0x0000000083900000, 0x0000000083a00000, 0x0000000083a00000|100%| O|  |TAMS 0x0000000083a00000, 0x0000000083900000| Untracked 
|  58|0x0000000083a00000, 0x0000000083b00000, 0x0000000083b00000|100%| O|  |TAMS 0x0000000083b00000, 0x0000000083a00000| Untracked 
|  59|0x0000000083b00000, 0x0000000083c00000, 0x0000000083c00000|100%| O|  |TAMS 0x0000000083c00000, 0x0000000083b00000| Untracked 
|  60|0x0000000083c00000, 0x0000000083d00000, 0x0000000083d00000|100%| O|  |TAMS 0x0000000083d00000, 0x0000000083c00000| Untracked 
|  61|0x0000000083d00000, 0x0000000083e00000, 0x0000000083e00000|100%| O|  |TAMS 0x0000000083e00000, 0x0000000083d00000| Untracked 
|  62|0x0000000083e00000, 0x0000000083f00000, 0x0000000083f00000|100%| O|  |TAMS 0x0000000083f00000, 0x0000000083e00000| Untracked 
|  63|0x0000000083f00000, 0x0000000084000000, 0x0000000084000000|100%| O|  |TAMS 0x0000000084000000, 0x0000000083f00000| Untracked 
|  64|0x0000000084000000, 0x0000000084100000, 0x0000000084100000|100%| O|  |TAMS 0x0000000084100000, 0x0000000084000000| Untracked 
|  65|0x0000000084100000, 0x0000000084200000, 0x0000000084200000|100%| O|  |TAMS 0x0000000084200000, 0x0000000084100000| Untracked 
|  66|0x0000000084200000, 0x0000000084300000, 0x0000000084300000|100%| O|  |TAMS 0x0000000084300000, 0x0000000084200000| Untracked 
|  67|0x0000000084300000, 0x0000000084400000, 0x0000000084400000|100%| O|  |TAMS 0x0000000084400000, 0x0000000084300000| Untracked 
|  68|0x0000000084400000, 0x0000000084500000, 0x0000000084500000|100%| O|  |TAMS 0x0000000084500000, 0x0000000084400000| Untracked 
|  69|0x0000000084500000, 0x0000000084600000, 0x0000000084600000|100%| O|  |TAMS 0x0000000084600000, 0x0000000084500000| Untracked 
|  70|0x0000000084600000, 0x0000000084700000, 0x0000000084700000|100%| O|  |TAMS 0x0000000084700000, 0x0000000084600000| Untracked 
|  71|0x0000000084700000, 0x0000000084800000, 0x0000000084800000|100%| O|  |TAMS 0x0000000084800000, 0x0000000084700000| Untracked 
|  72|0x0000000084800000, 0x0000000084900000, 0x0000000084900000|100%| O|  |TAMS 0x0000000084900000, 0x0000000084800000| Untracked 
|  73|0x0000000084900000, 0x0000000084a00000, 0x0000000084a00000|100%| O|  |TAMS 0x0000000084a00000, 0x0000000084900000| Untracked 
|  74|0x0000000084a00000, 0x0000000084b00000, 0x0000000084b00000|100%| O|  |TAMS 0x0000000084b00000, 0x0000000084a00000| Untracked 
|  75|0x0000000084b00000, 0x0000000084c00000, 0x0000000084c00000|100%| O|  |TAMS 0x0000000084c00000, 0x0000000084b00000| Untracked 
|  76|0x0000000084c00000, 0x0000000084d00000, 0x0000000084d00000|100%| O|  |TAMS 0x0000000084d00000, 0x0000000084c00000| Untracked 
|  77|0x0000000084d00000, 0x0000000084e00000, 0x0000000084e00000|100%| O|  |TAMS 0x0000000084e00000, 0x0000000084d00000| Untracked 
|  78|0x0000000084e00000, 0x0000000084f00000, 0x0000000084f00000|100%| O|  |TAMS 0x0000000084f00000, 0x0000000084e00000| Untracked 
|  79|0x0000000084f00000, 0x0000000085000000, 0x0000000085000000|100%| O|  |TAMS 0x0000000085000000, 0x0000000084f00000| Untracked 
|  80|0x0000000085000000, 0x0000000085100000, 0x0000000085100000|100%| O|  |TAMS 0x0000000085100000, 0x0000000085000000| Untracked 
|  81|0x0000000085100000, 0x0000000085200000, 0x0000000085200000|100%| O|  |TAMS 0x0000000085200000, 0x0000000085100000| Untracked 
|  82|0x0000000085200000, 0x0000000085300000, 0x0000000085300000|100%| O|  |TAMS 0x0000000085300000, 0x0000000085200000| Untracked 
|  83|0x0000000085300000, 0x0000000085400000, 0x0000000085400000|100%| O|  |TAMS 0x0000000085400000, 0x0000000085300000| Untracked 
|  84|0x0000000085400000, 0x0000000085500000, 0x0000000085500000|100%| O|  |TAMS 0x0000000085500000, 0x0000000085400000| Untracked 
|  85|0x0000000085500000, 0x0000000085600000, 0x0000000085600000|100%| O|  |TAMS 0x0000000085600000, 0x0000000085500000| Untracked 
|  86|0x0000000085600000, 0x0000000085700000, 0x0000000085700000|100%| O|  |TAMS 0x0000000085700000, 0x0000000085600000| Untracked 
|  87|0x0000000085700000, 0x0000000085800000, 0x0000000085800000|100%| O|  |TAMS 0x0000000085800000, 0x0000000085700000| Untracked 
|  88|0x0000000085800000, 0x0000000085900000, 0x0000000085900000|100%| O|  |TAMS 0x0000000085900000, 0x0000000085800000| Untracked 
|  89|0x0000000085900000, 0x0000000085a00000, 0x0000000085a00000|100%| O|  |TAMS 0x0000000085a00000, 0x0000000085900000| Untracked 
|  90|0x0000000085a00000, 0x0000000085b00000, 0x0000000085b00000|100%| O|  |TAMS 0x0000000085b00000, 0x0000000085a00000| Untracked 
|  91|0x0000000085b00000, 0x0000000085c00000, 0x0000000085c00000|100%| O|  |TAMS 0x0000000085c00000, 0x0000000085b00000| Untracked 
|  92|0x0000000085c00000, 0x0000000085d00000, 0x0000000085d00000|100%| O|  |TAMS 0x0000000085d00000, 0x0000000085c00000| Untracked 
|  93|0x0000000085d00000, 0x0000000085e00000, 0x0000000085e00000|100%| O|  |TAMS 0x0000000085e00000, 0x0000000085d00000| Untracked 
|  94|0x0000000085e00000, 0x0000000085f00000, 0x0000000085f00000|100%| O|  |TAMS 0x0000000085f00000, 0x0000000085e00000| Untracked 
|  95|0x0000000085f00000, 0x0000000086000000, 0x0000000086000000|100%| O|  |TAMS 0x0000000086000000, 0x0000000085f00000| Untracked 
|  96|0x0000000086000000, 0x0000000086100000, 0x0000000086100000|100%| O|  |TAMS 0x0000000086100000, 0x0000000086000000| Untracked 
|  97|0x0000000086100000, 0x0000000086200000, 0x0000000086200000|100%|HS|  |TAMS 0x0000000086200000, 0x0000000086100000| Complete 
|  98|0x0000000086200000, 0x0000000086300000, 0x0000000086300000|100%| O|  |TAMS 0x0000000086300000, 0x0000000086200000| Untracked 
|  99|0x0000000086300000, 0x0000000086400000, 0x0000000086400000|100%| O|  |TAMS 0x0000000086400000, 0x0000000086300000| Untracked 
| 100|0x0000000086400000, 0x0000000086500000, 0x0000000086500000|100%| O|  |TAMS 0x0000000086500000, 0x0000000086400000| Untracked 
| 101|0x0000000086500000, 0x0000000086600000, 0x0000000086600000|100%| O|  |TAMS 0x0000000086600000, 0x0000000086500000| Untracked 
| 102|0x0000000086600000, 0x0000000086700000, 0x0000000086700000|100%| O|  |TAMS 0x0000000086700000, 0x0000000086600000| Untracked 
| 103|0x0000000086700000, 0x0000000086800000, 0x0000000086800000|100%| O|  |TAMS 0x0000000086800000, 0x0000000086700000| Untracked 
| 104|0x0000000086800000, 0x0000000086900000, 0x0000000086900000|100%| O|  |TAMS 0x0000000086900000, 0x0000000086800000| Untracked 
| 105|0x0000000086900000, 0x0000000086a00000, 0x0000000086a00000|100%| O|  |TAMS 0x0000000086a00000, 0x0000000086900000| Untracked 
| 106|0x0000000086a00000, 0x0000000086b00000, 0x0000000086b00000|100%| O|  |TAMS 0x0000000086b00000, 0x0000000086a00000| Untracked 
| 107|0x0000000086b00000, 0x0000000086c00000, 0x0000000086c00000|100%| O|  |TAMS 0x0000000086c00000, 0x0000000086b00000| Untracked 
| 108|0x0000000086c00000, 0x0000000086d00000, 0x0000000086d00000|100%| O|  |TAMS 0x0000000086d00000, 0x0000000086c00000| Untracked 
| 109|0x0000000086d00000, 0x0000000086e00000, 0x0000000086e00000|100%| O|  |TAMS 0x0000000086e00000, 0x0000000086d00000| Untracked 
| 110|0x0000000086e00000, 0x0000000086f00000, 0x0000000086f00000|100%| O|  |TAMS 0x0000000086f00000, 0x0000000086e00000| Untracked 
| 111|0x0000000086f00000, 0x0000000087000000, 0x0000000087000000|100%| O|  |TAMS 0x0000000087000000, 0x0000000086f00000| Untracked 
| 112|0x0000000087000000, 0x0000000087100000, 0x0000000087100000|100%| O|  |TAMS 0x0000000087100000, 0x0000000087000000| Untracked 
| 113|0x0000000087100000, 0x0000000087200000, 0x0000000087200000|100%| O|  |TAMS 0x0000000087200000, 0x0000000087100000| Untracked 
| 114|0x0000000087200000, 0x0000000087300000, 0x0000000087300000|100%| O|  |TAMS 0x0000000087300000, 0x0000000087200000| Untracked 
| 115|0x0000000087300000, 0x0000000087300000, 0x0000000087400000|  0%| F|  |TAMS 0x0000000087300000, 0x0000000087300000| Untracked 
| 116|0x0000000087400000, 0x0000000087500000, 0x0000000087500000|100%| O|  |TAMS 0x0000000087500000, 0x0000000087400000| Untracked 
| 117|0x0000000087500000, 0x0000000087600000, 0x0000000087600000|100%| O|  |TAMS 0x0000000087600000, 0x0000000087500000| Untracked 
| 118|0x0000000087600000, 0x0000000087700000, 0x0000000087700000|100%| O|  |TAMS 0x0000000087700000, 0x0000000087600000| Untracked 
| 119|0x0000000087700000, 0x0000000087800000, 0x0000000087800000|100%| O|  |TAMS 0x0000000087800000, 0x0000000087700000| Untracked 
| 120|0x0000000087800000, 0x0000000087900000, 0x0000000087900000|100%| O|  |TAMS 0x0000000087900000, 0x0000000087800000| Untracked 
| 121|0x0000000087900000, 0x0000000087a00000, 0x0000000087a00000|100%| O|  |TAMS 0x0000000087a00000, 0x0000000087900000| Untracked 
| 122|0x0000000087a00000, 0x0000000087b00000, 0x0000000087b00000|100%| O|  |TAMS 0x0000000087b00000, 0x0000000087a00000| Untracked 
| 123|0x0000000087b00000, 0x0000000087c00000, 0x0000000087c00000|100%| O|  |TAMS 0x0000000087c00000, 0x0000000087b00000| Untracked 
| 124|0x0000000087c00000, 0x0000000087d00000, 0x0000000087d00000|100%| O|  |TAMS 0x0000000087d00000, 0x0000000087c00000| Untracked 
| 125|0x0000000087d00000, 0x0000000087e00000, 0x0000000087e00000|100%| O|  |TAMS 0x0000000087e00000, 0x0000000087d00000| Untracked 
| 126|0x0000000087e00000, 0x0000000087f00000, 0x0000000087f00000|100%| O|  |TAMS 0x0000000087f00000, 0x0000000087e00000| Untracked 
| 127|0x0000000087f00000, 0x0000000088000000, 0x0000000088000000|100%| O|  |TAMS 0x0000000088000000, 0x0000000087f00000| Untracked 
| 128|0x0000000088000000, 0x0000000088100000, 0x0000000088100000|100%| O|  |TAMS 0x000000008803e800, 0x0000000088000000| Untracked 
| 129|0x0000000088100000, 0x0000000088200000, 0x0000000088200000|100%| O|  |TAMS 0x0000000088100000, 0x0000000088100000| Untracked 
| 130|0x0000000088200000, 0x0000000088300000, 0x0000000088300000|100%| O|  |TAMS 0x0000000088200000, 0x0000000088200000| Untracked 
| 131|0x0000000088300000, 0x0000000088400000, 0x0000000088400000|100%| O|  |TAMS 0x0000000088300000, 0x0000000088300000| Untracked 
| 132|0x0000000088400000, 0x0000000088500000, 0x0000000088500000|100%| O|  |TAMS 0x0000000088400000, 0x0000000088400000| Untracked 
| 133|0x0000000088500000, 0x0000000088600000, 0x0000000088600000|100%| O|  |TAMS 0x0000000088500000, 0x0000000088500000| Untracked 
| 134|0x0000000088600000, 0x0000000088700000, 0x0000000088700000|100%| O|  |TAMS 0x0000000088600000, 0x0000000088600000| Untracked 
| 135|0x0000000088700000, 0x0000000088800000, 0x0000000088800000|100%| O|  |TAMS 0x0000000088700000, 0x0000000088700000| Untracked 
| 136|0x0000000088800000, 0x0000000088900000, 0x0000000088900000|100%| O|  |TAMS 0x0000000088800000, 0x0000000088800000| Untracked 
| 137|0x0000000088900000, 0x0000000088a00000, 0x0000000088a00000|100%| O|  |TAMS 0x0000000088900000, 0x0000000088900000| Untracked 
| 138|0x0000000088a00000, 0x0000000088b00000, 0x0000000088b00000|100%| O|  |TAMS 0x0000000088a00000, 0x0000000088a00000| Untracked 
| 139|0x0000000088b00000, 0x0000000088c00000, 0x0000000088c00000|100%| O|  |TAMS 0x0000000088b00000, 0x0000000088b00000| Untracked 
| 140|0x0000000088c00000, 0x0000000088c00000, 0x0000000088d00000|  0%| F|  |TAMS 0x0000000088c00000, 0x0000000088c00000| Untracked 
| 141|0x0000000088d00000, 0x0000000088d00000, 0x0000000088e00000|  0%| F|  |TAMS 0x0000000088d00000, 0x0000000088d00000| Untracked 
| 142|0x0000000088e00000, 0x0000000088e00000, 0x0000000088f00000|  0%| F|  |TAMS 0x0000000088e00000, 0x0000000088e00000| Untracked 
| 143|0x0000000088f00000, 0x0000000088f00000, 0x0000000089000000|  0%| F|  |TAMS 0x0000000088f00000, 0x0000000088f00000| Untracked 
| 144|0x0000000089000000, 0x0000000089000000, 0x0000000089100000|  0%| F|  |TAMS 0x0000000089000000, 0x0000000089000000| Untracked 
| 145|0x0000000089100000, 0x0000000089100000, 0x0000000089200000|  0%| F|  |TAMS 0x0000000089100000, 0x0000000089100000| Untracked 
| 146|0x0000000089200000, 0x0000000089200000, 0x0000000089300000|  0%| F|  |TAMS 0x0000000089200000, 0x0000000089200000| Untracked 
| 147|0x0000000089300000, 0x0000000089300000, 0x0000000089400000|  0%| F|  |TAMS 0x0000000089300000, 0x0000000089300000| Untracked 
| 148|0x0000000089400000, 0x0000000089400000, 0x0000000089500000|  0%| F|  |TAMS 0x0000000089400000, 0x0000000089400000| Untracked 
| 149|0x0000000089500000, 0x0000000089500000, 0x0000000089600000|  0%| F|  |TAMS 0x0000000089500000, 0x0000000089500000| Untracked 
| 150|0x0000000089600000, 0x0000000089600000, 0x0000000089700000|  0%| F|  |TAMS 0x0000000089600000, 0x0000000089600000| Untracked 
| 151|0x0000000089700000, 0x0000000089700000, 0x0000000089800000|  0%| F|  |TAMS 0x0000000089700000, 0x0000000089700000| Untracked 
| 152|0x0000000089800000, 0x0000000089800000, 0x0000000089900000|  0%| F|  |TAMS 0x0000000089800000, 0x0000000089800000| Untracked 
| 153|0x0000000089900000, 0x0000000089900000, 0x0000000089a00000|  0%| F|  |TAMS 0x0000000089900000, 0x0000000089900000| Untracked 
| 154|0x0000000089a00000, 0x0000000089a00000, 0x0000000089b00000|  0%| F|  |TAMS 0x0000000089a00000, 0x0000000089a00000| Untracked 
| 155|0x0000000089b00000, 0x0000000089b00000, 0x0000000089c00000|  0%| F|  |TAMS 0x0000000089b00000, 0x0000000089b00000| Untracked 
| 156|0x0000000089c00000, 0x0000000089c00000, 0x0000000089d00000|  0%| F|  |TAMS 0x0000000089c00000, 0x0000000089c00000| Untracked 
| 157|0x0000000089d00000, 0x0000000089d00000, 0x0000000089e00000|  0%| F|  |TAMS 0x0000000089d00000, 0x0000000089d00000| Untracked 
| 158|0x0000000089e00000, 0x0000000089e00000, 0x0000000089f00000|  0%| F|  |TAMS 0x0000000089e00000, 0x0000000089e00000| Untracked 
| 159|0x0000000089f00000, 0x0000000089f00000, 0x000000008a000000|  0%| F|  |TAMS 0x0000000089f00000, 0x0000000089f00000| Untracked 
| 160|0x000000008a000000, 0x000000008a000000, 0x000000008a100000|  0%| F|  |TAMS 0x000000008a000000, 0x000000008a000000| Untracked 
| 161|0x000000008a100000, 0x000000008a100000, 0x000000008a200000|  0%| F|  |TAMS 0x000000008a100000, 0x000000008a100000| Untracked 
| 162|0x000000008a200000, 0x000000008a200000, 0x000000008a300000|  0%| F|  |TAMS 0x000000008a200000, 0x000000008a200000| Untracked 
| 163|0x000000008a300000, 0x000000008a300000, 0x000000008a400000|  0%| F|  |TAMS 0x000000008a300000, 0x000000008a300000| Untracked 
| 164|0x000000008a400000, 0x000000008a400000, 0x000000008a500000|  0%| F|  |TAMS 0x000000008a400000, 0x000000008a400000| Untracked 
| 165|0x000000008a500000, 0x000000008a500000, 0x000000008a600000|  0%| F|  |TAMS 0x000000008a500000, 0x000000008a500000| Untracked 
| 166|0x000000008a600000, 0x000000008a600000, 0x000000008a700000|  0%| F|  |TAMS 0x000000008a600000, 0x000000008a600000| Untracked 
| 167|0x000000008a700000, 0x000000008a700000, 0x000000008a800000|  0%| F|  |TAMS 0x000000008a700000, 0x000000008a700000| Untracked 
| 168|0x000000008a800000, 0x000000008a800000, 0x000000008a900000|  0%| F|  |TAMS 0x000000008a800000, 0x000000008a800000| Untracked 
| 169|0x000000008a900000, 0x000000008a900000, 0x000000008aa00000|  0%| F|  |TAMS 0x000000008a900000, 0x000000008a900000| Untracked 
| 170|0x000000008aa00000, 0x000000008aa00000, 0x000000008ab00000|  0%| F|  |TAMS 0x000000008aa00000, 0x000000008aa00000| Untracked 
| 171|0x000000008ab00000, 0x000000008ab00000, 0x000000008ac00000|  0%| F|  |TAMS 0x000000008ab00000, 0x000000008ab00000| Untracked 
| 172|0x000000008ac00000, 0x000000008ac00000, 0x000000008ad00000|  0%| F|  |TAMS 0x000000008ac00000, 0x000000008ac00000| Untracked 
| 173|0x000000008ad00000, 0x000000008ad00000, 0x000000008ae00000|  0%| F|  |TAMS 0x000000008ad00000, 0x000000008ad00000| Untracked 
| 174|0x000000008ae00000, 0x000000008ae00000, 0x000000008af00000|  0%| F|  |TAMS 0x000000008ae00000, 0x000000008ae00000| Untracked 
| 175|0x000000008af00000, 0x000000008af00000, 0x000000008b000000|  0%| F|  |TAMS 0x000000008af00000, 0x000000008af00000| Untracked 
| 176|0x000000008b000000, 0x000000008b000000, 0x000000008b100000|  0%| F|  |TAMS 0x000000008b000000, 0x000000008b000000| Untracked 
| 177|0x000000008b100000, 0x000000008b100000, 0x000000008b200000|  0%| F|  |TAMS 0x000000008b100000, 0x000000008b100000| Untracked 
| 178|0x000000008b200000, 0x000000008b200000, 0x000000008b300000|  0%| F|  |TAMS 0x000000008b200000, 0x000000008b200000| Untracked 
| 179|0x000000008b300000, 0x000000008b300000, 0x000000008b400000|  0%| F|  |TAMS 0x000000008b300000, 0x000000008b300000| Untracked 
| 180|0x000000008b400000, 0x000000008b400000, 0x000000008b500000|  0%| F|  |TAMS 0x000000008b400000, 0x000000008b400000| Untracked 
| 181|0x000000008b500000, 0x000000008b500000, 0x000000008b600000|  0%| F|  |TAMS 0x000000008b500000, 0x000000008b500000| Untracked 
| 182|0x000000008b600000, 0x000000008b600000, 0x000000008b700000|  0%| F|  |TAMS 0x000000008b600000, 0x000000008b600000| Untracked 
| 183|0x000000008b700000, 0x000000008b700000, 0x000000008b800000|  0%| F|  |TAMS 0x000000008b700000, 0x000000008b700000| Untracked 
| 184|0x000000008b800000, 0x000000008b800000, 0x000000008b900000|  0%| F|  |TAMS 0x000000008b800000, 0x000000008b800000| Untracked 
| 185|0x000000008b900000, 0x000000008b900000, 0x000000008ba00000|  0%| F|  |TAMS 0x000000008b900000, 0x000000008b900000| Untracked 
| 186|0x000000008ba00000, 0x000000008ba00000, 0x000000008bb00000|  0%| F|  |TAMS 0x000000008ba00000, 0x000000008ba00000| Untracked 
| 187|0x000000008bb00000, 0x000000008bb00000, 0x000000008bc00000|  0%| F|  |TAMS 0x000000008bb00000, 0x000000008bb00000| Untracked 
| 188|0x000000008bc00000, 0x000000008bc00000, 0x000000008bd00000|  0%| F|  |TAMS 0x000000008bc00000, 0x000000008bc00000| Untracked 
| 189|0x000000008bd00000, 0x000000008bd00000, 0x000000008be00000|  0%| F|  |TAMS 0x000000008bd00000, 0x000000008bd00000| Untracked 
| 190|0x000000008be00000, 0x000000008be00000, 0x000000008bf00000|  0%| F|  |TAMS 0x000000008be00000, 0x000000008be00000| Untracked 
| 191|0x000000008bf00000, 0x000000008bf00000, 0x000000008c000000|  0%| F|  |TAMS 0x000000008bf00000, 0x000000008bf00000| Untracked 
| 192|0x000000008c000000, 0x000000008c000000, 0x000000008c100000|  0%| F|  |TAMS 0x000000008c000000, 0x000000008c000000| Untracked 
| 193|0x000000008c100000, 0x000000008c100000, 0x000000008c200000|  0%| F|  |TAMS 0x000000008c100000, 0x000000008c100000| Untracked 
| 194|0x000000008c200000, 0x000000008c200000, 0x000000008c300000|  0%| F|  |TAMS 0x000000008c200000, 0x000000008c200000| Untracked 
| 195|0x000000008c300000, 0x000000008c3d6730, 0x000000008c400000| 83%| S|CS|TAMS 0x000000008c300000, 0x000000008c300000| Complete 
| 196|0x000000008c400000, 0x000000008c400000, 0x000000008c500000|  0%| F|  |TAMS 0x000000008c400000, 0x000000008c400000| Untracked 
| 197|0x000000008c500000, 0x000000008c500000, 0x000000008c600000|  0%| F|  |TAMS 0x000000008c500000, 0x000000008c500000| Untracked 
| 198|0x000000008c600000, 0x000000008c600000, 0x000000008c700000|  0%| F|  |TAMS 0x000000008c600000, 0x000000008c600000| Untracked 
| 199|0x000000008c700000, 0x000000008c700000, 0x000000008c800000|  0%| F|  |TAMS 0x000000008c700000, 0x000000008c700000| Untracked 
| 200|0x000000008c800000, 0x000000008c800000, 0x000000008c900000|  0%| F|  |TAMS 0x000000008c800000, 0x000000008c800000| Untracked 
| 201|0x000000008c900000, 0x000000008c900000, 0x000000008ca00000|  0%| F|  |TAMS 0x000000008c900000, 0x000000008c900000| Untracked 
| 202|0x000000008ca00000, 0x000000008ca00000, 0x000000008cb00000|  0%| F|  |TAMS 0x000000008ca00000, 0x000000008ca00000| Untracked 
| 203|0x000000008cb00000, 0x000000008cb00000, 0x000000008cc00000|  0%| F|  |TAMS 0x000000008cb00000, 0x000000008cb00000| Untracked 
| 204|0x000000008cc00000, 0x000000008cc00000, 0x000000008cd00000|  0%| F|  |TAMS 0x000000008cc00000, 0x000000008cc00000| Untracked 
| 205|0x000000008cd00000, 0x000000008cd00000, 0x000000008ce00000|  0%| F|  |TAMS 0x000000008cd00000, 0x000000008cd00000| Untracked 
| 206|0x000000008ce00000, 0x000000008ce00000, 0x000000008cf00000|  0%| F|  |TAMS 0x000000008ce00000, 0x000000008ce00000| Untracked 
| 207|0x000000008cf00000, 0x000000008cf00000, 0x000000008d000000|  0%| F|  |TAMS 0x000000008cf00000, 0x000000008cf00000| Untracked 
| 208|0x000000008d000000, 0x000000008d000000, 0x000000008d100000|  0%| F|  |TAMS 0x000000008d000000, 0x000000008d000000| Untracked 
| 209|0x000000008d100000, 0x000000008d100000, 0x000000008d200000|  0%| F|  |TAMS 0x000000008d100000, 0x000000008d100000| Untracked 
| 210|0x000000008d200000, 0x000000008d200000, 0x000000008d300000|  0%| F|  |TAMS 0x000000008d200000, 0x000000008d200000| Untracked 
| 211|0x000000008d300000, 0x000000008d300000, 0x000000008d400000|  0%| F|  |TAMS 0x000000008d300000, 0x000000008d300000| Untracked 
| 212|0x000000008d400000, 0x000000008d400000, 0x000000008d500000|  0%| F|  |TAMS 0x000000008d400000, 0x000000008d400000| Untracked 
| 213|0x000000008d500000, 0x000000008d500000, 0x000000008d600000|  0%| F|  |TAMS 0x000000008d500000, 0x000000008d500000| Untracked 
| 214|0x000000008d600000, 0x000000008d600000, 0x000000008d700000|  0%| F|  |TAMS 0x000000008d600000, 0x000000008d600000| Untracked 
| 215|0x000000008d700000, 0x000000008d700000, 0x000000008d800000|  0%| F|  |TAMS 0x000000008d700000, 0x000000008d700000| Untracked 
| 216|0x000000008d800000, 0x000000008d800000, 0x000000008d900000|  0%| F|  |TAMS 0x000000008d800000, 0x000000008d800000| Untracked 
| 217|0x000000008d900000, 0x000000008d900000, 0x000000008da00000|  0%| F|  |TAMS 0x000000008d900000, 0x000000008d900000| Untracked 
| 218|0x000000008da00000, 0x000000008da00000, 0x000000008db00000|  0%| F|  |TAMS 0x000000008da00000, 0x000000008da00000| Untracked 
| 219|0x000000008db00000, 0x000000008db00000, 0x000000008dc00000|  0%| F|  |TAMS 0x000000008db00000, 0x000000008db00000| Untracked 
| 220|0x000000008dc00000, 0x000000008dc00000, 0x000000008dd00000|  0%| F|  |TAMS 0x000000008dc00000, 0x000000008dc00000| Untracked 
| 221|0x000000008dd00000, 0x000000008dd00000, 0x000000008de00000|  0%| F|  |TAMS 0x000000008dd00000, 0x000000008dd00000| Untracked 
| 222|0x000000008de00000, 0x000000008de00000, 0x000000008df00000|  0%| F|  |TAMS 0x000000008de00000, 0x000000008de00000| Untracked 
| 223|0x000000008df00000, 0x000000008df00000, 0x000000008e000000|  0%| F|  |TAMS 0x000000008df00000, 0x000000008df00000| Untracked 
| 224|0x000000008e000000, 0x000000008e000000, 0x000000008e100000|  0%| F|  |TAMS 0x000000008e000000, 0x000000008e000000| Untracked 
| 225|0x000000008e100000, 0x000000008e100000, 0x000000008e200000|  0%| F|  |TAMS 0x000000008e100000, 0x000000008e100000| Untracked 
| 226|0x000000008e200000, 0x000000008e200000, 0x000000008e300000|  0%| F|  |TAMS 0x000000008e200000, 0x000000008e200000| Untracked 
| 227|0x000000008e300000, 0x000000008e300000, 0x000000008e400000|  0%| F|  |TAMS 0x000000008e300000, 0x000000008e300000| Untracked 
| 228|0x000000008e400000, 0x000000008e400000, 0x000000008e500000|  0%| F|  |TAMS 0x000000008e400000, 0x000000008e400000| Untracked 
| 229|0x000000008e500000, 0x000000008e500000, 0x000000008e600000|  0%| F|  |TAMS 0x000000008e500000, 0x000000008e500000| Untracked 
| 230|0x000000008e600000, 0x000000008e600000, 0x000000008e700000|  0%| F|  |TAMS 0x000000008e600000, 0x000000008e600000| Untracked 
| 231|0x000000008e700000, 0x000000008e700000, 0x000000008e800000|  0%| F|  |TAMS 0x000000008e700000, 0x000000008e700000| Untracked 
| 232|0x000000008e800000, 0x000000008e800000, 0x000000008e900000|  0%| F|  |TAMS 0x000000008e800000, 0x000000008e800000| Untracked 
| 233|0x000000008e900000, 0x000000008e900000, 0x000000008ea00000|  0%| F|  |TAMS 0x000000008e900000, 0x000000008e900000| Untracked 
| 234|0x000000008ea00000, 0x000000008ea00000, 0x000000008eb00000|  0%| F|  |TAMS 0x000000008ea00000, 0x000000008ea00000| Untracked 
| 235|0x000000008eb00000, 0x000000008eb00000, 0x000000008ec00000|  0%| F|  |TAMS 0x000000008eb00000, 0x000000008eb00000| Untracked 
| 236|0x000000008ec00000, 0x000000008ec00000, 0x000000008ed00000|  0%| F|  |TAMS 0x000000008ec00000, 0x000000008ec00000| Untracked 
| 237|0x000000008ed00000, 0x000000008ed00000, 0x000000008ee00000|  0%| F|  |TAMS 0x000000008ed00000, 0x000000008ed00000| Untracked 
| 238|0x000000008ee00000, 0x000000008ee00000, 0x000000008ef00000|  0%| F|  |TAMS 0x000000008ee00000, 0x000000008ee00000| Untracked 
| 239|0x000000008ef00000, 0x000000008ef00000, 0x000000008f000000|  0%| F|  |TAMS 0x000000008ef00000, 0x000000008ef00000| Untracked 
| 240|0x000000008f000000, 0x000000008f000000, 0x000000008f100000|  0%| F|  |TAMS 0x000000008f000000, 0x000000008f000000| Untracked 
| 241|0x000000008f100000, 0x000000008f100000, 0x000000008f200000|  0%| F|  |TAMS 0x000000008f100000, 0x000000008f100000| Untracked 
| 242|0x000000008f200000, 0x000000008f200000, 0x000000008f300000|  0%| F|  |TAMS 0x000000008f200000, 0x000000008f200000| Untracked 

Card table byte_map: [0x0000027aa17d0000,0x0000027aa1bd0000] _byte_map_base: 0x0000027aa13d0000

Marking Bits (Prev, Next): (CMBitMap*) 0x0000027a8e920e60, (CMBitMap*) 0x0000027a8e920e28
 Prev Bits: [0x0000027aa3fd0000, 0x0000027aa5fd0000)
 Next Bits: [0x0000027aa1fd0000, 0x0000027aa3fd0000)

Polling page: 0x0000027a8c820000

Metaspace:

Usage:
  Non-class:     94.65 MB capacity,    92.95 MB ( 98%) used,     1.39 MB (  1%) free+waste,   317.94 KB ( <1%) overhead. 
      Class:     14.28 MB capacity,    13.33 MB ( 93%) used,   831.91 KB (  6%) free+waste,   140.31 KB ( <1%) overhead. 
       Both:    108.93 MB capacity,   106.29 MB ( 98%) used,     2.20 MB (  2%) free+waste,   458.25 KB ( <1%) overhead. 

Virtual space:
  Non-class space:       96.00 MB reserved,      94.75 MB ( 99%) committed 
      Class space:        1.00 GB reserved,      14.38 MB (  1%) committed 
             Both:        1.09 GB reserved,     109.13 MB ( 10%) committed 

Chunk freelists:
   Non-Class:  38.00 KB
       Class:  30.00 KB
        Both:  68.00 KB

MaxMetaspaceSize: 17179869184.00 GB
CompressedClassSpaceSize: 1.00 GB

CodeHeap 'non-profiled nmethods': size=120064Kb used=10579Kb max_used=10579Kb free=109484Kb
 bounds [0x0000027a99e90000, 0x0000027a9a8f0000, 0x0000027aa13d0000]
CodeHeap 'profiled nmethods': size=120000Kb used=39497Kb max_used=39497Kb free=80502Kb
 bounds [0x0000027a92960000, 0x0000027a95010000, 0x0000027a99e90000]
CodeHeap 'non-nmethods': size=5696Kb used=2320Kb max_used=2401Kb free=3375Kb
 bounds [0x0000027a923d0000, 0x0000027a92640000, 0x0000027a92960000]
 total_blobs=17308 nmethods=16376 adapters=842
 compilation: enabled
              stopped_count=0, restarted_count=0
 full_count=0

Compilation events (20 events):
Event: 75.988 Thread 0x0000027aa84d7000 17402       1       com.android.tools.r8.internal.B1::V0 (2 bytes)
Event: 75.989 Thread 0x0000027aa84d7000 nmethod 17402 0x0000027a9a8e4710 code [0x0000027a9a8e48c0, 0x0000027a9a8e4978]
Event: 75.989 Thread 0x0000027aa84d7000 17403       3       com.android.tools.r8.ir.regalloc.b::c (36 bytes)
Event: 75.989 Thread 0x0000027aa84d7000 nmethod 17403 0x0000027a94ffdb10 code [0x0000027a94ffdcc0, 0x0000027a94ffde98]
Event: 75.990 Thread 0x0000027aa84d7000 17404       2       com.android.tools.r8.graph.G0::a (138 bytes)
Event: 75.991 Thread 0x0000027aa84d7000 nmethod 17404 0x0000027a94ffdf90 code [0x0000027a94ffe1c0, 0x0000027a94ffe908]
Event: 75.992 Thread 0x0000027aa84d7000 17405       3       com.android.tools.r8.internal.e7::a (15 bytes)
Event: 75.993 Thread 0x0000027aa84d7000 nmethod 17405 0x0000027a94ffed10 code [0x0000027a94ffef60, 0x0000027a94fff878]
Event: 75.994 Thread 0x0000027aa84d7000 17406       3       com.android.tools.r8.internal.e7$$Lambda$1242/0x0000000100d9d840::get$Lambda (10 bytes)
Event: 75.994 Thread 0x0000027aa84d7000 nmethod 17406 0x0000027a94fffc10 code [0x0000027a94fffde0, 0x0000027a95000098]
Event: 75.995 Thread 0x0000027aa84d7000 17407       3       com.android.tools.r8.internal.A1::j (12 bytes)
Event: 75.996 Thread 0x0000027aa84d7000 nmethod 17407 0x0000027a95000190 code [0x0000027a95000340, 0x0000027a950004e8]
Event: 75.996 Thread 0x0000027aa84d7000 17408       3       com.android.tools.r8.internal.rz::a (53 bytes)
Event: 75.996 Thread 0x0000027aa84d7000 nmethod 17408 0x0000027a95000590 code [0x0000027a950007a0, 0x0000027a95000d48]
Event: 75.998 Thread 0x0000027aa84d1000 nmethod 17387 0x0000027a9a8e4a10 code [0x0000027a9a8e4c00, 0x0000027a9a8e5588]
Event: 75.998 Thread 0x0000027aa84d1000 17388       4       com.android.tools.r8.internal.Gj::next (25 bytes)
Event: 75.999 Thread 0x0000027aa84d1000 nmethod 17388 0x0000027a9a8e5a90 code [0x0000027a9a8e5c20, 0x0000027a9a8e5cb8]
Event: 75.999 Thread 0x0000027aa84d1000 17394       4       com.android.tools.r8.internal.x::equals (54 bytes)
Event: 76.000 Thread 0x0000027aa84d7000 17410       3       com.android.tools.r8.internal.h2::d (52 bytes)
Event: 76.001 Thread 0x0000027aa84d7000 nmethod 17410 0x0000027a95000f90 code [0x0000027a95001180, 0x0000027a95001618]

GC Heap History (20 events):
Event: 67.381 GC heap after
{Heap after GC invocations=42 (full 0):
 garbage-first heap   total 183296K, used 98475K [0x0000000080000000, 0x0000000100000000)
  region size 1024K, 1 young (1024K), 1 survivors (1024K)
 Metaspace       used 98247K, capacity 100597K, committed 100864K, reserved 1136640K
  class space    used 12212K, capacity 13026K, committed 13056K, reserved 1048576K
}
Event: 67.396 GC heap before
{Heap before GC invocations=42 (full 0):
 garbage-first heap   total 183296K, used 101547K [0x0000000080000000, 0x0000000100000000)
  region size 1024K, 5 young (5120K), 1 survivors (1024K)
 Metaspace       used 98247K, capacity 100597K, committed 100864K, reserved 1136640K
  class space    used 12212K, capacity 13026K, committed 13056K, reserved 1048576K
}
Event: 67.400 GC heap after
{Heap after GC invocations=43 (full 0):
 garbage-first heap   total 183296K, used 99357K [0x0000000080000000, 0x0000000100000000)
  region size 1024K, 2 young (2048K), 2 survivors (2048K)
 Metaspace       used 98247K, capacity 100597K, committed 100864K, reserved 1136640K
  class space    used 12212K, capacity 13026K, committed 13056K, reserved 1048576K
}
Event: 68.196 GC heap before
{Heap before GC invocations=44 (full 0):
 garbage-first heap   total 183296K, used 147485K [0x0000000080000000, 0x0000000100000000)
  region size 1024K, 48 young (49152K), 2 survivors (2048K)
 Metaspace       used 100972K, capacity 103390K, committed 103552K, reserved 1138688K
  class space    used 12589K, capacity 13409K, committed 13440K, reserved 1048576K
}
Event: 68.207 GC heap after
{Heap after GC invocations=45 (full 0):
 garbage-first heap   total 183296K, used 108865K [0x0000000080000000, 0x0000000100000000)
  region size 1024K, 6 young (6144K), 6 survivors (6144K)
 Metaspace       used 100972K, capacity 103390K, committed 103552K, reserved 1138688K
  class space    used 12589K, capacity 13409K, committed 13440K, reserved 1048576K
}
Event: 68.749 GC heap before
{Heap before GC invocations=45 (full 0):
 garbage-first heap   total 183296K, used 147777K [0x0000000080000000, 0x0000000100000000)
  region size 1024K, 44 young (45056K), 6 survivors (6144K)
 Metaspace       used 101251K, capacity 103678K, committed 103808K, reserved 1140736K
  class space    used 12600K, capacity 13416K, committed 13440K, reserved 1048576K
}
Event: 68.786 GC heap after
{Heap after GC invocations=46 (full 0):
 garbage-first heap   total 183296K, used 117424K [0x0000000080000000, 0x0000000100000000)
  region size 1024K, 6 young (6144K), 6 survivors (6144K)
 Metaspace       used 101251K, capacity 103678K, committed 103808K, reserved 1140736K
  class space    used 12600K, capacity 13416K, committed 13440K, reserved 1048576K
}
Event: 69.196 GC heap before
{Heap before GC invocations=46 (full 0):
 garbage-first heap   total 183296K, used 149168K [0x0000000080000000, 0x0000000100000000)
  region size 1024K, 37 young (37888K), 6 survivors (6144K)
 Metaspace       used 101268K, capacity 103681K, committed 103808K, reserved 1140736K
  class space    used 12601K, capacity 13416K, committed 13440K, reserved 1048576K
}
Event: 69.228 GC heap after
{Heap after GC invocations=47 (full 0):
 garbage-first heap   total 183296K, used 123904K [0x0000000080000000, 0x0000000100000000)
  region size 1024K, 5 young (5120K), 5 survivors (5120K)
 Metaspace       used 101268K, capacity 103681K, committed 103808K, reserved 1140736K
  class space    used 12601K, capacity 13416K, committed 13440K, reserved 1048576K
}
Event: 69.641 GC heap before
{Heap before GC invocations=48 (full 0):
 garbage-first heap   total 183296K, used 151552K [0x0000000080000000, 0x0000000100000000)
  region size 1024K, 32 young (32768K), 5 survivors (5120K)
 Metaspace       used 102309K, capacity 104779K, committed 104832K, reserved 1140736K
  class space    used 12767K, capacity 13654K, committed 13696K, reserved 1048576K
}
Event: 69.676 GC heap after
{Heap after GC invocations=49 (full 0):
 garbage-first heap   total 183296K, used 129693K [0x0000000080000000, 0x0000000100000000)
  region size 1024K, 4 young (4096K), 4 survivors (4096K)
 Metaspace       used 102309K, capacity 104779K, committed 104832K, reserved 1140736K
  class space    used 12767K, capacity 13654K, committed 13696K, reserved 1048576K
}
Event: 69.756 GC heap before
{Heap before GC invocations=49 (full 0):
 garbage-first heap   total 183296K, used 133789K [0x0000000080000000, 0x0000000100000000)
  region size 1024K, 8 young (8192K), 4 survivors (4096K)
 Metaspace       used 102473K, capacity 104972K, committed 105088K, reserved 1140736K
  class space    used 12785K, capacity 13654K, committed 13696K, reserved 1048576K
}
Event: 69.775 GC heap after
{Heap after GC invocations=50 (full 0):
 garbage-first heap   total 248832K, used 129662K [0x0000000080000000, 0x0000000100000000)
  region size 1024K, 1 young (1024K), 1 survivors (1024K)
 Metaspace       used 102473K, capacity 104972K, committed 105088K, reserved 1140736K
  class space    used 12785K, capacity 13654K, committed 13696K, reserved 1048576K
}
Event: 70.509 GC heap before
{Heap before GC invocations=50 (full 0):
 garbage-first heap   total 248832K, used 177790K [0x0000000080000000, 0x0000000100000000)
  region size 1024K, 48 young (49152K), 1 survivors (1024K)
 Metaspace       used 103133K, capacity 105650K, committed 105728K, reserved 1140736K
  class space    used 12868K, capacity 13750K, committed 13824K, reserved 1048576K
}
Event: 70.554 GC heap after
{Heap after GC invocations=51 (full 0):
 garbage-first heap   total 248832K, used 137466K [0x0000000080000000, 0x0000000100000000)
  region size 1024K, 6 young (6144K), 6 survivors (6144K)
 Metaspace       used 103133K, capacity 105650K, committed 105728K, reserved 1140736K
  class space    used 12868K, capacity 13750K, committed 13824K, reserved 1048576K
}
Event: 73.340 GC heap before
{Heap before GC invocations=52 (full 0):
 garbage-first heap   total 248832K, used 184570K [0x0000000080000000, 0x0000000100000000)
  region size 1024K, 52 young (53248K), 6 survivors (6144K)
 Metaspace       used 106726K, capacity 109391K, committed 109440K, reserved 1144832K
  class space    used 13457K, capacity 14415K, committed 14464K, reserved 1048576K
}
Event: 73.378 GC heap after
{Heap after GC invocations=53 (full 0):
 garbage-first heap   total 248832K, used 143274K [0x0000000080000000, 0x0000000100000000)
  region size 1024K, 6 young (6144K), 6 survivors (6144K)
 Metaspace       used 106726K, capacity 109391K, committed 109440K, reserved 1144832K
  class space    used 13457K, capacity 14415K, committed 14464K, reserved 1048576K
}
Event: 73.846 GC heap before
{Heap before GC invocations=53 (full 0):
 garbage-first heap   total 248832K, used 149418K [0x0000000080000000, 0x0000000100000000)
  region size 1024K, 12 young (12288K), 6 survivors (6144K)
 Metaspace       used 107132K, capacity 109788K, committed 109952K, reserved 1144832K
  class space    used 13514K, capacity 14458K, committed 14464K, reserved 1048576K
}
Event: 73.864 GC heap after
{Heap after GC invocations=54 (full 0):
 garbage-first heap   total 248832K, used 143337K [0x0000000080000000, 0x0000000100000000)
  region size 1024K, 1 young (1024K), 1 survivors (1024K)
 Metaspace       used 107132K, capacity 109788K, committed 109952K, reserved 1144832K
  class space    used 13514K, capacity 14458K, committed 14464K, reserved 1048576K
}
Event: 76.003 GC heap before
{Heap before GC invocations=54 (full 0):
 garbage-first heap   total 248832K, used 190441K [0x0000000080000000, 0x0000000100000000)
  region size 1024K, 47 young (48128K), 1 survivors (1024K)
 Metaspace       used 108836K, capacity 111548K, committed 111744K, reserved 1146880K
  class space    used 13653K, capacity 14626K, committed 14720K, reserved 1048576K
}

Deoptimization events (20 events):
Event: 74.728 Thread 0x0000027ab06a1800 DEOPT PACKING pc=0x0000027a99f85794 sp=0x000000b90e1f9970
Event: 74.728 Thread 0x0000027ab06a1800 DEOPT UNPACKING pc=0x0000027a923f78af sp=0x000000b90e1f9938 mode 2
Event: 74.781 Thread 0x0000027ab06a1000 DEOPT PACKING pc=0x0000027a92a6161f sp=0x000000b90e0f8da0
Event: 74.781 Thread 0x0000027ab06a1000 DEOPT UNPACKING pc=0x0000027a923f76ce sp=0x000000b90e0f8230 mode 0
Event: 74.867 Thread 0x0000027aab4a5800 DEOPT PACKING pc=0x0000027a92a6161f sp=0x000000b90c7f3ca0
Event: 74.867 Thread 0x0000027aab4a5800 DEOPT UNPACKING pc=0x0000027a923f76ce sp=0x000000b90c7f3130 mode 0
Event: 74.930 Thread 0x0000027aab4a5800 Uncommon trap: trap_request=0xffffff4d fr.pc=0x0000027a99fb0d54 relative=0x0000000000000d94
Event: 74.930 Thread 0x0000027aab4a5800 Uncommon trap: reason=unstable_if action=reinterpret pc=0x0000027a99fb0d54 method=com.android.tools.r8.internal.jo.a(Lcom/android/tools/r8/internal/Ar;Z)V @ 31 c2
Event: 74.930 Thread 0x0000027aab4a5800 DEOPT PACKING pc=0x0000027a99fb0d54 sp=0x000000b90c7f3840
Event: 74.930 Thread 0x0000027aab4a5800 DEOPT UNPACKING pc=0x0000027a923f78af sp=0x000000b90c7f3830 mode 2
Event: 74.982 Thread 0x0000027aab4a5800 DEOPT PACKING pc=0x0000027a92a6161f sp=0x000000b90c7f3fb0
Event: 74.982 Thread 0x0000027aab4a5800 DEOPT UNPACKING pc=0x0000027a923f76ce sp=0x000000b90c7f3440 mode 0
Event: 75.401 Thread 0x0000027ab06a1800 Uncommon trap: trap_request=0xffffff4d fr.pc=0x0000027a9a043ed0 relative=0x0000000000000290
Event: 75.402 Thread 0x0000027ab06a1800 Uncommon trap: reason=unstable_if action=reinterpret pc=0x0000027a9a043ed0 method=com.android.tools.r8.graph.c0.a([C)I @ 29 c2
Event: 75.402 Thread 0x0000027ab06a1800 DEOPT PACKING pc=0x0000027a9a043ed0 sp=0x000000b90e1f9e40
Event: 75.402 Thread 0x0000027ab06a1800 DEOPT UNPACKING pc=0x0000027a923f78af sp=0x000000b90e1f9dc0 mode 2
Event: 75.888 Thread 0x0000027ab06a1000 Uncommon trap: trap_request=0xffffff4d fr.pc=0x0000027a99faa0f8 relative=0x00000000000000b8
Event: 75.888 Thread 0x0000027ab06a1000 Uncommon trap: reason=unstable_if action=reinterpret pc=0x0000027a99faa0f8 method=com.android.tools.r8.ir.regalloc.a.a(I)I @ 12 c2
Event: 75.888 Thread 0x0000027ab06a1000 DEOPT PACKING pc=0x0000027a99faa0f8 sp=0x000000b90e0f94e0
Event: 75.888 Thread 0x0000027ab06a1000 DEOPT UNPACKING pc=0x0000027a923f78af sp=0x000000b90e0f9400 mode 2

Classes redefined (0 events):
No events

Internal exceptions (20 events):
Event: 68.348 Thread 0x0000027ab06a7800 Exception <a 'java/lang/NoSuchMethodError'{0x000000008aecb1e0}: 'int java.lang.invoke.DirectMethodHandle$Holder.invokeSpecialIFC(java.lang.Object, java.lang.Object, java.lang.Object)'> (0x000000008aecb1e0) thrown at [./src/hotspot/share/interpreter/linkResolver.cpp, line 773]
Event: 69.439 Thread 0x0000027ab06a1800 Exception <a 'java/lang/NoSuchMethodError'{0x000000008a3cad90}: 'int java.lang.invoke.DirectMethodHandle$Holder.invokeVirtual(java.lang.Object, java.lang.Object, java.lang.Object, java.lang.Object)'> (0x000000008a3cad90) thrown at [./src/hotspot/share/interpreter/linkResolver.cpp, line 773]
Event: 69.557 Thread 0x0000027ab06a1800 Exception <a 'java/lang/NoSuchMethodError'{0x0000000089abb6e0}: 'void java.lang.invoke.DirectMethodHandle$Holder.invokeStatic(java.lang.Object, java.lang.Object, java.lang.Object, int)'> (0x0000000089abb6e0) thrown at [./src/hotspot/share/interpreter/linkResolver.cpp, line 773]
Event: 69.557 Thread 0x0000027ab06a1000 Exception <a 'java/lang/NoSuchMethodError'{0x0000000089adc6b8}: 'void java.lang.invoke.DirectMethodHandle$Holder.invokeStatic(java.lang.Object, java.lang.Object, java.lang.Object, int)'> (0x0000000089adc6b8) thrown at [./src/hotspot/share/interpreter/linkResolver.cpp, line 773]
Event: 69.562 Thread 0x0000027ab06a1000 Exception <a 'java/lang/IncompatibleClassChangeError'{0x0000000089ae65d0}: Found class java.lang.Object, but interface was expected> (0x0000000089ae65d0) thrown at [./src/hotspot/share/interpreter/linkResolver.cpp, line 839]
Event: 69.562 Thread 0x0000027aab4a5800 Exception <a 'java/lang/IncompatibleClassChangeError'{0x0000000089a6ea40}: Found class java.lang.Object, but interface was expected> (0x0000000089a6ea40) thrown at [./src/hotspot/share/interpreter/linkResolver.cpp, line 839]
Event: 69.578 Thread 0x0000027aab4a5800 Implicit null exception at 0x0000027a9a85a39b to 0x0000027a9a85ae0c
Event: 69.578 Thread 0x0000027aab4a5800 Implicit null exception at 0x0000027a9a85a39b to 0x0000027a9a85ae0c
Event: 72.052 Thread 0x0000027ab06a1800 Exception <a 'java/lang/NoSuchMethodError'{0x000000008d563f20}: 'java.lang.Object java.lang.invoke.Invokers$Holder.linkToTargetMethod(java.lang.Object, java.lang.Object, java.lang.Object, java.lang.Object, java.lang.Object, java.lang.Object, java.lang.Object)'> (0x000000008d563f20) thrown at [./src/hotspot/share/interpreter/linkResolver.cpp, line 773]
Event: 72.158 Thread 0x0000027ab06a1800 Exception <a 'java/lang/NoSuchMethodError'{0x000000008d5ca4a8}: 'int java.lang.invoke.DirectMethodHandle$Holder.invokeSpecial(java.lang.Object, java.lang.Object, java.lang.Object, java.lang.Object, java.lang.Object)'> (0x000000008d5ca4a8) thrown at [./src/hotspot/share/interpreter/linkResolver.cpp, line 773]
Event: 72.277 Thread 0x0000027ab06a1000 Exception <a 'java/lang/NoSuchMethodError'{0x000000008d14fe88}: 'java.lang.Object java.lang.invoke.DirectMethodHandle$Holder.invokeVirtual(java.lang.Object, java.lang.Object, int, java.lang.Object)'> (0x000000008d14fe88) thrown at [./src/hotspot/share/interpreter/linkResolver.cpp, line 773]
Event: 72.281 Thread 0x0000027ab06a1800 Exception <a 'java/lang/NoSuchMethodError'{0x000000008d3ccdb8}: 'java.lang.Object java.lang.invoke.DirectMethodHandle$Holder.invokeVirtual(java.lang.Object, java.lang.Object, int, java.lang.Object)'> (0x000000008d3ccdb8) thrown at [./src/hotspot/share/interpreter/linkResolver.cpp, line 773]
Event: 72.345 Thread 0x0000027ab06a1800 Exception <a 'java/lang/IncompatibleClassChangeError'{0x000000008d046e58}: Found class java.lang.Object, but interface was expected> (0x000000008d046e58) thrown at [./src/hotspot/share/interpreter/linkResolver.cpp, line 839]
Event: 72.347 Thread 0x0000027ab06a1800 Exception <a 'java/lang/IncompatibleClassChangeError'{0x000000008d051960}: Found class java.lang.Object, but interface was expected> (0x000000008d051960) thrown at [./src/hotspot/share/interpreter/linkResolver.cpp, line 839]
Event: 72.443 Thread 0x0000027ab06a1000 Exception <a 'java/lang/NoSuchMethodError'{0x000000008ce0d450}: 'void java.lang.invoke.DirectMethodHandle$Holder.invokeVirtual(java.lang.Object, java.lang.Object, int, java.lang.Object)'> (0x000000008ce0d450) thrown at [./src/hotspot/share/interpreter/linkResolver.cpp, line 773]
Event: 72.446 Thread 0x0000027ab06a1800 Exception <a 'java/lang/NoSuchMethodError'{0x000000008cf03338}: 'void java.lang.invoke.DirectMethodHandle$Holder.invokeVirtual(java.lang.Object, java.lang.Object, int, java.lang.Object)'> (0x000000008cf03338) thrown at [./src/hotspot/share/interpreter/linkResolver.cpp, line 773]
Event: 72.447 Thread 0x0000027aab4a5800 Exception <a 'java/lang/NoSuchMethodError'{0x000000008cffefc0}: 'void java.lang.invoke.DirectMethodHandle$Holder.invokeVirtual(java.lang.Object, java.lang.Object, int, java.lang.Object)'> (0x000000008cffefc0) thrown at [./src/hotspot/share/interpreter/linkResolver.cpp, line 773]
Event: 72.625 Thread 0x0000027ab06a1000 Exception <a 'java/lang/NoSuchMethodError'{0x000000008cb983f8}: 'java.lang.Object java.lang.invoke.DirectMethodHandle$Holder.newInvokeSpecial(java.lang.Object, int)'> (0x000000008cb983f8) thrown at [./src/hotspot/share/interpreter/linkResolver.cpp, line 773]
Event: 72.635 Thread 0x0000027ab06a1800 Exception <a 'java/lang/NoSuchMethodError'{0x000000008ccd53e0}: 'java.lang.Object java.lang.invoke.DirectMethodHandle$Holder.newInvokeSpecial(java.lang.Object, int)'> (0x000000008ccd53e0) thrown at [./src/hotspot/share/interpreter/linkResolver.cpp, line 773]
Event: 74.639 Thread 0x0000027ab06a1800 Exception <a 'java/lang/NoSuchMethodError'{0x000000008e76c1c0}: 'java.lang.Object java.lang.invoke.DirectMethodHandle$Holder.invokeInterface(java.lang.Object, java.lang.Object, int)'> (0x000000008e76c1c0) thrown at [./src/hotspot/share/interpreter/linkResolver.cpp, line 773]

Events (20 events):
Event: 75.727 loading class com/android/tools/r8/code/Q done
Event: 75.731 loading class com/android/tools/r8/code/N
Event: 75.731 loading class com/android/tools/r8/code/N done
Event: 75.737 loading class com/android/tools/r8/code/w3
Event: 75.737 loading class com/android/tools/r8/code/w3 done
Event: 75.738 loading class com/android/tools/r8/code/z3
Event: 75.738 loading class com/android/tools/r8/code/z3 done
Event: 75.739 loading class com/android/tools/r8/code/y3
Event: 75.739 loading class com/android/tools/r8/code/y3 done
Event: 75.739 loading class com/android/tools/r8/code/A3
Event: 75.739 loading class com/android/tools/r8/code/A3 done
Event: 75.740 loading class com/android/tools/r8/code/x3
Event: 75.740 loading class com/android/tools/r8/code/x3 done
Event: 75.744 loading class com/android/tools/r8/code/P
Event: 75.744 loading class com/android/tools/r8/code/P done
Event: 75.749 loading class com/android/tools/r8/internal/B7
Event: 75.749 loading class com/android/tools/r8/internal/B7 done
Event: 75.961 loading class com/android/tools/r8/internal/yh
Event: 75.961 loading class com/android/tools/r8/internal/yh done
Event: 76.001 Executing VM operation: G1CollectForAllocation


Dynamic libraries:
0x00007ff6e64e0000 - 0x00007ff6e64ea000 	C:\Program Files\Android\Android Studio\jre\bin\java.exe
0x00007ffe43ad0000 - 0x00007ffe43cc5000 	C:\WINDOWS\SYSTEM32\ntdll.dll
0x00007ffe41fc0000 - 0x00007ffe4207d000 	C:\WINDOWS\System32\KERNEL32.DLL
0x00007ffe413b0000 - 0x00007ffe41679000 	C:\WINDOWS\System32\KERNELBASE.dll
0x00007ffe41a30000 - 0x00007ffe41b30000 	C:\WINDOWS\System32\ucrtbase.dll
0x00007ffe2fdf0000 - 0x00007ffe2fe09000 	C:\Program Files\Android\Android Studio\jre\bin\jli.dll
0x00007ffe35d10000 - 0x00007ffe35d27000 	C:\Program Files\Android\Android Studio\jre\bin\VCRUNTIME140.dll
0x00007ffe428b0000 - 0x00007ffe42a50000 	C:\WINDOWS\System32\USER32.dll
0x00007ffe41680000 - 0x00007ffe416a2000 	C:\WINDOWS\System32\win32u.dll
0x00007ffe2c190000 - 0x00007ffe2c42a000 	C:\WINDOWS\WinSxS\amd64_microsoft.windows.common-controls_6595b64144ccf1df_6.0.19041.1110_none_60b5254171f9507e\COMCTL32.dll
0x00007ffe42190000 - 0x00007ffe421ba000 	C:\WINDOWS\System32\GDI32.dll
0x00007ffe41b30000 - 0x00007ffe41bce000 	C:\WINDOWS\System32\msvcrt.dll
0x00007ffe417c0000 - 0x00007ffe418cb000 	C:\WINDOWS\System32\gdi32full.dll
0x00007ffe41200000 - 0x00007ffe4129d000 	C:\WINDOWS\System32\msvcp_win.dll
0x00007ffe432e0000 - 0x00007ffe43310000 	C:\WINDOWS\System32\IMM32.DLL
0x00007ffe0fbe0000 - 0x00007ffe0fc7d000 	C:\Program Files\Android\Android Studio\jre\bin\msvcp140.dll
0x00007ffdf22e0000 - 0x00007ffdf2daf000 	C:\Program Files\Android\Android Studio\jre\bin\server\jvm.dll
0x00007ffe420e0000 - 0x00007ffe4218c000 	C:\WINDOWS\System32\ADVAPI32.dll
0x00007ffe43910000 - 0x00007ffe439ab000 	C:\WINDOWS\System32\sechost.dll
0x00007ffe437e0000 - 0x00007ffe4390a000 	C:\WINDOWS\System32\RPCRT4.dll
0x00007ffe43670000 - 0x00007ffe43678000 	C:\WINDOWS\System32\PSAPI.DLL
0x00007ffe2cb20000 - 0x00007ffe2cb29000 	C:\WINDOWS\SYSTEM32\WSOCK32.dll
0x00007ffe2fa90000 - 0x00007ffe2fab7000 	C:\WINDOWS\SYSTEM32\WINMM.dll
0x00007ffe2f3b0000 - 0x00007ffe2f3ba000 	C:\WINDOWS\SYSTEM32\VERSION.dll
0x00007ffe43680000 - 0x00007ffe436eb000 	C:\WINDOWS\System32\WS2_32.dll
0x00007ffe3f000000 - 0x00007ffe3f012000 	C:\WINDOWS\SYSTEM32\kernel.appcore.dll
0x00007ffe36c30000 - 0x00007ffe36c41000 	C:\Program Files\Android\Android Studio\jre\bin\verify.dll
0x00007ffe2d0b0000 - 0x00007ffe2d294000 	C:\WINDOWS\SYSTEM32\DBGHELP.DLL
0x00007ffe2ec10000 - 0x00007ffe2ec3c000 	C:\WINDOWS\SYSTEM32\dbgcore.DLL
0x00007ffe41700000 - 0x00007ffe41783000 	C:\WINDOWS\System32\bcryptPrimitives.dll
0x00007ffe35ea0000 - 0x00007ffe35ec9000 	C:\Program Files\Android\Android Studio\jre\bin\java.dll
0x00007ffe36d80000 - 0x00007ffe36d8b000 	C:\Program Files\Android\Android Studio\jre\bin\jimage.dll
0x00007ffe368a0000 - 0x00007ffe368b8000 	C:\Program Files\Android\Android Studio\jre\bin\zip.dll
0x00007ffe42a50000 - 0x00007ffe4318f000 	C:\WINDOWS\System32\SHELL32.dll
0x00007ffe3f310000 - 0x00007ffe3faa0000 	C:\WINDOWS\SYSTEM32\windows.storage.dll
0x00007ffe43310000 - 0x00007ffe43665000 	C:\WINDOWS\System32\combase.dll
0x00007ffe40c60000 - 0x00007ffe40c8c000 	C:\WINDOWS\SYSTEM32\Wldp.dll
0x00007ffe426c0000 - 0x00007ffe4276e000 	C:\WINDOWS\System32\SHCORE.dll
0x00007ffe436f0000 - 0x00007ffe43745000 	C:\WINDOWS\System32\shlwapi.dll
0x00007ffe41140000 - 0x00007ffe4115f000 	C:\WINDOWS\SYSTEM32\profapi.dll
0x00007ffe34c90000 - 0x00007ffe34caa000 	C:\Program Files\Android\Android Studio\jre\bin\net.dll
0x00007ffe3aed0000 - 0x00007ffe3afd8000 	C:\WINDOWS\SYSTEM32\WINHTTP.dll
0x00007ffe409c0000 - 0x00007ffe40a2a000 	C:\WINDOWS\system32\mswsock.dll
0x00007ffe347e0000 - 0x00007ffe347f4000 	C:\Program Files\Android\Android Studio\jre\bin\nio.dll
0x00007ffe3a5b0000 - 0x00007ffe3a5d7000 	C:\Users\UGTECH\.gradle\native\8bec1ad78214c89d9ad589b4d07fe93259594b29d510b10fafb7a158f7737e5d\windows-amd64\native-platform.dll
0x00007ffe10630000 - 0x00007ffe1076d000 	C:\Users\UGTECH\.gradle\native\53dbd7edfb1c66fb8903c78663c9afc45aea4f116125fa6feffd364cf09443e8\windows-amd64\native-platform-file-events.dll
0x00007ffe36a90000 - 0x00007ffe36a9a000 	C:\Program Files\Android\Android Studio\jre\bin\management.dll
0x00007ffe367b0000 - 0x00007ffe367bc000 	C:\Program Files\Android\Android Studio\jre\bin\management_ext.dll
0x00007ffe40bc0000 - 0x00007ffe40bd8000 	C:\WINDOWS\SYSTEM32\CRYPTSP.dll
0x00007ffe40270000 - 0x00007ffe402a4000 	C:\WINDOWS\system32\rsaenh.dll
0x00007ffe41790000 - 0x00007ffe417b7000 	C:\WINDOWS\System32\bcrypt.dll
0x00007ffe410c0000 - 0x00007ffe410ee000 	C:\WINDOWS\SYSTEM32\USERENV.dll
0x00007ffe40bb0000 - 0x00007ffe40bbc000 	C:\WINDOWS\SYSTEM32\CRYPTBASE.dll
0x00007ffe40660000 - 0x00007ffe4069b000 	C:\WINDOWS\SYSTEM32\IPHLPAPI.DLL
0x00007ffe41bd0000 - 0x00007ffe41bd8000 	C:\WINDOWS\System32\NSI.dll
0x00007ffe389b0000 - 0x00007ffe389c7000 	C:\WINDOWS\SYSTEM32\dhcpcsvc6.DLL
0x00007ffe38e60000 - 0x00007ffe38e7d000 	C:\WINDOWS\SYSTEM32\dhcpcsvc.DLL
0x00007ffe406b0000 - 0x00007ffe4077c000 	C:\WINDOWS\SYSTEM32\DNSAPI.dll

dbghelp: loaded successfully - version: 4.0.5 - missing functions: none
symbol engine: initialized successfully - sym options: 0x614 - pdb path: .;C:\Program Files\Android\Android Studio\jre\bin;C:\WINDOWS\SYSTEM32;C:\WINDOWS\WinSxS\amd64_microsoft.windows.common-controls_6595b64144ccf1df_6.0.19041.1110_none_60b5254171f9507e;C:\Program Files\Android\Android Studio\jre\bin\server;C:\Users\UGTECH\.gradle\native\8bec1ad78214c89d9ad589b4d07fe93259594b29d510b10fafb7a158f7737e5d\windows-amd64;C:\Users\UGTECH\.gradle\native\53dbd7edfb1c66fb8903c78663c9afc45aea4f116125fa6feffd364cf09443e8\windows-amd64

VM Arguments:
jvm_args: --add-opens=java.base/java.util=ALL-UNNAMED --add-opens=java.base/java.lang=ALL-UNNAMED --add-opens=java.base/java.lang.invoke=ALL-UNNAMED --add-opens=java.base/java.util=ALL-UNNAMED --add-opens=java.prefs/java.util.prefs=ALL-UNNAMED --add-opens=java.prefs/java.util.prefs=ALL-UNNAMED --add-opens=java.base/java.nio.charset=ALL-UNNAMED --add-opens=java.base/java.net=ALL-UNNAMED --add-opens=java.base/java.util.concurrent.atomic=ALL-UNNAMED -Xmx2048m -Dfile.encoding=UTF-8 -Duser.country=US -Duser.language=en -Duser.variant 
java_command: org.gradle.launcher.daemon.bootstrap.GradleDaemon 7.0.2
java_class_path (initial): C:\Users\UGTECH\.gradle\wrapper\dists\gradle-7.0.2-bin\857tjihv64xamwrf0h14cai3r\gradle-7.0.2\lib\gradle-launcher-7.0.2.jar
Launcher Type: SUN_STANDARD

[Global flags]
     intx CICompilerCount                          = 3                                         {product} {ergonomic}
     uint ConcGCThreads                            = 1                                         {product} {ergonomic}
     uint G1ConcRefinementThreads                  = 4                                         {product} {ergonomic}
   size_t G1HeapRegionSize                         = 1048576                                   {product} {ergonomic}
    uintx GCDrainStackTargetSize                   = 64                                        {product} {ergonomic}
   size_t InitialHeapSize                          = 130023424                                 {product} {ergonomic}
   size_t MarkStackSize                            = 4194304                                   {product} {ergonomic}
   size_t MaxHeapSize                              = 2147483648                                {product} {command line}
   size_t MaxNewSize                               = 1287651328                                {product} {ergonomic}
   size_t MinHeapDeltaBytes                        = 1048576                                   {product} {ergonomic}
    uintx NonNMethodCodeHeapSize                   = 5830732                                {pd product} {ergonomic}
    uintx NonProfiledCodeHeapSize                  = 122913754                              {pd product} {ergonomic}
    uintx ProfiledCodeHeapSize                     = 122913754                              {pd product} {ergonomic}
    uintx ReservedCodeCacheSize                    = 251658240                              {pd product} {ergonomic}
     bool SegmentedCodeCache                       = true                                      {product} {ergonomic}
     bool UseCompressedClassPointers               = true                                 {lp64_product} {ergonomic}
     bool UseCompressedOops                        = true                                 {lp64_product} {ergonomic}
     bool UseG1GC                                  = true                                      {product} {ergonomic}
     bool UseLargePagesIndividualAllocation        = false                                  {pd product} {ergonomic}

Logging:
Log output configuration:
 #0: stdout all=warning uptime,level,tags
 #1: stderr all=off uptime,level,tags

Environment Variables:
JAVA_HOME=E:\sdk-tools-windows-4333796\tools\bin\java sdk
PATH=C:\Program Files (x86)\Intel\iCLS Client\;C:\Program Files\Intel\iCLS Client\;C:\WINDOWS\system32;C:\WINDOWS;C:\WINDOWS\System32\Wbem;C:\WINDOWS\System32\WindowsPowerShell\v1.0\;C:\Program Files (x86)\Intel\Intel(R) Management Engine Components\DAL;C:\Program Files\Intel\Intel(R) Management Engine Components\DAL;C:\Program Files (x86)\Intel\Intel(R) Management Engine Components\IPT;C:\Program Files\Intel\Intel(R) Management Engine Components\IPT;C:\WINDOWS\System32\OpenSSH\;C:\Users\UGTECH\AppData\Roaming\nvm;C:\Program Files\nodejs;E:\Git\cmd;C:\Program Files\Intel\WiFi\bin\;C:\Program Files\Common Files\Intel\WirelessCommon\;E:\nodejs\;C:\Users\UGTECH\AppData\Local\Programs\Python\Python38-32\Scripts\;C:\Users\UGTECH\AppData\Local\Programs\Python\Python38-32\;C:\Program Files\MySQL\MySQL Shell 8.0\bin\;E:\Microsoft VS Code\bin;C:\Users\UGTECH\AppData\Local\Microsoft\WindowsApps;E:\flutter\bin;E:\sdk-tools-windows-4333796\tools;C:\ProgramData\Microsoft\Windows\Start Menu\Programs\Android Studio;C:\Program Files\Android\Android Studio\bin;E:\sdk-tools-windows-4333796\tools\bin\build-tools\29.0.2;E:\sdk-tools-windows-4333796\tools\bin\platform-tools;E:\sdk-tools-windows-4333796\tools\bin\tools;E:\sdk-tools-windows-4333796\tools\bin\java sdk\bin;E:\PHP 7;C:\Users\UGTECH\AppData\Roaming\Python\Python38\Scripts;C:\Users\UGTECH\AppData\Roaming\nvm;C:\Program Files\nodejs;C:\Users\UGTECH\AppData\Local\GitHubDesktop\bin;'C:\Users\UGTECH\AppData\Local\Packages\PythonSoftwareFoundation.Python.3.8_qbz5n2kfra8p0\LocalCache\local-packages\Python38\Scripts;C:\Program Files\Intel\WiFi\bin\;C:\Program Files\Common Files\Intel\WirelessCommon\;"E:\Git\mingw64\bin;C:\MinGW\bin\";;C:\Users\UGTECH\AppData\Local\Microsoft\WindowsApps;C:\Users\UGTECH\AppData\Roaming\npm
USERNAME=ROSH PC
OS=Windows_NT
PROCESSOR_IDENTIFIER=Intel64 Family 6 Model 60 Stepping 3, GenuineIntel



---------------  S Y S T E M  ---------------

OS: Windows 10 , 64 bit Build 19041 (10.0.19041.1151)
OS uptime: 52 days 1:54 hours

CPU:total 4 (initial active 4) (2 cores per cpu, 2 threads per core) family 6 model 60 stepping 3 microcode 0x27, cmov, cx8, fxsr, mmx, sse, sse2, sse3, ssse3, sse4.1, sse4.2, popcnt, avx, avx2, aes, clmul, erms, lzcnt, ht, tsc, tscinvbit, bmi1, bmi2, fma

Memory: 4k page, system-wide physical 7876M (561M free)
TotalPageFile size 9756M (AvailPageFile size 71M)
current process WorkingSet (physical memory assigned to process): 602M, peak: 610M
current process commit charge ("private bytes"): 654M, peak: 760M

vm_info: OpenJDK 64-Bit Server VM (11.0.10+0-b96-7249189) for windows-amd64 JRE (11.0.10+0-b96-7249189), built on Mar 31 2021 21:44:00 by "builder" with MS VC++ 14.0 (VS2015)

END.
